#
# There is insufficient memory for the Java Runtime Environment to continue.
# Native memory allocation (malloc) failed to allocate 1104176 bytes for Chunk::new
# Possible reasons:
#   The system is out of physical RAM or swap space
#   The process is running with CompressedOops enabled, and the Java Heap may be blocking the growth of the native heap
# Possible solutions:
#   Reduce memory load on the system
#   Increase physical memory or swap space
#   Check if swap backing store is full
#   Decrease Java heap size (-Xmx/-Xms)
#   Decrease number of Java threads
#   Decrease Java thread stack sizes (-Xss)
#   Set larger code cache with -XX:ReservedCodeCacheSize=
#   JVM is running with Unscaled Compressed Oops mode in which the Java heap is
#     placed in the first 4GB address space. The Java Heap base address is the
#     maximum limit for the native heap growth. Please use -XX:HeapBaseMinAddress
#     to set the Java Heap base and to place the Java Heap above 4GB virtual address.
# This output file may be truncated or incomplete.
#
#  Out of Memory Error (arena.cpp:197), pid=28040, tid=28116
#
# JRE version: OpenJDK Runtime Environment Microsoft-8035250 (11.0.20+8) (build 11.0.20+8-LTS)
# Java VM: OpenJDK 64-Bit Server VM Microsoft-8035250 (11.0.20+8-LTS, mixed mode, tiered, compressed oops, g1 gc, windows-amd64)
# No core dump will be written. Minidumps are not enabled by default on client versions of Windows
#

---------------  S U M M A R Y ------------

Command Line: -XX:MaxMetaspaceSize=512m --add-opens=java.base/java.util=ALL-UNNAMED --add-opens=java.base/java.lang=ALL-UNNAMED --add-opens=java.base/java.lang.invoke=ALL-UNNAMED --add-opens=java.prefs/java.util.prefs=ALL-UNNAMED --add-opens=java.base/java.nio.charset=ALL-UNNAMED --add-opens=java.base/java.net=ALL-UNNAMED --add-opens=java.base/java.util.concurrent.atomic=ALL-UNNAMED -Xmx2048m -Dfile.encoding=windows-1252 -Duser.country=MX -Duser.language=es -Duser.variant org.gradle.launcher.daemon.bootstrap.GradleDaemon 8.0.1

Host: 11th Gen Intel(R) Core(TM) i3-1115G4 @ 3.00GHz, 4 cores, 3G,  Windows 10 , 64 bit Build 19041 (10.0.19041.2788)
Time: Thu Dec  7 09:59:56 2023 Hora estándar central (México) elapsed time: 233.601248 seconds (0d 0h 3m 53s)

---------------  T H R E A D  ---------------

Current thread (0x0000021caa552000):  JavaThread "C2 CompilerThread0" daemon [_thread_in_native, id=28116, stack(0x000000ff0db00000,0x000000ff0dc00000)]


Current CompileTask:
C2: 233601 13788  s    4       org.gradle.internal.component.external.model.AbstractLazyModuleComponentResolveMetadata::getConfiguration (44 bytes)

Stack: [0x000000ff0db00000,0x000000ff0dc00000]
Native frames: (J=compiled Java code, j=interpreted, Vv=VM code, C=native code)
V  [jvm.dll+0x62e9da]
V  [jvm.dll+0x7bc4e9]
V  [jvm.dll+0x7bdbd8]
V  [jvm.dll+0x7be2b3]
V  [jvm.dll+0x2505a8]
V  [jvm.dll+0xc263c]
V  [jvm.dll+0xc2bfc]
V  [jvm.dll+0x35fd82]
V  [jvm.dll+0x32bf13]
V  [jvm.dll+0x32b24a]
V  [jvm.dll+0x2097e3]
V  [jvm.dll+0x20893d]
V  [jvm.dll+0x18a7de]
V  [jvm.dll+0x2181ec]
V  [jvm.dll+0x21642b]
V  [jvm.dll+0x77efc0]
V  [jvm.dll+0x777db4]
V  [jvm.dll+0x62d845]
C  [ucrtbase.dll+0x21bb2]
C  [KERNEL32.DLL+0x17604]
C  [ntdll.dll+0x526a1]


---------------  P R O C E S S  ---------------

Threads class SMR info:
_java_thread_list=0x0000021cad130560, length=85, elements={
0x0000021c89563800, 0x0000021caa4fc000, 0x0000021caa4fd000, 0x0000021caa4f9000,
0x0000021caa550000, 0x0000021caa551000, 0x0000021caa552000, 0x0000021caa599000,
0x0000021caa6e3000, 0x0000021caa7f3800, 0x0000021cacc2b800, 0x0000021cab809800,
0x0000021cab9b0000, 0x0000021cab96e000, 0x0000021cab96f000, 0x0000021caa76c000,
0x0000021caac6c000, 0x0000021cab405800, 0x0000021caa744800, 0x0000021cabd8a800,
0x0000021cabd8b800, 0x0000021cabd88000, 0x0000021cabd8c000, 0x0000021cabd86800,
0x0000021cabd89000, 0x0000021cabd89800, 0x0000021cabd87000, 0x0000021cacaed800,
0x0000021cacaeb000, 0x0000021cacaec800, 0x0000021cacaea000, 0x0000021cacaee000,
0x0000021cacaf1800, 0x0000021cacaf0800, 0x0000021cacaef000, 0x0000021cacaec000,
0x0000021cacaf5000, 0x0000021cacaf3000, 0x0000021cacaf8000, 0x0000021cacaf4000,
0x0000021cacaf5800, 0x0000021cacaf6800, 0x0000021cacaf2800, 0x0000021cacaf7000,
0x0000021cacaf9000, 0x0000021cac113800, 0x0000021cac110000, 0x0000021cac111800,
0x0000021cac111000, 0x0000021cac112800, 0x0000021cac114000, 0x0000021cac10e800,
0x0000021cac115000, 0x0000021cac10f000, 0x0000021cac118000, 0x0000021cac11b800,
0x0000021cac116800, 0x0000021cac116000, 0x0000021cac11d000, 0x0000021cac11a800,
0x0000021cac11c800, 0x0000021cac117800, 0x0000021cac119000, 0x0000021cac11a000,
0x0000021cac876800, 0x0000021cac873800, 0x0000021cac874800, 0x0000021cac877800,
0x0000021cac876000, 0x0000021cac875000, 0x0000021cac872000, 0x0000021cac878800,
0x0000021cac872800, 0x0000021cac87c800, 0x0000021cac87f000, 0x0000021cac87d800,
0x0000021cac87e000, 0x0000021cac87a000, 0x0000021cac879000, 0x0000021cac87f800,
0x0000021cac87b000, 0x0000021cac87b800, 0x0000021cab5ce800, 0x0000021cab5d3000,
0x0000021cab5cd800
}

Java Threads: ( => current thread )
  0x0000021c89563800 JavaThread "main" [_thread_blocked, id=9492, stack(0x000000ff0cf00000,0x000000ff0d000000)]
  0x0000021caa4fc000 JavaThread "Reference Handler" daemon [_thread_blocked, id=27008, stack(0x000000ff0d600000,0x000000ff0d700000)]
  0x0000021caa4fd000 JavaThread "Finalizer" daemon [_thread_blocked, id=27536, stack(0x000000ff0d700000,0x000000ff0d800000)]
  0x0000021caa4f9000 JavaThread "Signal Dispatcher" daemon [_thread_blocked, id=14652, stack(0x000000ff0d800000,0x000000ff0d900000)]
  0x0000021caa550000 JavaThread "Attach Listener" daemon [_thread_blocked, id=28232, stack(0x000000ff0d900000,0x000000ff0da00000)]
  0x0000021caa551000 JavaThread "Service Thread" daemon [_thread_blocked, id=4076, stack(0x000000ff0da00000,0x000000ff0db00000)]
=>0x0000021caa552000 JavaThread "C2 CompilerThread0" daemon [_thread_in_native, id=28116, stack(0x000000ff0db00000,0x000000ff0dc00000)]
  0x0000021caa599000 JavaThread "C1 CompilerThread0" daemon [_thread_blocked, id=28128, stack(0x000000ff0dc00000,0x000000ff0dd00000)]
  0x0000021caa6e3000 JavaThread "Sweeper thread" daemon [_thread_blocked, id=16632, stack(0x000000ff0dd00000,0x000000ff0de00000)]
  0x0000021caa7f3800 JavaThread "Common-Cleaner" daemon [_thread_blocked, id=16140, stack(0x000000ff0de00000,0x000000ff0df00000)]
  0x0000021cacc2b800 JavaThread "Daemon health stats" [_thread_blocked, id=28060, stack(0x000000ff0e100000,0x000000ff0e200000)]
  0x0000021cab809800 JavaThread "Incoming local TCP Connector on port 52800" [_thread_in_native, id=26112, stack(0x000000ff0e200000,0x000000ff0e300000)]
  0x0000021cab9b0000 JavaThread "Daemon periodic checks" [_thread_blocked, id=28340, stack(0x000000ff0e500000,0x000000ff0e600000)]
  0x0000021cab96e000 JavaThread "Daemon" [_thread_blocked, id=1732, stack(0x000000ff0e600000,0x000000ff0e700000)]
  0x0000021cab96f000 JavaThread "Handler for socket connection from /127.0.0.1:52800 to /127.0.0.1:52802" [_thread_in_native, id=28368, stack(0x000000ff0e700000,0x000000ff0e800000)]
  0x0000021caa76c000 JavaThread "Cancel handler" [_thread_blocked, id=23048, stack(0x000000ff0e800000,0x000000ff0e900000)]
  0x0000021caac6c000 JavaThread "Daemon worker" [_thread_in_vm, id=23052, stack(0x000000ff0e900000,0x000000ff0ea00000)]
  0x0000021cab405800 JavaThread "Asynchronous log dispatcher for DefaultDaemonConnection: socket connection from /127.0.0.1:52800 to /127.0.0.1:52802" [_thread_blocked, id=23128, stack(0x000000ff0ea00000,0x000000ff0eb00000)]
  0x0000021caa744800 JavaThread "Daemon client event forwarder" [_thread_blocked, id=23144, stack(0x000000ff0ec00000,0x000000ff0ed00000)]
  0x0000021cabd8a800 JavaThread "Cache worker for journal cache (C:\Users\servidor\.gradle\caches\journal-1)" [_thread_blocked, id=26984, stack(0x000000ff0ed00000,0x000000ff0ee00000)]
  0x0000021cabd8b800 JavaThread "File lock request listener" [_thread_in_native, id=28484, stack(0x000000ff0ee00000,0x000000ff0ef00000)]
  0x0000021cabd88000 JavaThread "Cache worker for file hash cache (C:\Users\servidor\.gradle\caches\8.0.1\fileHashes)" [_thread_blocked, id=28300, stack(0x000000ff0f000000,0x000000ff0f100000)]
  0x0000021cabd8c000 JavaThread "File watcher server" daemon [_thread_in_native, id=28000, stack(0x000000ff0f100000,0x000000ff0f200000)]
  0x0000021cabd86800 JavaThread "File watcher consumer" daemon [_thread_blocked, id=28016, stack(0x000000ff0f200000,0x000000ff0f300000)]
  0x0000021cabd89000 JavaThread "Cache worker for checksums cache (C:\Users\servidor\Documents\DESARROLLOMOVIL\AULATRACK\android\.gradle\8.0.1\checksums)" [_thread_blocked, id=10020, stack(0x000000ff0f300000,0x000000ff0f400000)]
  0x0000021cabd89800 JavaThread "Cache worker for cache directory md-rule (C:\Users\servidor\.gradle\caches\8.0.1\md-rule)" [_thread_blocked, id=2504, stack(0x000000ff0f400000,0x000000ff0f500000)]
  0x0000021cabd87000 JavaThread "Cache worker for file content cache (C:\Users\servidor\.gradle\caches\8.0.1\fileContent)" [_thread_blocked, id=28024, stack(0x000000ff0f500000,0x000000ff0f600000)]
  0x0000021cacaed800 JavaThread "Cache worker for file hash cache (C:\Users\servidor\Documents\DESARROLLOMOVIL\AULATRACK\android\.gradle\8.0.1\fileHashes)" [_thread_blocked, id=28260, stack(0x000000ff0f600000,0x000000ff0f700000)]
  0x0000021cacaeb000 JavaThread "Cache worker for cache directory md-supplier (C:\Users\servidor\.gradle\caches\8.0.1\md-supplier)" [_thread_blocked, id=28528, stack(0x000000ff0f700000,0x000000ff0f800000)]
  0x0000021cacaec800 JavaThread "Cache worker for execution history cache (C:\Users\servidor\.gradle\caches\8.0.1\executionHistory)" [_thread_blocked, id=17444, stack(0x000000ff0f800000,0x000000ff0f900000)]
  0x0000021cacaea000 JavaThread "jar transforms" [_thread_blocked, id=15256, stack(0x000000ff0f900000,0x000000ff0fa00000)]
  0x0000021cacaee000 JavaThread "jar transforms Thread 2" [_thread_blocked, id=6248, stack(0x000000ff0fa00000,0x000000ff0fb00000)]
  0x0000021cacaf1800 JavaThread "jar transforms Thread 3" [_thread_blocked, id=18444, stack(0x000000ff0fb00000,0x000000ff0fc00000)]
  0x0000021cacaf0800 JavaThread "jar transforms Thread 4" [_thread_blocked, id=19328, stack(0x000000ff0fc00000,0x000000ff0fd00000)]
  0x0000021cacaef000 JavaThread "Cache worker for kotlin-dsl (C:\Users\servidor\.gradle\caches\8.0.1\kotlin-dsl)" [_thread_blocked, id=2928, stack(0x000000ff0fe00000,0x000000ff0ff00000)]
  0x0000021cacaec000 JavaThread "Cache worker for dependencies-accessors (C:\Users\servidor\Documents\DESARROLLOMOVIL\AULATRACK\android\.gradle\8.0.1\dependencies-accessors)" [_thread_blocked, id=23428, stack(0x000000ff0ff00000,0x000000ff10000000)]
  0x0000021cacaf5000 JavaThread "Cache worker for Build Output Cleanup Cache (C:\Users\servidor\Documents\DESARROLLOMOVIL\AULATRACK\node_modules\@react-native\gradle-plugin\.gradle\buildOutputCleanup)" [_thread_blocked, id=17484, stack(0x000000ff10000000,0x000000ff10100000)]
  0x0000021cacaf3000 JavaThread "Unconstrained build operations" [_thread_blocked, id=18840, stack(0x000000ff10100000,0x000000ff10200000)]
  0x0000021cacaf8000 JavaThread "Unconstrained build operations Thread 2" [_thread_blocked, id=18212, stack(0x000000ff10200000,0x000000ff10300000)]
  0x0000021cacaf4000 JavaThread "Unconstrained build operations Thread 3" [_thread_blocked, id=16692, stack(0x000000ff10300000,0x000000ff10400000)]
  0x0000021cacaf5800 JavaThread "Unconstrained build operations Thread 4" [_thread_blocked, id=28444, stack(0x000000ff10400000,0x000000ff10500000)]
  0x0000021cacaf6800 JavaThread "Unconstrained build operations Thread 5" [_thread_blocked, id=5880, stack(0x000000ff10500000,0x000000ff10600000)]
  0x0000021cacaf2800 JavaThread "Unconstrained build operations Thread 6" [_thread_blocked, id=27808, stack(0x000000ff10600000,0x000000ff10700000)]
  0x0000021cacaf7000 JavaThread "Unconstrained build operations Thread 7" [_thread_blocked, id=18760, stack(0x000000ff10700000,0x000000ff10800000)]
  0x0000021cacaf9000 JavaThread "Unconstrained build operations Thread 8" [_thread_blocked, id=28348, stack(0x000000ff10800000,0x000000ff10900000)]
  0x0000021cac113800 JavaThread "Unconstrained build operations Thread 9" [_thread_blocked, id=14436, stack(0x000000ff10900000,0x000000ff10a00000)]
  0x0000021cac110000 JavaThread "Unconstrained build operations Thread 10" [_thread_blocked, id=7688, stack(0x000000ff10a00000,0x000000ff10b00000)]
  0x0000021cac111800 JavaThread "Unconstrained build operations Thread 11" [_thread_blocked, id=2100, stack(0x000000ff10b00000,0x000000ff10c00000)]
  0x0000021cac111000 JavaThread "Unconstrained build operations Thread 12" [_thread_blocked, id=20264, stack(0x000000ff10c00000,0x000000ff10d00000)]
  0x0000021cac112800 JavaThread "Unconstrained build operations Thread 13" [_thread_blocked, id=14308, stack(0x000000ff10d00000,0x000000ff10e00000)]
  0x0000021cac114000 JavaThread "Unconstrained build operations Thread 14" [_thread_blocked, id=28188, stack(0x000000ff10e00000,0x000000ff10f00000)]
  0x0000021cac10e800 JavaThread "Unconstrained build operations Thread 15" [_thread_blocked, id=10760, stack(0x000000ff10f00000,0x000000ff11000000)]
  0x0000021cac115000 JavaThread "Unconstrained build operations Thread 16" [_thread_blocked, id=6580, stack(0x000000ff11000000,0x000000ff11100000)]
  0x0000021cac10f000 JavaThread "Unconstrained build operations Thread 17" [_thread_blocked, id=9188, stack(0x000000ff11100000,0x000000ff11200000)]
  0x0000021cac118000 JavaThread "Unconstrained build operations Thread 18" [_thread_blocked, id=24084, stack(0x000000ff11200000,0x000000ff11300000)]
  0x0000021cac11b800 JavaThread "Unconstrained build operations Thread 19" [_thread_blocked, id=28372, stack(0x000000ff11300000,0x000000ff11400000)]
  0x0000021cac116800 JavaThread "Unconstrained build operations Thread 20" [_thread_blocked, id=18036, stack(0x000000ff11400000,0x000000ff11500000)]
  0x0000021cac116000 JavaThread "Unconstrained build operations Thread 21" [_thread_blocked, id=5360, stack(0x000000ff11500000,0x000000ff11600000)]
  0x0000021cac11d000 JavaThread "Unconstrained build operations Thread 22" [_thread_blocked, id=27504, stack(0x000000ff11600000,0x000000ff11700000)]
  0x0000021cac11a800 JavaThread "Unconstrained build operations Thread 23" [_thread_blocked, id=28296, stack(0x000000ff11700000,0x000000ff11800000)]
  0x0000021cac11c800 JavaThread "Unconstrained build operations Thread 24" [_thread_blocked, id=27812, stack(0x000000ff11800000,0x000000ff11900000)]
  0x0000021cac117800 JavaThread "Unconstrained build operations Thread 25" [_thread_blocked, id=17244, stack(0x000000ff11900000,0x000000ff11a00000)]
  0x0000021cac119000 JavaThread "Unconstrained build operations Thread 26" [_thread_blocked, id=12512, stack(0x000000ff11a00000,0x000000ff11b00000)]
  0x0000021cac11a000 JavaThread "Memory manager" [_thread_blocked, id=13424, stack(0x000000ff11b00000,0x000000ff11c00000)]
  0x0000021cac876800 JavaThread "Cache worker for Build Output Cleanup Cache (C:\Users\servidor\Documents\DESARROLLOMOVIL\AULATRACK\android\.gradle\buildOutputCleanup)" [_thread_blocked, id=24092, stack(0x000000ff0cc00000,0x000000ff0cd00000)]
  0x0000021cac873800 JavaThread "Execution worker" [_thread_blocked, id=22636, stack(0x000000ff11c00000,0x000000ff11d00000)]
  0x0000021cac874800 JavaThread "Execution worker Thread 2" [_thread_blocked, id=13128, stack(0x000000ff11d00000,0x000000ff11e00000)]
  0x0000021cac877800 JavaThread "Execution worker Thread 3" [_thread_blocked, id=5532, stack(0x000000ff11e00000,0x000000ff11f00000)]
  0x0000021cac876000 JavaThread "Cache worker for execution history cache (C:\Users\servidor\Documents\DESARROLLOMOVIL\AULATRACK\node_modules\@react-native\gradle-plugin\.gradle\8.0.1\executionHistory)" [_thread_blocked, id=25308, stack(0x000000ff11f00000,0x000000ff12000000)]
  0x0000021cac875000 JavaThread "Unconstrained build operations Thread 27" [_thread_blocked, id=26012, stack(0x000000ff12000000,0x000000ff12100000)]
  0x0000021cac872000 JavaThread "Unconstrained build operations Thread 28" [_thread_blocked, id=27656, stack(0x000000ff12100000,0x000000ff12200000)]
  0x0000021cac878800 JavaThread "Unconstrained build operations Thread 29" [_thread_blocked, id=7620, stack(0x000000ff12200000,0x000000ff12300000)]
  0x0000021cac872800 JavaThread "Unconstrained build operations Thread 30" [_thread_blocked, id=27796, stack(0x000000ff12300000,0x000000ff12400000)]
  0x0000021cac87c800 JavaThread "Unconstrained build operations Thread 31" [_thread_blocked, id=21112, stack(0x000000ff12400000,0x000000ff12500000)]
  0x0000021cac87f000 JavaThread "Unconstrained build operations Thread 32" [_thread_blocked, id=12244, stack(0x000000ff12500000,0x000000ff12600000)]
  0x0000021cac87d800 JavaThread "Unconstrained build operations Thread 33" [_thread_blocked, id=14224, stack(0x000000ff12600000,0x000000ff12700000)]
  0x0000021cac87e000 JavaThread "Unconstrained build operations Thread 34" [_thread_blocked, id=24636, stack(0x000000ff12700000,0x000000ff12800000)]
  0x0000021cac87a000 JavaThread "Unconstrained build operations Thread 35" [_thread_blocked, id=24696, stack(0x000000ff12800000,0x000000ff12900000)]
  0x0000021cac879000 JavaThread "Unconstrained build operations Thread 36" [_thread_blocked, id=24888, stack(0x000000ff12900000,0x000000ff12a00000)]
  0x0000021cac87f800 JavaThread "Unconstrained build operations Thread 37" [_thread_blocked, id=25484, stack(0x000000ff12a00000,0x000000ff12b00000)]
  0x0000021cac87b000 JavaThread "Unconstrained build operations Thread 38" [_thread_blocked, id=17552, stack(0x000000ff12b00000,0x000000ff12c00000)]
  0x0000021cac87b800 JavaThread "Unconstrained build operations Thread 39" [_thread_blocked, id=2964, stack(0x000000ff12c00000,0x000000ff12d00000)]
  0x0000021cab5ce800 JavaThread "Unconstrained build operations Thread 40" [_thread_blocked, id=25344, stack(0x000000ff12d00000,0x000000ff12e00000)]
  0x0000021cab5d3000 JavaThread "File lock release action executor Thread 2" [_thread_blocked, id=14536, stack(0x000000ff0ce00000,0x000000ff0cf00000)]
  0x0000021cab5cd800 JavaThread "File lock release action executor Thread 3" [_thread_blocked, id=6528, stack(0x000000ff0cd00000,0x000000ff0ce00000)]

Other Threads:
  0x0000021caa4e7800 VMThread "VM Thread" [stack: 0x000000ff0d500000,0x000000ff0d600000] [id=11400]
  0x0000021caa817000 WatcherThread [stack: 0x000000ff0df00000,0x000000ff0e000000] [id=16532]
  0x0000021c8957c000 GCTaskThread "GC Thread#0" [stack: 0x000000ff0d000000,0x000000ff0d100000] [id=27356]
  0x0000021caaad8800 GCTaskThread "GC Thread#1" [stack: 0x000000ff0e000000,0x000000ff0e100000] [id=20828]
  0x0000021cab6d7800 GCTaskThread "GC Thread#2" [stack: 0x000000ff0e300000,0x000000ff0e400000] [id=2472]
  0x0000021caa9d3800 GCTaskThread "GC Thread#3" [stack: 0x000000ff0e400000,0x000000ff0e500000] [id=11232]
  0x0000021c895ab000 ConcurrentGCThread "G1 Main Marker" [stack: 0x000000ff0d100000,0x000000ff0d200000] [id=27136]
  0x0000021c895ac800 ConcurrentGCThread "G1 Conc#0" [stack: 0x000000ff0d200000,0x000000ff0d300000] [id=19384]
  0x0000021c895f3800 ConcurrentGCThread "G1 Refine#0" [stack: 0x000000ff0d300000,0x000000ff0d400000] [id=20416]
  0x0000021c895f4800 ConcurrentGCThread "G1 Young RemSet Sampling" [stack: 0x000000ff0d400000,0x000000ff0d500000] [id=28464]

Threads with active compile tasks:
C2 CompilerThread0   233738 13788  s    4       org.gradle.internal.component.external.model.AbstractLazyModuleComponentResolveMetadata::getConfiguration (44 bytes)

VM state:not at safepoint (normal execution)

VM Mutex/Monitor currently owned by a thread: None

Heap address: 0x0000000080000000, size: 2048 MB, Compressed Oops mode: 32-bit
Narrow klass base: 0x0000000000000000, Narrow klass shift: 3
Compressed class space size: 528482304 Address: 0x0000000100000000

Heap:
 garbage-first heap   total 299008K, used 211260K [0x0000000080000000, 0x0000000100000000)
  region size 1024K, 46 young (47104K), 6 survivors (6144K)
 Metaspace       used 110385K, capacity 114364K, committed 114460K, reserved 616448K
  class space    used 14437K, capacity 16025K, committed 16076K, reserved 516096K
Heap Regions: E=young(eden), S=young(survivor), O=old, HS=humongous(starts), HC=humongous(continues), CS=collection set, F=free, A=archive, TAMS=top-at-mark-start (previous, next)
|   0|0x0000000080000000, 0x0000000080100000, 0x0000000080100000|100%| O|  |TAMS 0x0000000080100000, 0x0000000080000000| Untracked 
|   1|0x0000000080100000, 0x0000000080200000, 0x0000000080200000|100%| O|  |TAMS 0x0000000080200000, 0x0000000080100000| Untracked 
|   2|0x0000000080200000, 0x0000000080300000, 0x0000000080300000|100%| O|  |TAMS 0x0000000080300000, 0x0000000080200000| Untracked 
|   3|0x0000000080300000, 0x0000000080400000, 0x0000000080400000|100%|HS|  |TAMS 0x0000000080400000, 0x0000000080300000| Complete 
|   4|0x0000000080400000, 0x0000000080500000, 0x0000000080500000|100%|HC|  |TAMS 0x0000000080500000, 0x0000000080400000| Complete 
|   5|0x0000000080500000, 0x0000000080600000, 0x0000000080600000|100%|HC|  |TAMS 0x0000000080600000, 0x0000000080500000| Complete 
|   6|0x0000000080600000, 0x0000000080700000, 0x0000000080700000|100%|HC|  |TAMS 0x0000000080700000, 0x0000000080600000| Complete 
|   7|0x0000000080700000, 0x0000000080800000, 0x0000000080800000|100%| O|  |TAMS 0x0000000080800000, 0x0000000080700000| Untracked 
|   8|0x0000000080800000, 0x0000000080900000, 0x0000000080900000|100%| O|  |TAMS 0x0000000080900000, 0x0000000080800000| Untracked 
|   9|0x0000000080900000, 0x0000000080a00000, 0x0000000080a00000|100%| O|  |TAMS 0x0000000080a00000, 0x0000000080900000| Untracked 
|  10|0x0000000080a00000, 0x0000000080b00000, 0x0000000080b00000|100%| O|  |TAMS 0x0000000080b00000, 0x0000000080a00000| Untracked 
|  11|0x0000000080b00000, 0x0000000080c00000, 0x0000000080c00000|100%| O|  |TAMS 0x0000000080c00000, 0x0000000080b00000| Untracked 
|  12|0x0000000080c00000, 0x0000000080d00000, 0x0000000080d00000|100%| O|  |TAMS 0x0000000080d00000, 0x0000000080c00000| Untracked 
|  13|0x0000000080d00000, 0x0000000080e00000, 0x0000000080e00000|100%| O|  |TAMS 0x0000000080e00000, 0x0000000080d00000| Untracked 
|  14|0x0000000080e00000, 0x0000000080f00000, 0x0000000080f00000|100%| O|  |TAMS 0x0000000080f00000, 0x0000000080e00000| Untracked 
|  15|0x0000000080f00000, 0x0000000081000000, 0x0000000081000000|100%| O|  |TAMS 0x0000000081000000, 0x0000000080f00000| Untracked 
|  16|0x0000000081000000, 0x0000000081100000, 0x0000000081100000|100%| O|  |TAMS 0x0000000081100000, 0x0000000081000000| Untracked 
|  17|0x0000000081100000, 0x0000000081200000, 0x0000000081200000|100%| O|  |TAMS 0x0000000081200000, 0x0000000081100000| Untracked 
|  18|0x0000000081200000, 0x0000000081300000, 0x0000000081300000|100%| O|  |TAMS 0x0000000081300000, 0x0000000081200000| Untracked 
|  19|0x0000000081300000, 0x0000000081400000, 0x0000000081400000|100%| O|  |TAMS 0x0000000081400000, 0x0000000081300000| Untracked 
|  20|0x0000000081400000, 0x0000000081500000, 0x0000000081500000|100%| O|  |TAMS 0x0000000081500000, 0x0000000081400000| Untracked 
|  21|0x0000000081500000, 0x0000000081600000, 0x0000000081600000|100%| O|  |TAMS 0x0000000081600000, 0x0000000081500000| Untracked 
|  22|0x0000000081600000, 0x0000000081700000, 0x0000000081700000|100%| O|  |TAMS 0x0000000081700000, 0x0000000081600000| Untracked 
|  23|0x0000000081700000, 0x0000000081800000, 0x0000000081800000|100%| O|  |TAMS 0x0000000081800000, 0x0000000081700000| Untracked 
|  24|0x0000000081800000, 0x0000000081900000, 0x0000000081900000|100%| O|  |TAMS 0x0000000081900000, 0x0000000081800000| Untracked 
|  25|0x0000000081900000, 0x0000000081a00000, 0x0000000081a00000|100%| O|  |TAMS 0x0000000081a00000, 0x0000000081900000| Untracked 
|  26|0x0000000081a00000, 0x0000000081b00000, 0x0000000081b00000|100%| O|  |TAMS 0x0000000081b00000, 0x0000000081a00000| Untracked 
|  27|0x0000000081b00000, 0x0000000081c00000, 0x0000000081c00000|100%| O|  |TAMS 0x0000000081c00000, 0x0000000081b00000| Untracked 
|  28|0x0000000081c00000, 0x0000000081d00000, 0x0000000081d00000|100%| O|  |TAMS 0x0000000081d00000, 0x0000000081c00000| Untracked 
|  29|0x0000000081d00000, 0x0000000081e00000, 0x0000000081e00000|100%| O|  |TAMS 0x0000000081e00000, 0x0000000081d00000| Untracked 
|  30|0x0000000081e00000, 0x0000000081f00000, 0x0000000081f00000|100%| O|  |TAMS 0x0000000081f00000, 0x0000000081e00000| Untracked 
|  31|0x0000000081f00000, 0x0000000082000000, 0x0000000082000000|100%| O|  |TAMS 0x0000000082000000, 0x0000000081f00000| Untracked 
|  32|0x0000000082000000, 0x0000000082100000, 0x0000000082100000|100%| O|  |TAMS 0x0000000082100000, 0x0000000082000000| Untracked 
|  33|0x0000000082100000, 0x0000000082200000, 0x0000000082200000|100%| O|  |TAMS 0x0000000082200000, 0x0000000082100000| Untracked 
|  34|0x0000000082200000, 0x0000000082300000, 0x0000000082300000|100%|HS|  |TAMS 0x0000000082300000, 0x0000000082200000| Complete 
|  35|0x0000000082300000, 0x0000000082400000, 0x0000000082400000|100%|HC|  |TAMS 0x0000000082400000, 0x0000000082300000| Complete 
|  36|0x0000000082400000, 0x0000000082500000, 0x0000000082500000|100%| O|  |TAMS 0x0000000082500000, 0x0000000082400000| Untracked 
|  37|0x0000000082500000, 0x0000000082600000, 0x0000000082600000|100%|HS|  |TAMS 0x0000000082600000, 0x0000000082500000| Complete 
|  38|0x0000000082600000, 0x0000000082700000, 0x0000000082700000|100%|HC|  |TAMS 0x0000000082700000, 0x0000000082600000| Complete 
|  39|0x0000000082700000, 0x0000000082800000, 0x0000000082800000|100%|HC|  |TAMS 0x0000000082800000, 0x0000000082700000| Complete 
|  40|0x0000000082800000, 0x0000000082900000, 0x0000000082900000|100%|HC|  |TAMS 0x0000000082900000, 0x0000000082800000| Complete 
|  41|0x0000000082900000, 0x0000000082a00000, 0x0000000082a00000|100%| O|  |TAMS 0x0000000082a00000, 0x0000000082900000| Untracked 
|  42|0x0000000082a00000, 0x0000000082b00000, 0x0000000082b00000|100%| O|  |TAMS 0x0000000082b00000, 0x0000000082a00000| Untracked 
|  43|0x0000000082b00000, 0x0000000082c00000, 0x0000000082c00000|100%| O|  |TAMS 0x0000000082c00000, 0x0000000082b00000| Untracked 
|  44|0x0000000082c00000, 0x0000000082d00000, 0x0000000082d00000|100%| O|  |TAMS 0x0000000082d00000, 0x0000000082c00000| Untracked 
|  45|0x0000000082d00000, 0x0000000082e00000, 0x0000000082e00000|100%| O|  |TAMS 0x0000000082e00000, 0x0000000082d00000| Untracked 
|  46|0x0000000082e00000, 0x0000000082f00000, 0x0000000082f00000|100%| O|  |TAMS 0x0000000082f00000, 0x0000000082e00000| Untracked 
|  47|0x0000000082f00000, 0x0000000083000000, 0x0000000083000000|100%| O|  |TAMS 0x0000000083000000, 0x0000000082f00000| Untracked 
|  48|0x0000000083000000, 0x0000000083100000, 0x0000000083100000|100%| O|  |TAMS 0x0000000083100000, 0x0000000083000000| Untracked 
|  49|0x0000000083100000, 0x0000000083200000, 0x0000000083200000|100%| O|  |TAMS 0x0000000083200000, 0x0000000083100000| Untracked 
|  50|0x0000000083200000, 0x0000000083300000, 0x0000000083300000|100%| O|  |TAMS 0x0000000083300000, 0x0000000083200000| Untracked 
|  51|0x0000000083300000, 0x0000000083400000, 0x0000000083400000|100%| O|  |TAMS 0x0000000083400000, 0x0000000083300000| Untracked 
|  52|0x0000000083400000, 0x0000000083500000, 0x0000000083500000|100%| O|  |TAMS 0x0000000083500000, 0x0000000083400000| Untracked 
|  53|0x0000000083500000, 0x0000000083600000, 0x0000000083600000|100%| O|  |TAMS 0x0000000083600000, 0x0000000083500000| Untracked 
|  54|0x0000000083600000, 0x0000000083700000, 0x0000000083700000|100%| O|  |TAMS 0x0000000083700000, 0x0000000083600000| Untracked 
|  55|0x0000000083700000, 0x0000000083800000, 0x0000000083800000|100%| O|  |TAMS 0x0000000083800000, 0x0000000083700000| Untracked 
|  56|0x0000000083800000, 0x0000000083900000, 0x0000000083900000|100%| O|  |TAMS 0x0000000083900000, 0x0000000083800000| Untracked 
|  57|0x0000000083900000, 0x0000000083a00000, 0x0000000083a00000|100%| O|  |TAMS 0x0000000083a00000, 0x0000000083900000| Untracked 
|  58|0x0000000083a00000, 0x0000000083b00000, 0x0000000083b00000|100%|HS|  |TAMS 0x0000000083b00000, 0x0000000083a00000| Complete 
|  59|0x0000000083b00000, 0x0000000083c00000, 0x0000000083c00000|100%|HS|  |TAMS 0x0000000083c00000, 0x0000000083b00000| Complete 
|  60|0x0000000083c00000, 0x0000000083d00000, 0x0000000083d00000|100%| O|  |TAMS 0x0000000083d00000, 0x0000000083c00000| Untracked 
|  61|0x0000000083d00000, 0x0000000083e00000, 0x0000000083e00000|100%| O|  |TAMS 0x0000000083e00000, 0x0000000083d00000| Untracked 
|  62|0x0000000083e00000, 0x0000000083f00000, 0x0000000083f00000|100%| O|  |TAMS 0x0000000083f00000, 0x0000000083e00000| Untracked 
|  63|0x0000000083f00000, 0x0000000084000000, 0x0000000084000000|100%| O|  |TAMS 0x0000000084000000, 0x0000000083f00000| Untracked 
|  64|0x0000000084000000, 0x0000000084100000, 0x0000000084100000|100%| O|  |TAMS 0x0000000084100000, 0x0000000084000000| Untracked 
|  65|0x0000000084100000, 0x0000000084200000, 0x0000000084200000|100%| O|  |TAMS 0x0000000084200000, 0x0000000084100000| Untracked 
|  66|0x0000000084200000, 0x0000000084300000, 0x0000000084300000|100%| O|  |TAMS 0x0000000084300000, 0x0000000084200000| Untracked 
|  67|0x0000000084300000, 0x0000000084400000, 0x0000000084400000|100%| O|  |TAMS 0x0000000084400000, 0x0000000084300000| Untracked 
|  68|0x0000000084400000, 0x0000000084500000, 0x0000000084500000|100%| O|  |TAMS 0x0000000084500000, 0x0000000084400000| Untracked 
|  69|0x0000000084500000, 0x0000000084600000, 0x0000000084600000|100%| O|  |TAMS 0x0000000084600000, 0x0000000084500000| Untracked 
|  70|0x0000000084600000, 0x0000000084700000, 0x0000000084700000|100%| O|  |TAMS 0x0000000084700000, 0x0000000084600000| Untracked 
|  71|0x0000000084700000, 0x0000000084800000, 0x0000000084800000|100%| O|  |TAMS 0x0000000084800000, 0x0000000084700000| Untracked 
|  72|0x0000000084800000, 0x0000000084900000, 0x0000000084900000|100%| O|  |TAMS 0x0000000084900000, 0x0000000084800000| Untracked 
|  73|0x0000000084900000, 0x0000000084a00000, 0x0000000084a00000|100%| O|  |TAMS 0x0000000084a00000, 0x0000000084900000| Untracked 
|  74|0x0000000084a00000, 0x0000000084b00000, 0x0000000084b00000|100%| O|  |TAMS 0x0000000084b00000, 0x0000000084a00000| Untracked 
|  75|0x0000000084b00000, 0x0000000084c00000, 0x0000000084c00000|100%| O|  |TAMS 0x0000000084c00000, 0x0000000084b00000| Untracked 
|  76|0x0000000084c00000, 0x0000000084d00000, 0x0000000084d00000|100%| O|  |TAMS 0x0000000084d00000, 0x0000000084c00000| Untracked 
|  77|0x0000000084d00000, 0x0000000084e00000, 0x0000000084e00000|100%| O|  |TAMS 0x0000000084e00000, 0x0000000084d00000| Untracked 
|  78|0x0000000084e00000, 0x0000000084f00000, 0x0000000084f00000|100%| O|  |TAMS 0x0000000084f00000, 0x0000000084e00000| Untracked 
|  79|0x0000000084f00000, 0x0000000085000000, 0x0000000085000000|100%| O|  |TAMS 0x0000000085000000, 0x0000000084f00000| Untracked 
|  80|0x0000000085000000, 0x0000000085100000, 0x0000000085100000|100%| O|  |TAMS 0x0000000085100000, 0x0000000085000000| Untracked 
|  81|0x0000000085100000, 0x0000000085200000, 0x0000000085200000|100%|HS|  |TAMS 0x0000000085200000, 0x0000000085100000| Complete 
|  82|0x0000000085200000, 0x0000000085300000, 0x0000000085300000|100%|HS|  |TAMS 0x0000000085300000, 0x0000000085200000| Complete 
|  83|0x0000000085300000, 0x0000000085400000, 0x0000000085400000|100%|HS|  |TAMS 0x0000000085400000, 0x0000000085300000| Complete 
|  84|0x0000000085400000, 0x0000000085500000, 0x0000000085500000|100%|HS|  |TAMS 0x0000000085500000, 0x0000000085400000| Complete 
|  85|0x0000000085500000, 0x0000000085600000, 0x0000000085600000|100%|HC|  |TAMS 0x0000000085600000, 0x0000000085500000| Complete 
|  86|0x0000000085600000, 0x0000000085700000, 0x0000000085700000|100%|HC|  |TAMS 0x0000000085700000, 0x0000000085600000| Complete 
|  87|0x0000000085700000, 0x0000000085800000, 0x0000000085800000|100%|HS|  |TAMS 0x0000000085800000, 0x0000000085700000| Complete 
|  88|0x0000000085800000, 0x0000000085900000, 0x0000000085900000|100%|HC|  |TAMS 0x0000000085900000, 0x0000000085800000| Complete 
|  89|0x0000000085900000, 0x0000000085a00000, 0x0000000085a00000|100%| O|  |TAMS 0x0000000085a00000, 0x0000000085900000| Untracked 
|  90|0x0000000085a00000, 0x0000000085b00000, 0x0000000085b00000|100%| O|  |TAMS 0x0000000085b00000, 0x0000000085a00000| Untracked 
|  91|0x0000000085b00000, 0x0000000085c00000, 0x0000000085c00000|100%| O|  |TAMS 0x0000000085c00000, 0x0000000085b00000| Untracked 
|  92|0x0000000085c00000, 0x0000000085d00000, 0x0000000085d00000|100%| O|  |TAMS 0x0000000085d00000, 0x0000000085c00000| Untracked 
|  93|0x0000000085d00000, 0x0000000085e00000, 0x0000000085e00000|100%| O|  |TAMS 0x0000000085e00000, 0x0000000085d00000| Untracked 
|  94|0x0000000085e00000, 0x0000000085f00000, 0x0000000085f00000|100%| O|  |TAMS 0x0000000085f00000, 0x0000000085e00000| Untracked 
|  95|0x0000000085f00000, 0x0000000086000000, 0x0000000086000000|100%| O|  |TAMS 0x0000000086000000, 0x0000000085f00000| Untracked 
|  96|0x0000000086000000, 0x0000000086100000, 0x0000000086100000|100%| O|  |TAMS 0x0000000086100000, 0x0000000086000000| Untracked 
|  97|0x0000000086100000, 0x0000000086200000, 0x0000000086200000|100%| O|  |TAMS 0x0000000086200000, 0x0000000086100000| Untracked 
|  98|0x0000000086200000, 0x0000000086300000, 0x0000000086300000|100%| O|  |TAMS 0x0000000086300000, 0x0000000086200000| Untracked 
|  99|0x0000000086300000, 0x0000000086400000, 0x0000000086400000|100%| O|  |TAMS 0x0000000086400000, 0x0000000086300000| Untracked 
| 100|0x0000000086400000, 0x0000000086500000, 0x0000000086500000|100%| O|  |TAMS 0x0000000086500000, 0x0000000086400000| Untracked 
| 101|0x0000000086500000, 0x0000000086600000, 0x0000000086600000|100%| O|  |TAMS 0x0000000086600000, 0x0000000086500000| Untracked 
| 102|0x0000000086600000, 0x0000000086700000, 0x0000000086700000|100%| O|  |TAMS 0x0000000086700000, 0x0000000086600000| Untracked 
| 103|0x0000000086700000, 0x0000000086800000, 0x0000000086800000|100%| O|  |TAMS 0x0000000086800000, 0x0000000086700000| Untracked 
| 104|0x0000000086800000, 0x0000000086900000, 0x0000000086900000|100%| O|  |TAMS 0x0000000086900000, 0x0000000086800000| Untracked 
| 105|0x0000000086900000, 0x0000000086a00000, 0x0000000086a00000|100%| O|  |TAMS 0x0000000086a00000, 0x0000000086900000| Untracked 
| 106|0x0000000086a00000, 0x0000000086b00000, 0x0000000086b00000|100%|HS|  |TAMS 0x0000000086b00000, 0x0000000086a00000| Complete 
| 107|0x0000000086b00000, 0x0000000086c00000, 0x0000000086c00000|100%| O|  |TAMS 0x0000000086c00000, 0x0000000086b00000| Untracked 
| 108|0x0000000086c00000, 0x0000000086d00000, 0x0000000086d00000|100%| O|  |TAMS 0x0000000086d00000, 0x0000000086c00000| Untracked 
| 109|0x0000000086d00000, 0x0000000086e00000, 0x0000000086e00000|100%| O|  |TAMS 0x0000000086e00000, 0x0000000086d00000| Untracked 
| 110|0x0000000086e00000, 0x0000000086f00000, 0x0000000086f00000|100%| O|  |TAMS 0x0000000086f00000, 0x0000000086e00000| Untracked 
| 111|0x0000000086f00000, 0x0000000087000000, 0x0000000087000000|100%| O|  |TAMS 0x0000000087000000, 0x0000000086f00000| Untracked 
| 112|0x0000000087000000, 0x0000000087100000, 0x0000000087100000|100%|HS|  |TAMS 0x0000000087100000, 0x0000000087000000| Complete 
| 113|0x0000000087100000, 0x0000000087200000, 0x0000000087200000|100%|HS|  |TAMS 0x0000000087200000, 0x0000000087100000| Complete 
| 114|0x0000000087200000, 0x0000000087300000, 0x0000000087300000|100%| O|  |TAMS 0x0000000087300000, 0x0000000087200000| Untracked 
| 115|0x0000000087300000, 0x0000000087400000, 0x0000000087400000|100%| O|  |TAMS 0x0000000087400000, 0x0000000087300000| Untracked 
| 116|0x0000000087400000, 0x0000000087500000, 0x0000000087500000|100%| O|  |TAMS 0x0000000087500000, 0x0000000087400000| Untracked 
| 117|0x0000000087500000, 0x0000000087600000, 0x0000000087600000|100%| O|  |TAMS 0x0000000087600000, 0x0000000087500000| Untracked 
| 118|0x0000000087600000, 0x0000000087700000, 0x0000000087700000|100%| O|  |TAMS 0x0000000087700000, 0x0000000087600000| Untracked 
| 119|0x0000000087700000, 0x0000000087800000, 0x0000000087800000|100%| O|  |TAMS 0x0000000087800000, 0x0000000087700000| Untracked 
| 120|0x0000000087800000, 0x0000000087900000, 0x0000000087900000|100%| O|  |TAMS 0x0000000087900000, 0x0000000087800000| Untracked 
| 121|0x0000000087900000, 0x0000000087a00000, 0x0000000087a00000|100%| O|  |TAMS 0x0000000087a00000, 0x0000000087900000| Untracked 
| 122|0x0000000087a00000, 0x0000000087b00000, 0x0000000087b00000|100%| O|  |TAMS 0x0000000087b00000, 0x0000000087a00000| Untracked 
| 123|0x0000000087b00000, 0x0000000087c00000, 0x0000000087c00000|100%| O|  |TAMS 0x0000000087c00000, 0x0000000087b00000| Untracked 
| 124|0x0000000087c00000, 0x0000000087d00000, 0x0000000087d00000|100%| O|  |TAMS 0x0000000087d00000, 0x0000000087c00000| Untracked 
| 125|0x0000000087d00000, 0x0000000087e00000, 0x0000000087e00000|100%| O|  |TAMS 0x0000000087e00000, 0x0000000087d00000| Untracked 
| 126|0x0000000087e00000, 0x0000000087f00000, 0x0000000087f00000|100%| O|  |TAMS 0x0000000087f00000, 0x0000000087e00000| Untracked 
| 127|0x0000000087f00000, 0x0000000088000000, 0x0000000088000000|100%| O|  |TAMS 0x0000000088000000, 0x0000000087f00000| Untracked 
| 128|0x0000000088000000, 0x0000000088100000, 0x0000000088100000|100%| O|  |TAMS 0x0000000088100000, 0x0000000088000000| Untracked 
| 129|0x0000000088100000, 0x0000000088200000, 0x0000000088200000|100%| O|  |TAMS 0x0000000088200000, 0x0000000088100000| Untracked 
| 130|0x0000000088200000, 0x0000000088300000, 0x0000000088300000|100%| O|  |TAMS 0x0000000088300000, 0x0000000088200000| Untracked 
| 131|0x0000000088300000, 0x0000000088400000, 0x0000000088400000|100%| O|  |TAMS 0x0000000088400000, 0x0000000088300000| Untracked 
| 132|0x0000000088400000, 0x0000000088500000, 0x0000000088500000|100%| O|  |TAMS 0x0000000088500000, 0x0000000088400000| Untracked 
| 133|0x0000000088500000, 0x0000000088600000, 0x0000000088600000|100%| O|  |TAMS 0x0000000088600000, 0x0000000088500000| Untracked 
| 134|0x0000000088600000, 0x0000000088700000, 0x0000000088700000|100%| O|  |TAMS 0x0000000088700000, 0x0000000088600000| Untracked 
| 135|0x0000000088700000, 0x0000000088800000, 0x0000000088800000|100%| O|  |TAMS 0x0000000088800000, 0x0000000088700000| Untracked 
| 136|0x0000000088800000, 0x0000000088900000, 0x0000000088900000|100%| O|  |TAMS 0x0000000088900000, 0x0000000088800000| Untracked 
| 137|0x0000000088900000, 0x0000000088a00000, 0x0000000088a00000|100%| O|  |TAMS 0x0000000088a00000, 0x0000000088900000| Untracked 
| 138|0x0000000088a00000, 0x0000000088b00000, 0x0000000088b00000|100%| O|  |TAMS 0x0000000088b00000, 0x0000000088a00000| Untracked 
| 139|0x0000000088b00000, 0x0000000088c00000, 0x0000000088c00000|100%| O|  |TAMS 0x0000000088c00000, 0x0000000088b00000| Untracked 
| 140|0x0000000088c00000, 0x0000000088d00000, 0x0000000088d00000|100%| O|  |TAMS 0x0000000088d00000, 0x0000000088c00000| Untracked 
| 141|0x0000000088d00000, 0x0000000088e00000, 0x0000000088e00000|100%| O|  |TAMS 0x0000000088e00000, 0x0000000088d00000| Untracked 
| 142|0x0000000088e00000, 0x0000000088f00000, 0x0000000088f00000|100%| O|  |TAMS 0x0000000088f00000, 0x0000000088e00000| Untracked 
| 143|0x0000000088f00000, 0x0000000089000000, 0x0000000089000000|100%| O|  |TAMS 0x0000000089000000, 0x0000000088f00000| Untracked 
| 144|0x0000000089000000, 0x0000000089100000, 0x0000000089100000|100%|HS|  |TAMS 0x0000000089100000, 0x0000000089000000| Complete 
| 145|0x0000000089100000, 0x0000000089200000, 0x0000000089200000|100%|HS|  |TAMS 0x0000000089200000, 0x0000000089100000| Complete 
| 146|0x0000000089200000, 0x0000000089300000, 0x0000000089300000|100%|HC|  |TAMS 0x0000000089300000, 0x0000000089200000| Complete 
| 147|0x0000000089300000, 0x0000000089400000, 0x0000000089400000|100%|HC|  |TAMS 0x0000000089400000, 0x0000000089300000| Complete 
| 148|0x0000000089400000, 0x0000000089500000, 0x0000000089500000|100%| O|  |TAMS 0x0000000089500000, 0x0000000089400000| Untracked 
| 149|0x0000000089500000, 0x0000000089600000, 0x0000000089600000|100%| O|  |TAMS 0x0000000089600000, 0x0000000089500000| Untracked 
| 150|0x0000000089600000, 0x0000000089700000, 0x0000000089700000|100%| O|  |TAMS 0x0000000089700000, 0x0000000089600000| Untracked 
| 151|0x0000000089700000, 0x0000000089800000, 0x0000000089800000|100%| O|  |TAMS 0x0000000089800000, 0x0000000089700000| Untracked 
| 152|0x0000000089800000, 0x0000000089900000, 0x0000000089900000|100%| O|  |TAMS 0x0000000089875400, 0x0000000089800000| Untracked 
| 153|0x0000000089900000, 0x0000000089a00000, 0x0000000089a00000|100%|HS|  |TAMS 0x0000000089900000, 0x0000000089900000| Complete 
| 154|0x0000000089a00000, 0x0000000089b00000, 0x0000000089b00000|100%|HC|  |TAMS 0x0000000089a00000, 0x0000000089a00000| Complete 
| 155|0x0000000089b00000, 0x0000000089c00000, 0x0000000089c00000|100%|HS|  |TAMS 0x0000000089b00000, 0x0000000089b00000| Complete 
| 156|0x0000000089c00000, 0x0000000089d00000, 0x0000000089d00000|100%|HS|  |TAMS 0x0000000089c00000, 0x0000000089c00000| Complete 
| 157|0x0000000089d00000, 0x0000000089e00000, 0x0000000089e00000|100%|HC|  |TAMS 0x0000000089d00000, 0x0000000089d00000| Complete 
| 158|0x0000000089e00000, 0x0000000089f00000, 0x0000000089f00000|100%|HC|  |TAMS 0x0000000089e00000, 0x0000000089e00000| Complete 
| 159|0x0000000089f00000, 0x000000008a000000, 0x000000008a000000|100%|HC|  |TAMS 0x0000000089f00000, 0x0000000089f00000| Complete 
| 160|0x000000008a000000, 0x000000008a100000, 0x000000008a100000|100%| O|  |TAMS 0x000000008a000000, 0x000000008a000000| Untracked 
| 161|0x000000008a100000, 0x000000008a14f000, 0x000000008a200000| 30%| O|  |TAMS 0x000000008a100000, 0x000000008a100000| Untracked 
| 162|0x000000008a200000, 0x000000008a200000, 0x000000008a300000|  0%| F|  |TAMS 0x000000008a200000, 0x000000008a200000| Untracked 
| 163|0x000000008a300000, 0x000000008a300000, 0x000000008a400000|  0%| F|  |TAMS 0x000000008a300000, 0x000000008a300000| Untracked 
| 164|0x000000008a400000, 0x000000008a400000, 0x000000008a500000|  0%| F|  |TAMS 0x000000008a400000, 0x000000008a400000| Untracked 
| 165|0x000000008a500000, 0x000000008a500000, 0x000000008a600000|  0%| F|  |TAMS 0x000000008a500000, 0x000000008a500000| Untracked 
| 166|0x000000008a600000, 0x000000008a600000, 0x000000008a700000|  0%| F|  |TAMS 0x000000008a600000, 0x000000008a600000| Untracked 
| 167|0x000000008a700000, 0x000000008a700000, 0x000000008a800000|  0%| F|  |TAMS 0x000000008a700000, 0x000000008a700000| Untracked 
| 168|0x000000008a800000, 0x000000008a800000, 0x000000008a900000|  0%| F|  |TAMS 0x000000008a800000, 0x000000008a800000| Untracked 
| 169|0x000000008a900000, 0x000000008a900000, 0x000000008aa00000|  0%| F|  |TAMS 0x000000008a900000, 0x000000008a900000| Untracked 
| 170|0x000000008aa00000, 0x000000008aa00000, 0x000000008ab00000|  0%| F|  |TAMS 0x000000008aa00000, 0x000000008aa00000| Untracked 
| 171|0x000000008ab00000, 0x000000008ab00000, 0x000000008ac00000|  0%| F|  |TAMS 0x000000008ab00000, 0x000000008ab00000| Untracked 
| 172|0x000000008ac00000, 0x000000008ac00000, 0x000000008ad00000|  0%| F|  |TAMS 0x000000008ac00000, 0x000000008ac00000| Untracked 
| 173|0x000000008ad00000, 0x000000008ad00000, 0x000000008ae00000|  0%| F|  |TAMS 0x000000008ad00000, 0x000000008ad00000| Untracked 
| 174|0x000000008ae00000, 0x000000008ae00000, 0x000000008af00000|  0%| F|  |TAMS 0x000000008ae00000, 0x000000008ae00000| Untracked 
| 175|0x000000008af00000, 0x000000008af00000, 0x000000008b000000|  0%| F|  |TAMS 0x000000008af00000, 0x000000008af00000| Untracked 
| 176|0x000000008b000000, 0x000000008b000000, 0x000000008b100000|  0%| F|  |TAMS 0x000000008b000000, 0x000000008b000000| Untracked 
| 177|0x000000008b100000, 0x000000008b100000, 0x000000008b200000|  0%| F|  |TAMS 0x000000008b100000, 0x000000008b100000| Untracked 
| 178|0x000000008b200000, 0x000000008b200000, 0x000000008b300000|  0%| F|  |TAMS 0x000000008b200000, 0x000000008b200000| Untracked 
| 179|0x000000008b300000, 0x000000008b300000, 0x000000008b400000|  0%| F|  |TAMS 0x000000008b300000, 0x000000008b300000| Untracked 
| 180|0x000000008b400000, 0x000000008b400000, 0x000000008b500000|  0%| F|  |TAMS 0x000000008b400000, 0x000000008b400000| Untracked 
| 181|0x000000008b500000, 0x000000008b500000, 0x000000008b600000|  0%| F|  |TAMS 0x000000008b500000, 0x000000008b500000| Untracked 
| 182|0x000000008b600000, 0x000000008b600000, 0x000000008b700000|  0%| F|  |TAMS 0x000000008b600000, 0x000000008b600000| Untracked 
| 183|0x000000008b700000, 0x000000008b700000, 0x000000008b800000|  0%| F|  |TAMS 0x000000008b700000, 0x000000008b700000| Untracked 
| 184|0x000000008b800000, 0x000000008b800000, 0x000000008b900000|  0%| F|  |TAMS 0x000000008b800000, 0x000000008b800000| Untracked 
| 185|0x000000008b900000, 0x000000008b900000, 0x000000008ba00000|  0%| F|  |TAMS 0x000000008b900000, 0x000000008b900000| Untracked 
| 186|0x000000008ba00000, 0x000000008ba00000, 0x000000008bb00000|  0%| F|  |TAMS 0x000000008ba00000, 0x000000008ba00000| Untracked 
| 187|0x000000008bb00000, 0x000000008bb00000, 0x000000008bc00000|  0%| F|  |TAMS 0x000000008bb00000, 0x000000008bb00000| Untracked 
| 188|0x000000008bc00000, 0x000000008bc00000, 0x000000008bd00000|  0%| F|  |TAMS 0x000000008bc00000, 0x000000008bc00000| Untracked 
| 189|0x000000008bd00000, 0x000000008bd00000, 0x000000008be00000|  0%| F|  |TAMS 0x000000008bd00000, 0x000000008bd00000| Untracked 
| 190|0x000000008be00000, 0x000000008be00000, 0x000000008bf00000|  0%| F|  |TAMS 0x000000008be00000, 0x000000008be00000| Untracked 
| 191|0x000000008bf00000, 0x000000008bf00000, 0x000000008c000000|  0%| F|  |TAMS 0x000000008bf00000, 0x000000008bf00000| Untracked 
| 192|0x000000008c000000, 0x000000008c000000, 0x000000008c100000|  0%| F|  |TAMS 0x000000008c000000, 0x000000008c000000| Untracked 
| 193|0x000000008c100000, 0x000000008c100000, 0x000000008c200000|  0%| F|  |TAMS 0x000000008c100000, 0x000000008c100000| Untracked 
| 194|0x000000008c200000, 0x000000008c200000, 0x000000008c300000|  0%| F|  |TAMS 0x000000008c200000, 0x000000008c200000| Untracked 
| 195|0x000000008c300000, 0x000000008c400000, 0x000000008c400000|100%| S|CS|TAMS 0x000000008c300000, 0x000000008c300000| Complete 
| 196|0x000000008c400000, 0x000000008c500000, 0x000000008c500000|100%| S|CS|TAMS 0x000000008c400000, 0x000000008c400000| Complete 
| 197|0x000000008c500000, 0x000000008c600000, 0x000000008c600000|100%| S|CS|TAMS 0x000000008c500000, 0x000000008c500000| Complete 
| 198|0x000000008c600000, 0x000000008c700000, 0x000000008c700000|100%| S|CS|TAMS 0x000000008c600000, 0x000000008c600000| Complete 
| 199|0x000000008c700000, 0x000000008c800000, 0x000000008c800000|100%| S|CS|TAMS 0x000000008c700000, 0x000000008c700000| Complete 
| 200|0x000000008c800000, 0x000000008c900000, 0x000000008c900000|100%| S|CS|TAMS 0x000000008c800000, 0x000000008c800000| Complete 
| 201|0x000000008c900000, 0x000000008c900000, 0x000000008ca00000|  0%| F|  |TAMS 0x000000008c900000, 0x000000008c900000| Untracked 
| 202|0x000000008ca00000, 0x000000008ca00000, 0x000000008cb00000|  0%| F|  |TAMS 0x000000008ca00000, 0x000000008ca00000| Untracked 
| 203|0x000000008cb00000, 0x000000008cb00000, 0x000000008cc00000|  0%| F|  |TAMS 0x000000008cb00000, 0x000000008cb00000| Untracked 
| 204|0x000000008cc00000, 0x000000008cc00000, 0x000000008cd00000|  0%| F|  |TAMS 0x000000008cc00000, 0x000000008cc00000| Untracked 
| 205|0x000000008cd00000, 0x000000008cd00000, 0x000000008ce00000|  0%| F|  |TAMS 0x000000008cd00000, 0x000000008cd00000| Untracked 
| 206|0x000000008ce00000, 0x000000008ce00000, 0x000000008cf00000|  0%| F|  |TAMS 0x000000008ce00000, 0x000000008ce00000| Untracked 
| 207|0x000000008cf00000, 0x000000008cf00000, 0x000000008d000000|  0%| F|  |TAMS 0x000000008cf00000, 0x000000008cf00000| Untracked 
| 208|0x000000008d000000, 0x000000008d000000, 0x000000008d100000|  0%| F|  |TAMS 0x000000008d000000, 0x000000008d000000| Untracked 
| 209|0x000000008d100000, 0x000000008d100000, 0x000000008d200000|  0%| F|  |TAMS 0x000000008d100000, 0x000000008d100000| Untracked 
| 210|0x000000008d200000, 0x000000008d200000, 0x000000008d300000|  0%| F|  |TAMS 0x000000008d200000, 0x000000008d200000| Untracked 
| 211|0x000000008d300000, 0x000000008d300000, 0x000000008d400000|  0%| F|  |TAMS 0x000000008d300000, 0x000000008d300000| Untracked 
| 212|0x000000008d400000, 0x000000008d400000, 0x000000008d500000|  0%| F|  |TAMS 0x000000008d400000, 0x000000008d400000| Untracked 
| 213|0x000000008d500000, 0x000000008d500000, 0x000000008d600000|  0%| F|  |TAMS 0x000000008d500000, 0x000000008d500000| Untracked 
| 214|0x000000008d600000, 0x000000008d600000, 0x000000008d700000|  0%| F|  |TAMS 0x000000008d600000, 0x000000008d600000| Untracked 
| 215|0x000000008d700000, 0x000000008d700000, 0x000000008d800000|  0%| F|  |TAMS 0x000000008d700000, 0x000000008d700000| Untracked 
| 216|0x000000008d800000, 0x000000008d800000, 0x000000008d900000|  0%| F|  |TAMS 0x000000008d800000, 0x000000008d800000| Untracked 
| 217|0x000000008d900000, 0x000000008d900000, 0x000000008da00000|  0%| F|  |TAMS 0x000000008d900000, 0x000000008d900000| Untracked 
| 218|0x000000008da00000, 0x000000008da00000, 0x000000008db00000|  0%| F|  |TAMS 0x000000008da00000, 0x000000008da00000| Untracked 
| 219|0x000000008db00000, 0x000000008db00000, 0x000000008dc00000|  0%| F|  |TAMS 0x000000008db00000, 0x000000008db00000| Untracked 
| 220|0x000000008dc00000, 0x000000008dc00000, 0x000000008dd00000|  0%| F|  |TAMS 0x000000008dc00000, 0x000000008dc00000| Untracked 
| 221|0x000000008dd00000, 0x000000008dd00000, 0x000000008de00000|  0%| F|  |TAMS 0x000000008dd00000, 0x000000008dd00000| Untracked 
| 222|0x000000008de00000, 0x000000008de00000, 0x000000008df00000|  0%| F|  |TAMS 0x000000008de00000, 0x000000008de00000| Untracked 
| 223|0x000000008df00000, 0x000000008df00000, 0x000000008e000000|  0%| F|  |TAMS 0x000000008df00000, 0x000000008df00000| Untracked 
| 224|0x000000008e000000, 0x000000008e000000, 0x000000008e100000|  0%| F|  |TAMS 0x000000008e000000, 0x000000008e000000| Untracked 
| 225|0x000000008e100000, 0x000000008e100000, 0x000000008e200000|  0%| F|  |TAMS 0x000000008e100000, 0x000000008e100000| Untracked 
| 226|0x000000008e200000, 0x000000008e200000, 0x000000008e300000|  0%| F|  |TAMS 0x000000008e200000, 0x000000008e200000| Untracked 
| 227|0x000000008e300000, 0x000000008e300000, 0x000000008e400000|  0%| F|  |TAMS 0x000000008e300000, 0x000000008e300000| Untracked 
| 228|0x000000008e400000, 0x000000008e400000, 0x000000008e500000|  0%| F|  |TAMS 0x000000008e400000, 0x000000008e400000| Untracked 
| 229|0x000000008e500000, 0x000000008e500000, 0x000000008e600000|  0%| F|  |TAMS 0x000000008e500000, 0x000000008e500000| Untracked 
| 230|0x000000008e600000, 0x000000008e600000, 0x000000008e700000|  0%| F|  |TAMS 0x000000008e600000, 0x000000008e600000| Untracked 
| 231|0x000000008e700000, 0x000000008e700000, 0x000000008e800000|  0%| F|  |TAMS 0x000000008e700000, 0x000000008e700000| Untracked 
| 232|0x000000008e800000, 0x000000008e800000, 0x000000008e900000|  0%| F|  |TAMS 0x000000008e800000, 0x000000008e800000| Untracked 
| 233|0x000000008e900000, 0x000000008e900000, 0x000000008ea00000|  0%| F|  |TAMS 0x000000008e900000, 0x000000008e900000| Untracked 
| 234|0x000000008ea00000, 0x000000008ea00000, 0x000000008eb00000|  0%| F|  |TAMS 0x000000008ea00000, 0x000000008ea00000| Untracked 
| 235|0x000000008eb00000, 0x000000008eb00000, 0x000000008ec00000|  0%| F|  |TAMS 0x000000008eb00000, 0x000000008eb00000| Untracked 
| 236|0x000000008ec00000, 0x000000008ec00000, 0x000000008ed00000|  0%| F|  |TAMS 0x000000008ec00000, 0x000000008ec00000| Untracked 
| 237|0x000000008ed00000, 0x000000008ed00000, 0x000000008ee00000|  0%| F|  |TAMS 0x000000008ed00000, 0x000000008ed00000| Untracked 
| 238|0x000000008ee00000, 0x000000008ee00000, 0x000000008ef00000|  0%| F|  |TAMS 0x000000008ee00000, 0x000000008ee00000| Untracked 
| 239|0x000000008ef00000, 0x000000008ef00000, 0x000000008f000000|  0%| F|  |TAMS 0x000000008ef00000, 0x000000008ef00000| Untracked 
| 240|0x000000008f000000, 0x000000008f000000, 0x000000008f100000|  0%| F|  |TAMS 0x000000008f000000, 0x000000008f000000| Untracked 
| 241|0x000000008f100000, 0x000000008f100000, 0x000000008f200000|  0%| F|  |TAMS 0x000000008f100000, 0x000000008f100000| Untracked 
| 242|0x000000008f200000, 0x000000008f200000, 0x000000008f300000|  0%| F|  |TAMS 0x000000008f200000, 0x000000008f200000| Untracked 
| 243|0x000000008f300000, 0x000000008f300000, 0x000000008f400000|  0%| F|  |TAMS 0x000000008f300000, 0x000000008f300000| Untracked 
| 244|0x000000008f400000, 0x000000008f400000, 0x000000008f500000|  0%| F|  |TAMS 0x000000008f400000, 0x000000008f400000| Untracked 
| 245|0x000000008f500000, 0x000000008f500000, 0x000000008f600000|  0%| F|  |TAMS 0x000000008f500000, 0x000000008f500000| Untracked 
| 246|0x000000008f600000, 0x000000008f600000, 0x000000008f700000|  0%| F|  |TAMS 0x000000008f600000, 0x000000008f600000| Untracked 
| 247|0x000000008f700000, 0x000000008f700000, 0x000000008f800000|  0%| F|  |TAMS 0x000000008f700000, 0x000000008f700000| Untracked 
| 248|0x000000008f800000, 0x000000008f800000, 0x000000008f900000|  0%| F|  |TAMS 0x000000008f800000, 0x000000008f800000| Untracked 
| 249|0x000000008f900000, 0x000000008f900000, 0x000000008fa00000|  0%| F|  |TAMS 0x000000008f900000, 0x000000008f900000| Untracked 
| 250|0x000000008fa00000, 0x000000008fa00000, 0x000000008fb00000|  0%| F|  |TAMS 0x000000008fa00000, 0x000000008fa00000| Untracked 
| 251|0x000000008fb00000, 0x000000008fb00000, 0x000000008fc00000|  0%| F|  |TAMS 0x000000008fb00000, 0x000000008fb00000| Untracked 
| 252|0x000000008fc00000, 0x000000008fd00000, 0x000000008fd00000|100%| E|  |TAMS 0x000000008fc00000, 0x000000008fc00000| Complete 
| 253|0x000000008fd00000, 0x000000008fe00000, 0x000000008fe00000|100%| E|CS|TAMS 0x000000008fd00000, 0x000000008fd00000| Complete 
| 254|0x000000008fe00000, 0x000000008ff00000, 0x000000008ff00000|100%| E|CS|TAMS 0x000000008fe00000, 0x000000008fe00000| Complete 
| 255|0x000000008ff00000, 0x0000000090000000, 0x0000000090000000|100%| E|CS|TAMS 0x000000008ff00000, 0x000000008ff00000| Complete 
| 256|0x0000000090000000, 0x0000000090100000, 0x0000000090100000|100%| E|CS|TAMS 0x0000000090000000, 0x0000000090000000| Complete 
| 257|0x0000000090100000, 0x0000000090200000, 0x0000000090200000|100%| E|CS|TAMS 0x0000000090100000, 0x0000000090100000| Complete 
| 258|0x0000000090200000, 0x0000000090300000, 0x0000000090300000|100%| E|CS|TAMS 0x0000000090200000, 0x0000000090200000| Complete 
| 259|0x0000000090300000, 0x0000000090400000, 0x0000000090400000|100%| E|CS|TAMS 0x0000000090300000, 0x0000000090300000| Complete 
| 260|0x0000000090400000, 0x0000000090500000, 0x0000000090500000|100%| E|CS|TAMS 0x0000000090400000, 0x0000000090400000| Complete 
| 261|0x0000000090500000, 0x0000000090600000, 0x0000000090600000|100%| E|CS|TAMS 0x0000000090500000, 0x0000000090500000| Complete 
| 262|0x0000000090600000, 0x0000000090700000, 0x0000000090700000|100%| E|CS|TAMS 0x0000000090600000, 0x0000000090600000| Complete 
| 263|0x0000000090700000, 0x0000000090800000, 0x0000000090800000|100%| E|CS|TAMS 0x0000000090700000, 0x0000000090700000| Complete 
| 264|0x0000000090800000, 0x0000000090900000, 0x0000000090900000|100%| E|CS|TAMS 0x0000000090800000, 0x0000000090800000| Complete 
| 265|0x0000000090900000, 0x0000000090a00000, 0x0000000090a00000|100%| E|CS|TAMS 0x0000000090900000, 0x0000000090900000| Complete 
| 266|0x0000000090a00000, 0x0000000090b00000, 0x0000000090b00000|100%| E|CS|TAMS 0x0000000090a00000, 0x0000000090a00000| Complete 
| 267|0x0000000090b00000, 0x0000000090c00000, 0x0000000090c00000|100%| E|CS|TAMS 0x0000000090b00000, 0x0000000090b00000| Complete 
| 268|0x0000000090c00000, 0x0000000090d00000, 0x0000000090d00000|100%| E|CS|TAMS 0x0000000090c00000, 0x0000000090c00000| Complete 
| 269|0x0000000090d00000, 0x0000000090e00000, 0x0000000090e00000|100%| E|CS|TAMS 0x0000000090d00000, 0x0000000090d00000| Complete 
| 270|0x0000000090e00000, 0x0000000090f00000, 0x0000000090f00000|100%| E|CS|TAMS 0x0000000090e00000, 0x0000000090e00000| Complete 
| 271|0x0000000090f00000, 0x0000000091000000, 0x0000000091000000|100%| E|CS|TAMS 0x0000000090f00000, 0x0000000090f00000| Complete 
| 272|0x0000000091000000, 0x0000000091100000, 0x0000000091100000|100%| E|CS|TAMS 0x0000000091000000, 0x0000000091000000| Complete 
| 273|0x0000000091100000, 0x0000000091200000, 0x0000000091200000|100%| E|CS|TAMS 0x0000000091100000, 0x0000000091100000| Complete 
| 274|0x0000000091200000, 0x0000000091300000, 0x0000000091300000|100%| E|CS|TAMS 0x0000000091200000, 0x0000000091200000| Complete 
| 275|0x0000000091300000, 0x0000000091400000, 0x0000000091400000|100%| E|CS|TAMS 0x0000000091300000, 0x0000000091300000| Complete 
| 276|0x0000000091400000, 0x0000000091500000, 0x0000000091500000|100%| E|CS|TAMS 0x0000000091400000, 0x0000000091400000| Complete 
| 277|0x0000000091500000, 0x0000000091600000, 0x0000000091600000|100%| E|CS|TAMS 0x0000000091500000, 0x0000000091500000| Complete 
| 278|0x0000000091600000, 0x0000000091700000, 0x0000000091700000|100%| E|CS|TAMS 0x0000000091600000, 0x0000000091600000| Complete 
| 279|0x0000000091700000, 0x0000000091800000, 0x0000000091800000|100%| E|CS|TAMS 0x0000000091700000, 0x0000000091700000| Complete 
| 280|0x0000000091800000, 0x0000000091900000, 0x0000000091900000|100%| E|CS|TAMS 0x0000000091800000, 0x0000000091800000| Complete 
| 281|0x0000000091900000, 0x0000000091a00000, 0x0000000091a00000|100%| E|CS|TAMS 0x0000000091900000, 0x0000000091900000| Complete 
| 282|0x0000000091a00000, 0x0000000091b00000, 0x0000000091b00000|100%| E|CS|TAMS 0x0000000091a00000, 0x0000000091a00000| Complete 
| 283|0x0000000091b00000, 0x0000000091c00000, 0x0000000091c00000|100%| E|CS|TAMS 0x0000000091b00000, 0x0000000091b00000| Complete 
| 284|0x0000000091c00000, 0x0000000091d00000, 0x0000000091d00000|100%| E|CS|TAMS 0x0000000091c00000, 0x0000000091c00000| Complete 
| 285|0x0000000091d00000, 0x0000000091e00000, 0x0000000091e00000|100%| E|CS|TAMS 0x0000000091d00000, 0x0000000091d00000| Complete 
| 286|0x0000000091e00000, 0x0000000091f00000, 0x0000000091f00000|100%| E|CS|TAMS 0x0000000091e00000, 0x0000000091e00000| Complete 
| 287|0x0000000091f00000, 0x0000000092000000, 0x0000000092000000|100%| E|CS|TAMS 0x0000000091f00000, 0x0000000091f00000| Complete 
| 288|0x0000000092000000, 0x0000000092100000, 0x0000000092100000|100%| E|CS|TAMS 0x0000000092000000, 0x0000000092000000| Complete 
| 289|0x0000000092100000, 0x0000000092200000, 0x0000000092200000|100%| E|CS|TAMS 0x0000000092100000, 0x0000000092100000| Complete 
| 290|0x0000000092200000, 0x0000000092300000, 0x0000000092300000|100%| E|CS|TAMS 0x0000000092200000, 0x0000000092200000| Complete 
| 291|0x0000000092300000, 0x0000000092400000, 0x0000000092400000|100%| E|CS|TAMS 0x0000000092300000, 0x0000000092300000| Complete 

Card table byte_map: [0x0000021ca2f10000,0x0000021ca3310000] _byte_map_base: 0x0000021ca2b10000

Marking Bits (Prev, Next): (CMBitMap*) 0x0000021c895a2608, (CMBitMap*) 0x0000021c895a2640
 Prev Bits: [0x0000021ca3710000, 0x0000021ca5710000)
 Next Bits: [0x0000021ca5710000, 0x0000021ca7710000)

Polling page: 0x0000021c89640000

Metaspace:

Usage:
  Non-class:     96.03 MB capacity,    93.70 MB ( 98%) used,     1.98 MB (  2%) free+waste,   365.75 KB ( <1%) overhead. 
      Class:     15.65 MB capacity,    14.10 MB ( 90%) used,     1.38 MB (  9%) free+waste,   169.88 KB (  1%) overhead. 
       Both:    111.68 MB capacity,   107.80 MB ( 97%) used,     3.36 MB (  3%) free+waste,   535.63 KB ( <1%) overhead. 

Virtual space:
  Non-class space:       98.00 MB reserved,      96.08 MB ( 98%) committed 
      Class space:      504.00 MB reserved,      15.70 MB (  3%) committed 
             Both:      602.00 MB reserved,     111.78 MB ( 19%) committed 

Chunk freelists:
   Non-Class:  45.00 KB
       Class:  7.00 KB
        Both:  52.00 KB

MaxMetaspaceSize: 512.00 MB
CompressedClassSpaceSize: 504.00 MB
Initial GC threshold: 20.80 MB
Current GC threshold: 181.50 MB
CDS: off

CodeHeap 'non-profiled nmethods': size=120064Kb used=9944Kb max_used=9944Kb free=110119Kb
 bounds [0x0000021c9afa0000, 0x0000021c9b960000, 0x0000021ca24e0000]
CodeHeap 'profiled nmethods': size=120000Kb used=31821Kb max_used=31821Kb free=88178Kb
 bounds [0x0000021c93a70000, 0x0000021c95990000, 0x0000021c9afa0000]
CodeHeap 'non-nmethods': size=5696Kb used=2434Kb max_used=2494Kb free=3261Kb
 bounds [0x0000021c934e0000, 0x0000021c93760000, 0x0000021c93a70000]
 total_blobs=14692 nmethods=13730 adapters=874
 compilation: enabled
              stopped_count=0, restarted_count=0
 full_count=0

Compilation events (20 events):
Event: 233.348 Thread 0x0000021caa552000 nmethod 13771 0x0000021c9b954590 code [0x0000021c9b954720, 0x0000021c9b954798]
Event: 233.348 Thread 0x0000021caa552000 13777       4       org.gradle.api.internal.artifacts.ivyservice.resolveengine.artifact.DefaultResolvedArtifactsBuilder::visitNode (1 bytes)
Event: 233.348 Thread 0x0000021caa552000 nmethod 13777 0x0000021c9b954890 code [0x0000021c9b954a20, 0x0000021c9b954a78]
Event: 233.348 Thread 0x0000021caa552000 13778       4       org.gradle.api.internal.artifacts.ivyservice.resolveengine.result.FileDependencyCollectingGraphVisitor::visitNode (1 bytes)
Event: 233.349 Thread 0x0000021caa552000 nmethod 13778 0x0000021c9b954b90 code [0x0000021c9b954d20, 0x0000021c9b954d78]
Event: 233.349 Thread 0x0000021caa552000 13773       4       com.esotericsoftware.kryo.io.Output::writeLong (7 bytes)
Event: 233.349 Thread 0x0000021caa552000 nmethod 13773 0x0000021c9b954e90 code [0x0000021c9b955020, 0x0000021c9b9550a8]
Event: 233.412 Thread 0x0000021caa552000 13784       4       org.gradle.api.internal.artifacts.dependencies.AbstractVersionConstraint::equals (105 bytes)
Event: 233.414 Thread 0x0000021caa599000 13785       3       org.gradle.api.internal.artifacts.ivyservice.ivyresolve.strategy.VersionParser$DefaultVersion::hashCode (8 bytes)
Event: 233.414 Thread 0x0000021caa599000 nmethod 13785 0x0000021c95981f10 code [0x0000021c959820c0, 0x0000021c959821e8]
Event: 233.415 Thread 0x0000021caa599000 13786   !   3       java.util.AbstractSet::equals (45 bytes)
Event: 233.432 Thread 0x0000021caa552000 nmethod 13784 0x0000021c9b955190 code [0x0000021c9b955360, 0x0000021c9b955b18]
Event: 233.433 Thread 0x0000021caa599000 nmethod 13786 0x0000021c95982290 code [0x0000021c959824a0, 0x0000021c95982b08]
Event: 233.433 Thread 0x0000021caa552000 13787       4       com.google.common.collect.AbstractMapBasedMultimap$WrappedCollection::size (14 bytes)
Event: 233.436 Thread 0x0000021caa552000 nmethod 13787 0x0000021c9b955e90 code [0x0000021c9b956040, 0x0000021c9b9561b8]
Event: 233.471 Thread 0x0000021caa552000 13788  s    4       org.gradle.internal.component.external.model.AbstractLazyModuleComponentResolveMetadata::getConfiguration (44 bytes)
Event: 233.477 Thread 0x0000021caa599000 13791       3       org.gradle.internal.component.external.model.LazyVariantBackedConfigurationMetadata::getDependencies (31 bytes)
Event: 233.481 Thread 0x0000021caa599000 nmethod 13791 0x0000021c95982c90 code [0x0000021c95982e60, 0x0000021c95983208]
Event: 233.509 Thread 0x0000021caa599000 13793       3       java.util.Arrays$ArrayList::get (7 bytes)
Event: 233.526 Thread 0x0000021caa599000 nmethod 13793 0x0000021c95983310 code [0x0000021c959834c0, 0x0000021c959835f8]

GC Heap History (20 events):
Event: 184.875 GC heap before
{Heap before GC invocations=117 (full 0):
 garbage-first heap   total 206848K, used 158186K [0x0000000080000000, 0x0000000100000000)
  region size 1024K, 37 young (37888K), 5 survivors (5120K)
 Metaspace       used 101269K, capacity 104726K, committed 104988K, reserved 608256K
  class space    used 13292K, capacity 14762K, committed 14796K, reserved 516096K
}
Event: 184.973 GC heap after
{Heap after GC invocations=118 (full 0):
 garbage-first heap   total 206848K, used 127138K [0x0000000080000000, 0x0000000100000000)
  region size 1024K, 4 young (4096K), 4 survivors (4096K)
 Metaspace       used 101269K, capacity 104726K, committed 104988K, reserved 608256K
  class space    used 13292K, capacity 14762K, committed 14796K, reserved 516096K
}
Event: 190.333 GC heap before
{Heap before GC invocations=119 (full 0):
 garbage-first heap   total 206848K, used 161954K [0x0000000080000000, 0x0000000100000000)
  region size 1024K, 38 young (38912K), 4 survivors (4096K)
 Metaspace       used 103183K, capacity 106750K, committed 107036K, reserved 608256K
  class space    used 13545K, capacity 14999K, committed 15052K, reserved 516096K
}
Event: 190.405 GC heap after
{Heap after GC invocations=120 (full 0):
 garbage-first heap   total 206848K, used 129052K [0x0000000080000000, 0x0000000100000000)
  region size 1024K, 4 young (4096K), 4 survivors (4096K)
 Metaspace       used 103183K, capacity 106750K, committed 107036K, reserved 608256K
  class space    used 13545K, capacity 14999K, committed 15052K, reserved 516096K
}
Event: 194.659 GC heap before
{Heap before GC invocations=120 (full 0):
 garbage-first heap   total 206848K, used 163868K [0x0000000080000000, 0x0000000100000000)
  region size 1024K, 38 young (38912K), 4 survivors (4096K)
 Metaspace       used 104663K, capacity 108248K, committed 108572K, reserved 610304K
  class space    used 13726K, capacity 15191K, committed 15308K, reserved 516096K
}
Event: 194.712 GC heap after
{Heap after GC invocations=121 (full 0):
 garbage-first heap   total 206848K, used 132378K [0x0000000080000000, 0x0000000100000000)
  region size 1024K, 5 young (5120K), 5 survivors (5120K)
 Metaspace       used 104663K, capacity 108248K, committed 108572K, reserved 610304K
  class space    used 13726K, capacity 15191K, committed 15308K, reserved 516096K
}
Event: 196.680 GC heap before
{Heap before GC invocations=122 (full 0):
 garbage-first heap   total 206848K, used 167194K [0x0000000080000000, 0x0000000100000000)
  region size 1024K, 39 young (39936K), 5 survivors (5120K)
 Metaspace       used 104875K, capacity 108490K, committed 108572K, reserved 610304K
  class space    used 13746K, capacity 15226K, committed 15308K, reserved 516096K
}
Event: 196.772 GC heap after
{Heap after GC invocations=123 (full 0):
 garbage-first heap   total 206848K, used 137012K [0x0000000080000000, 0x0000000100000000)
  region size 1024K, 5 young (5120K), 5 survivors (5120K)
 Metaspace       used 104875K, capacity 108490K, committed 108572K, reserved 610304K
  class space    used 13746K, capacity 15226K, committed 15308K, reserved 516096K
}
Event: 197.736 GC heap before
{Heap before GC invocations=123 (full 0):
 garbage-first heap   total 206848K, used 169780K [0x0000000080000000, 0x0000000100000000)
  region size 1024K, 37 young (37888K), 5 survivors (5120K)
 Metaspace       used 104900K, capacity 108490K, committed 108572K, reserved 610304K
  class space    used 13747K, capacity 15226K, committed 15308K, reserved 516096K
}
Event: 197.803 GC heap after
{Heap after GC invocations=124 (full 0):
 garbage-first heap   total 248832K, used 141558K [0x0000000080000000, 0x0000000100000000)
  region size 1024K, 5 young (5120K), 5 survivors (5120K)
 Metaspace       used 104900K, capacity 108490K, committed 108572K, reserved 610304K
  class space    used 13747K, capacity 15226K, committed 15308K, reserved 516096K
}
Event: 202.615 GC heap before
{Heap before GC invocations=125 (full 0):
 garbage-first heap   total 248832K, used 188662K [0x0000000080000000, 0x0000000100000000)
  region size 1024K, 52 young (53248K), 5 survivors (5120K)
 Metaspace       used 105047K, capacity 108652K, committed 108828K, reserved 610304K
  class space    used 13760K, capacity 15235K, committed 15308K, reserved 516096K
}
Event: 202.678 GC heap after
{Heap after GC invocations=126 (full 0):
 garbage-first heap   total 248832K, used 148545K [0x0000000080000000, 0x0000000100000000)
  region size 1024K, 7 young (7168K), 7 survivors (7168K)
 Metaspace       used 105047K, capacity 108652K, committed 108828K, reserved 610304K
  class space    used 13760K, capacity 15235K, committed 15308K, reserved 516096K
}
Event: 205.885 GC heap before
{Heap before GC invocations=126 (full 0):
 garbage-first heap   total 248832K, used 153665K [0x0000000080000000, 0x0000000100000000)
  region size 1024K, 13 young (13312K), 7 survivors (7168K)
 Metaspace       used 105067K, capacity 108674K, committed 108828K, reserved 610304K
  class space    used 13763K, capacity 15239K, committed 15308K, reserved 516096K
}
Event: 205.936 GC heap after
{Heap after GC invocations=127 (full 0):
 garbage-first heap   total 248832K, used 149080K [0x0000000080000000, 0x0000000100000000)
  region size 1024K, 2 young (2048K), 2 survivors (2048K)
 Metaspace       used 105067K, capacity 108674K, committed 108828K, reserved 610304K
  class space    used 13763K, capacity 15239K, committed 15308K, reserved 516096K
}
Event: 213.228 GC heap before
{Heap before GC invocations=128 (full 0):
 garbage-first heap   total 248832K, used 196184K [0x0000000080000000, 0x0000000100000000)
  region size 1024K, 43 young (44032K), 2 survivors (2048K)
 Metaspace       used 107066K, capacity 110815K, committed 110876K, reserved 612352K
  class space    used 14015K, capacity 15547K, committed 15564K, reserved 516096K
}
Event: 213.308 GC heap after
{Heap after GC invocations=129 (full 0):
 garbage-first heap   total 248832K, used 156562K [0x0000000080000000, 0x0000000100000000)
  region size 1024K, 5 young (5120K), 5 survivors (5120K)
 Metaspace       used 107066K, capacity 110815K, committed 110876K, reserved 612352K
  class space    used 14015K, capacity 15547K, committed 15564K, reserved 516096K
}
Event: 221.819 GC heap before
{Heap before GC invocations=129 (full 0):
 garbage-first heap   total 248832K, used 182162K [0x0000000080000000, 0x0000000100000000)
  region size 1024K, 32 young (32768K), 5 survivors (5120K)
 Metaspace       used 107286K, capacity 111157K, committed 111260K, reserved 612352K
  class space    used 14045K, capacity 15605K, committed 15692K, reserved 516096K
}
Event: 221.997 GC heap after
{Heap after GC invocations=130 (full 0):
 garbage-first heap   total 248832K, used 159759K [0x0000000080000000, 0x0000000100000000)
  region size 1024K, 4 young (4096K), 4 survivors (4096K)
 Metaspace       used 107286K, capacity 111157K, committed 111260K, reserved 612352K
  class space    used 14045K, capacity 15605K, committed 15692K, reserved 516096K
}
Event: 228.155 GC heap before
{Heap before GC invocations=131 (full 0):
 garbage-first heap   total 248832K, used 205839K [0x0000000080000000, 0x0000000100000000)
  region size 1024K, 42 young (43008K), 4 survivors (4096K)
 Metaspace       used 109224K, capacity 113128K, committed 113308K, reserved 614400K
  class space    used 14286K, capacity 15874K, committed 15948K, reserved 516096K
}
Event: 228.218 GC heap after
{Heap after GC invocations=132 (full 0):
 garbage-first heap   total 299008K, used 171324K [0x0000000080000000, 0x0000000100000000)
  region size 1024K, 6 young (6144K), 6 survivors (6144K)
 Metaspace       used 109224K, capacity 113128K, committed 113308K, reserved 614400K
  class space    used 14286K, capacity 15874K, committed 15948K, reserved 516096K
}

Deoptimization events (20 events):
Event: 231.822 Thread 0x0000021caac6c000 Uncommon trap: trap_request=0xffffff4d fr.pc=0x0000021c9b36f714 relative=0x0000000000000b74
Event: 231.822 Thread 0x0000021caac6c000 Uncommon trap: reason=unstable_if action=reinterpret pc=0x0000021c9b36f714 method=com.esotericsoftware.kryo.io.Input.readString()Ljava/lang/String; @ 28 c2
Event: 231.823 Thread 0x0000021caac6c000 DEOPT PACKING pc=0x0000021c9b36f714 sp=0x000000ff0e9f92e0
Event: 231.823 Thread 0x0000021caac6c000 DEOPT UNPACKING pc=0x0000021c934e85af sp=0x000000ff0e9f92b8 mode 2
Event: 231.897 Thread 0x0000021caac6c000 Uncommon trap: trap_request=0xffffff4d fr.pc=0x0000021c9b308c7c relative=0x00000000000001bc
Event: 231.897 Thread 0x0000021caac6c000 Uncommon trap: reason=unstable_if action=reinterpret pc=0x0000021c9b308c7c method=com.esotericsoftware.kryo.io.Input.require(I)I @ 65 c2
Event: 231.897 Thread 0x0000021caac6c000 DEOPT PACKING pc=0x0000021c9b308c7c sp=0x000000ff0e9f91c0
Event: 231.897 Thread 0x0000021caac6c000 DEOPT UNPACKING pc=0x0000021c934e85af sp=0x000000ff0e9f9170 mode 2
Event: 232.326 Thread 0x0000021caac6c000 Uncommon trap: trap_request=0xffffff4d fr.pc=0x0000021c9b6eb5c8 relative=0x00000000000005a8
Event: 232.326 Thread 0x0000021caac6c000 Uncommon trap: reason=unstable_if action=reinterpret pc=0x0000021c9b6eb5c8 method=com.google.common.cache.LocalCache$Segment.recordWrite(Lcom/google/common/cache/ReferenceEntry;IJ)V @ 22 c2
Event: 232.326 Thread 0x0000021caac6c000 DEOPT PACKING pc=0x0000021c9b6eb5c8 sp=0x000000ff0e9f93c0
Event: 232.326 Thread 0x0000021caac6c000 DEOPT UNPACKING pc=0x0000021c934e85af sp=0x000000ff0e9f92f8 mode 2
Event: 232.330 Thread 0x0000021caac6c000 Uncommon trap: trap_request=0xffffff4d fr.pc=0x0000021c9b3d518c relative=0x000000000000006c
Event: 232.330 Thread 0x0000021caac6c000 Uncommon trap: reason=unstable_if action=reinterpret pc=0x0000021c9b3d518c method=com.google.common.cache.LocalCache.isExpired(Lcom/google/common/cache/ReferenceEntry;J)Z @ 9 c2
Event: 232.330 Thread 0x0000021caac6c000 DEOPT PACKING pc=0x0000021c9b3d518c sp=0x000000ff0e9f9470
Event: 232.331 Thread 0x0000021caac6c000 DEOPT UNPACKING pc=0x0000021c934e85af sp=0x000000ff0e9f9400 mode 2
Event: 232.747 Thread 0x0000021caac6c000 Uncommon trap: trap_request=0xffffff4d fr.pc=0x0000021c9b615c58 relative=0x00000000000003b8
Event: 232.747 Thread 0x0000021caac6c000 Uncommon trap: reason=unstable_if action=reinterpret pc=0x0000021c9b615c58 method=com.google.common.cache.LocalCache.isExpired(Lcom/google/common/cache/ReferenceEntry;J)Z @ 9 c2
Event: 232.747 Thread 0x0000021caac6c000 DEOPT PACKING pc=0x0000021c9b615c58 sp=0x000000ff0e9f93d0
Event: 232.748 Thread 0x0000021caac6c000 DEOPT UNPACKING pc=0x0000021c934e85af sp=0x000000ff0e9f92b0 mode 2

Classes redefined (0 events):
No events

Internal exceptions (20 events):
Event: 228.128 Thread 0x0000021caac6c000 Exception <a 'java/lang/ClassNotFoundException'{0x000000008ca18e10}: org/jetbrains/kotlin/gradle/targets/js/npm/NpmDependencyExtensionDelegateBeanInfo> (0x000000008ca18e10) thrown at [s\src\hotspot\share\classfile\systemDictionary.cpp, line 230]
Event: 228.130 Thread 0x0000021caac6c000 Exception <a 'java/lang/ClassNotFoundException'{0x000000008ca491f8}: org/jetbrains/kotlin/gradle/targets/js/npm/NpmDependencyExtensionDelegateCustomizer> (0x000000008ca491f8) thrown at [s\src\hotspot\share\classfile\systemDictionary.cpp, line 230]
Event: 228.133 Thread 0x0000021caac6c000 Exception <a 'java/lang/ClassNotFoundException'{0x000000008ca98960}: org/jetbrains/kotlin/gradle/targets/js/npm/NpmDependencyExtensionKt$defaultNpmDependencyDelegate$1Customizer> (0x000000008ca98960) thrown at [s\src\hotspot\share\classfile\systemDictionary.cpp, line 230]
Event: 228.141 Thread 0x0000021caac6c000 Exception <a 'java/lang/ClassNotFoundException'{0x000000008c904820}: org/jetbrains/kotlin/gradle/targets/js/npm/DefaultDevNpmDependencyExtensionBeanInfo> (0x000000008c904820) thrown at [s\src\hotspot\share\classfile\systemDictionary.cpp, line 230]
Event: 228.143 Thread 0x0000021caac6c000 Exception <a 'java/lang/ClassNotFoundException'{0x000000008c933af0}: org/jetbrains/kotlin/gradle/targets/js/npm/DefaultDevNpmDependencyExtensionCustomizer> (0x000000008c933af0) thrown at [s\src\hotspot\share\classfile\systemDictionary.cpp, line 230]
Event: 228.150 Thread 0x0000021caac6c000 Exception <a 'java/lang/ClassNotFoundException'{0x000000008c9a4238}: org/jetbrains/kotlin/gradle/targets/js/npm/DefaultPeerNpmDependencyExtensionBeanInfo> (0x000000008c9a4238) thrown at [s\src\hotspot\share\classfile\systemDictionary.cpp, line 230]
Event: 228.151 Thread 0x0000021caac6c000 Exception <a 'java/lang/ClassNotFoundException'{0x000000008c9d38d0}: org/jetbrains/kotlin/gradle/targets/js/npm/DefaultPeerNpmDependencyExtensionCustomizer> (0x000000008c9d38d0) thrown at [s\src\hotspot\share\classfile\systemDictionary.cpp, line 230]
Event: 228.221 Thread 0x0000021caac6c000 Exception <a 'java/lang/ClassNotFoundException'{0x0000000092350008}: org/jetbrains/kotlin/gradle/targets/js/npm/DefaultPeerNpmDependencyExtension$delegate$1BeanInfo> (0x0000000092350008) thrown at [s\src\hotspot\share\classfile\systemDictionary.cpp, line 230]
Event: 228.222 Thread 0x0000021caac6c000 Exception <a 'java/lang/ClassNotFoundException'{0x0000000092382f68}: org/jetbrains/kotlin/gradle/targets/js/npm/DefaultPeerNpmDependencyExtension$delegate$1Customizer> (0x0000000092382f68) thrown at [s\src\hotspot\share\classfile\systemDictionary.cpp, line 230]
Event: 228.316 Thread 0x0000021caac6c000 Exception <a 'java/lang/ClassNotFoundException'{0x000000009225e6f8}: build_dp21ntj5y67r2r20uw7rjztwk$_run_closure1BeanInfo> (0x000000009225e6f8) thrown at [s\src\hotspot\share\classfile\systemDictionary.cpp, line 230]
Event: 228.318 Thread 0x0000021caac6c000 Exception <a 'java/lang/ClassNotFoundException'{0x0000000092274768}: build_dp21ntj5y67r2r20uw7rjztwk$_run_closure1Customizer> (0x0000000092274768) thrown at [s\src\hotspot\share\classfile\systemDictionary.cpp, line 230]
Event: 228.475 Thread 0x0000021caac6c000 Exception <a 'java/lang/ClassNotFoundException'{0x00000000921da8c0}: org/jetbrains/kotlin/gradle/plugin/sources/DefaultKotlinSourceSet_DecoratedBeanInfo> (0x00000000921da8c0) thrown at [s\src\hotspot\share\classfile\systemDictionary.cpp, line 230]
Event: 228.477 Thread 0x0000021caac6c000 Exception <a 'java/lang/ClassNotFoundException'{0x0000000092008f90}: org/jetbrains/kotlin/gradle/plugin/sources/DefaultKotlinSourceSetBeanInfo> (0x0000000092008f90) thrown at [s\src\hotspot\share\classfile\systemDictionary.cpp, line 230]
Event: 228.479 Thread 0x0000021caac6c000 Exception <a 'java/lang/ClassNotFoundException'{0x000000009203b988}: org/jetbrains/kotlin/gradle/plugin/sources/AbstractKotlinSourceSetBeanInfo> (0x000000009203b988) thrown at [s\src\hotspot\share\classfile\systemDictionary.cpp, line 230]
Event: 228.480 Thread 0x0000021caac6c000 Exception <a 'java/lang/ClassNotFoundException'{0x000000009206f360}: org/jetbrains/kotlin/gradle/plugin/sources/AbstractKotlinSourceSetCustomizer> (0x000000009206f360) thrown at [s\src\hotspot\share\classfile\systemDictionary.cpp, line 230]
Event: 228.482 Thread 0x0000021caac6c000 Exception <a 'java/lang/ClassNotFoundException'{0x00000000920ad598}: org/jetbrains/kotlin/gradle/plugin/sources/DefaultKotlinSourceSetCustomizer> (0x00000000920ad598) thrown at [s\src\hotspot\share\classfile\systemDictionary.cpp, line 230]
Event: 228.490 Thread 0x0000021caac6c000 Exception <a 'java/lang/ClassNotFoundException'{0x0000000091f2c4c0}: org/jetbrains/kotlin/gradle/plugin/sources/DefaultKotlinSourceSet_DecoratedCustomizer> (0x0000000091f2c4c0) thrown at [s\src\hotspot\share\classfile\systemDictionary.cpp, line 230]
Event: 228.513 Thread 0x0000021caac6c000 Exception <a 'java/lang/ClassNotFoundException'{0x0000000091fa4158}: build_dp21ntj5y67r2r20uw7rjztwk$_run_closure1$_closure8BeanInfo> (0x0000000091fa4158) thrown at [s\src\hotspot\share\classfile\systemDictionary.cpp, line 230]
Event: 228.513 Thread 0x0000021caac6c000 Exception <a 'java/lang/ClassNotFoundException'{0x0000000091fbe6b8}: build_dp21ntj5y67r2r20uw7rjztwk$_run_closure1$_closure8Customizer> (0x0000000091fbe6b8) thrown at [s\src\hotspot\share\classfile\systemDictionary.cpp, line 230]
Event: 230.169 Thread 0x0000021caac6c000 Exception <a 'java/lang/NoClassDefFoundError'{0x0000000091281010}: org/jetbrains/kotlin/gradle/plugin/KotlinBasePluginWrapper> (0x0000000091281010) thrown at [s\src\hotspot\share\oops\constantPool.cpp, line 775]

Events (20 events):
Event: 231.856 loading class org/gradle/api/artifacts/result/ComponentSelectionCause
Event: 231.856 loading class org/gradle/api/artifacts/result/ComponentSelectionCause done
Event: 231.890 loading class org/gradle/api/artifacts/result/ComponentSelectionCause
Event: 231.890 loading class org/gradle/api/artifacts/result/ComponentSelectionCause done
Event: 231.891 loading class org/gradle/api/internal/artifacts/ivyservice/resolveengine/result/CachingComponentSelectionDescriptorFactory
Event: 231.891 loading class org/gradle/api/internal/artifacts/ivyservice/resolveengine/result/CachingComponentSelectionDescriptorFactory done
Event: 231.933 loading class org/gradle/api/internal/artifacts/ivyservice/resolveengine/result/DetachedResolvedGraphDependency
Event: 231.933 loading class org/gradle/api/internal/artifacts/ivyservice/resolveengine/result/DetachedResolvedGraphDependency done
Event: 231.968 Executing VM operation: Deoptimize
Event: 232.278 Executing VM operation: Deoptimize done
Event: 232.281 loading class org/gradle/api/internal/artifacts/result/DefaultResolvedDependencyResult
Event: 232.281 loading class org/gradle/api/internal/artifacts/result/DefaultResolvedDependencyResult done
Event: 232.291 loading class org/gradle/api/artifacts/result/ResolvedDependencyResult
Event: 232.291 loading class org/gradle/api/artifacts/result/ResolvedDependencyResult done
Event: 232.298 loading class org/gradle/api/internal/artifacts/result/AbstractDependencyResult
Event: 232.298 loading class org/gradle/api/internal/artifacts/result/AbstractDependencyResult done
Event: 232.329 loading class org/gradle/api/artifacts/result/ResolvedComponentResult
Event: 232.329 loading class org/gradle/api/artifacts/result/ResolvedComponentResult done
Event: 232.329 loading class org/gradle/api/artifacts/component/ModuleComponentIdentifier
Event: 232.329 loading class org/gradle/api/artifacts/component/ModuleComponentIdentifier done


Dynamic libraries:
0x00007ff7efe60000 - 0x00007ff7efe6d000 	C:\Program Files\Microsoft\jdk-11.0.20.8-hotspot\bin\java.exe
0x00007ffbd9870000 - 0x00007ffbd9a68000 	C:\Windows\SYSTEM32\ntdll.dll
0x00007ffbd88e0000 - 0x00007ffbd899f000 	C:\Windows\System32\KERNEL32.DLL
0x00007ffbd72b0000 - 0x00007ffbd758a000 	C:\Windows\System32\KERNELBASE.dll
0x00007ffbd7120000 - 0x00007ffbd7220000 	C:\Windows\System32\ucrtbase.dll
0x00007ffbd24b0000 - 0x00007ffbd24c7000 	C:\Program Files\Microsoft\jdk-11.0.20.8-hotspot\bin\jli.dll
0x00007ffbd7ec0000 - 0x00007ffbd805d000 	C:\Windows\System32\USER32.dll
0x00007ffbd70a0000 - 0x00007ffbd70c2000 	C:\Windows\System32\win32u.dll
0x00007ffbd7de0000 - 0x00007ffbd7e0b000 	C:\Windows\System32\GDI32.dll
0x00007ffbd7790000 - 0x00007ffbd78a0000 	C:\Windows\System32\gdi32full.dll
0x00007ffbd7000000 - 0x00007ffbd709d000 	C:\Windows\System32\msvcp_win.dll
0x00007ffbbf6d0000 - 0x00007ffbbf96a000 	C:\Windows\WinSxS\amd64_microsoft.windows.common-controls_6595b64144ccf1df_6.0.19041.1110_none_60b5254171f9507e\COMCTL32.dll
0x00007ffbd7c30000 - 0x00007ffbd7cce000 	C:\Windows\System32\msvcrt.dll
0x00007ffbd2490000 - 0x00007ffbd24a5000 	C:\Program Files\Microsoft\jdk-11.0.20.8-hotspot\bin\VCRUNTIME140.dll
0x00007ffbd83a0000 - 0x00007ffbd83d0000 	C:\Windows\System32\IMM32.DLL
0x00007ffb859f0000 - 0x00007ffb85a8b000 	C:\Program Files\Microsoft\jdk-11.0.20.8-hotspot\bin\msvcp140.dll
0x00007ffb436b0000 - 0x00007ffb44246000 	C:\Program Files\Microsoft\jdk-11.0.20.8-hotspot\bin\server\jvm.dll
0x00007ffbd8290000 - 0x00007ffbd833e000 	C:\Windows\System32\ADVAPI32.dll
0x00007ffbd78a0000 - 0x00007ffbd793c000 	C:\Windows\System32\sechost.dll
0x00007ffbd8160000 - 0x00007ffbd8286000 	C:\Windows\System32\RPCRT4.dll
0x00007ffbd80c0000 - 0x00007ffbd80c8000 	C:\Windows\System32\PSAPI.DLL
0x00007ffbb8320000 - 0x00007ffbb8329000 	C:\Windows\SYSTEM32\WSOCK32.dll
0x00007ffbd80d0000 - 0x00007ffbd813b000 	C:\Windows\System32\WS2_32.dll
0x00007ffbb7340000 - 0x00007ffbb7367000 	C:\Windows\SYSTEM32\WINMM.dll
0x00007ffbc7f20000 - 0x00007ffbc7f2a000 	C:\Windows\SYSTEM32\VERSION.dll
0x00007ffbd5760000 - 0x00007ffbd5772000 	C:\Windows\SYSTEM32\kernel.appcore.dll
0x00007ffbd2480000 - 0x00007ffbd2490000 	C:\Program Files\Microsoft\jdk-11.0.20.8-hotspot\bin\verify.dll
0x00007ffbd4b50000 - 0x00007ffbd4d34000 	C:\Windows\SYSTEM32\DBGHELP.DLL
0x00007ffba8020000 - 0x00007ffba8054000 	C:\Windows\SYSTEM32\dbgcore.DLL
0x00007ffbd7220000 - 0x00007ffbd72a2000 	C:\Windows\System32\bcryptPrimitives.dll
0x00007ffbc7eb0000 - 0x00007ffbc7ed8000 	C:\Program Files\Microsoft\jdk-11.0.20.8-hotspot\bin\java.dll
0x00007ffbc7af0000 - 0x00007ffbc7afa000 	C:\Program Files\Microsoft\jdk-11.0.20.8-hotspot\bin\jimage.dll
0x00007ffbc7e70000 - 0x00007ffbc7e88000 	C:\Program Files\Microsoft\jdk-11.0.20.8-hotspot\bin\zip.dll
0x00007ffbd9040000 - 0x00007ffbd9784000 	C:\Windows\System32\SHELL32.dll
0x00007ffbd4fb0000 - 0x00007ffbd5743000 	C:\Windows\SYSTEM32\windows.storage.dll
0x00007ffbd84b0000 - 0x00007ffbd8804000 	C:\Windows\System32\combase.dll
0x00007ffbd67f0000 - 0x00007ffbd681e000 	C:\Windows\SYSTEM32\Wldp.dll
0x00007ffbd7cd0000 - 0x00007ffbd7d7d000 	C:\Windows\System32\SHCORE.dll
0x00007ffbd9790000 - 0x00007ffbd97e5000 	C:\Windows\System32\shlwapi.dll
0x00007ffbd6e90000 - 0x00007ffbd6eaf000 	C:\Windows\SYSTEM32\profapi.dll
0x00007ffbc7ad0000 - 0x00007ffbc7ae9000 	C:\Program Files\Microsoft\jdk-11.0.20.8-hotspot\bin\net.dll
0x00007ffbd0710000 - 0x00007ffbd081a000 	C:\Windows\SYSTEM32\WINHTTP.dll
0x00007ffbd65d0000 - 0x00007ffbd663a000 	C:\Windows\system32\mswsock.dll
0x00007ffbc7530000 - 0x00007ffbc7543000 	C:\Program Files\Microsoft\jdk-11.0.20.8-hotspot\bin\nio.dll
0x00007ffb9e730000 - 0x00007ffb9e757000 	C:\Users\servidor\.gradle\native\68d5fa5c4cc2d200863cafc0d521ce42e7d3e7ee720ec0a83991735586a16f82\windows-amd64\native-platform.dll
0x00007ffb858a0000 - 0x00007ffb859e4000 	C:\Users\servidor\.gradle\native\e376f236ea51e6404a007f0833ffe2c6e607c4080706a723a18a27aeea778392\windows-amd64\native-platform-file-events.dll
0x00007ffbc7ac0000 - 0x00007ffbc7ac9000 	C:\Program Files\Microsoft\jdk-11.0.20.8-hotspot\bin\management.dll
0x00007ffbc7520000 - 0x00007ffbc752b000 	C:\Program Files\Microsoft\jdk-11.0.20.8-hotspot\bin\management_ext.dll
0x00007ffbd6830000 - 0x00007ffbd6848000 	C:\Windows\SYSTEM32\CRYPTSP.dll
0x00007ffbd5f10000 - 0x00007ffbd5f44000 	C:\Windows\system32\rsaenh.dll
0x00007ffbd7760000 - 0x00007ffbd7787000 	C:\Windows\System32\bcrypt.dll
0x00007ffbd6e10000 - 0x00007ffbd6e3e000 	C:\Windows\SYSTEM32\USERENV.dll
0x00007ffbd6760000 - 0x00007ffbd676c000 	C:\Windows\SYSTEM32\CRYPTBASE.dll
0x00007ffbd62e0000 - 0x00007ffbd631c000 	C:\Windows\SYSTEM32\IPHLPAPI.DLL
0x00007ffbd97f0000 - 0x00007ffbd97f8000 	C:\Windows\System32\NSI.dll
0x00007ffbcfb20000 - 0x00007ffbcfb37000 	C:\Windows\SYSTEM32\dhcpcsvc6.DLL
0x00007ffbcfb00000 - 0x00007ffbcfb1d000 	C:\Windows\SYSTEM32\dhcpcsvc.DLL
0x00007ffbd6320000 - 0x00007ffbd63eb000 	C:\Windows\SYSTEM32\DNSAPI.dll

dbghelp: loaded successfully - version: 4.0.5 - missing functions: none
symbol engine: initialized successfully - sym options: 0x614 - pdb path: .;C:\Program Files\Microsoft\jdk-11.0.20.8-hotspot\bin;C:\Windows\SYSTEM32;C:\Windows\WinSxS\amd64_microsoft.windows.common-controls_6595b64144ccf1df_6.0.19041.1110_none_60b5254171f9507e;C:\Program Files\Microsoft\jdk-11.0.20.8-hotspot\bin\server;C:\Users\servidor\.gradle\native\68d5fa5c4cc2d200863cafc0d521ce42e7d3e7ee720ec0a83991735586a16f82\windows-amd64;C:\Users\servidor\.gradle\native\e376f236ea51e6404a007f0833ffe2c6e607c4080706a723a18a27aeea778392\windows-amd64

VM Arguments:
jvm_args: -XX:MaxMetaspaceSize=512m --add-opens=java.base/java.util=ALL-UNNAMED --add-opens=java.base/java.lang=ALL-UNNAMED --add-opens=java.base/java.lang.invoke=ALL-UNNAMED --add-opens=java.prefs/java.util.prefs=ALL-UNNAMED --add-opens=java.base/java.nio.charset=ALL-UNNAMED --add-opens=java.base/java.net=ALL-UNNAMED --add-opens=java.base/java.util.concurrent.atomic=ALL-UNNAMED -Xmx2048m -Dfile.encoding=windows-1252 -Duser.country=MX -Duser.language=es -Duser.variant 
java_command: org.gradle.launcher.daemon.bootstrap.GradleDaemon 8.0.1
java_class_path (initial): C:\Users\servidor\.gradle\wrapper\dists\gradle-8.0.1-all\aro4hu1c3oeioove7l0i4i14o\gradle-8.0.1\lib\gradle-launcher-8.0.1.jar
Launcher Type: SUN_STANDARD

[Global flags]
     intx CICompilerCount                          = 3                                         {product} {ergonomic}
   size_t CompressedClassSpaceSize                 = 528482304                                 {product} {ergonomic}
     uint ConcGCThreads                            = 1                                         {product} {ergonomic}
     uint G1ConcRefinementThreads                  = 4                                         {product} {ergonomic}
   size_t G1HeapRegionSize                         = 1048576                                   {product} {ergonomic}
    uintx GCDrainStackTargetSize                   = 64                                        {product} {ergonomic}
   size_t InitialHeapSize                          = 62914560                                  {product} {ergonomic}
   size_t MarkStackSize                            = 4194304                                   {product} {ergonomic}
   size_t MaxHeapSize                              = 2147483648                                {product} {command line}
   size_t MaxMetaspaceSize                         = 536870912                                 {product} {command line}
   size_t MaxNewSize                               = 1287651328                                {product} {ergonomic}
   size_t MinHeapDeltaBytes                        = 1048576                                   {product} {ergonomic}
    uintx NonNMethodCodeHeapSize                   = 5830732                                {pd product} {ergonomic}
    uintx NonProfiledCodeHeapSize                  = 122913754                              {pd product} {ergonomic}
    uintx ProfiledCodeHeapSize                     = 122913754                              {pd product} {ergonomic}
    uintx ReservedCodeCacheSize                    = 251658240                              {pd product} {ergonomic}
     bool SegmentedCodeCache                       = true                                      {product} {ergonomic}
     bool UseCompressedClassPointers               = true                                 {lp64_product} {ergonomic}
     bool UseCompressedOops                        = true                                 {lp64_product} {ergonomic}
     bool UseG1GC                                  = true                                      {product} {ergonomic}
     bool UseLargePagesIndividualAllocation        = false                                  {pd product} {ergonomic}

Logging:
Log output configuration:
 #0: stdout all=warning uptime,level,tags
 #1: stderr all=off uptime,level,tags

Environment Variables:
JAVA_HOME=C:\Program Files\Microsoft\jdk-11.0.20.8-hotspot\
CLASSPATH=C:\Users\servidor\Documents\DESARROLLOMOVIL\AULATRACK\android\\gradle\wrapper\gradle-wrapper.jar
PATH=C:\Users\servidor\Documents\DESARROLLOMOVIL\AULATRACK\node_modules\.bin;C:\Users\servidor\Documents\DESARROLLOMOVIL\AULATRACK\node_modules\.bin;C:\Users\servidor\Documents\DESARROLLOMOVIL\node_modules\.bin;C:\Users\servidor\Documents\node_modules\.bin;C:\Users\servidor\node_modules\.bin;C:\Users\node_modules\.bin;C:\node_modules\.bin;C:\Program Files\nodejs\node_modules\npm\node_modules\@npmcli\run-script\lib\node-gyp-bin;C:\Users\servidor\Documents\DESARROLLOMOVIL\AULATRACK\node_modules\.bin;C:\Users\servidor\Documents\DESARROLLOMOVIL\node_modules\.bin;C:\Users\servidor\Documents\node_modules\.bin;C:\Users\servidor\node_modules\.bin;C:\Users\node_modules\.bin;C:\node_modules\.bin;C:\Program Files\nodejs\node_modules\npm\node_modules\@npmcli\run-script\lib\node-gyp-bin;C:\Program Files (x86)\VMware\VMware Player\bin\;C:\Program Files\Microsoft\jdk-11.0.20.8-hotspot\bin;C:\Users\servidor\Downloads\WINDOWS.X64_193000_db_home\bin;C:\Program Files\Common Files\Oracle\Java\javapath;C:\Program Files (x86)\Common Files\Oracle\Java\javapath;C:\Program Files\Amazon Corretto\jdk11.0.19_7\bin;C:\Program Files\AdoptOpenJDK\jre-8.0.292.10-hotspot\bin;C:\Program Files\AdoptOpenJDK\jre-11.0.11.9-hotspot\bin;C:\Program Files (x86)\AdoptOpenJDK\jre-8.0.292.10-hotspot\bin;C:\Windows\system32;C:\Windows;C:\Windows\System32\Wbem;C:\Windows\System32\WindowsPowerShell\v1.0\;C:\Windows\System32\OpenSSH\;C:\Program Files (x86)\Windows Live\Shared;C:\Program Files (x86)\dotnet\;C:\Program Files\dotnet\;C:\Program Files (x86)\QuickTime\QTSystem\;C:\Program Files (x86)\Yarn\bin\;C:\Program Files\NetMake\v9-php81\components\php;C:\ProgramData\chocolatey\bin;C:\Program Files\nodejs\;C:\Program Files (x86)\PuTTY\;C:\Users\servidor\AppData\Local\Microsoft\WindowsApps;C:\Users\servidor\AppData\Local\Programs\Microsoft VS Code\bin;C:\Users\servidor\AppData\Local\Yarn\bin;C:\Users\servidor\AppData\Roaming\npm;C:\Users\servidor\AppData\Local\GitHubDesktop\bin;C:\Users\servidor\AppData\Local\Android
USERNAME=servidor
LANG=es_ES.UTF-8
OS=Windows_NT
PROCESSOR_IDENTIFIER=Intel64 Family 6 Model 140 Stepping 1, GenuineIntel
TMP=C:\Users\servidor\AppData\Local\Temp
TEMP=C:\Users\servidor\AppData\Local\Temp



---------------  S Y S T E M  ---------------

OS: Windows 10 , 64 bit Build 19041 (10.0.19041.2788)
OS uptime: 0 days 0:23 hours
Hyper-V role detected

CPU:total 4 (initial active 4) (2 cores per cpu, 2 threads per core) family 6 model 140 stepping 1 microcode 0xa4, cmov, cx8, fxsr, mmx, sse, sse2, sse3, ssse3, sse4.1, sse4.2, popcnt, avx, avx2, aes, clmul, erms, 3dnowpref, lzcnt, ht, tsc, tscinvbit, bmi1, bmi2, adx, evex, sha, fma

Memory: 4k page, system-wide physical 3822M (49M free)
TotalPageFile size 15598M (AvailPageFile size 8M)
current process WorkingSet (physical memory assigned to process): 178M, peak: 221M
current process commit charge ("private bytes"): 631M, peak: 633M

vm_info: OpenJDK 64-Bit Server VM (11.0.20+8-LTS) for windows-amd64 JRE (11.0.20+8-LTS), built on Jul  7 2023 17:05:21 by "MicrosoftCorporation" with MS VC++ 15.9 (VS2017)

END.
