#
# There is insufficient memory for the Java Runtime Environment to continue.
# Native memory allocation (mmap) failed to map 33554432 bytes for Failed to commit area from 0x0000000088900000 to 0x000000008a900000 of length 33554432.
# Possible reasons:
#   The system is out of physical RAM or swap space
#   The process is running with CompressedOops enabled, and the Java Heap may be blocking the growth of the native heap
# Possible solutions:
#   Reduce memory load on the system
#   Increase physical memory or swap space
#   Check if swap backing store is full
#   Decrease Java heap size (-Xmx/-Xms)
#   Decrease number of Java threads
#   Decrease Java thread stack sizes (-Xss)
#   Set larger code cache with -XX:ReservedCodeCacheSize=
#   JVM is running with Unscaled Compressed Oops mode in which the Java heap is
#     placed in the first 4GB address space. The Java Heap base address is the
#     maximum limit for the native heap growth. Please use -XX:HeapBaseMinAddress
#     to set the Java Heap base and to place the Java Heap above 4GB virtual address.
# This output file may be truncated or incomplete.
#
#  Out of Memory Error (os_windows.cpp:3386), pid=12820, tid=24896
#
# JRE version: OpenJDK Runtime Environment Microsoft-8035250 (11.0.20+8) (build 11.0.20+8-LTS)
# Java VM: OpenJDK 64-Bit Server VM Microsoft-8035250 (11.0.20+8-LTS, mixed mode, tiered, compressed oops, g1 gc, windows-amd64)
# No core dump will be written. Minidumps are not enabled by default on client versions of Windows
#

---------------  S U M M A R Y ------------

Command Line: -XX:MaxMetaspaceSize=512m --add-opens=java.base/java.util=ALL-UNNAMED --add-opens=java.base/java.lang=ALL-UNNAMED --add-opens=java.base/java.lang.invoke=ALL-UNNAMED --add-opens=java.prefs/java.util.prefs=ALL-UNNAMED --add-opens=java.base/java.nio.charset=ALL-UNNAMED --add-opens=java.base/java.net=ALL-UNNAMED --add-opens=java.base/java.util.concurrent.atomic=ALL-UNNAMED -Xmx2048m -Dfile.encoding=windows-1252 -Duser.country=MX -Duser.language=es -Duser.variant org.gradle.launcher.daemon.bootstrap.GradleDaemon 8.0.1

Host: 11th Gen Intel(R) Core(TM) i3-1115G4 @ 3.00GHz, 4 cores, 3G,  Windows 10 , 64 bit Build 19041 (10.0.19041.2788)
Time: Fri Dec  8 11:44:17 2023 Hora estándar central (México) elapsed time: 41.827884 seconds (0d 0h 0m 41s)

---------------  T H R E A D  ---------------

Current thread (0x000002b927324000):  VMThread "VM Thread" [stack: 0x000000d396d00000,0x000000d396e00000] [id=24896]

Stack: [0x000000d396d00000,0x000000d396e00000]
[error occurred during error reporting (printing stack bounds), id 0xc0000005, EXCEPTION_ACCESS_VIOLATION (0xc0000005) at pc=0x000002b910ab12e7]

Native frames: (J=compiled Java code, j=interpreted, Vv=VM code, C=native code)
V  [jvm.dll+0x62e9da]
V  [jvm.dll+0x7bc4e9]
V  [jvm.dll+0x7bdbd8]
V  [jvm.dll+0x7be215]
V  [jvm.dll+0x7be1cb]
V  [jvm.dll+0x62dd67]
V  [jvm.dll+0x62e478]
C  [ntdll.dll+0xa23df]
C  [ntdll.dll+0x514a4]
C  [ntdll.dll+0xa0f0e]
C  0x000002b910ab12e7

VM_Operation (0x000000d3981f4e50): G1CollectForAllocation, mode: safepoint, requested by thread 0x000002b928a34800


---------------  P R O C E S S  ---------------

Threads class SMR info:
_java_thread_list=0x000002b92da16190, length=86, elements={
0x000002b908334800, 0x000002b92733b000, 0x000002b92733c800, 0x000002b92738b800,
0x000002b92738e800, 0x000002b927390800, 0x000002b927391800, 0x000002b927394000,
0x000002b92751b000, 0x000002b92763c000, 0x000002b928a42000, 0x000002b929502800,
0x000002b9282eb000, 0x000002b928e5c800, 0x000002b92954d800, 0x000002b9288c3000,
0x000002b928a34800, 0x000002b928a35000, 0x000002b929b2e800, 0x000002b929b2f000,
0x000002b928190800, 0x000002b928191000, 0x000002b928196000, 0x000002b928195000,
0x000002b928197000, 0x000002b928192000, 0x000002b928192800, 0x000002b928193800,
0x000002b928194800, 0x000002b92bd85000, 0x000002b92bd89000, 0x000002b92bd85800,
0x000002b92bd8a800, 0x000002b92bd8d000, 0x000002b92bd87800, 0x000002b92bd88000,
0x000002b92bd8e000, 0x000002b92bd89800, 0x000002b92bd90800, 0x000002b92bd8f800,
0x000002b92bd91000, 0x000002b92bd92000, 0x000002b92bd92800, 0x000002b92bd93800,
0x000002b92bd8e800, 0x000002b928cc9000, 0x000002b928cca000, 0x000002b928cca800,
0x000002b928ccc800, 0x000002b928cc7800, 0x000002b928cc8000, 0x000002b928cce000,
0x000002b928ccd000, 0x000002b928cce800, 0x000002b928ccf800, 0x000002b928cd0800,
0x000002b928cd1000, 0x000002b928ccb800, 0x000002b928cd4800, 0x000002b928cd3800,
0x000002b928cd2000, 0x000002b928cd5800, 0x000002b928cd6000, 0x000002b928cd3000,
0x000002b92957b000, 0x000002b929579000, 0x000002b92957e000, 0x000002b92957f000,
0x000002b92957b800, 0x000002b92957c800, 0x000002b92957d800, 0x000002b92957f800,
0x000002b92957a000, 0x000002b929584000, 0x000002b929580800, 0x000002b929583000,
0x000002b929584800, 0x000002b929585800, 0x000002b929586000, 0x000002b929582000,
0x000002b929581800, 0x000002b929587000, 0x000002b929588000, 0x000002b92c1ee000,
0x000002b92c1ea000, 0x000002b92c1ed800
}

Java Threads: ( => current thread )
  0x000002b908334800 JavaThread "main" [_thread_blocked, id=22264, stack(0x000000d396700000,0x000000d396800000)]
  0x000002b92733b000 JavaThread "Reference Handler" daemon [_thread_blocked, id=11488, stack(0x000000d396e00000,0x000000d396f00000)]
  0x000002b92733c800 JavaThread "Finalizer" daemon [_thread_blocked, id=6360, stack(0x000000d396f00000,0x000000d397000000)]
  0x000002b92738b800 JavaThread "Signal Dispatcher" daemon [_thread_blocked, id=20840, stack(0x000000d397000000,0x000000d397100000)]
  0x000002b92738e800 JavaThread "Attach Listener" daemon [_thread_blocked, id=19568, stack(0x000000d397100000,0x000000d397200000)]
  0x000002b927390800 JavaThread "Service Thread" daemon [_thread_blocked, id=8272, stack(0x000000d397200000,0x000000d397300000)]
  0x000002b927391800 JavaThread "C2 CompilerThread0" daemon [_thread_in_native, id=9936, stack(0x000000d397300000,0x000000d397400000)]
  0x000002b927394000 JavaThread "C1 CompilerThread0" daemon [_thread_blocked, id=1776, stack(0x000000d397400000,0x000000d397500000)]
  0x000002b92751b000 JavaThread "Sweeper thread" daemon [_thread_blocked, id=19160, stack(0x000000d397500000,0x000000d397600000)]
  0x000002b92763c000 JavaThread "Common-Cleaner" daemon [_thread_blocked, id=25032, stack(0x000000d397600000,0x000000d397700000)]
  0x000002b928a42000 JavaThread "Daemon health stats" [_thread_blocked, id=24872, stack(0x000000d397900000,0x000000d397a00000)]
  0x000002b929502800 JavaThread "Incoming local TCP Connector on port 64876" [_thread_in_native, id=12188, stack(0x000000d397a00000,0x000000d397b00000)]
  0x000002b9282eb000 JavaThread "Daemon periodic checks" [_thread_blocked, id=18588, stack(0x000000d397d00000,0x000000d397e00000)]
  0x000002b928e5c800 JavaThread "Daemon" [_thread_blocked, id=24956, stack(0x000000d397e00000,0x000000d397f00000)]
  0x000002b92954d800 JavaThread "Handler for socket connection from /127.0.0.1:64876 to /127.0.0.1:64877" [_thread_in_native, id=8968, stack(0x000000d397f00000,0x000000d398000000)]
  0x000002b9288c3000 JavaThread "Cancel handler" [_thread_blocked, id=10992, stack(0x000000d398000000,0x000000d398100000)]
  0x000002b928a34800 JavaThread "Daemon worker" [_thread_blocked, id=16424, stack(0x000000d398100000,0x000000d398200000)]
  0x000002b928a35000 JavaThread "Asynchronous log dispatcher for DefaultDaemonConnection: socket connection from /127.0.0.1:64876 to /127.0.0.1:64877" [_thread_blocked, id=25200, stack(0x000000d398200000,0x000000d398300000)]
  0x000002b929b2e800 JavaThread "Stdin handler" [_thread_blocked, id=25340, stack(0x000000d398300000,0x000000d398400000)]
  0x000002b929b2f000 JavaThread "Daemon client event forwarder" [_thread_blocked, id=8304, stack(0x000000d398400000,0x000000d398500000)]
  0x000002b928190800 JavaThread "Cache worker for journal cache (C:\Users\servidor\.gradle\caches\journal-1)" [_thread_blocked, id=23356, stack(0x000000d398500000,0x000000d398600000)]
  0x000002b928191000 JavaThread "File lock request listener" [_thread_in_native, id=22104, stack(0x000000d398600000,0x000000d398700000)]
  0x000002b928196000 JavaThread "Cache worker for file hash cache (C:\Users\servidor\.gradle\caches\8.0.1\fileHashes)" [_thread_blocked, id=13816, stack(0x000000d398700000,0x000000d398800000)]
  0x000002b928195000 JavaThread "File watcher server" daemon [_thread_in_native, id=6804, stack(0x000000d398800000,0x000000d398900000)]
  0x000002b928197000 JavaThread "File watcher consumer" daemon [_thread_blocked, id=15964, stack(0x000000d398900000,0x000000d398a00000)]
  0x000002b928192000 JavaThread "Cache worker for checksums cache (C:\Users\servidor\Documents\DESARROLLOMOVIL\AULATRACK\android\.gradle\8.0.1\checksums)" [_thread_blocked, id=15708, stack(0x000000d398a00000,0x000000d398b00000)]
  0x000002b928192800 JavaThread "Cache worker for cache directory md-rule (C:\Users\servidor\.gradle\caches\8.0.1\md-rule)" [_thread_blocked, id=15720, stack(0x000000d398b00000,0x000000d398c00000)]
  0x000002b928193800 JavaThread "Cache worker for file content cache (C:\Users\servidor\.gradle\caches\8.0.1\fileContent)" [_thread_blocked, id=1164, stack(0x000000d398c00000,0x000000d398d00000)]
  0x000002b928194800 JavaThread "Cache worker for file hash cache (C:\Users\servidor\Documents\DESARROLLOMOVIL\AULATRACK\android\.gradle\8.0.1\fileHashes)" [_thread_blocked, id=13104, stack(0x000000d398d00000,0x000000d398e00000)]
  0x000002b92bd85000 JavaThread "Cache worker for cache directory md-supplier (C:\Users\servidor\.gradle\caches\8.0.1\md-supplier)" [_thread_blocked, id=2380, stack(0x000000d398e00000,0x000000d398f00000)]
  0x000002b92bd89000 JavaThread "Cache worker for execution history cache (C:\Users\servidor\.gradle\caches\8.0.1\executionHistory)" [_thread_blocked, id=22860, stack(0x000000d398f00000,0x000000d399000000)]
  0x000002b92bd85800 JavaThread "jar transforms" [_thread_blocked, id=11376, stack(0x000000d399000000,0x000000d399100000)]
  0x000002b92bd8a800 JavaThread "jar transforms Thread 2" [_thread_blocked, id=13556, stack(0x000000d399100000,0x000000d399200000)]
  0x000002b92bd8d000 JavaThread "jar transforms Thread 3" [_thread_blocked, id=24928, stack(0x000000d399200000,0x000000d399300000)]
  0x000002b92bd87800 JavaThread "jar transforms Thread 4" [_thread_blocked, id=20472, stack(0x000000d399300000,0x000000d399400000)]
  0x000002b92bd88000 JavaThread "File lock release action executor" [_thread_blocked, id=16756, stack(0x000000d399400000,0x000000d399500000)]
  0x000002b92bd8e000 JavaThread "Cache worker for kotlin-dsl (C:\Users\servidor\.gradle\caches\8.0.1\kotlin-dsl)" [_thread_blocked, id=13464, stack(0x000000d399500000,0x000000d399600000)]
  0x000002b92bd89800 JavaThread "Cache worker for dependencies-accessors (C:\Users\servidor\Documents\DESARROLLOMOVIL\AULATRACK\android\.gradle\8.0.1\dependencies-accessors)" [_thread_blocked, id=16024, stack(0x000000d399600000,0x000000d399700000)]
  0x000002b92bd90800 JavaThread "Cache worker for Build Output Cleanup Cache (C:\Users\servidor\Documents\DESARROLLOMOVIL\AULATRACK\node_modules\@react-native\gradle-plugin\.gradle\buildOutputCleanup)" [_thread_blocked, id=10720, stack(0x000000d399700000,0x000000d399800000)]
  0x000002b92bd8f800 JavaThread "Unconstrained build operations" [_thread_blocked, id=4756, stack(0x000000d399800000,0x000000d399900000)]
  0x000002b92bd91000 JavaThread "Unconstrained build operations Thread 2" [_thread_blocked, id=2388, stack(0x000000d399900000,0x000000d399a00000)]
  0x000002b92bd92000 JavaThread "Unconstrained build operations Thread 3" [_thread_blocked, id=22664, stack(0x000000d399a00000,0x000000d399b00000)]
  0x000002b92bd92800 JavaThread "Unconstrained build operations Thread 4" [_thread_blocked, id=13772, stack(0x000000d399b00000,0x000000d399c00000)]
  0x000002b92bd93800 JavaThread "Unconstrained build operations Thread 5" [_thread_blocked, id=24924, stack(0x000000d399c00000,0x000000d399d00000)]
  0x000002b92bd8e800 JavaThread "Unconstrained build operations Thread 6" [_thread_blocked, id=15540, stack(0x000000d399d00000,0x000000d399e00000)]
  0x000002b928cc9000 JavaThread "Unconstrained build operations Thread 7" [_thread_blocked, id=8600, stack(0x000000d399e00000,0x000000d399f00000)]
  0x000002b928cca000 JavaThread "Unconstrained build operations Thread 8" [_thread_blocked, id=13560, stack(0x000000d399f00000,0x000000d39a000000)]
  0x000002b928cca800 JavaThread "Unconstrained build operations Thread 9" [_thread_blocked, id=8120, stack(0x000000d39a000000,0x000000d39a100000)]
  0x000002b928ccc800 JavaThread "Unconstrained build operations Thread 10" [_thread_blocked, id=5612, stack(0x000000d39a100000,0x000000d39a200000)]
  0x000002b928cc7800 JavaThread "Unconstrained build operations Thread 11" [_thread_blocked, id=17384, stack(0x000000d39a200000,0x000000d39a300000)]
  0x000002b928cc8000 JavaThread "Unconstrained build operations Thread 12" [_thread_blocked, id=25148, stack(0x000000d39a300000,0x000000d39a400000)]
  0x000002b928cce000 JavaThread "Unconstrained build operations Thread 13" [_thread_blocked, id=24264, stack(0x000000d39a400000,0x000000d39a500000)]
  0x000002b928ccd000 JavaThread "Unconstrained build operations Thread 14" [_thread_blocked, id=16724, stack(0x000000d39a500000,0x000000d39a600000)]
  0x000002b928cce800 JavaThread "Unconstrained build operations Thread 15" [_thread_blocked, id=21484, stack(0x000000d39a600000,0x000000d39a700000)]
  0x000002b928ccf800 JavaThread "Unconstrained build operations Thread 16" [_thread_blocked, id=14492, stack(0x000000d39a700000,0x000000d39a800000)]
  0x000002b928cd0800 JavaThread "Unconstrained build operations Thread 17" [_thread_blocked, id=23760, stack(0x000000d39a800000,0x000000d39a900000)]
  0x000002b928cd1000 JavaThread "Unconstrained build operations Thread 18" [_thread_blocked, id=23928, stack(0x000000d39a900000,0x000000d39aa00000)]
  0x000002b928ccb800 JavaThread "Unconstrained build operations Thread 19" [_thread_blocked, id=22364, stack(0x000000d39aa00000,0x000000d39ab00000)]
  0x000002b928cd4800 JavaThread "Unconstrained build operations Thread 20" [_thread_blocked, id=11760, stack(0x000000d39ab00000,0x000000d39ac00000)]
  0x000002b928cd3800 JavaThread "Unconstrained build operations Thread 21" [_thread_blocked, id=20052, stack(0x000000d39ac00000,0x000000d39ad00000)]
  0x000002b928cd2000 JavaThread "Unconstrained build operations Thread 22" [_thread_blocked, id=13292, stack(0x000000d39ad00000,0x000000d39ae00000)]
  0x000002b928cd5800 JavaThread "Unconstrained build operations Thread 23" [_thread_blocked, id=23984, stack(0x000000d39ae00000,0x000000d39af00000)]
  0x000002b928cd6000 JavaThread "Unconstrained build operations Thread 24" [_thread_blocked, id=14452, stack(0x000000d39af00000,0x000000d39b000000)]
  0x000002b928cd3000 JavaThread "Unconstrained build operations Thread 25" [_thread_blocked, id=12388, stack(0x000000d39b000000,0x000000d39b100000)]
  0x000002b92957b000 JavaThread "Unconstrained build operations Thread 26" [_thread_blocked, id=20896, stack(0x000000d39b100000,0x000000d39b200000)]
  0x000002b929579000 JavaThread "Memory manager" [_thread_blocked, id=12472, stack(0x000000d39b200000,0x000000d39b300000)]
  0x000002b92957e000 JavaThread "Cache worker for Build Output Cleanup Cache (C:\Users\servidor\Documents\DESARROLLOMOVIL\AULATRACK\android\.gradle\buildOutputCleanup)" [_thread_blocked, id=18224, stack(0x000000d396500000,0x000000d396600000)]
  0x000002b92957f000 JavaThread "included builds" [_thread_blocked, id=15972, stack(0x000000d39b500000,0x000000d39b600000)]
  0x000002b92957b800 JavaThread "Execution worker" [_thread_blocked, id=19740, stack(0x000000d39b600000,0x000000d39b700000)]
  0x000002b92957c800 JavaThread "Execution worker Thread 2" [_thread_blocked, id=8704, stack(0x000000d39b700000,0x000000d39b800000)]
  0x000002b92957d800 JavaThread "Execution worker Thread 3" [_thread_blocked, id=8984, stack(0x000000d39b800000,0x000000d39b900000)]
  0x000002b92957f800 JavaThread "Cache worker for execution history cache (C:\Users\servidor\Documents\DESARROLLOMOVIL\AULATRACK\node_modules\@react-native\gradle-plugin\.gradle\8.0.1\executionHistory)" [_thread_blocked, id=18984, stack(0x000000d39b900000,0x000000d39ba00000)]
  0x000002b92957a000 JavaThread "Unconstrained build operations Thread 27" [_thread_blocked, id=15780, stack(0x000000d39ba00000,0x000000d39bb00000)]
  0x000002b929584000 JavaThread "Unconstrained build operations Thread 28" [_thread_blocked, id=24496, stack(0x000000d39bb00000,0x000000d39bc00000)]
  0x000002b929580800 JavaThread "Unconstrained build operations Thread 29" [_thread_blocked, id=9708, stack(0x000000d39bc00000,0x000000d39bd00000)]
  0x000002b929583000 JavaThread "Unconstrained build operations Thread 30" [_thread_blocked, id=23664, stack(0x000000d39bd00000,0x000000d39be00000)]
  0x000002b929584800 JavaThread "Unconstrained build operations Thread 31" [_thread_blocked, id=23956, stack(0x000000d39be00000,0x000000d39bf00000)]
  0x000002b929585800 JavaThread "Unconstrained build operations Thread 32" [_thread_blocked, id=17236, stack(0x000000d39bf00000,0x000000d39c000000)]
  0x000002b929586000 JavaThread "Unconstrained build operations Thread 33" [_thread_blocked, id=25588, stack(0x000000d39c000000,0x000000d39c100000)]
  0x000002b929582000 JavaThread "Unconstrained build operations Thread 34" [_thread_blocked, id=13176, stack(0x000000d39c100000,0x000000d39c200000)]
  0x000002b929581800 JavaThread "Unconstrained build operations Thread 35" [_thread_blocked, id=25400, stack(0x000000d39c200000,0x000000d39c300000)]
  0x000002b929587000 JavaThread "Unconstrained build operations Thread 36" [_thread_blocked, id=9952, stack(0x000000d39c300000,0x000000d39c400000)]
  0x000002b929588000 JavaThread "Unconstrained build operations Thread 37" [_thread_blocked, id=15728, stack(0x000000d39c400000,0x000000d39c500000)]
  0x000002b92c1ee000 JavaThread "Unconstrained build operations Thread 38" [_thread_blocked, id=13452, stack(0x000000d39c500000,0x000000d39c600000)]
  0x000002b92c1ea000 JavaThread "Unconstrained build operations Thread 39" [_thread_blocked, id=22112, stack(0x000000d39c600000,0x000000d39c700000)]
  0x000002b92c1ed800 JavaThread "Unconstrained build operations Thread 40" [_thread_blocked, id=20268, stack(0x000000d39c700000,0x000000d39c800000)]

Other Threads:
=>0x000002b927324000 VMThread "VM Thread" [stack: 0x000000d396d00000,0x000000d396e00000] [id=24896]
  0x000002b927672800 WatcherThread [stack: 0x000000d397700000,0x000000d397800000] [id=13788]
  0x000002b90834c800 GCTaskThread "GC Thread#0" [stack: 0x000000d396800000,0x000000d396900000] [id=15272]
  0x000002b927dc7800 GCTaskThread "GC Thread#1" [stack: 0x000000d397800000,0x000000d397900000] [id=12984]
  0x000002b927655800 GCTaskThread "GC Thread#2" [stack: 0x000000d397b00000,0x000000d397c00000] [id=20936]
  0x000002b9290c6800 GCTaskThread "GC Thread#3" [stack: 0x000000d397c00000,0x000000d397d00000] [id=1444]
  0x000002b90837c000 ConcurrentGCThread "G1 Main Marker" [stack: 0x000000d396900000,0x000000d396a00000] [id=23120]
  0x000002b90837d000 ConcurrentGCThread "G1 Conc#0" [stack: 0x000000d396a00000,0x000000d396b00000] [id=21820]
  0x000002b9083c3000 ConcurrentGCThread "G1 Refine#0" [stack: 0x000000d396b00000,0x000000d396c00000] [id=9488]
  0x000002b9083c4000 ConcurrentGCThread "G1 Young RemSet Sampling" [stack: 0x000000d396c00000,0x000000d396d00000] [id=23036]

Threads with active compile tasks:
C2 CompilerThread0    41853 8805       4       org.objectweb.asm.Frame::execute (2318 bytes)

VM state:at safepoint (normal execution)

VM Mutex/Monitor currently owned by a thread:  ([mutex/lock_event])
[0x000002b908331860] Threads_lock - owner thread: 0x000002b927324000
[0x000002b908330300] Heap_lock - owner thread: 0x000002b928a34800

Heap address: 0x0000000080000000, size: 2048 MB, Compressed Oops mode: 32-bit
Narrow klass base: 0x0000000000000000, Narrow klass shift: 3
Compressed class space size: 528482304 Address: 0x0000000100000000

Heap:
 garbage-first heap   total 173056K, used 77666K [0x0000000080000000, 0x0000000100000000)
  region size 1024K, 2 young (2048K), 2 survivors (2048K)
 Metaspace       used 83599K, capacity 85937K, committed 86096K, reserved 591872K
  class space    used 10759K, capacity 11733K, committed 11776K, reserved 516096K
Heap Regions: E=young(eden), S=young(survivor), O=old, HS=humongous(starts), HC=humongous(continues), CS=collection set, F=free, A=archive, TAMS=top-at-mark-start (previous, next)
|   0|0x0000000080000000, 0x0000000080100000, 0x0000000080100000|100%| O|  |TAMS 0x0000000080100000, 0x0000000080100000| Untracked 
|   1|0x0000000080100000, 0x0000000080200000, 0x0000000080200000|100%| O|  |TAMS 0x0000000080200000, 0x0000000080200000| Untracked 
|   2|0x0000000080200000, 0x0000000080300000, 0x0000000080300000|100%| O|  |TAMS 0x0000000080300000, 0x0000000080300000| Untracked 
|   3|0x0000000080300000, 0x0000000080400000, 0x0000000080400000|100%|HS|  |TAMS 0x0000000080400000, 0x0000000080400000| Complete 
|   4|0x0000000080400000, 0x0000000080500000, 0x0000000080500000|100%|HC|  |TAMS 0x0000000080500000, 0x0000000080500000| Complete 
|   5|0x0000000080500000, 0x0000000080600000, 0x0000000080600000|100%|HC|  |TAMS 0x0000000080600000, 0x0000000080600000| Complete 
|   6|0x0000000080600000, 0x0000000080700000, 0x0000000080700000|100%|HC|  |TAMS 0x0000000080700000, 0x0000000080700000| Complete 
|   7|0x0000000080700000, 0x0000000080800000, 0x0000000080800000|100%| O|  |TAMS 0x0000000080800000, 0x0000000080800000| Untracked 
|   8|0x0000000080800000, 0x0000000080900000, 0x0000000080900000|100%| O|  |TAMS 0x0000000080900000, 0x0000000080900000| Untracked 
|   9|0x0000000080900000, 0x0000000080a00000, 0x0000000080a00000|100%| O|  |TAMS 0x0000000080a00000, 0x0000000080a00000| Untracked 
|  10|0x0000000080a00000, 0x0000000080b00000, 0x0000000080b00000|100%| O|  |TAMS 0x0000000080b00000, 0x0000000080b00000| Untracked 
|  11|0x0000000080b00000, 0x0000000080c00000, 0x0000000080c00000|100%| O|  |TAMS 0x0000000080c00000, 0x0000000080c00000| Untracked 
|  12|0x0000000080c00000, 0x0000000080d00000, 0x0000000080d00000|100%| O|  |TAMS 0x0000000080d00000, 0x0000000080d00000| Untracked 
|  13|0x0000000080d00000, 0x0000000080e00000, 0x0000000080e00000|100%| O|  |TAMS 0x0000000080e00000, 0x0000000080e00000| Untracked 
|  14|0x0000000080e00000, 0x0000000080f00000, 0x0000000080f00000|100%| O|  |TAMS 0x0000000080f00000, 0x0000000080f00000| Untracked 
|  15|0x0000000080f00000, 0x0000000081000000, 0x0000000081000000|100%| O|  |TAMS 0x0000000081000000, 0x0000000081000000| Untracked 
|  16|0x0000000081000000, 0x0000000081100000, 0x0000000081100000|100%| O|  |TAMS 0x0000000081100000, 0x0000000081100000| Untracked 
|  17|0x0000000081100000, 0x0000000081200000, 0x0000000081200000|100%| O|  |TAMS 0x0000000081200000, 0x0000000081200000| Untracked 
|  18|0x0000000081200000, 0x0000000081300000, 0x0000000081300000|100%| O|  |TAMS 0x0000000081300000, 0x0000000081300000| Untracked 
|  19|0x0000000081300000, 0x0000000081400000, 0x0000000081400000|100%| O|  |TAMS 0x0000000081400000, 0x0000000081400000| Untracked 
|  20|0x0000000081400000, 0x0000000081500000, 0x0000000081500000|100%| O|  |TAMS 0x0000000081500000, 0x0000000081500000| Untracked 
|  21|0x0000000081500000, 0x0000000081600000, 0x0000000081600000|100%| O|  |TAMS 0x0000000081600000, 0x0000000081600000| Untracked 
|  22|0x0000000081600000, 0x0000000081700000, 0x0000000081700000|100%| O|  |TAMS 0x0000000081700000, 0x0000000081700000| Untracked 
|  23|0x0000000081700000, 0x0000000081800000, 0x0000000081800000|100%| O|  |TAMS 0x0000000081800000, 0x0000000081800000| Untracked 
|  24|0x0000000081800000, 0x0000000081900000, 0x0000000081900000|100%| O|  |TAMS 0x0000000081900000, 0x0000000081900000| Untracked 
|  25|0x0000000081900000, 0x0000000081a00000, 0x0000000081a00000|100%| O|  |TAMS 0x0000000081a00000, 0x0000000081a00000| Untracked 
|  26|0x0000000081a00000, 0x0000000081b00000, 0x0000000081b00000|100%| O|  |TAMS 0x0000000081b00000, 0x0000000081b00000| Untracked 
|  27|0x0000000081b00000, 0x0000000081c00000, 0x0000000081c00000|100%| O|  |TAMS 0x0000000081c00000, 0x0000000081c00000| Untracked 
|  28|0x0000000081c00000, 0x0000000081d00000, 0x0000000081d00000|100%| O|  |TAMS 0x0000000081d00000, 0x0000000081d00000| Untracked 
|  29|0x0000000081d00000, 0x0000000081e00000, 0x0000000081e00000|100%| O|  |TAMS 0x0000000081e00000, 0x0000000081e00000| Untracked 
|  30|0x0000000081e00000, 0x0000000081f00000, 0x0000000081f00000|100%| O|  |TAMS 0x0000000081f00000, 0x0000000081f00000| Untracked 
|  31|0x0000000081f00000, 0x0000000082000000, 0x0000000082000000|100%| O|  |TAMS 0x0000000082000000, 0x0000000082000000| Untracked 
|  32|0x0000000082000000, 0x0000000082100000, 0x0000000082100000|100%| O|  |TAMS 0x0000000082100000, 0x0000000082100000| Untracked 
|  33|0x0000000082100000, 0x0000000082200000, 0x0000000082200000|100%| O|  |TAMS 0x0000000082200000, 0x0000000082200000| Untracked 
|  34|0x0000000082200000, 0x0000000082300000, 0x0000000082300000|100%| O|  |TAMS 0x0000000082300000, 0x0000000082300000| Untracked 
|  35|0x0000000082300000, 0x0000000082400000, 0x0000000082400000|100%| O|  |TAMS 0x0000000082400000, 0x0000000082400000| Untracked 
|  36|0x0000000082400000, 0x0000000082500000, 0x0000000082500000|100%| O|  |TAMS 0x0000000082500000, 0x0000000082500000| Untracked 
|  37|0x0000000082500000, 0x0000000082600000, 0x0000000082600000|100%|HS|  |TAMS 0x0000000082600000, 0x0000000082600000| Complete 
|  38|0x0000000082600000, 0x0000000082700000, 0x0000000082700000|100%|HC|  |TAMS 0x0000000082700000, 0x0000000082700000| Complete 
|  39|0x0000000082700000, 0x0000000082800000, 0x0000000082800000|100%|HS|  |TAMS 0x0000000082800000, 0x0000000082800000| Complete 
|  40|0x0000000082800000, 0x0000000082900000, 0x0000000082900000|100%|HC|  |TAMS 0x0000000082900000, 0x0000000082900000| Complete 
|  41|0x0000000082900000, 0x0000000082a00000, 0x0000000082a00000|100%|HC|  |TAMS 0x0000000082a00000, 0x0000000082a00000| Complete 
|  42|0x0000000082a00000, 0x0000000082b00000, 0x0000000082b00000|100%|HC|  |TAMS 0x0000000082b00000, 0x0000000082b00000| Complete 
|  43|0x0000000082b00000, 0x0000000082c00000, 0x0000000082c00000|100%| O|  |TAMS 0x0000000082c00000, 0x0000000082c00000| Untracked 
|  44|0x0000000082c00000, 0x0000000082d00000, 0x0000000082d00000|100%| O|  |TAMS 0x0000000082d00000, 0x0000000082d00000| Untracked 
|  45|0x0000000082d00000, 0x0000000082e00000, 0x0000000082e00000|100%| O|  |TAMS 0x0000000082e00000, 0x0000000082e00000| Untracked 
|  46|0x0000000082e00000, 0x0000000082f00000, 0x0000000082f00000|100%| O|  |TAMS 0x0000000082f00000, 0x0000000082f00000| Untracked 
|  47|0x0000000082f00000, 0x0000000083000000, 0x0000000083000000|100%| O|  |TAMS 0x0000000083000000, 0x0000000083000000| Untracked 
|  48|0x0000000083000000, 0x0000000083100000, 0x0000000083100000|100%| O|  |TAMS 0x0000000083100000, 0x0000000083100000| Untracked 
|  49|0x0000000083100000, 0x0000000083200000, 0x0000000083200000|100%| O|  |TAMS 0x0000000083200000, 0x0000000083200000| Untracked 
|  50|0x0000000083200000, 0x0000000083300000, 0x0000000083300000|100%| O|  |TAMS 0x0000000083300000, 0x0000000083300000| Untracked 
|  51|0x0000000083300000, 0x0000000083400000, 0x0000000083400000|100%| O|  |TAMS 0x0000000083400000, 0x0000000083400000| Untracked 
|  52|0x0000000083400000, 0x0000000083500000, 0x0000000083500000|100%| O|  |TAMS 0x0000000083500000, 0x0000000083500000| Untracked 
|  53|0x0000000083500000, 0x0000000083600000, 0x0000000083600000|100%| O|  |TAMS 0x0000000083600000, 0x0000000083600000| Untracked 
|  54|0x0000000083600000, 0x0000000083700000, 0x0000000083700000|100%| O|  |TAMS 0x0000000083700000, 0x0000000083700000| Untracked 
|  55|0x0000000083700000, 0x0000000083800000, 0x0000000083800000|100%| O|  |TAMS 0x0000000083800000, 0x0000000083800000| Untracked 
|  56|0x0000000083800000, 0x0000000083900000, 0x0000000083900000|100%| O|  |TAMS 0x0000000083900000, 0x0000000083900000| Untracked 
|  57|0x0000000083900000, 0x0000000083a00000, 0x0000000083a00000|100%| O|  |TAMS 0x0000000083a00000, 0x0000000083a00000| Untracked 
|  58|0x0000000083a00000, 0x0000000083b00000, 0x0000000083b00000|100%|HS|  |TAMS 0x0000000083b00000, 0x0000000083b00000| Complete 
|  59|0x0000000083b00000, 0x0000000083c00000, 0x0000000083c00000|100%|HS|  |TAMS 0x0000000083c00000, 0x0000000083c00000| Complete 
|  60|0x0000000083c00000, 0x0000000083d00000, 0x0000000083d00000|100%| O|  |TAMS 0x0000000083d00000, 0x0000000083d00000| Untracked 
|  61|0x0000000083d00000, 0x0000000083e00000, 0x0000000083e00000|100%| O|  |TAMS 0x0000000083d00000, 0x0000000083e00000| Untracked 
|  62|0x0000000083e00000, 0x0000000083f00000, 0x0000000083f00000|100%| O|  |TAMS 0x0000000083f00000, 0x0000000083f00000| Untracked 
|  63|0x0000000083f00000, 0x0000000084000000, 0x0000000084000000|100%| O|  |TAMS 0x0000000084000000, 0x0000000084000000| Untracked 
|  64|0x0000000084000000, 0x0000000084100000, 0x0000000084100000|100%| O|  |TAMS 0x0000000084100000, 0x0000000084100000| Untracked 
|  65|0x0000000084100000, 0x0000000084200000, 0x0000000084200000|100%| O|  |TAMS 0x0000000084200000, 0x0000000084200000| Untracked 
|  66|0x0000000084200000, 0x0000000084300000, 0x0000000084300000|100%| O|  |TAMS 0x00000000842d5400, 0x0000000084300000| Untracked 
|  67|0x0000000084300000, 0x0000000084400000, 0x0000000084400000|100%| O|  |TAMS 0x0000000084300000, 0x0000000084400000| Untracked 
|  68|0x0000000084400000, 0x0000000084500000, 0x0000000084500000|100%| O|  |TAMS 0x0000000084400000, 0x0000000084500000| Untracked 
|  69|0x0000000084500000, 0x00000000845ea200, 0x0000000084600000| 91%| O|  |TAMS 0x0000000084500000, 0x00000000845ea200| Untracked 
|  70|0x0000000084600000, 0x0000000084600000, 0x0000000084700000|  0%| F|  |TAMS 0x0000000084600000, 0x0000000084600000| Untracked 
|  71|0x0000000084700000, 0x0000000084700000, 0x0000000084800000|  0%| F|  |TAMS 0x0000000084700000, 0x0000000084700000| Untracked 
|  72|0x0000000084800000, 0x0000000084800000, 0x0000000084900000|  0%| F|  |TAMS 0x0000000084800000, 0x0000000084800000| Untracked 
|  73|0x0000000084900000, 0x0000000084a00000, 0x0000000084a00000|100%| O|  |TAMS 0x0000000084900000, 0x0000000084a00000| Untracked 
|  74|0x0000000084a00000, 0x0000000084b00000, 0x0000000084b00000|100%| O|  |TAMS 0x0000000084a00000, 0x0000000084b00000| Untracked 
|  75|0x0000000084b00000, 0x0000000084c00000, 0x0000000084c00000|100%| O|  |TAMS 0x0000000084b00000, 0x0000000084c00000| Untracked 
|  76|0x0000000084c00000, 0x0000000084d00000, 0x0000000084d00000|100%| O|  |TAMS 0x0000000084c00000, 0x0000000084d00000| Untracked 
|  77|0x0000000084d00000, 0x0000000084d00000, 0x0000000084e00000|  0%| F|  |TAMS 0x0000000084d00000, 0x0000000084d00000| Untracked 
|  78|0x0000000084e00000, 0x0000000084e00000, 0x0000000084f00000|  0%| F|  |TAMS 0x0000000084e00000, 0x0000000084e00000| Untracked 
|  79|0x0000000084f00000, 0x0000000084f00000, 0x0000000085000000|  0%| F|  |TAMS 0x0000000084f00000, 0x0000000084f00000| Untracked 
|  80|0x0000000085000000, 0x0000000085000000, 0x0000000085100000|  0%| F|  |TAMS 0x0000000085000000, 0x0000000085000000| Untracked 
|  81|0x0000000085100000, 0x0000000085100000, 0x0000000085200000|  0%| F|  |TAMS 0x0000000085100000, 0x0000000085100000| Untracked 
|  82|0x0000000085200000, 0x0000000085200000, 0x0000000085300000|  0%| F|  |TAMS 0x0000000085200000, 0x0000000085200000| Untracked 
|  83|0x0000000085300000, 0x0000000085300000, 0x0000000085400000|  0%| F|  |TAMS 0x0000000085300000, 0x0000000085300000| Untracked 
|  84|0x0000000085400000, 0x0000000085400000, 0x0000000085500000|  0%| F|  |TAMS 0x0000000085400000, 0x0000000085400000| Untracked 
|  85|0x0000000085500000, 0x0000000085500000, 0x0000000085600000|  0%| F|  |TAMS 0x0000000085500000, 0x0000000085500000| Untracked 
|  86|0x0000000085600000, 0x0000000085600000, 0x0000000085700000|  0%| F|  |TAMS 0x0000000085600000, 0x0000000085600000| Untracked 
|  87|0x0000000085700000, 0x0000000085700000, 0x0000000085800000|  0%| F|  |TAMS 0x0000000085700000, 0x0000000085700000| Untracked 
|  88|0x0000000085800000, 0x0000000085800000, 0x0000000085900000|  0%| F|  |TAMS 0x0000000085800000, 0x0000000085800000| Untracked 
|  89|0x0000000085900000, 0x0000000085900000, 0x0000000085a00000|  0%| F|  |TAMS 0x0000000085900000, 0x0000000085900000| Untracked 
|  90|0x0000000085a00000, 0x0000000085a00000, 0x0000000085b00000|  0%| F|  |TAMS 0x0000000085a00000, 0x0000000085a00000| Untracked 
|  91|0x0000000085b00000, 0x0000000085b00000, 0x0000000085c00000|  0%| F|  |TAMS 0x0000000085b00000, 0x0000000085b00000| Untracked 
|  92|0x0000000085c00000, 0x0000000085c00000, 0x0000000085d00000|  0%| F|  |TAMS 0x0000000085c00000, 0x0000000085c00000| Untracked 
|  93|0x0000000085d00000, 0x0000000085d00000, 0x0000000085e00000|  0%| F|  |TAMS 0x0000000085d00000, 0x0000000085d00000| Untracked 
|  94|0x0000000085e00000, 0x0000000085e00000, 0x0000000085f00000|  0%| F|  |TAMS 0x0000000085e00000, 0x0000000085e00000| Untracked 
|  95|0x0000000085f00000, 0x0000000085f00000, 0x0000000086000000|  0%| F|  |TAMS 0x0000000085f00000, 0x0000000085f00000| Untracked 
|  96|0x0000000086000000, 0x0000000086000000, 0x0000000086100000|  0%| F|  |TAMS 0x0000000086000000, 0x0000000086000000| Untracked 
|  97|0x0000000086100000, 0x0000000086100000, 0x0000000086200000|  0%| F|  |TAMS 0x0000000086100000, 0x0000000086100000| Untracked 
|  98|0x0000000086200000, 0x0000000086200000, 0x0000000086300000|  0%| F|  |TAMS 0x0000000086200000, 0x0000000086200000| Untracked 
|  99|0x0000000086300000, 0x0000000086300000, 0x0000000086400000|  0%| F|  |TAMS 0x0000000086300000, 0x0000000086300000| Untracked 
| 100|0x0000000086400000, 0x0000000086400000, 0x0000000086500000|  0%| F|  |TAMS 0x0000000086400000, 0x0000000086400000| Untracked 
| 101|0x0000000086500000, 0x0000000086500000, 0x0000000086600000|  0%| F|  |TAMS 0x0000000086500000, 0x0000000086500000| Untracked 
| 102|0x0000000086600000, 0x0000000086600000, 0x0000000086700000|  0%| F|  |TAMS 0x0000000086600000, 0x0000000086600000| Untracked 
| 103|0x0000000086700000, 0x0000000086700000, 0x0000000086800000|  0%| F|  |TAMS 0x0000000086700000, 0x0000000086700000| Untracked 
| 104|0x0000000086800000, 0x0000000086800000, 0x0000000086900000|  0%| F|  |TAMS 0x0000000086800000, 0x0000000086800000| Untracked 
| 105|0x0000000086900000, 0x0000000086900000, 0x0000000086a00000|  0%| F|  |TAMS 0x0000000086900000, 0x0000000086900000| Untracked 
| 106|0x0000000086a00000, 0x0000000086a00000, 0x0000000086b00000|  0%| F|  |TAMS 0x0000000086a00000, 0x0000000086a00000| Untracked 
| 107|0x0000000086b00000, 0x0000000086b00000, 0x0000000086c00000|  0%| F|  |TAMS 0x0000000086b00000, 0x0000000086b00000| Untracked 
| 108|0x0000000086c00000, 0x0000000086c00000, 0x0000000086d00000|  0%| F|  |TAMS 0x0000000086c00000, 0x0000000086c00000| Untracked 
| 109|0x0000000086d00000, 0x0000000086d00000, 0x0000000086e00000|  0%| F|  |TAMS 0x0000000086d00000, 0x0000000086d00000| Untracked 
| 110|0x0000000086e00000, 0x0000000086e00000, 0x0000000086f00000|  0%| F|  |TAMS 0x0000000086e00000, 0x0000000086e00000| Untracked 
| 111|0x0000000086f00000, 0x0000000086fee700, 0x0000000087000000| 93%| S|CS|TAMS 0x0000000086f00000, 0x0000000086f00000| Complete 
| 112|0x0000000087000000, 0x0000000087100000, 0x0000000087100000|100%| S|CS|TAMS 0x0000000087000000, 0x0000000087000000| Complete 
| 113|0x0000000087100000, 0x0000000087100000, 0x0000000087200000|  0%| F|  |TAMS 0x0000000087100000, 0x0000000087100000| Untracked 
| 114|0x0000000087200000, 0x0000000087200000, 0x0000000087300000|  0%| F|  |TAMS 0x0000000087200000, 0x0000000087200000| Untracked 
| 115|0x0000000087300000, 0x0000000087300000, 0x0000000087400000|  0%| F|  |TAMS 0x0000000087300000, 0x0000000087300000| Untracked 
| 116|0x0000000087400000, 0x0000000087400000, 0x0000000087500000|  0%| F|  |TAMS 0x0000000087400000, 0x0000000087400000| Untracked 
| 117|0x0000000087500000, 0x0000000087500000, 0x0000000087600000|  0%| F|  |TAMS 0x0000000087500000, 0x0000000087500000| Untracked 
| 118|0x0000000087600000, 0x0000000087600000, 0x0000000087700000|  0%| F|  |TAMS 0x0000000087600000, 0x0000000087600000| Untracked 
| 119|0x0000000087700000, 0x0000000087700000, 0x0000000087800000|  0%| F|  |TAMS 0x0000000087700000, 0x0000000087700000| Untracked 
| 120|0x0000000087800000, 0x0000000087800000, 0x0000000087900000|  0%| F|  |TAMS 0x0000000087800000, 0x0000000087800000| Untracked 
| 121|0x0000000087900000, 0x0000000087900000, 0x0000000087a00000|  0%| F|  |TAMS 0x0000000087900000, 0x0000000087900000| Untracked 
| 122|0x0000000087a00000, 0x0000000087a00000, 0x0000000087b00000|  0%| F|  |TAMS 0x0000000087a00000, 0x0000000087a00000| Untracked 
| 123|0x0000000087b00000, 0x0000000087b00000, 0x0000000087c00000|  0%| F|  |TAMS 0x0000000087b00000, 0x0000000087b00000| Untracked 
| 124|0x0000000087c00000, 0x0000000087c00000, 0x0000000087d00000|  0%| F|  |TAMS 0x0000000087c00000, 0x0000000087c00000| Untracked 
| 125|0x0000000087d00000, 0x0000000087d00000, 0x0000000087e00000|  0%| F|  |TAMS 0x0000000087d00000, 0x0000000087d00000| Untracked 
| 126|0x0000000087e00000, 0x0000000087e00000, 0x0000000087f00000|  0%| F|  |TAMS 0x0000000087e00000, 0x0000000087e00000| Untracked 
| 127|0x0000000087f00000, 0x0000000087f00000, 0x0000000088000000|  0%| F|  |TAMS 0x0000000087f00000, 0x0000000087f00000| Untracked 
| 128|0x0000000088000000, 0x0000000088000000, 0x0000000088100000|  0%| F|  |TAMS 0x0000000088000000, 0x0000000088000000| Untracked 
| 129|0x0000000088100000, 0x0000000088100000, 0x0000000088200000|  0%| F|  |TAMS 0x0000000088100000, 0x0000000088100000| Untracked 
| 130|0x0000000088200000, 0x0000000088200000, 0x0000000088300000|  0%| F|  |TAMS 0x0000000088200000, 0x0000000088200000| Untracked 
| 131|0x0000000088300000, 0x0000000088300000, 0x0000000088400000|  0%| F|  |TAMS 0x0000000088300000, 0x0000000088300000| Untracked 
| 132|0x0000000088400000, 0x0000000088400000, 0x0000000088500000|  0%| F|  |TAMS 0x0000000088400000, 0x0000000088400000| Untracked 
| 133|0x0000000088500000, 0x0000000088500000, 0x0000000088600000|  0%| F|  |TAMS 0x0000000088500000, 0x0000000088500000| Untracked 
| 134|0x0000000088600000, 0x0000000088600000, 0x0000000088700000|  0%| F|  |TAMS 0x0000000088600000, 0x0000000088600000| Untracked 
| 135|0x0000000088700000, 0x0000000088700000, 0x0000000088800000|  0%| F|  |TAMS 0x0000000088700000, 0x0000000088700000| Untracked 
| 136|0x0000000088800000, 0x0000000088800000, 0x0000000088900000|  0%| F|  |TAMS 0x0000000088800000, 0x0000000088800000| Untracked 

Card table byte_map: [0x000002b91feb0000,0x000002b9202b0000] _byte_map_base: 0x000002b91fab0000

Marking Bits (Prev, Next): (CMBitMap*) 0x000002b908372ff0, (CMBitMap*) 0x000002b908372fb8
 Prev Bits: [0x000002b9226b0000, 0x000002b9246b0000)
 Next Bits: [0x000002b9206b0000, 0x000002b9226b0000)

Polling page: 0x000002b907b10000

Metaspace:

Usage:
  Non-class:     72.46 MB capacity,    71.13 MB ( 98%) used,     1.08 MB (  1%) free+waste,   261.13 KB ( <1%) overhead. 
      Class:     11.46 MB capacity,    10.51 MB ( 92%) used,   849.75 KB (  7%) free+waste,   124.00 KB (  1%) overhead. 
       Both:     83.92 MB capacity,    81.64 MB ( 97%) used,     1.91 MB (  2%) free+waste,   385.13 KB ( <1%) overhead. 

Virtual space:
  Non-class space:       74.00 MB reserved,      72.58 MB ( 98%) committed 
      Class space:      504.00 MB reserved,      11.50 MB (  2%) committed 
             Both:      578.00 MB reserved,      84.08 MB ( 15%) committed 

Chunk freelists:
   Non-Class:  52.00 KB
       Class:  11.00 KB
        Both:  63.00 KB

MaxMetaspaceSize: 512.00 MB
CompressedClassSpaceSize: 504.00 MB
Initial GC threshold: 20.80 MB
Current GC threshold: 133.46 MB
CDS: off

CodeHeap 'non-profiled nmethods': size=120064Kb used=4884Kb max_used=4884Kb free=115179Kb
 bounds [0x000002b918570000, 0x000002b918a40000, 0x000002b91fab0000]
CodeHeap 'profiled nmethods': size=120000Kb used=19547Kb max_used=19547Kb free=100452Kb
 bounds [0x000002b911040000, 0x000002b912360000, 0x000002b918570000]
CodeHeap 'non-nmethods': size=5696Kb used=2401Kb max_used=2453Kb free=3295Kb
 bounds [0x000002b910ab0000, 0x000002b910d30000, 0x000002b911040000]
 total_blobs=9900 nmethods=8987 adapters=823
 compilation: enabled
              stopped_count=0, restarted_count=0
 full_count=0

Compilation events (20 events):
Event: 41.726 Thread 0x000002b927394000 9045       3       org.gradle.api.internal.collections.DefaultDomainObjectCollectionFactory::newDomainObjectSet (40 bytes)
Event: 41.726 Thread 0x000002b927394000 nmethod 9045 0x000002b912352510 code [0x000002b912352720, 0x000002b912352e88]
Event: 41.726 Thread 0x000002b927394000 9039   !   3       com.sun.proxy.$Proxy8::value (29 bytes)
Event: 41.727 Thread 0x000002b927394000 nmethod 9039 0x000002b912353110 code [0x000002b912353300, 0x000002b9123536d8]
Event: 41.727 Thread 0x000002b927394000 9041       3       org.gradle.api.tasks.util.PatternSet::<init> (15 bytes)
Event: 41.727 Thread 0x000002b927394000 nmethod 9041 0x000002b912353890 code [0x000002b912353a40, 0x000002b912353bf8]
Event: 41.727 Thread 0x000002b927394000 9044       1       com.android.build.gradle.internal.api.DefaultAndroidSourceSet::getName (5 bytes)
Event: 41.727 Thread 0x000002b927394000 nmethod 9044 0x000002b918a34c10 code [0x000002b918a34dc0, 0x000002b918a34e78]
Event: 41.764 Thread 0x000002b927394000 9046       3       java.lang.Class::getDeclaredField (54 bytes)
Event: 41.765 Thread 0x000002b927394000 nmethod 9046 0x000002b912353c90 code [0x000002b912353f40, 0x000002b9123549d8]
Event: 41.796 Thread 0x000002b927394000 9047       3       java.net.URLConnection::setUseCaches (10 bytes)
Event: 41.796 Thread 0x000002b927394000 nmethod 9047 0x000002b912354d90 code [0x000002b912354f60, 0x000002b9123551e8]
Event: 41.796 Thread 0x000002b927394000 9048       3       java.net.URLConnection::checkConnected (18 bytes)
Event: 41.796 Thread 0x000002b927394000 nmethod 9048 0x000002b912355310 code [0x000002b9123554e0, 0x000002b9123556e8]
Event: 41.796 Thread 0x000002b927394000 9049       1       java.net.JarURLConnection::getEntryName (5 bytes)
Event: 41.796 Thread 0x000002b927394000 nmethod 9049 0x000002b918a34f10 code [0x000002b918a350c0, 0x000002b918a35178]
Event: 41.798 Thread 0x000002b927394000 9051   !   2       sun.nio.cs.StreamDecoder::readBytes (289 bytes)
Event: 41.799 Thread 0x000002b927394000 nmethod 9051 0x000002b912355810 code [0x000002b912355ac0, 0x000002b9123561a8]
Event: 41.799 Thread 0x000002b927394000 9052       2       java.nio.HeapByteBuffer::compact (85 bytes)
Event: 41.800 Thread 0x000002b927394000 nmethod 9052 0x000002b912356810 code [0x000002b9123569e0, 0x000002b912356c28]

GC Heap History (20 events):
Event: 30.460 GC heap after
{Heap after GC invocations=59 (full 0):
 garbage-first heap   total 89088K, used 49701K [0x0000000080000000, 0x0000000100000000)
  region size 1024K, 2 young (2048K), 2 survivors (2048K)
 Metaspace       used 63198K, capacity 64964K, committed 65104K, reserved 573440K
  class space    used 8187K, capacity 8909K, committed 8960K, reserved 516096K
}
Event: 30.815 GC heap before
{Heap before GC invocations=60 (full 0):
 garbage-first heap   total 89088K, used 65061K [0x0000000080000000, 0x0000000100000000)
  region size 1024K, 18 young (18432K), 2 survivors (2048K)
 Metaspace       used 64404K, capacity 66186K, committed 66256K, reserved 573440K
  class space    used 8340K, capacity 9078K, committed 9088K, reserved 516096K
}
Event: 30.819 GC heap after
{Heap after GC invocations=61 (full 0):
 garbage-first heap   total 89088K, used 50628K [0x0000000080000000, 0x0000000100000000)
  region size 1024K, 3 young (3072K), 3 survivors (3072K)
 Metaspace       used 64404K, capacity 66186K, committed 66256K, reserved 573440K
  class space    used 8340K, capacity 9078K, committed 9088K, reserved 516096K
}
Event: 31.295 GC heap before
{Heap before GC invocations=61 (full 0):
 garbage-first heap   total 89088K, used 67012K [0x0000000080000000, 0x0000000100000000)
  region size 1024K, 20 young (20480K), 3 survivors (3072K)
 Metaspace       used 65295K, capacity 67063K, committed 67152K, reserved 575488K
  class space    used 8426K, capacity 9151K, committed 9216K, reserved 516096K
}
Event: 31.303 GC heap after
{Heap after GC invocations=62 (full 0):
 garbage-first heap   total 107520K, used 52613K [0x0000000080000000, 0x0000000100000000)
  region size 1024K, 3 young (3072K), 3 survivors (3072K)
 Metaspace       used 65295K, capacity 67063K, committed 67152K, reserved 575488K
  class space    used 8426K, capacity 9151K, committed 9216K, reserved 516096K
}
Event: 32.006 GC heap before
{Heap before GC invocations=63 (full 0):
 garbage-first heap   total 107520K, used 79237K [0x0000000080000000, 0x0000000100000000)
  region size 1024K, 29 young (29696K), 3 survivors (3072K)
 Metaspace       used 66852K, capacity 68795K, committed 69072K, reserved 577536K
  class space    used 8660K, capacity 9494K, committed 9600K, reserved 516096K
}
Event: 32.019 GC heap after
{Heap after GC invocations=64 (full 0):
 garbage-first heap   total 107520K, used 54172K [0x0000000080000000, 0x0000000100000000)
  region size 1024K, 4 young (4096K), 4 survivors (4096K)
 Metaspace       used 66852K, capacity 68795K, committed 69072K, reserved 577536K
  class space    used 8660K, capacity 9494K, committed 9600K, reserved 516096K
}
Event: 35.280 GC heap before
{Heap before GC invocations=64 (full 0):
 garbage-first heap   total 107520K, used 80796K [0x0000000080000000, 0x0000000100000000)
  region size 1024K, 30 young (30720K), 4 survivors (4096K)
 Metaspace       used 68487K, capacity 70450K, committed 70608K, reserved 577536K
  class space    used 8902K, capacity 9738K, committed 9856K, reserved 516096K
}
Event: 35.295 GC heap after
{Heap after GC invocations=65 (full 0):
 garbage-first heap   total 107520K, used 56261K [0x0000000080000000, 0x0000000100000000)
  region size 1024K, 4 young (4096K), 4 survivors (4096K)
 Metaspace       used 68487K, capacity 70450K, committed 70608K, reserved 577536K
  class space    used 8902K, capacity 9738K, committed 9856K, reserved 516096K
}
Event: 36.584 GC heap before
{Heap before GC invocations=66 (full 0):
 garbage-first heap   total 107520K, used 82885K [0x0000000080000000, 0x0000000100000000)
  region size 1024K, 30 young (30720K), 4 survivors (4096K)
 Metaspace       used 70550K, capacity 72695K, committed 72912K, reserved 579584K
  class space    used 9204K, capacity 10093K, committed 10112K, reserved 516096K
}
Event: 36.601 GC heap after
{Heap after GC invocations=67 (full 0):
 garbage-first heap   total 107520K, used 58448K [0x0000000080000000, 0x0000000100000000)
  region size 1024K, 4 young (4096K), 4 survivors (4096K)
 Metaspace       used 70550K, capacity 72695K, committed 72912K, reserved 579584K
  class space    used 9204K, capacity 10093K, committed 10112K, reserved 516096K
}
Event: 37.957 GC heap before
{Heap before GC invocations=67 (full 0):
 garbage-first heap   total 107520K, used 84048K [0x0000000080000000, 0x0000000100000000)
  region size 1024K, 29 young (29696K), 4 survivors (4096K)
 Metaspace       used 72216K, capacity 74284K, committed 74448K, reserved 581632K
  class space    used 9384K, capacity 10257K, committed 10368K, reserved 516096K
}
Event: 37.976 GC heap after
{Heap after GC invocations=68 (full 0):
 garbage-first heap   total 140288K, used 61233K [0x0000000080000000, 0x0000000100000000)
  region size 1024K, 3 young (3072K), 3 survivors (3072K)
 Metaspace       used 72216K, capacity 74284K, committed 74448K, reserved 581632K
  class space    used 9384K, capacity 10257K, committed 10368K, reserved 516096K
}
Event: 39.047 GC heap before
{Heap before GC invocations=69 (full 0):
 garbage-first heap   total 140288K, used 99121K [0x0000000080000000, 0x0000000100000000)
  region size 1024K, 39 young (39936K), 3 survivors (3072K)
 Metaspace       used 74436K, capacity 76725K, committed 77008K, reserved 583680K
  class space    used 9655K, capacity 10595K, committed 10624K, reserved 516096K
}
Event: 39.075 GC heap after
{Heap after GC invocations=70 (full 0):
 garbage-first heap   total 140288K, used 67244K [0x0000000080000000, 0x0000000100000000)
  region size 1024K, 5 young (5120K), 5 survivors (5120K)
 Metaspace       used 74436K, capacity 76725K, committed 77008K, reserved 583680K
  class space    used 9655K, capacity 10595K, committed 10624K, reserved 516096K
}
Event: 40.320 GC heap before
{Heap before GC invocations=70 (full 0):
 garbage-first heap   total 140288K, used 102060K [0x0000000080000000, 0x0000000100000000)
  region size 1024K, 39 young (39936K), 5 survivors (5120K)
 Metaspace       used 79479K, capacity 81800K, committed 82000K, reserved 587776K
  class space    used 10210K, capacity 11174K, committed 11264K, reserved 516096K
}
Event: 40.364 GC heap after
{Heap after GC invocations=71 (full 0):
 garbage-first heap   total 140288K, used 71671K [0x0000000080000000, 0x0000000100000000)
  region size 1024K, 5 young (5120K), 5 survivors (5120K)
 Metaspace       used 79479K, capacity 81800K, committed 82000K, reserved 587776K
  class space    used 10210K, capacity 11174K, committed 11264K, reserved 516096K
}
Event: 41.161 GC heap before
{Heap before GC invocations=72 (full 0):
 garbage-first heap   total 140288K, used 113655K [0x0000000080000000, 0x0000000100000000)
  region size 1024K, 39 young (39936K), 5 survivors (5120K)
 Metaspace       used 81458K, capacity 83815K, committed 84048K, reserved 589824K
  class space    used 10469K, capacity 11435K, committed 11520K, reserved 516096K
}
Event: 41.178 GC heap after
{Heap after GC invocations=73 (full 0):
 garbage-first heap   total 140288K, used 75774K [0x0000000080000000, 0x0000000100000000)
  region size 1024K, 5 young (5120K), 5 survivors (5120K)
 Metaspace       used 81458K, capacity 83815K, committed 84048K, reserved 589824K
  class space    used 10469K, capacity 11435K, committed 11520K, reserved 516096K
}
Event: 41.802 GC heap before
{Heap before GC invocations=73 (full 0):
 garbage-first heap   total 140288K, used 99326K [0x0000000080000000, 0x0000000100000000)
  region size 1024K, 29 young (29696K), 5 survivors (5120K)
 Metaspace       used 83599K, capacity 85937K, committed 86096K, reserved 591872K
  class space    used 10759K, capacity 11733K, committed 11776K, reserved 516096K
}

Deoptimization events (20 events):
Event: 41.801 Thread 0x000002b928a34800 DEOPT PACKING pc=0x000002b9112c5c17 sp=0x000000d3981f62b0
Event: 41.801 Thread 0x000002b928a34800 DEOPT UNPACKING pc=0x000002b910af9d0e sp=0x000000d3981f5838 mode 0
Event: 41.801 Thread 0x000002b928a34800 DEOPT PACKING pc=0x000002b9112c5c17 sp=0x000000d3981f62b0
Event: 41.801 Thread 0x000002b928a34800 DEOPT UNPACKING pc=0x000002b910af9d0e sp=0x000000d3981f5838 mode 0
Event: 41.801 Thread 0x000002b928a34800 DEOPT PACKING pc=0x000002b9112c5c17 sp=0x000000d3981f62b0
Event: 41.801 Thread 0x000002b928a34800 DEOPT UNPACKING pc=0x000002b910af9d0e sp=0x000000d3981f5838 mode 0
Event: 41.801 Thread 0x000002b928a34800 DEOPT PACKING pc=0x000002b9112c5c17 sp=0x000000d3981f62b0
Event: 41.801 Thread 0x000002b928a34800 DEOPT UNPACKING pc=0x000002b910af9d0e sp=0x000000d3981f5838 mode 0
Event: 41.801 Thread 0x000002b928a34800 DEOPT PACKING pc=0x000002b9112c5c17 sp=0x000000d3981f62b0
Event: 41.801 Thread 0x000002b928a34800 DEOPT UNPACKING pc=0x000002b910af9d0e sp=0x000000d3981f5838 mode 0
Event: 41.801 Thread 0x000002b928a34800 DEOPT PACKING pc=0x000002b9112c5c17 sp=0x000000d3981f62b0
Event: 41.801 Thread 0x000002b928a34800 DEOPT UNPACKING pc=0x000002b910af9d0e sp=0x000000d3981f5838 mode 0
Event: 41.801 Thread 0x000002b928a34800 DEOPT PACKING pc=0x000002b9112c5c17 sp=0x000000d3981f62b0
Event: 41.801 Thread 0x000002b928a34800 DEOPT UNPACKING pc=0x000002b910af9d0e sp=0x000000d3981f5838 mode 0
Event: 41.801 Thread 0x000002b928a34800 DEOPT PACKING pc=0x000002b9112c5c17 sp=0x000000d3981f62b0
Event: 41.801 Thread 0x000002b928a34800 DEOPT UNPACKING pc=0x000002b910af9d0e sp=0x000000d3981f5838 mode 0
Event: 41.802 Thread 0x000002b928a34800 DEOPT PACKING pc=0x000002b9112c5c17 sp=0x000000d3981f62b0
Event: 41.802 Thread 0x000002b928a34800 DEOPT UNPACKING pc=0x000002b910af9d0e sp=0x000000d3981f5838 mode 0
Event: 41.802 Thread 0x000002b928a34800 DEOPT PACKING pc=0x000002b9112c5c17 sp=0x000000d3981f62b0
Event: 41.802 Thread 0x000002b928a34800 DEOPT UNPACKING pc=0x000002b910af9d0e sp=0x000000d3981f5838 mode 0

Classes redefined (0 events):
No events

Internal exceptions (20 events):
Event: 38.932 Thread 0x000002b928a34800 Exception <a 'java/security/PrivilegedActionException'{0x0000000086924dc8}> (0x0000000086924dc8) thrown at [s\src\hotspot\share\prims\jvm.cpp, line 1306]
Event: 38.932 Thread 0x000002b928a34800 Exception <a 'java/security/PrivilegedActionException'{0x0000000086926330}> (0x0000000086926330) thrown at [s\src\hotspot\share\prims\jvm.cpp, line 1306]
Event: 38.932 Thread 0x000002b928a34800 Exception <a 'java/security/PrivilegedActionException'{0x00000000869294b0}> (0x00000000869294b0) thrown at [s\src\hotspot\share\prims\jvm.cpp, line 1306]
Event: 38.932 Thread 0x000002b928a34800 Exception <a 'java/security/PrivilegedActionException'{0x000000008692aa18}> (0x000000008692aa18) thrown at [s\src\hotspot\share\prims\jvm.cpp, line 1306]
Event: 38.932 Thread 0x000002b928a34800 Exception <a 'java/security/PrivilegedActionException'{0x000000008692dc78}> (0x000000008692dc78) thrown at [s\src\hotspot\share\prims\jvm.cpp, line 1306]
Event: 38.932 Thread 0x000002b928a34800 Exception <a 'java/security/PrivilegedActionException'{0x000000008692f1e0}> (0x000000008692f1e0) thrown at [s\src\hotspot\share\prims\jvm.cpp, line 1306]
Event: 38.932 Thread 0x000002b928a34800 Exception <a 'java/security/PrivilegedActionException'{0x0000000086932398}> (0x0000000086932398) thrown at [s\src\hotspot\share\prims\jvm.cpp, line 1306]
Event: 38.932 Thread 0x000002b928a34800 Exception <a 'java/security/PrivilegedActionException'{0x0000000086933900}> (0x0000000086933900) thrown at [s\src\hotspot\share\prims\jvm.cpp, line 1306]
Event: 38.933 Thread 0x000002b928a34800 Exception <a 'java/security/PrivilegedActionException'{0x0000000086936ad8}> (0x0000000086936ad8) thrown at [s\src\hotspot\share\prims\jvm.cpp, line 1306]
Event: 38.933 Thread 0x000002b928a34800 Exception <a 'java/security/PrivilegedActionException'{0x0000000086938040}> (0x0000000086938040) thrown at [s\src\hotspot\share\prims\jvm.cpp, line 1306]
Event: 38.933 Thread 0x000002b928a34800 Exception <a 'java/security/PrivilegedActionException'{0x000000008693b2a0}> (0x000000008693b2a0) thrown at [s\src\hotspot\share\prims\jvm.cpp, line 1306]
Event: 38.933 Thread 0x000002b928a34800 Exception <a 'java/security/PrivilegedActionException'{0x000000008693c808}> (0x000000008693c808) thrown at [s\src\hotspot\share\prims\jvm.cpp, line 1306]
Event: 39.392 Thread 0x000002b928a34800 Exception <a 'java/lang/NoSuchMethodError'{0x00000000881b82b8}: 'java.lang.Object java.lang.invoke.DirectMethodHandle$Holder.invokeStatic(java.lang.Object, java.lang.Object, java.lang.Object, java.lang.Object, java.lang.Object, java.lang.Object, java.lang.Object, java.lang.Object, java.lang.Object, java.lang.Object, java.lang.Object, java.lang.Object, java.lang.Object, int)'> (0x00000000881b82b8) thrown at [s\src\hotspot\share\interpreter\linkResolver.cpp, line 773]
Event: 39.394 Thread 0x000002b928a34800 Exception <a 'java/lang/NoSuchMethodError'{0x00000000881c5ca0}: 'java.lang.Object java.lang.invoke.DirectMethodHandle$Holder.invokeStatic(java.lang.Object, java.lang.Object, java.lang.Object, java.lang.Object, java.lang.Object, java.lang.Object, java.lang.Object, java.lang.Object, java.lang.Object, java.lang.Object, java.lang.Object, java.lang.Object, java.lang.Object, int, int)'> (0x00000000881c5ca0) thrown at [s\src\hotspot\share\interpreter\linkResolver.cpp, line 773]
Event: 39.775 Thread 0x000002b928a34800 Exception <a 'java/lang/NoSuchMethodError'{0x0000000087158ee0}: 'java.lang.Object java.lang.invoke.DirectMethodHandle$Holder.invokeSpecial(java.lang.Object, java.lang.Object, int, int, int, java.lang.Object, java.lang.Object, java.lang.Object, java.lang.Object)'> (0x0000000087158ee0) thrown at [s\src\hotspot\share\interpreter\linkResolver.cpp, line 773]
Event: 39.775 Thread 0x000002b928a34800 Exception <a 'java/lang/NoSuchMethodError'{0x000000008715d930}: 'java.lang.Object java.lang.invoke.DelegatingMethodHandle$Holder.reinvoke_L(java.lang.Object, int, int, int, java.lang.Object, java.lang.Object, java.lang.Object, java.lang.Object)'> (0x000000008715d930) thrown at [s\src\hotspot\share\interpreter\linkResolver.cpp, line 773]
Event: 39.909 Thread 0x000002b928a34800 Implicit null exception at 0x000002b91889232b to 0x000002b9188925fc
Event: 40.082 Thread 0x000002b928a34800 Implicit null exception at 0x000002b9186eceac to 0x000002b9186ecfce
Event: 40.819 Thread 0x000002b928a34800 Exception <a 'sun/nio/fs/WindowsException'{0x0000000087bd9940}> (0x0000000087bd9940) thrown at [s\src\hotspot\share\prims\jni.cpp, line 617]
Event: 41.706 Thread 0x000002b928a34800 Implicit null exception at 0x000002b91889ed66 to 0x000002b91889ee30

Events (20 events):
Event: 41.790 loading class com/google/gson/internal/bind/ReflectiveTypeAdapterFactory done
Event: 41.790 loading class com/google/gson/internal/bind/ReflectiveTypeAdapterFactory$Adapter
Event: 41.790 loading class com/google/gson/internal/bind/ReflectiveTypeAdapterFactory$Adapter done
Event: 41.791 loading class com/google/gson/internal/bind/ReflectiveTypeAdapterFactory$BoundField
Event: 41.791 loading class com/google/gson/internal/bind/ReflectiveTypeAdapterFactory$BoundField done
Event: 41.792 loading class com/google/gson/internal/bind/ReflectiveTypeAdapterFactory$1
Event: 41.792 loading class com/google/gson/internal/bind/ReflectiveTypeAdapterFactory$1 done
Event: 41.793 loading class com/android/tools/build/jetifier/core/utils/Log
Event: 41.793 loading class com/android/tools/build/jetifier/core/utils/Log done
Event: 41.793 loading class com/android/tools/build/jetifier/core/utils/LogLevel
Event: 41.793 loading class com/android/tools/build/jetifier/core/utils/LogLevel done
Event: 41.793 loading class com/android/tools/build/jetifier/core/utils/StdOutLogConsumer
Event: 41.793 loading class com/android/tools/build/jetifier/core/utils/StdOutLogConsumer done
Event: 41.794 loading class com/android/tools/build/jetifier/core/utils/LogConsumer
Event: 41.794 loading class com/android/tools/build/jetifier/core/utils/LogConsumer done
Event: 41.796 loading class kotlin/io/TextStreamsKt
Event: 41.796 loading class kotlin/io/TextStreamsKt done
Event: 41.796 loading class kotlin/io/TextStreamsKt
Event: 41.796 loading class kotlin/io/TextStreamsKt done
Event: 41.802 Executing VM operation: G1CollectForAllocation


Dynamic libraries:
0x00007ff6002b0000 - 0x00007ff6002bd000 	C:\Program Files\Microsoft\jdk-11.0.20.8-hotspot\bin\java.exe
0x00007ffc52290000 - 0x00007ffc52488000 	C:\Windows\SYSTEM32\ntdll.dll
0x00007ffc519d0000 - 0x00007ffc51a8f000 	C:\Windows\System32\KERNEL32.DLL
0x00007ffc4f970000 - 0x00007ffc4fc4a000 	C:\Windows\System32\KERNELBASE.dll
0x00007ffc4fe50000 - 0x00007ffc4ff50000 	C:\Windows\System32\ucrtbase.dll
0x00007ffc18170000 - 0x00007ffc18187000 	C:\Program Files\Microsoft\jdk-11.0.20.8-hotspot\bin\jli.dll
0x00007ffc51c10000 - 0x00007ffc51dad000 	C:\Windows\System32\USER32.dll
0x00007ffc50290000 - 0x00007ffc502b2000 	C:\Windows\System32\win32u.dll
0x00007ffc516e0000 - 0x00007ffc5170b000 	C:\Windows\System32\GDI32.dll
0x00007ffc50040000 - 0x00007ffc50150000 	C:\Windows\System32\gdi32full.dll
0x00007ffc4ffa0000 - 0x00007ffc5003d000 	C:\Windows\System32\msvcp_win.dll
0x00007ffc4ee60000 - 0x00007ffc4f0fa000 	C:\Windows\WinSxS\amd64_microsoft.windows.common-controls_6595b64144ccf1df_6.0.19041.1110_none_60b5254171f9507e\COMCTL32.dll
0x00007ffc51570000 - 0x00007ffc5160e000 	C:\Windows\System32\msvcrt.dll
0x00007ffc18150000 - 0x00007ffc18165000 	C:\Program Files\Microsoft\jdk-11.0.20.8-hotspot\bin\VCRUNTIME140.dll
0x00007ffc50c20000 - 0x00007ffc50c50000 	C:\Windows\System32\IMM32.DLL
0x00007ffc01bd0000 - 0x00007ffc01c6b000 	C:\Program Files\Microsoft\jdk-11.0.20.8-hotspot\bin\msvcp140.dll
0x00007ffc00fd0000 - 0x00007ffc01b66000 	C:\Program Files\Microsoft\jdk-11.0.20.8-hotspot\bin\server\jvm.dll
0x00007ffc517f0000 - 0x00007ffc5189e000 	C:\Windows\System32\ADVAPI32.dll
0x00007ffc51620000 - 0x00007ffc516bc000 	C:\Windows\System32\sechost.dll
0x00007ffc51440000 - 0x00007ffc51566000 	C:\Windows\System32\RPCRT4.dll
0x00007ffc51610000 - 0x00007ffc51618000 	C:\Windows\System32\PSAPI.DLL
0x00007ffc30d30000 - 0x00007ffc30d39000 	C:\Windows\SYSTEM32\WSOCK32.dll
0x00007ffc50ee0000 - 0x00007ffc50f4b000 	C:\Windows\System32\WS2_32.dll
0x00007ffc2dcf0000 - 0x00007ffc2dd17000 	C:\Windows\SYSTEM32\WINMM.dll
0x00007ffc4c4e0000 - 0x00007ffc4c4ea000 	C:\Windows\SYSTEM32\VERSION.dll
0x00007ffc4d480000 - 0x00007ffc4d492000 	C:\Windows\SYSTEM32\kernel.appcore.dll
0x00007ffc373e0000 - 0x00007ffc373f0000 	C:\Program Files\Microsoft\jdk-11.0.20.8-hotspot\bin\verify.dll
0x00007ffc4f3f0000 - 0x00007ffc4f5d4000 	C:\Windows\SYSTEM32\DBGHELP.DLL
0x00007ffc4f2e0000 - 0x00007ffc4f314000 	C:\Windows\SYSTEM32\dbgcore.DLL
0x00007ffc50200000 - 0x00007ffc50282000 	C:\Windows\System32\bcryptPrimitives.dll
0x00007ffc01ba0000 - 0x00007ffc01bc8000 	C:\Program Files\Microsoft\jdk-11.0.20.8-hotspot\bin\java.dll
0x00007ffc26850000 - 0x00007ffc2685a000 	C:\Program Files\Microsoft\jdk-11.0.20.8-hotspot\bin\jimage.dll
0x00007ffc176e0000 - 0x00007ffc176f8000 	C:\Program Files\Microsoft\jdk-11.0.20.8-hotspot\bin\zip.dll
0x00007ffc504d0000 - 0x00007ffc50c14000 	C:\Windows\System32\SHELL32.dll
0x00007ffc4ccd0000 - 0x00007ffc4d463000 	C:\Windows\SYSTEM32\windows.storage.dll
0x00007ffc51000000 - 0x00007ffc51354000 	C:\Windows\System32\combase.dll
0x00007ffc4eb80000 - 0x00007ffc4ebae000 	C:\Windows\SYSTEM32\Wldp.dll
0x00007ffc50f50000 - 0x00007ffc50ffd000 	C:\Windows\System32\SHCORE.dll
0x00007ffc51360000 - 0x00007ffc513b5000 	C:\Windows\System32\shlwapi.dll
0x00007ffc4f8b0000 - 0x00007ffc4f8cf000 	C:\Windows\SYSTEM32\profapi.dll
0x00007ffc17440000 - 0x00007ffc17459000 	C:\Program Files\Microsoft\jdk-11.0.20.8-hotspot\bin\net.dll
0x00007ffc491a0000 - 0x00007ffc492aa000 	C:\Windows\SYSTEM32\WINHTTP.dll
0x00007ffc4e960000 - 0x00007ffc4e9ca000 	C:\Windows\system32\mswsock.dll
0x00007ffc173e0000 - 0x00007ffc173f3000 	C:\Program Files\Microsoft\jdk-11.0.20.8-hotspot\bin\nio.dll
0x00007ffc15e80000 - 0x00007ffc15ea7000 	C:\Users\servidor\.gradle\native\68d5fa5c4cc2d200863cafc0d521ce42e7d3e7ee720ec0a83991735586a16f82\windows-amd64\native-platform.dll
0x00007ffc02ce0000 - 0x00007ffc02e24000 	C:\Users\servidor\.gradle\native\e376f236ea51e6404a007f0833ffe2c6e607c4080706a723a18a27aeea778392\windows-amd64\native-platform-file-events.dll
0x00007ffc15dd0000 - 0x00007ffc15dd9000 	C:\Program Files\Microsoft\jdk-11.0.20.8-hotspot\bin\management.dll
0x00007ffc15dc0000 - 0x00007ffc15dcb000 	C:\Program Files\Microsoft\jdk-11.0.20.8-hotspot\bin\management_ext.dll
0x00007ffc4f700000 - 0x00007ffc4f718000 	C:\Windows\SYSTEM32\CRYPTSP.dll
0x00007ffc4e300000 - 0x00007ffc4e334000 	C:\Windows\system32\rsaenh.dll
0x00007ffc4fc50000 - 0x00007ffc4fc77000 	C:\Windows\System32\bcrypt.dll
0x00007ffc4f870000 - 0x00007ffc4f89e000 	C:\Windows\SYSTEM32\USERENV.dll
0x00007ffc4eaf0000 - 0x00007ffc4eafc000 	C:\Windows\SYSTEM32\CRYPTBASE.dll
0x00007ffc4e670000 - 0x00007ffc4e6ac000 	C:\Windows\SYSTEM32\IPHLPAPI.DLL
0x00007ffc50c50000 - 0x00007ffc50c58000 	C:\Windows\System32\NSI.dll
0x00007ffc468d0000 - 0x00007ffc468e7000 	C:\Windows\SYSTEM32\dhcpcsvc6.DLL
0x00007ffc46650000 - 0x00007ffc4666d000 	C:\Windows\SYSTEM32\dhcpcsvc.DLL
0x00007ffc4e6b0000 - 0x00007ffc4e77b000 	C:\Windows\SYSTEM32\DNSAPI.dll

dbghelp: loaded successfully - version: 4.0.5 - missing functions: none
symbol engine: initialized successfully - sym options: 0x614 - pdb path: .;C:\Program Files\Microsoft\jdk-11.0.20.8-hotspot\bin;C:\Windows\SYSTEM32;C:\Windows\WinSxS\amd64_microsoft.windows.common-controls_6595b64144ccf1df_6.0.19041.1110_none_60b5254171f9507e;C:\Program Files\Microsoft\jdk-11.0.20.8-hotspot\bin\server;C:\Users\servidor\.gradle\native\68d5fa5c4cc2d200863cafc0d521ce42e7d3e7ee720ec0a83991735586a16f82\windows-amd64;C:\Users\servidor\.gradle\native\e376f236ea51e6404a007f0833ffe2c6e607c4080706a723a18a27aeea778392\windows-amd64

VM Arguments:
jvm_args: -XX:MaxMetaspaceSize=512m --add-opens=java.base/java.util=ALL-UNNAMED --add-opens=java.base/java.lang=ALL-UNNAMED --add-opens=java.base/java.lang.invoke=ALL-UNNAMED --add-opens=java.prefs/java.util.prefs=ALL-UNNAMED --add-opens=java.base/java.nio.charset=ALL-UNNAMED --add-opens=java.base/java.net=ALL-UNNAMED --add-opens=java.base/java.util.concurrent.atomic=ALL-UNNAMED -Xmx2048m -Dfile.encoding=windows-1252 -Duser.country=MX -Duser.language=es -Duser.variant 
java_command: org.gradle.launcher.daemon.bootstrap.GradleDaemon 8.0.1
java_class_path (initial): C:\Users\servidor\.gradle\wrapper\dists\gradle-8.0.1-all\aro4hu1c3oeioove7l0i4i14o\gradle-8.0.1\lib\gradle-launcher-8.0.1.jar
Launcher Type: SUN_STANDARD

[Global flags]
     intx CICompilerCount                          = 3                                         {product} {ergonomic}
   size_t CompressedClassSpaceSize                 = 528482304                                 {product} {ergonomic}
     uint ConcGCThreads                            = 1                                         {product} {ergonomic}
     uint G1ConcRefinementThreads                  = 4                                         {product} {ergonomic}
   size_t G1HeapRegionSize                         = 1048576                                   {product} {ergonomic}
    uintx GCDrainStackTargetSize                   = 64                                        {product} {ergonomic}
   size_t InitialHeapSize                          = 62914560                                  {product} {ergonomic}
   size_t MarkStackSize                            = 4194304                                   {product} {ergonomic}
   size_t MaxHeapSize                              = 2147483648                                {product} {command line}
   size_t MaxMetaspaceSize                         = 536870912                                 {product} {command line}
   size_t MaxNewSize                               = 1287651328                                {product} {ergonomic}
   size_t MinHeapDeltaBytes                        = 1048576                                   {product} {ergonomic}
    uintx NonNMethodCodeHeapSize                   = 5830732                                {pd product} {ergonomic}
    uintx NonProfiledCodeHeapSize                  = 122913754                              {pd product} {ergonomic}
    uintx ProfiledCodeHeapSize                     = 122913754                              {pd product} {ergonomic}
    uintx ReservedCodeCacheSize                    = 251658240                              {pd product} {ergonomic}
     bool SegmentedCodeCache                       = true                                      {product} {ergonomic}
     bool UseCompressedClassPointers               = true                                 {lp64_product} {ergonomic}
     bool UseCompressedOops                        = true                                 {lp64_product} {ergonomic}
     bool UseG1GC                                  = true                                      {product} {ergonomic}
     bool UseLargePagesIndividualAllocation        = false                                  {pd product} {ergonomic}

Logging:
Log output configuration:
 #0: stdout all=warning uptime,level,tags
 #1: stderr all=off uptime,level,tags

Environment Variables:
JAVA_HOME=C:\Program Files\Microsoft\jdk-11.0.20.8-hotspot\
CLASSPATH=C:\Users\servidor\Documents\DESARROLLOMOVIL\AULATRACK\android\\gradle\wrapper\gradle-wrapper.jar
PATH=C:\Users\servidor\Documents\DESARROLLOMOVIL\AULATRACK\node_modules\.bin;C:\Users\servidor\Documents\DESARROLLOMOVIL\AULATRACK\node_modules\.bin;C:\Users\servidor\Documents\DESARROLLOMOVIL\node_modules\.bin;C:\Users\servidor\Documents\node_modules\.bin;C:\Users\servidor\node_modules\.bin;C:\Users\node_modules\.bin;C:\node_modules\.bin;C:\Program Files\nodejs\node_modules\npm\node_modules\@npmcli\run-script\lib\node-gyp-bin;C:\Users\servidor\Documents\DESARROLLOMOVIL\AULATRACK\node_modules\.bin;C:\Users\servidor\Documents\DESARROLLOMOVIL\AULATRACK\node_modules\.bin;C:\Users\servidor\Documents\DESARROLLOMOVIL\node_modules\.bin;C:\Users\servidor\Documents\node_modules\.bin;C:\Users\servidor\node_modules\.bin;C:\Users\node_modules\.bin;C:\node_modules\.bin;C:\Program Files\nodejs\node_modules\npm\node_modules\@npmcli\run-script\lib\node-gyp-bin;C:\Program Files (x86)\VMware\VMware Player\bin\;C:\Program Files\Microsoft\jdk-11.0.20.8-hotspot\bin;C:\Users\servidor\Downloads\WINDOWS.X64_193000_db_home\bin;C:\Program Files\Common Files\Oracle\Java\javapath;C:\Program Files (x86)\Common Files\Oracle\Java\javapath;C:\Program Files\Amazon Corretto\jdk11.0.19_7\bin;C:\Program Files\AdoptOpenJDK\jre-8.0.292.10-hotspot\bin;C:\Program Files\AdoptOpenJDK\jre-11.0.11.9-hotspot\bin;C:\Program Files (x86)\AdoptOpenJDK\jre-8.0.292.10-hotspot\bin;C:\Windows\system32;C:\Windows;C:\Windows\System32\Wbem;C:\Windows\System32\WindowsPowerShell\v1.0\;C:\Windows\System32\OpenSSH\;C:\Program Files (x86)\Windows Live\Shared;C:\Program Files (x86)\dotnet\;C:\Program Files\dotnet\;C:\Program Files (x86)\QuickTime\QTSystem\;C:\Program Files (x86)\Yarn\bin\;C:\Program Files\NetMake\v9-php81\components\php;C:\ProgramData\chocolatey\bin;C:\Program Files\nodejs\;C:\Program Files (x86)\PuTTY\;C:\Users\servidor\AppData\Local\Microsoft\WindowsApps;C:\Users\servidor\AppData\Local\Programs\Microsoft VS Code\bin;C:\Users\servidor\AppData\Local\Yarn\bin;C:\Users\servidor\AppData\Roaming\npm;C:\Users\servidor
USERNAME=servidor
LANG=es_ES.UTF-8
OS=Windows_NT
PROCESSOR_IDENTIFIER=Intel64 Family 6 Model 140 Stepping 1, GenuineIntel
TMP=C:\Users\servidor\AppData\Local\Temp
TEMP=C:\Users\servidor\AppData\Local\Temp



---------------  S Y S T E M  ---------------

OS: Windows 10 , 64 bit Build 19041 (10.0.19041.2788)
OS uptime: 0 days 2:12 hours
Hyper-V role detected

CPU:total 4 (initial active 4) (2 cores per cpu, 2 threads per core) family 6 model 140 stepping 1 microcode 0xa4, cmov, cx8, fxsr, mmx, sse, sse2, sse3, ssse3, sse4.1, sse4.2, popcnt, avx, avx2, aes, clmul, erms, 3dnowpref, lzcnt, ht, tsc, tscinvbit, bmi1, bmi2, adx, evex, sha, fma

Memory: 4k page, system-wide physical 3822M (88M free)
TotalPageFile size 15598M (AvailPageFile size 17M)
current process WorkingSet (physical memory assigned to process): 187M, peak: 245M
current process commit charge ("private bytes"): 404M, peak: 435M

vm_info: OpenJDK 64-Bit Server VM (11.0.20+8-LTS) for windows-amd64 JRE (11.0.20+8-LTS), built on Jul  7 2023 17:05:21 by "MicrosoftCorporation" with MS VC++ 15.9 (VS2017)

END.
