#
# There is insufficient memory for the Java Runtime Environment to continue.
# Native memory allocation (mmap) failed to map 169869312 bytes for Failed to commit area from 0x0000000093000000 to 0x000000009d200000 of length 169869312.
# Possible reasons:
#   The system is out of physical RAM or swap space
#   The process is running with CompressedOops enabled, and the Java Heap may be blocking the growth of the native heap
# Possible solutions:
#   Reduce memory load on the system
#   Increase physical memory or swap space
#   Check if swap backing store is full
#   Decrease Java heap size (-Xmx/-Xms)
#   Decrease number of Java threads
#   Decrease Java thread stack sizes (-Xss)
#   Set larger code cache with -XX:ReservedCodeCacheSize=
#   JVM is running with Unscaled Compressed Oops mode in which the Java heap is
#     placed in the first 4GB address space. The Java Heap base address is the
#     maximum limit for the native heap growth. Please use -XX:HeapBaseMinAddress
#     to set the Java Heap base and to place the Java Heap above 4GB virtual address.
# This output file may be truncated or incomplete.
#
#  Out of Memory Error (os_windows.cpp:3386), pid=20968, tid=3744
#
# JRE version: OpenJDK Runtime Environment Microsoft-8035250 (11.0.20+8) (build 11.0.20+8-LTS)
# Java VM: OpenJDK 64-Bit Server VM Microsoft-8035250 (11.0.20+8-LTS, mixed mode, tiered, compressed oops, g1 gc, windows-amd64)
# No core dump will be written. Minidumps are not enabled by default on client versions of Windows
#

---------------  S U M M A R Y ------------

Command Line: -XX:MaxMetaspaceSize=512m --add-opens=java.base/java.util=ALL-UNNAMED --add-opens=java.base/java.lang=ALL-UNNAMED --add-opens=java.base/java.lang.invoke=ALL-UNNAMED --add-opens=java.prefs/java.util.prefs=ALL-UNNAMED --add-opens=java.base/java.nio.charset=ALL-UNNAMED --add-opens=java.base/java.net=ALL-UNNAMED --add-opens=java.base/java.util.concurrent.atomic=ALL-UNNAMED -Xmx2048m -Dfile.encoding=windows-1252 -Duser.country=MX -Duser.language=es -Duser.variant org.gradle.launcher.daemon.bootstrap.GradleDaemon 8.0.1

Host: 11th Gen Intel(R) Core(TM) i3-1115G4 @ 3.00GHz, 4 cores, 3G,  Windows 10 , 64 bit Build 19041 (10.0.19041.2788)
Time: Fri Dec  8 09:19:43 2023 Hora estándar central (México) elapsed time: 140.046619 seconds (0d 0h 2m 20s)

---------------  T H R E A D  ---------------

Current thread (0x000002851e219000):  VMThread "VM Thread" [stack: 0x0000008db3400000,0x0000008db3500000] [id=3744]

Stack: [0x0000008db3400000,0x0000008db3500000]
[error occurred during error reporting (printing stack bounds), id 0xc0000005, EXCEPTION_ACCESS_VIOLATION (0xc0000005) at pc=0x00000285086a12e7]

Native frames: (J=compiled Java code, j=interpreted, Vv=VM code, C=native code)
V  [jvm.dll+0x62e9da]
V  [jvm.dll+0x7bc4e9]
V  [jvm.dll+0x7bdbd8]
V  [jvm.dll+0x7be215]
V  [jvm.dll+0x7be1cb]
V  [jvm.dll+0x62dd67]
V  [jvm.dll+0x62e478]
C  [ntdll.dll+0xa23df]
C  [ntdll.dll+0x514a4]
C  [ntdll.dll+0xa0f0e]
C  0x00000285086a12e7

VM_Operation (0x0000008db7ffc600): G1CollectForAllocation, mode: safepoint, requested by thread 0x000002852325d000


---------------  P R O C E S S  ---------------

Threads class SMR info:
_java_thread_list=0x000002852b10d5d0, length=86, elements={
0x000002857d284800, 0x000002851e21b000, 0x000002851e224800, 0x000002851e27d000,
0x000002851e280000, 0x000002851e282000, 0x000002851e283800, 0x000002851e284800,
0x000002851e432000, 0x000002851e54a000, 0x000002851f8ba000, 0x000002851f794800,
0x000002851fbb1000, 0x00000285203dc800, 0x000002851f75a800, 0x000002851f75c800,
0x000002851f2cf800, 0x000002851e499800, 0x000002851f2dd000, 0x000002851f2e3800,
0x000002851f2de800, 0x000002851f2df800, 0x000002851f2e2000, 0x000002851f2e1000,
0x000002851f2e2800, 0x000002851f2e0000, 0x000002851f2dd800, 0x0000028522e08800,
0x0000028522e06000, 0x0000028522e04800, 0x0000028522e09800, 0x0000028522e05800,
0x0000028522e07000, 0x0000028522e08000, 0x0000028522e0e800, 0x0000028522e0d800,
0x0000028522e0a800, 0x0000028522e0f000, 0x0000028522e10000, 0x0000028522e11000,
0x0000028522e0c000, 0x0000028522e0b000, 0x0000028522e11800, 0x0000028522e12800,
0x0000028522e13800, 0x0000028523487000, 0x0000028523483000, 0x0000028523483800,
0x0000028523485800, 0x0000028523488000, 0x0000028523484800, 0x0000028523486000,
0x0000028523482000, 0x000002852348d800, 0x0000028523488800, 0x000002852348f000,
0x000002852348e800, 0x000002852348a000, 0x000002852348b000, 0x0000028523489800,
0x000002852348c000, 0x0000028523490000, 0x000002852348c800, 0x0000028523490800,
0x000002852325b800, 0x0000028523261000, 0x0000028523260000, 0x0000028523262000,
0x000002852325f800, 0x000002852325d000, 0x000002852325c000, 0x0000028523262800,
0x0000028523263800, 0x0000028523264800, 0x000002852325e800, 0x0000028523268800,
0x0000028523265000, 0x0000028523266000, 0x0000028523266800, 0x0000028523269000,
0x000002852326a000, 0x0000028523267800, 0x000002852529d800, 0x000002852529e800,
0x000002852529f800, 0x00000285252a0000
}

Java Threads: ( => current thread )
  0x000002857d284800 JavaThread "main" [_thread_blocked, id=25244, stack(0x0000008db2e00000,0x0000008db2f00000)]
  0x000002851e21b000 JavaThread "Reference Handler" daemon [_thread_blocked, id=17128, stack(0x0000008db3500000,0x0000008db3600000)]
  0x000002851e224800 JavaThread "Finalizer" daemon [_thread_blocked, id=17224, stack(0x0000008db3600000,0x0000008db3700000)]
  0x000002851e27d000 JavaThread "Signal Dispatcher" daemon [_thread_blocked, id=1096, stack(0x0000008db3700000,0x0000008db3800000)]
  0x000002851e280000 JavaThread "Attach Listener" daemon [_thread_blocked, id=28656, stack(0x0000008db3800000,0x0000008db3900000)]
  0x000002851e282000 JavaThread "Service Thread" daemon [_thread_blocked, id=27640, stack(0x0000008db3900000,0x0000008db3a00000)]
  0x000002851e283800 JavaThread "C2 CompilerThread0" daemon [_thread_blocked, id=28364, stack(0x0000008db3a00000,0x0000008db3b00000)]
  0x000002851e284800 JavaThread "C1 CompilerThread0" daemon [_thread_blocked, id=2080, stack(0x0000008db3b00000,0x0000008db3c00000)]
  0x000002851e432000 JavaThread "Sweeper thread" daemon [_thread_blocked, id=22956, stack(0x0000008db3c00000,0x0000008db3d00000)]
  0x000002851e54a000 JavaThread "Common-Cleaner" daemon [_thread_blocked, id=14372, stack(0x0000008db3d00000,0x0000008db3e00000)]
  0x000002851f8ba000 JavaThread "Daemon health stats" [_thread_blocked, id=19432, stack(0x0000008db4000000,0x0000008db4100000)]
  0x000002851f794800 JavaThread "Incoming local TCP Connector on port 57991" [_thread_in_native, id=28084, stack(0x0000008db4100000,0x0000008db4200000)]
  0x000002851fbb1000 JavaThread "Daemon periodic checks" [_thread_blocked, id=6108, stack(0x0000008db4400000,0x0000008db4500000)]
  0x00000285203dc800 JavaThread "Daemon" [_thread_blocked, id=14384, stack(0x0000008db4500000,0x0000008db4600000)]
  0x000002851f75a800 JavaThread "Handler for socket connection from /127.0.0.1:57991 to /127.0.0.1:57992" [_thread_in_native, id=24960, stack(0x0000008db4600000,0x0000008db4700000)]
  0x000002851f75c800 JavaThread "Cancel handler" [_thread_blocked, id=11392, stack(0x0000008db4700000,0x0000008db4800000)]
  0x000002851f2cf800 JavaThread "Daemon worker" [_thread_blocked, id=17508, stack(0x0000008db4800000,0x0000008db4900000)]
  0x000002851e499800 JavaThread "Asynchronous log dispatcher for DefaultDaemonConnection: socket connection from /127.0.0.1:57991 to /127.0.0.1:57992" [_thread_blocked, id=11592, stack(0x0000008db4900000,0x0000008db4a00000)]
  0x000002851f2dd000 JavaThread "Stdin handler" [_thread_blocked, id=26196, stack(0x0000008db4a00000,0x0000008db4b00000)]
  0x000002851f2e3800 JavaThread "Daemon client event forwarder" [_thread_blocked, id=6112, stack(0x0000008db4b00000,0x0000008db4c00000)]
  0x000002851f2de800 JavaThread "Cache worker for journal cache (C:\Users\servidor\.gradle\caches\journal-1)" [_thread_blocked, id=13492, stack(0x0000008db4c00000,0x0000008db4d00000)]
  0x000002851f2df800 JavaThread "File lock request listener" [_thread_in_native, id=20676, stack(0x0000008db4d00000,0x0000008db4e00000)]
  0x000002851f2e2000 JavaThread "Cache worker for file hash cache (C:\Users\servidor\.gradle\caches\8.0.1\fileHashes)" [_thread_blocked, id=19600, stack(0x0000008db4e00000,0x0000008db4f00000)]
  0x000002851f2e1000 JavaThread "File lock release action executor" [_thread_blocked, id=27912, stack(0x0000008db4f00000,0x0000008db5000000)]
  0x000002851f2e2800 JavaThread "File watcher server" daemon [_thread_in_native, id=3396, stack(0x0000008db5000000,0x0000008db5100000)]
  0x000002851f2e0000 JavaThread "File watcher consumer" daemon [_thread_blocked, id=8228, stack(0x0000008db5100000,0x0000008db5200000)]
  0x000002851f2dd800 JavaThread "Cache worker for checksums cache (C:\Users\servidor\Documents\DESARROLLOMOVIL\AULATRACK\android\.gradle\8.0.1\checksums)" [_thread_blocked, id=8972, stack(0x0000008db5200000,0x0000008db5300000)]
  0x0000028522e08800 JavaThread "Cache worker for cache directory md-rule (C:\Users\servidor\.gradle\caches\8.0.1\md-rule)" [_thread_blocked, id=21228, stack(0x0000008db5300000,0x0000008db5400000)]
  0x0000028522e06000 JavaThread "Cache worker for file content cache (C:\Users\servidor\.gradle\caches\8.0.1\fileContent)" [_thread_blocked, id=27504, stack(0x0000008db5400000,0x0000008db5500000)]
  0x0000028522e04800 JavaThread "Cache worker for file hash cache (C:\Users\servidor\Documents\DESARROLLOMOVIL\AULATRACK\android\.gradle\8.0.1\fileHashes)" [_thread_blocked, id=14624, stack(0x0000008db5500000,0x0000008db5600000)]
  0x0000028522e09800 JavaThread "Cache worker for cache directory md-supplier (C:\Users\servidor\.gradle\caches\8.0.1\md-supplier)" [_thread_blocked, id=2580, stack(0x0000008db5600000,0x0000008db5700000)]
  0x0000028522e05800 JavaThread "Cache worker for execution history cache (C:\Users\servidor\.gradle\caches\8.0.1\executionHistory)" [_thread_blocked, id=13972, stack(0x0000008db5700000,0x0000008db5800000)]
  0x0000028522e07000 JavaThread "jar transforms" [_thread_blocked, id=24044, stack(0x0000008db5800000,0x0000008db5900000)]
  0x0000028522e08000 JavaThread "jar transforms Thread 2" [_thread_blocked, id=18396, stack(0x0000008db5900000,0x0000008db5a00000)]
  0x0000028522e0e800 JavaThread "jar transforms Thread 3" [_thread_blocked, id=4940, stack(0x0000008db5a00000,0x0000008db5b00000)]
  0x0000028522e0d800 JavaThread "jar transforms Thread 4" [_thread_blocked, id=23080, stack(0x0000008db5b00000,0x0000008db5c00000)]
  0x0000028522e0a800 JavaThread "Cache worker for kotlin-dsl (C:\Users\servidor\.gradle\caches\8.0.1\kotlin-dsl)" [_thread_blocked, id=20892, stack(0x0000008db5c00000,0x0000008db5d00000)]
  0x0000028522e0f000 JavaThread "Cache worker for dependencies-accessors (C:\Users\servidor\Documents\DESARROLLOMOVIL\AULATRACK\android\.gradle\8.0.1\dependencies-accessors)" [_thread_blocked, id=18376, stack(0x0000008db2b00000,0x0000008db2c00000)]
  0x0000028522e10000 JavaThread "Cache worker for Build Output Cleanup Cache (C:\Users\servidor\Documents\DESARROLLOMOVIL\AULATRACK\node_modules\@react-native\gradle-plugin\.gradle\buildOutputCleanup)" [_thread_blocked, id=25264, stack(0x0000008db5d00000,0x0000008db5e00000)]
  0x0000028522e11000 JavaThread "Unconstrained build operations" [_thread_blocked, id=21584, stack(0x0000008db6000000,0x0000008db6100000)]
  0x0000028522e0c000 JavaThread "Unconstrained build operations Thread 2" [_thread_blocked, id=27316, stack(0x0000008db6100000,0x0000008db6200000)]
  0x0000028522e0b000 JavaThread "Unconstrained build operations Thread 3" [_thread_blocked, id=24052, stack(0x0000008db6200000,0x0000008db6300000)]
  0x0000028522e11800 JavaThread "Unconstrained build operations Thread 4" [_thread_blocked, id=24796, stack(0x0000008db6300000,0x0000008db6400000)]
  0x0000028522e12800 JavaThread "Unconstrained build operations Thread 5" [_thread_blocked, id=11684, stack(0x0000008db6400000,0x0000008db6500000)]
  0x0000028522e13800 JavaThread "Unconstrained build operations Thread 6" [_thread_blocked, id=11516, stack(0x0000008db6500000,0x0000008db6600000)]
  0x0000028523487000 JavaThread "Unconstrained build operations Thread 7" [_thread_blocked, id=28404, stack(0x0000008db6600000,0x0000008db6700000)]
  0x0000028523483000 JavaThread "Unconstrained build operations Thread 8" [_thread_blocked, id=10528, stack(0x0000008db6700000,0x0000008db6800000)]
  0x0000028523483800 JavaThread "Unconstrained build operations Thread 9" [_thread_blocked, id=22180, stack(0x0000008db6800000,0x0000008db6900000)]
  0x0000028523485800 JavaThread "Unconstrained build operations Thread 10" [_thread_blocked, id=23984, stack(0x0000008db6900000,0x0000008db6a00000)]
  0x0000028523488000 JavaThread "Unconstrained build operations Thread 11" [_thread_blocked, id=1864, stack(0x0000008db6a00000,0x0000008db6b00000)]
  0x0000028523484800 JavaThread "Unconstrained build operations Thread 12" [_thread_blocked, id=24028, stack(0x0000008db6b00000,0x0000008db6c00000)]
  0x0000028523486000 JavaThread "Unconstrained build operations Thread 13" [_thread_blocked, id=21696, stack(0x0000008db6c00000,0x0000008db6d00000)]
  0x0000028523482000 JavaThread "Unconstrained build operations Thread 14" [_thread_blocked, id=25488, stack(0x0000008db6d00000,0x0000008db6e00000)]
  0x000002852348d800 JavaThread "Unconstrained build operations Thread 15" [_thread_blocked, id=408, stack(0x0000008db6e00000,0x0000008db6f00000)]
  0x0000028523488800 JavaThread "Unconstrained build operations Thread 16" [_thread_blocked, id=21556, stack(0x0000008db6f00000,0x0000008db7000000)]
  0x000002852348f000 JavaThread "Unconstrained build operations Thread 17" [_thread_blocked, id=21044, stack(0x0000008db7000000,0x0000008db7100000)]
  0x000002852348e800 JavaThread "Unconstrained build operations Thread 18" [_thread_blocked, id=27256, stack(0x0000008db7100000,0x0000008db7200000)]
  0x000002852348a000 JavaThread "Unconstrained build operations Thread 19" [_thread_blocked, id=14944, stack(0x0000008db7200000,0x0000008db7300000)]
  0x000002852348b000 JavaThread "Unconstrained build operations Thread 20" [_thread_blocked, id=7444, stack(0x0000008db7300000,0x0000008db7400000)]
  0x0000028523489800 JavaThread "Unconstrained build operations Thread 21" [_thread_blocked, id=19560, stack(0x0000008db7400000,0x0000008db7500000)]
  0x000002852348c000 JavaThread "Unconstrained build operations Thread 22" [_thread_blocked, id=1204, stack(0x0000008db7500000,0x0000008db7600000)]
  0x0000028523490000 JavaThread "Unconstrained build operations Thread 23" [_thread_blocked, id=20332, stack(0x0000008db7600000,0x0000008db7700000)]
  0x000002852348c800 JavaThread "Unconstrained build operations Thread 24" [_thread_blocked, id=5268, stack(0x0000008db7700000,0x0000008db7800000)]
  0x0000028523490800 JavaThread "Unconstrained build operations Thread 25" [_thread_blocked, id=24152, stack(0x0000008db7800000,0x0000008db7900000)]
  0x000002852325b800 JavaThread "Unconstrained build operations Thread 26" [_thread_blocked, id=9132, stack(0x0000008db7900000,0x0000008db7a00000)]
  0x0000028523261000 JavaThread "Memory manager" [_thread_blocked, id=27328, stack(0x0000008db7a00000,0x0000008db7b00000)]
  0x0000028523260000 JavaThread "Cache worker for Build Output Cleanup Cache (C:\Users\servidor\Documents\DESARROLLOMOVIL\AULATRACK\android\.gradle\buildOutputCleanup)" [_thread_blocked, id=15044, stack(0x0000008db7b00000,0x0000008db7c00000)]
  0x0000028523262000 JavaThread "Execution worker" [_thread_blocked, id=4536, stack(0x0000008db7d00000,0x0000008db7e00000)]
  0x000002852325f800 JavaThread "Execution worker Thread 2" [_thread_blocked, id=9808, stack(0x0000008db7e00000,0x0000008db7f00000)]
  0x000002852325d000 JavaThread "Execution worker Thread 3" [_thread_blocked, id=124, stack(0x0000008db7f00000,0x0000008db8000000)]
  0x000002852325c000 JavaThread "Cache worker for execution history cache (C:\Users\servidor\Documents\DESARROLLOMOVIL\AULATRACK\node_modules\@react-native\gradle-plugin\.gradle\8.0.1\executionHistory)" [_thread_blocked, id=396, stack(0x0000008db8000000,0x0000008db8100000)]
  0x0000028523262800 JavaThread "Unconstrained build operations Thread 27" [_thread_blocked, id=9980, stack(0x0000008db8100000,0x0000008db8200000)]
  0x0000028523263800 JavaThread "Unconstrained build operations Thread 28" [_thread_blocked, id=28592, stack(0x0000008db8200000,0x0000008db8300000)]
  0x0000028523264800 JavaThread "Unconstrained build operations Thread 29" [_thread_blocked, id=17116, stack(0x0000008db8300000,0x0000008db8400000)]
  0x000002852325e800 JavaThread "Unconstrained build operations Thread 30" [_thread_blocked, id=24712, stack(0x0000008db8400000,0x0000008db8500000)]
  0x0000028523268800 JavaThread "Unconstrained build operations Thread 31" [_thread_blocked, id=24756, stack(0x0000008db8500000,0x0000008db8600000)]
  0x0000028523265000 JavaThread "Unconstrained build operations Thread 32" [_thread_blocked, id=24384, stack(0x0000008db8600000,0x0000008db8700000)]
  0x0000028523266000 JavaThread "Unconstrained build operations Thread 33" [_thread_blocked, id=21540, stack(0x0000008db8700000,0x0000008db8800000)]
  0x0000028523266800 JavaThread "Unconstrained build operations Thread 34" [_thread_blocked, id=18700, stack(0x0000008db8800000,0x0000008db8900000)]
  0x0000028523269000 JavaThread "Unconstrained build operations Thread 35" [_thread_blocked, id=16112, stack(0x0000008db8900000,0x0000008db8a00000)]
  0x000002852326a000 JavaThread "Unconstrained build operations Thread 36" [_thread_blocked, id=23316, stack(0x0000008db8a00000,0x0000008db8b00000)]
  0x0000028523267800 JavaThread "Unconstrained build operations Thread 37" [_thread_blocked, id=17344, stack(0x0000008db8b00000,0x0000008db8c00000)]
  0x000002852529d800 JavaThread "Unconstrained build operations Thread 38" [_thread_blocked, id=8768, stack(0x0000008db8c00000,0x0000008db8d00000)]
  0x000002852529e800 JavaThread "Unconstrained build operations Thread 39" [_thread_blocked, id=9440, stack(0x0000008db8d00000,0x0000008db8e00000)]
  0x000002852529f800 JavaThread "Unconstrained build operations Thread 40" [_thread_blocked, id=24120, stack(0x0000008db8e00000,0x0000008db8f00000)]
  0x00000285252a0000 JavaThread "included builds Thread 2" [_thread_blocked, id=19660, stack(0x0000008db2d00000,0x0000008db2e00000)]

Other Threads:
=>0x000002851e219000 VMThread "VM Thread" [stack: 0x0000008db3400000,0x0000008db3500000] [id=3744]
  0x000002851e554800 WatcherThread [stack: 0x0000008db3e00000,0x0000008db3f00000] [id=23000]
  0x000002857d29c800 GCTaskThread "GC Thread#0" [stack: 0x0000008db2f00000,0x0000008db3000000] [id=14120]
  0x000002851ed92800 GCTaskThread "GC Thread#1" [stack: 0x0000008db3f00000,0x0000008db4000000] [id=21444]
  0x000002851f4a4800 GCTaskThread "GC Thread#2" [stack: 0x0000008db4200000,0x0000008db4300000] [id=9184]
  0x000002851f265000 GCTaskThread "GC Thread#3" [stack: 0x0000008db4300000,0x0000008db4400000] [id=15452]
  0x000002857d2cc800 ConcurrentGCThread "G1 Main Marker" [stack: 0x0000008db3000000,0x0000008db3100000] [id=10360]
  0x000002857d2ce000 ConcurrentGCThread "G1 Conc#0" [stack: 0x0000008db3100000,0x0000008db3200000] [id=11832]
  0x000002857d317800 ConcurrentGCThread "G1 Refine#0" [stack: 0x0000008db3200000,0x0000008db3300000] [id=16744]
  0x000002857d318800 ConcurrentGCThread "G1 Young RemSet Sampling" [stack: 0x0000008db3300000,0x0000008db3400000] [id=14968]

Threads with active compile tasks:
C2 CompilerThread0   140087 15084       4       org.gradle.internal.component.model.DefaultIvyArtifactName::<init> (34 bytes)

VM state:at safepoint (normal execution)

VM Mutex/Monitor currently owned by a thread:  ([mutex/lock_event])
[0x000002857d280040] Threads_lock - owner thread: 0x000002851e219000
[0x000002857d2813f0] Heap_lock - owner thread: 0x000002852325d000

Heap address: 0x0000000080000000, size: 2048 MB, Compressed Oops mode: 32-bit
Narrow klass base: 0x0000000000000000, Narrow klass shift: 3
Compressed class space size: 528482304 Address: 0x0000000100000000

Heap:
 garbage-first heap   total 477184K, used 199960K [0x0000000080000000, 0x0000000100000000)
  region size 1024K, 4 young (4096K), 4 survivors (4096K)
 Metaspace       used 118110K, capacity 122348K, committed 122544K, reserved 622592K
  class space    used 15420K, capacity 17110K, committed 17152K, reserved 516096K
Heap Regions: E=young(eden), S=young(survivor), O=old, HS=humongous(starts), HC=humongous(continues), CS=collection set, F=free, A=archive, TAMS=top-at-mark-start (previous, next)
|   0|0x0000000080000000, 0x0000000080100000, 0x0000000080100000|100%| O|  |TAMS 0x0000000080100000, 0x0000000080000000| Untracked 
|   1|0x0000000080100000, 0x0000000080200000, 0x0000000080200000|100%| O|  |TAMS 0x0000000080200000, 0x0000000080100000| Untracked 
|   2|0x0000000080200000, 0x0000000080300000, 0x0000000080300000|100%| O|  |TAMS 0x0000000080300000, 0x0000000080200000| Untracked 
|   3|0x0000000080300000, 0x0000000080400000, 0x0000000080400000|100%|HS|  |TAMS 0x0000000080400000, 0x0000000080300000| Complete 
|   4|0x0000000080400000, 0x0000000080500000, 0x0000000080500000|100%|HC|  |TAMS 0x0000000080500000, 0x0000000080400000| Complete 
|   5|0x0000000080500000, 0x0000000080600000, 0x0000000080600000|100%|HC|  |TAMS 0x0000000080600000, 0x0000000080500000| Complete 
|   6|0x0000000080600000, 0x0000000080700000, 0x0000000080700000|100%|HC|  |TAMS 0x0000000080700000, 0x0000000080600000| Complete 
|   7|0x0000000080700000, 0x0000000080800000, 0x0000000080800000|100%| O|  |TAMS 0x0000000080800000, 0x0000000080700000| Untracked 
|   8|0x0000000080800000, 0x0000000080900000, 0x0000000080900000|100%| O|  |TAMS 0x0000000080900000, 0x0000000080800000| Untracked 
|   9|0x0000000080900000, 0x0000000080a00000, 0x0000000080a00000|100%| O|  |TAMS 0x0000000080a00000, 0x0000000080900000| Untracked 
|  10|0x0000000080a00000, 0x0000000080b00000, 0x0000000080b00000|100%| O|  |TAMS 0x0000000080b00000, 0x0000000080a00000| Untracked 
|  11|0x0000000080b00000, 0x0000000080c00000, 0x0000000080c00000|100%| O|  |TAMS 0x0000000080c00000, 0x0000000080b00000| Untracked 
|  12|0x0000000080c00000, 0x0000000080d00000, 0x0000000080d00000|100%| O|  |TAMS 0x0000000080d00000, 0x0000000080c00000| Untracked 
|  13|0x0000000080d00000, 0x0000000080e00000, 0x0000000080e00000|100%| O|  |TAMS 0x0000000080e00000, 0x0000000080d00000| Untracked 
|  14|0x0000000080e00000, 0x0000000080f00000, 0x0000000080f00000|100%| O|  |TAMS 0x0000000080f00000, 0x0000000080e00000| Untracked 
|  15|0x0000000080f00000, 0x0000000081000000, 0x0000000081000000|100%| O|  |TAMS 0x0000000081000000, 0x0000000080f00000| Untracked 
|  16|0x0000000081000000, 0x0000000081100000, 0x0000000081100000|100%| O|  |TAMS 0x0000000081100000, 0x0000000081000000| Untracked 
|  17|0x0000000081100000, 0x0000000081200000, 0x0000000081200000|100%| O|  |TAMS 0x0000000081200000, 0x0000000081100000| Untracked 
|  18|0x0000000081200000, 0x0000000081300000, 0x0000000081300000|100%| O|  |TAMS 0x0000000081300000, 0x0000000081200000| Untracked 
|  19|0x0000000081300000, 0x0000000081400000, 0x0000000081400000|100%| O|  |TAMS 0x0000000081400000, 0x0000000081300000| Untracked 
|  20|0x0000000081400000, 0x0000000081500000, 0x0000000081500000|100%| O|  |TAMS 0x0000000081500000, 0x0000000081400000| Untracked 
|  21|0x0000000081500000, 0x0000000081600000, 0x0000000081600000|100%| O|  |TAMS 0x0000000081600000, 0x0000000081500000| Untracked 
|  22|0x0000000081600000, 0x0000000081700000, 0x0000000081700000|100%| O|  |TAMS 0x0000000081700000, 0x0000000081600000| Untracked 
|  23|0x0000000081700000, 0x0000000081800000, 0x0000000081800000|100%| O|  |TAMS 0x0000000081800000, 0x0000000081700000| Untracked 
|  24|0x0000000081800000, 0x0000000081900000, 0x0000000081900000|100%| O|  |TAMS 0x0000000081900000, 0x0000000081800000| Untracked 
|  25|0x0000000081900000, 0x0000000081a00000, 0x0000000081a00000|100%| O|  |TAMS 0x0000000081a00000, 0x0000000081900000| Untracked 
|  26|0x0000000081a00000, 0x0000000081b00000, 0x0000000081b00000|100%| O|  |TAMS 0x0000000081b00000, 0x0000000081a00000| Untracked 
|  27|0x0000000081b00000, 0x0000000081c00000, 0x0000000081c00000|100%| O|  |TAMS 0x0000000081c00000, 0x0000000081b00000| Untracked 
|  28|0x0000000081c00000, 0x0000000081d00000, 0x0000000081d00000|100%| O|  |TAMS 0x0000000081d00000, 0x0000000081c00000| Untracked 
|  29|0x0000000081d00000, 0x0000000081e00000, 0x0000000081e00000|100%| O|  |TAMS 0x0000000081e00000, 0x0000000081d00000| Untracked 
|  30|0x0000000081e00000, 0x0000000081f00000, 0x0000000081f00000|100%| O|  |TAMS 0x0000000081f00000, 0x0000000081e00000| Untracked 
|  31|0x0000000081f00000, 0x0000000082000000, 0x0000000082000000|100%| O|  |TAMS 0x0000000082000000, 0x0000000081f00000| Untracked 
|  32|0x0000000082000000, 0x0000000082100000, 0x0000000082100000|100%| O|  |TAMS 0x0000000082100000, 0x0000000082000000| Untracked 
|  33|0x0000000082100000, 0x0000000082200000, 0x0000000082200000|100%| O|  |TAMS 0x0000000082200000, 0x0000000082100000| Untracked 
|  34|0x0000000082200000, 0x0000000082300000, 0x0000000082300000|100%| O|  |TAMS 0x0000000082300000, 0x0000000082200000| Untracked 
|  35|0x0000000082300000, 0x0000000082400000, 0x0000000082400000|100%| O|  |TAMS 0x0000000082400000, 0x0000000082300000| Untracked 
|  36|0x0000000082400000, 0x0000000082500000, 0x0000000082500000|100%|HS|  |TAMS 0x0000000082500000, 0x0000000082400000| Complete 
|  37|0x0000000082500000, 0x0000000082600000, 0x0000000082600000|100%|HC|  |TAMS 0x0000000082600000, 0x0000000082500000| Complete 
|  38|0x0000000082600000, 0x0000000082700000, 0x0000000082700000|100%| O|  |TAMS 0x0000000082700000, 0x0000000082600000| Untracked 
|  39|0x0000000082700000, 0x0000000082800000, 0x0000000082800000|100%|HS|  |TAMS 0x0000000082800000, 0x0000000082700000| Complete 
|  40|0x0000000082800000, 0x0000000082900000, 0x0000000082900000|100%|HC|  |TAMS 0x0000000082900000, 0x0000000082800000| Complete 
|  41|0x0000000082900000, 0x0000000082a00000, 0x0000000082a00000|100%|HC|  |TAMS 0x0000000082a00000, 0x0000000082900000| Complete 
|  42|0x0000000082a00000, 0x0000000082b00000, 0x0000000082b00000|100%|HC|  |TAMS 0x0000000082b00000, 0x0000000082a00000| Complete 
|  43|0x0000000082b00000, 0x0000000082c00000, 0x0000000082c00000|100%| O|  |TAMS 0x0000000082c00000, 0x0000000082b00000| Untracked 
|  44|0x0000000082c00000, 0x0000000082d00000, 0x0000000082d00000|100%| O|  |TAMS 0x0000000082d00000, 0x0000000082c00000| Untracked 
|  45|0x0000000082d00000, 0x0000000082e00000, 0x0000000082e00000|100%| O|  |TAMS 0x0000000082e00000, 0x0000000082d00000| Untracked 
|  46|0x0000000082e00000, 0x0000000082f00000, 0x0000000082f00000|100%| O|  |TAMS 0x0000000082f00000, 0x0000000082e00000| Untracked 
|  47|0x0000000082f00000, 0x0000000083000000, 0x0000000083000000|100%| O|  |TAMS 0x0000000083000000, 0x0000000082f00000| Untracked 
|  48|0x0000000083000000, 0x0000000083100000, 0x0000000083100000|100%| O|  |TAMS 0x0000000083100000, 0x0000000083000000| Untracked 
|  49|0x0000000083100000, 0x0000000083200000, 0x0000000083200000|100%|HS|  |TAMS 0x0000000083200000, 0x0000000083100000| Complete 
|  50|0x0000000083200000, 0x0000000083300000, 0x0000000083300000|100%| O|  |TAMS 0x0000000083300000, 0x0000000083200000| Untracked 
|  51|0x0000000083300000, 0x0000000083400000, 0x0000000083400000|100%| O|  |TAMS 0x0000000083400000, 0x0000000083300000| Untracked 
|  52|0x0000000083400000, 0x0000000083500000, 0x0000000083500000|100%| O|  |TAMS 0x0000000083500000, 0x0000000083400000| Untracked 
|  53|0x0000000083500000, 0x0000000083600000, 0x0000000083600000|100%| O|  |TAMS 0x0000000083600000, 0x0000000083500000| Untracked 
|  54|0x0000000083600000, 0x0000000083700000, 0x0000000083700000|100%| O|  |TAMS 0x0000000083700000, 0x0000000083600000| Untracked 
|  55|0x0000000083700000, 0x0000000083800000, 0x0000000083800000|100%|HS|  |TAMS 0x0000000083800000, 0x0000000083700000| Complete 
|  56|0x0000000083800000, 0x0000000083900000, 0x0000000083900000|100%|HS|  |TAMS 0x0000000083900000, 0x0000000083800000| Complete 
|  57|0x0000000083900000, 0x0000000083a00000, 0x0000000083a00000|100%| O|  |TAMS 0x0000000083a00000, 0x0000000083900000| Untracked 
|  58|0x0000000083a00000, 0x0000000083b00000, 0x0000000083b00000|100%| O|  |TAMS 0x0000000083b00000, 0x0000000083a00000| Untracked 
|  59|0x0000000083b00000, 0x0000000083c00000, 0x0000000083c00000|100%| O|  |TAMS 0x0000000083c00000, 0x0000000083b00000| Untracked 
|  60|0x0000000083c00000, 0x0000000083d00000, 0x0000000083d00000|100%| O|  |TAMS 0x0000000083d00000, 0x0000000083c00000| Untracked 
|  61|0x0000000083d00000, 0x0000000083e00000, 0x0000000083e00000|100%|HS|  |TAMS 0x0000000083e00000, 0x0000000083d00000| Complete 
|  62|0x0000000083e00000, 0x0000000083f00000, 0x0000000083f00000|100%| O|  |TAMS 0x0000000083f00000, 0x0000000083e00000| Untracked 
|  63|0x0000000083f00000, 0x0000000084000000, 0x0000000084000000|100%|HS|  |TAMS 0x0000000084000000, 0x0000000083f00000| Complete 
|  64|0x0000000084000000, 0x0000000084100000, 0x0000000084100000|100%| O|  |TAMS 0x0000000084100000, 0x0000000084000000| Untracked 
|  65|0x0000000084100000, 0x0000000084200000, 0x0000000084200000|100%| O|  |TAMS 0x0000000084200000, 0x0000000084100000| Untracked 
|  66|0x0000000084200000, 0x0000000084300000, 0x0000000084300000|100%| O|  |TAMS 0x0000000084300000, 0x0000000084200000| Untracked 
|  67|0x0000000084300000, 0x0000000084400000, 0x0000000084400000|100%| O|  |TAMS 0x0000000084400000, 0x0000000084300000| Untracked 
|  68|0x0000000084400000, 0x0000000084500000, 0x0000000084500000|100%| O|  |TAMS 0x0000000084500000, 0x0000000084400000| Untracked 
|  69|0x0000000084500000, 0x0000000084600000, 0x0000000084600000|100%| O|  |TAMS 0x0000000084600000, 0x0000000084500000| Untracked 
|  70|0x0000000084600000, 0x0000000084700000, 0x0000000084700000|100%| O|  |TAMS 0x0000000084700000, 0x0000000084600000| Untracked 
|  71|0x0000000084700000, 0x0000000084800000, 0x0000000084800000|100%| O|  |TAMS 0x0000000084800000, 0x0000000084700000| Untracked 
|  72|0x0000000084800000, 0x0000000084900000, 0x0000000084900000|100%| O|  |TAMS 0x0000000084900000, 0x0000000084800000| Untracked 
|  73|0x0000000084900000, 0x0000000084a00000, 0x0000000084a00000|100%| O|  |TAMS 0x0000000084a00000, 0x0000000084900000| Untracked 
|  74|0x0000000084a00000, 0x0000000084b00000, 0x0000000084b00000|100%| O|  |TAMS 0x0000000084b00000, 0x0000000084a00000| Untracked 
|  75|0x0000000084b00000, 0x0000000084c00000, 0x0000000084c00000|100%| O|  |TAMS 0x0000000084c00000, 0x0000000084b00000| Untracked 
|  76|0x0000000084c00000, 0x0000000084d00000, 0x0000000084d00000|100%| O|  |TAMS 0x0000000084d00000, 0x0000000084c00000| Untracked 
|  77|0x0000000084d00000, 0x0000000084e00000, 0x0000000084e00000|100%| O|  |TAMS 0x0000000084e00000, 0x0000000084d00000| Untracked 
|  78|0x0000000084e00000, 0x0000000084f00000, 0x0000000084f00000|100%| O|  |TAMS 0x0000000084f00000, 0x0000000084e00000| Untracked 
|  79|0x0000000084f00000, 0x0000000085000000, 0x0000000085000000|100%|HS|  |TAMS 0x0000000085000000, 0x0000000084f00000| Complete 
|  80|0x0000000085000000, 0x0000000085100000, 0x0000000085100000|100%|HS|  |TAMS 0x0000000085100000, 0x0000000085000000| Complete 
|  81|0x0000000085100000, 0x0000000085200000, 0x0000000085200000|100%| O|  |TAMS 0x0000000085200000, 0x0000000085100000| Untracked 
|  82|0x0000000085200000, 0x0000000085300000, 0x0000000085300000|100%| O|  |TAMS 0x0000000085300000, 0x0000000085200000| Untracked 
|  83|0x0000000085300000, 0x0000000085400000, 0x0000000085400000|100%| O|  |TAMS 0x0000000085400000, 0x0000000085300000| Untracked 
|  84|0x0000000085400000, 0x0000000085500000, 0x0000000085500000|100%|HS|  |TAMS 0x0000000085500000, 0x0000000085400000| Complete 
|  85|0x0000000085500000, 0x0000000085600000, 0x0000000085600000|100%|HS|  |TAMS 0x0000000085600000, 0x0000000085500000| Complete 
|  86|0x0000000085600000, 0x0000000085700000, 0x0000000085700000|100%|HC|  |TAMS 0x0000000085700000, 0x0000000085600000| Complete 
|  87|0x0000000085700000, 0x0000000085800000, 0x0000000085800000|100%|HC|  |TAMS 0x0000000085800000, 0x0000000085700000| Complete 
|  88|0x0000000085800000, 0x0000000085900000, 0x0000000085900000|100%|HS|  |TAMS 0x0000000085900000, 0x0000000085800000| Complete 
|  89|0x0000000085900000, 0x0000000085a00000, 0x0000000085a00000|100%|HC|  |TAMS 0x0000000085a00000, 0x0000000085900000| Complete 
|  90|0x0000000085a00000, 0x0000000085b00000, 0x0000000085b00000|100%| O|  |TAMS 0x0000000085b00000, 0x0000000085a00000| Untracked 
|  91|0x0000000085b00000, 0x0000000085c00000, 0x0000000085c00000|100%| O|  |TAMS 0x0000000085c00000, 0x0000000085b00000| Untracked 
|  92|0x0000000085c00000, 0x0000000085d00000, 0x0000000085d00000|100%| O|  |TAMS 0x0000000085d00000, 0x0000000085c00000| Untracked 
|  93|0x0000000085d00000, 0x0000000085e00000, 0x0000000085e00000|100%| O|  |TAMS 0x0000000085e00000, 0x0000000085d00000| Untracked 
|  94|0x0000000085e00000, 0x0000000085f00000, 0x0000000085f00000|100%| O|  |TAMS 0x0000000085f00000, 0x0000000085e00000| Untracked 
|  95|0x0000000085f00000, 0x0000000086000000, 0x0000000086000000|100%| O|  |TAMS 0x0000000086000000, 0x0000000085f00000| Untracked 
|  96|0x0000000086000000, 0x0000000086100000, 0x0000000086100000|100%| O|  |TAMS 0x0000000086100000, 0x0000000086000000| Untracked 
|  97|0x0000000086100000, 0x0000000086200000, 0x0000000086200000|100%| O|  |TAMS 0x0000000086200000, 0x0000000086100000| Untracked 
|  98|0x0000000086200000, 0x0000000086300000, 0x0000000086300000|100%| O|  |TAMS 0x0000000086300000, 0x0000000086200000| Untracked 
|  99|0x0000000086300000, 0x0000000086400000, 0x0000000086400000|100%| O|  |TAMS 0x0000000086400000, 0x0000000086300000| Untracked 
| 100|0x0000000086400000, 0x0000000086500000, 0x0000000086500000|100%| O|  |TAMS 0x0000000086500000, 0x0000000086400000| Untracked 
| 101|0x0000000086500000, 0x0000000086600000, 0x0000000086600000|100%| O|  |TAMS 0x0000000086600000, 0x0000000086500000| Untracked 
| 102|0x0000000086600000, 0x0000000086700000, 0x0000000086700000|100%| O|  |TAMS 0x0000000086700000, 0x0000000086600000| Untracked 
| 103|0x0000000086700000, 0x0000000086800000, 0x0000000086800000|100%| O|  |TAMS 0x0000000086800000, 0x0000000086700000| Untracked 
| 104|0x0000000086800000, 0x0000000086900000, 0x0000000086900000|100%| O|  |TAMS 0x0000000086900000, 0x0000000086800000| Untracked 
| 105|0x0000000086900000, 0x0000000086a00000, 0x0000000086a00000|100%| O|  |TAMS 0x0000000086a00000, 0x0000000086900000| Untracked 
| 106|0x0000000086a00000, 0x0000000086b00000, 0x0000000086b00000|100%| O|  |TAMS 0x0000000086b00000, 0x0000000086a00000| Untracked 
| 107|0x0000000086b00000, 0x0000000086c00000, 0x0000000086c00000|100%| O|  |TAMS 0x0000000086c00000, 0x0000000086b00000| Untracked 
| 108|0x0000000086c00000, 0x0000000086d00000, 0x0000000086d00000|100%| O|  |TAMS 0x0000000086d00000, 0x0000000086c00000| Untracked 
| 109|0x0000000086d00000, 0x0000000086e00000, 0x0000000086e00000|100%| O|  |TAMS 0x0000000086e00000, 0x0000000086d00000| Untracked 
| 110|0x0000000086e00000, 0x0000000086f00000, 0x0000000086f00000|100%| O|  |TAMS 0x0000000086f00000, 0x0000000086e00000| Untracked 
| 111|0x0000000086f00000, 0x0000000087000000, 0x0000000087000000|100%| O|  |TAMS 0x0000000087000000, 0x0000000086f00000| Untracked 
| 112|0x0000000087000000, 0x0000000087100000, 0x0000000087100000|100%| O|  |TAMS 0x0000000087100000, 0x0000000087000000| Untracked 
| 113|0x0000000087100000, 0x0000000087200000, 0x0000000087200000|100%| O|  |TAMS 0x0000000087200000, 0x0000000087100000| Untracked 
| 114|0x0000000087200000, 0x0000000087300000, 0x0000000087300000|100%| O|  |TAMS 0x0000000087300000, 0x0000000087200000| Untracked 
| 115|0x0000000087300000, 0x0000000087400000, 0x0000000087400000|100%| O|  |TAMS 0x0000000087400000, 0x0000000087300000| Untracked 
| 116|0x0000000087400000, 0x0000000087500000, 0x0000000087500000|100%| O|  |TAMS 0x0000000087500000, 0x0000000087400000| Untracked 
| 117|0x0000000087500000, 0x0000000087600000, 0x0000000087600000|100%| O|  |TAMS 0x0000000087600000, 0x0000000087500000| Untracked 
| 118|0x0000000087600000, 0x0000000087700000, 0x0000000087700000|100%| O|  |TAMS 0x0000000087700000, 0x0000000087600000| Untracked 
| 119|0x0000000087700000, 0x0000000087800000, 0x0000000087800000|100%| O|  |TAMS 0x0000000087800000, 0x0000000087700000| Untracked 
| 120|0x0000000087800000, 0x0000000087900000, 0x0000000087900000|100%| O|  |TAMS 0x0000000087900000, 0x0000000087800000| Untracked 
| 121|0x0000000087900000, 0x0000000087a00000, 0x0000000087a00000|100%| O|  |TAMS 0x0000000087a00000, 0x0000000087900000| Untracked 
| 122|0x0000000087a00000, 0x0000000087b00000, 0x0000000087b00000|100%| O|  |TAMS 0x0000000087b00000, 0x0000000087a00000| Untracked 
| 123|0x0000000087b00000, 0x0000000087c00000, 0x0000000087c00000|100%| O|  |TAMS 0x0000000087c00000, 0x0000000087b00000| Untracked 
| 124|0x0000000087c00000, 0x0000000087d00000, 0x0000000087d00000|100%| O|  |TAMS 0x0000000087d00000, 0x0000000087c00000| Untracked 
| 125|0x0000000087d00000, 0x0000000087e00000, 0x0000000087e00000|100%| O|  |TAMS 0x0000000087e00000, 0x0000000087d00000| Untracked 
| 126|0x0000000087e00000, 0x0000000087f00000, 0x0000000087f00000|100%| O|  |TAMS 0x0000000087f00000, 0x0000000087e00000| Untracked 
| 127|0x0000000087f00000, 0x0000000088000000, 0x0000000088000000|100%| O|  |TAMS 0x0000000088000000, 0x0000000087f00000| Untracked 
| 128|0x0000000088000000, 0x0000000088100000, 0x0000000088100000|100%| O|  |TAMS 0x0000000088100000, 0x0000000088000000| Untracked 
| 129|0x0000000088100000, 0x0000000088200000, 0x0000000088200000|100%| O|  |TAMS 0x0000000088200000, 0x0000000088100000| Untracked 
| 130|0x0000000088200000, 0x0000000088300000, 0x0000000088300000|100%| O|  |TAMS 0x0000000088300000, 0x0000000088200000| Untracked 
| 131|0x0000000088300000, 0x0000000088400000, 0x0000000088400000|100%| O|  |TAMS 0x0000000088400000, 0x0000000088300000| Untracked 
| 132|0x0000000088400000, 0x0000000088500000, 0x0000000088500000|100%| O|  |TAMS 0x0000000088500000, 0x0000000088400000| Untracked 
| 133|0x0000000088500000, 0x0000000088600000, 0x0000000088600000|100%| O|  |TAMS 0x0000000088600000, 0x0000000088500000| Untracked 
| 134|0x0000000088600000, 0x0000000088700000, 0x0000000088700000|100%| O|  |TAMS 0x0000000088700000, 0x0000000088600000| Untracked 
| 135|0x0000000088700000, 0x0000000088800000, 0x0000000088800000|100%| O|  |TAMS 0x0000000088800000, 0x0000000088700000| Untracked 
| 136|0x0000000088800000, 0x0000000088900000, 0x0000000088900000|100%| O|  |TAMS 0x0000000088900000, 0x0000000088800000| Untracked 
| 137|0x0000000088900000, 0x0000000088a00000, 0x0000000088a00000|100%| O|  |TAMS 0x0000000088a00000, 0x0000000088900000| Untracked 
| 138|0x0000000088a00000, 0x0000000088b00000, 0x0000000088b00000|100%| O|  |TAMS 0x0000000088b00000, 0x0000000088a00000| Untracked 
| 139|0x0000000088b00000, 0x0000000088c00000, 0x0000000088c00000|100%| O|  |TAMS 0x0000000088c00000, 0x0000000088b00000| Untracked 
| 140|0x0000000088c00000, 0x0000000088d00000, 0x0000000088d00000|100%| O|  |TAMS 0x0000000088d00000, 0x0000000088c00000| Untracked 
| 141|0x0000000088d00000, 0x0000000088e00000, 0x0000000088e00000|100%| O|  |TAMS 0x0000000088e00000, 0x0000000088d00000| Untracked 
| 142|0x0000000088e00000, 0x0000000088f00000, 0x0000000088f00000|100%|HS|  |TAMS 0x0000000088f00000, 0x0000000088e00000| Complete 
| 143|0x0000000088f00000, 0x0000000089000000, 0x0000000089000000|100%|HS|  |TAMS 0x0000000089000000, 0x0000000088f00000| Complete 
| 144|0x0000000089000000, 0x0000000089100000, 0x0000000089100000|100%|HC|  |TAMS 0x0000000089100000, 0x0000000089000000| Complete 
| 145|0x0000000089100000, 0x0000000089200000, 0x0000000089200000|100%|HC|  |TAMS 0x0000000089200000, 0x0000000089100000| Complete 
| 146|0x0000000089200000, 0x0000000089300000, 0x0000000089300000|100%| O|  |TAMS 0x0000000089300000, 0x0000000089200000| Untracked 
| 147|0x0000000089300000, 0x0000000089400000, 0x0000000089400000|100%| O|  |TAMS 0x0000000089400000, 0x0000000089300000| Untracked 
| 148|0x0000000089400000, 0x0000000089500000, 0x0000000089500000|100%| O|  |TAMS 0x0000000089500000, 0x0000000089400000| Untracked 
| 149|0x0000000089500000, 0x0000000089600000, 0x0000000089600000|100%| O|  |TAMS 0x0000000089600000, 0x0000000089500000| Untracked 
| 150|0x0000000089600000, 0x0000000089700000, 0x0000000089700000|100%| O|  |TAMS 0x0000000089700000, 0x0000000089600000| Untracked 
| 151|0x0000000089700000, 0x0000000089800000, 0x0000000089800000|100%| O|  |TAMS 0x0000000089800000, 0x0000000089700000| Untracked 
| 152|0x0000000089800000, 0x0000000089900000, 0x0000000089900000|100%| O|  |TAMS 0x0000000089900000, 0x0000000089800000| Untracked 
| 153|0x0000000089900000, 0x0000000089a00000, 0x0000000089a00000|100%| O|  |TAMS 0x0000000089a00000, 0x0000000089900000| Untracked 
| 154|0x0000000089a00000, 0x0000000089b00000, 0x0000000089b00000|100%| O|  |TAMS 0x0000000089b00000, 0x0000000089a00000| Untracked 
| 155|0x0000000089b00000, 0x0000000089c00000, 0x0000000089c00000|100%|HS|  |TAMS 0x0000000089c00000, 0x0000000089b00000| Complete 
| 156|0x0000000089c00000, 0x0000000089d00000, 0x0000000089d00000|100%|HC|  |TAMS 0x0000000089d00000, 0x0000000089c00000| Complete 
| 157|0x0000000089d00000, 0x0000000089e00000, 0x0000000089e00000|100%|HS|  |TAMS 0x0000000089e00000, 0x0000000089d00000| Complete 
| 158|0x0000000089e00000, 0x0000000089f00000, 0x0000000089f00000|100%| O|  |TAMS 0x0000000089e6f600, 0x0000000089e00000| Untracked 
| 159|0x0000000089f00000, 0x000000008a000000, 0x000000008a000000|100%|HS|  |TAMS 0x000000008a000000, 0x0000000089f00000| Complete 
| 160|0x000000008a000000, 0x000000008a100000, 0x000000008a100000|100%|HC|  |TAMS 0x000000008a100000, 0x000000008a000000| Complete 
| 161|0x000000008a100000, 0x000000008a200000, 0x000000008a200000|100%|HC|  |TAMS 0x000000008a200000, 0x000000008a100000| Complete 
| 162|0x000000008a200000, 0x000000008a300000, 0x000000008a300000|100%|HC|  |TAMS 0x000000008a300000, 0x000000008a200000| Complete 
| 163|0x000000008a300000, 0x000000008a400000, 0x000000008a400000|100%| O|  |TAMS 0x000000008a400000, 0x000000008a300000| Untracked 
| 164|0x000000008a400000, 0x000000008a500000, 0x000000008a500000|100%| O|  |TAMS 0x000000008a500000, 0x000000008a400000| Untracked 
| 165|0x000000008a500000, 0x000000008a600000, 0x000000008a600000|100%| O|  |TAMS 0x000000008a600000, 0x000000008a500000| Untracked 
| 166|0x000000008a600000, 0x000000008a700000, 0x000000008a700000|100%| O|  |TAMS 0x000000008a700000, 0x000000008a600000| Untracked 
| 167|0x000000008a700000, 0x000000008a800000, 0x000000008a800000|100%| O|  |TAMS 0x000000008a800000, 0x000000008a700000| Untracked 
| 168|0x000000008a800000, 0x000000008a900000, 0x000000008a900000|100%| O|  |TAMS 0x000000008a900000, 0x000000008a800000| Untracked 
| 169|0x000000008a900000, 0x000000008aa00000, 0x000000008aa00000|100%| O|  |TAMS 0x000000008aa00000, 0x000000008a900000| Untracked 
| 170|0x000000008aa00000, 0x000000008ab00000, 0x000000008ab00000|100%| O|  |TAMS 0x000000008ab00000, 0x000000008aa00000| Untracked 
| 171|0x000000008ab00000, 0x000000008ac00000, 0x000000008ac00000|100%| O|  |TAMS 0x000000008ac00000, 0x000000008ab00000| Untracked 
| 172|0x000000008ac00000, 0x000000008ad00000, 0x000000008ad00000|100%| O|  |TAMS 0x000000008ad00000, 0x000000008ac00000| Untracked 
| 173|0x000000008ad00000, 0x000000008ae00000, 0x000000008ae00000|100%| O|  |TAMS 0x000000008ae00000, 0x000000008ad00000| Untracked 
| 174|0x000000008ae00000, 0x000000008af00000, 0x000000008af00000|100%| O|  |TAMS 0x000000008af00000, 0x000000008ae00000| Untracked 
| 175|0x000000008af00000, 0x000000008b000000, 0x000000008b000000|100%| O|  |TAMS 0x000000008b000000, 0x000000008af00000| Untracked 
| 176|0x000000008b000000, 0x000000008b100000, 0x000000008b100000|100%| O|  |TAMS 0x000000008b000000, 0x000000008b000000| Untracked 
| 177|0x000000008b100000, 0x000000008b200000, 0x000000008b200000|100%| O|  |TAMS 0x000000008b100000, 0x000000008b100000| Untracked 
| 178|0x000000008b200000, 0x000000008b300000, 0x000000008b300000|100%| O|  |TAMS 0x000000008b200000, 0x000000008b200000| Untracked 
| 179|0x000000008b300000, 0x000000008b400000, 0x000000008b400000|100%| O|  |TAMS 0x000000008b300000, 0x000000008b300000| Untracked 
| 180|0x000000008b400000, 0x000000008b500000, 0x000000008b500000|100%| O|  |TAMS 0x000000008b400000, 0x000000008b400000| Untracked 
| 181|0x000000008b500000, 0x000000008b600000, 0x000000008b600000|100%| O|  |TAMS 0x000000008b500000, 0x000000008b500000| Untracked 
| 182|0x000000008b600000, 0x000000008b700000, 0x000000008b700000|100%| O|  |TAMS 0x000000008b600000, 0x000000008b600000| Untracked 
| 183|0x000000008b700000, 0x000000008b800000, 0x000000008b800000|100%| O|  |TAMS 0x000000008b700000, 0x000000008b700000| Untracked 
| 184|0x000000008b800000, 0x000000008b900000, 0x000000008b900000|100%| O|  |TAMS 0x000000008b800000, 0x000000008b800000| Untracked 
| 185|0x000000008b900000, 0x000000008ba00000, 0x000000008ba00000|100%| O|  |TAMS 0x000000008b900000, 0x000000008b900000| Untracked 
| 186|0x000000008ba00000, 0x000000008bb00000, 0x000000008bb00000|100%| O|  |TAMS 0x000000008ba00000, 0x000000008ba00000| Untracked 
| 187|0x000000008bb00000, 0x000000008bc00000, 0x000000008bc00000|100%| O|  |TAMS 0x000000008bb00000, 0x000000008bb00000| Untracked 
| 188|0x000000008bc00000, 0x000000008bd00000, 0x000000008bd00000|100%| O|  |TAMS 0x000000008bc00000, 0x000000008bc00000| Untracked 
| 189|0x000000008bd00000, 0x000000008be00000, 0x000000008be00000|100%| O|  |TAMS 0x000000008bd00000, 0x000000008bd00000| Untracked 
| 190|0x000000008be00000, 0x000000008bf00000, 0x000000008bf00000|100%| O|  |TAMS 0x000000008be00000, 0x000000008be00000| Untracked 
| 191|0x000000008bf00000, 0x000000008bf46000, 0x000000008c000000| 27%| O|  |TAMS 0x000000008bf00000, 0x000000008bf00000| Untracked 
| 192|0x000000008c000000, 0x000000008c000000, 0x000000008c100000|  0%| F|  |TAMS 0x000000008c000000, 0x000000008c000000| Untracked 
| 193|0x000000008c100000, 0x000000008c100000, 0x000000008c200000|  0%| F|  |TAMS 0x000000008c100000, 0x000000008c100000| Untracked 
| 194|0x000000008c200000, 0x000000008c200000, 0x000000008c300000|  0%| F|  |TAMS 0x000000008c200000, 0x000000008c200000| Untracked 
| 195|0x000000008c300000, 0x000000008c300000, 0x000000008c400000|  0%| F|  |TAMS 0x000000008c300000, 0x000000008c300000| Untracked 
| 196|0x000000008c400000, 0x000000008c400000, 0x000000008c500000|  0%| F|  |TAMS 0x000000008c400000, 0x000000008c400000| Untracked 
| 197|0x000000008c500000, 0x000000008c500000, 0x000000008c600000|  0%| F|  |TAMS 0x000000008c500000, 0x000000008c500000| Untracked 
| 198|0x000000008c600000, 0x000000008c600000, 0x000000008c700000|  0%| F|  |TAMS 0x000000008c600000, 0x000000008c600000| Untracked 
| 199|0x000000008c700000, 0x000000008c700000, 0x000000008c800000|  0%| F|  |TAMS 0x000000008c700000, 0x000000008c700000| Untracked 
| 200|0x000000008c800000, 0x000000008c800000, 0x000000008c900000|  0%| F|  |TAMS 0x000000008c800000, 0x000000008c800000| Untracked 
| 201|0x000000008c900000, 0x000000008c900000, 0x000000008ca00000|  0%| F|  |TAMS 0x000000008c900000, 0x000000008c900000| Untracked 
| 202|0x000000008ca00000, 0x000000008ca00000, 0x000000008cb00000|  0%| F|  |TAMS 0x000000008ca00000, 0x000000008ca00000| Untracked 
| 203|0x000000008cb00000, 0x000000008cb00000, 0x000000008cc00000|  0%| F|  |TAMS 0x000000008cb00000, 0x000000008cb00000| Untracked 
| 204|0x000000008cc00000, 0x000000008cc00000, 0x000000008cd00000|  0%| F|  |TAMS 0x000000008cc00000, 0x000000008cc00000| Untracked 
| 205|0x000000008cd00000, 0x000000008cd00000, 0x000000008ce00000|  0%| F|  |TAMS 0x000000008cd00000, 0x000000008cd00000| Untracked 
| 206|0x000000008ce00000, 0x000000008ce00000, 0x000000008cf00000|  0%| F|  |TAMS 0x000000008ce00000, 0x000000008ce00000| Untracked 
| 207|0x000000008cf00000, 0x000000008cf00000, 0x000000008d000000|  0%| F|  |TAMS 0x000000008cf00000, 0x000000008cf00000| Untracked 
| 208|0x000000008d000000, 0x000000008d000000, 0x000000008d100000|  0%| F|  |TAMS 0x000000008d000000, 0x000000008d000000| Untracked 
| 209|0x000000008d100000, 0x000000008d100000, 0x000000008d200000|  0%| F|  |TAMS 0x000000008d100000, 0x000000008d100000| Untracked 
| 210|0x000000008d200000, 0x000000008d200000, 0x000000008d300000|  0%| F|  |TAMS 0x000000008d200000, 0x000000008d200000| Untracked 
| 211|0x000000008d300000, 0x000000008d300000, 0x000000008d400000|  0%| F|  |TAMS 0x000000008d300000, 0x000000008d300000| Untracked 
| 212|0x000000008d400000, 0x000000008d400000, 0x000000008d500000|  0%| F|  |TAMS 0x000000008d400000, 0x000000008d400000| Untracked 
| 213|0x000000008d500000, 0x000000008d500000, 0x000000008d600000|  0%| F|  |TAMS 0x000000008d500000, 0x000000008d500000| Untracked 
| 214|0x000000008d600000, 0x000000008d600000, 0x000000008d700000|  0%| F|  |TAMS 0x000000008d600000, 0x000000008d600000| Untracked 
| 215|0x000000008d700000, 0x000000008d700000, 0x000000008d800000|  0%| F|  |TAMS 0x000000008d700000, 0x000000008d700000| Untracked 
| 216|0x000000008d800000, 0x000000008d800000, 0x000000008d900000|  0%| F|  |TAMS 0x000000008d800000, 0x000000008d800000| Untracked 
| 217|0x000000008d900000, 0x000000008d900000, 0x000000008da00000|  0%| F|  |TAMS 0x000000008d900000, 0x000000008d900000| Untracked 
| 218|0x000000008da00000, 0x000000008da00000, 0x000000008db00000|  0%| F|  |TAMS 0x000000008da00000, 0x000000008da00000| Untracked 
| 219|0x000000008db00000, 0x000000008db00000, 0x000000008dc00000|  0%| F|  |TAMS 0x000000008db00000, 0x000000008db00000| Untracked 
| 220|0x000000008dc00000, 0x000000008dc00000, 0x000000008dd00000|  0%| F|  |TAMS 0x000000008dc00000, 0x000000008dc00000| Untracked 
| 221|0x000000008dd00000, 0x000000008dd00000, 0x000000008de00000|  0%| F|  |TAMS 0x000000008dd00000, 0x000000008dd00000| Untracked 
| 222|0x000000008de00000, 0x000000008de00000, 0x000000008df00000|  0%| F|  |TAMS 0x000000008de00000, 0x000000008de00000| Untracked 
| 223|0x000000008df00000, 0x000000008df00000, 0x000000008e000000|  0%| F|  |TAMS 0x000000008df00000, 0x000000008df00000| Untracked 
| 224|0x000000008e000000, 0x000000008e000000, 0x000000008e100000|  0%| F|  |TAMS 0x000000008e000000, 0x000000008e000000| Untracked 
| 225|0x000000008e100000, 0x000000008e100000, 0x000000008e200000|  0%| F|  |TAMS 0x000000008e100000, 0x000000008e100000| Untracked 
| 226|0x000000008e200000, 0x000000008e200000, 0x000000008e300000|  0%| F|  |TAMS 0x000000008e200000, 0x000000008e200000| Untracked 
| 227|0x000000008e300000, 0x000000008e300000, 0x000000008e400000|  0%| F|  |TAMS 0x000000008e300000, 0x000000008e300000| Untracked 
| 228|0x000000008e400000, 0x000000008e400000, 0x000000008e500000|  0%| F|  |TAMS 0x000000008e400000, 0x000000008e400000| Untracked 
| 229|0x000000008e500000, 0x000000008e500000, 0x000000008e600000|  0%| F|  |TAMS 0x000000008e500000, 0x000000008e500000| Untracked 
| 230|0x000000008e600000, 0x000000008e600000, 0x000000008e700000|  0%| F|  |TAMS 0x000000008e600000, 0x000000008e600000| Untracked 
| 231|0x000000008e700000, 0x000000008e700000, 0x000000008e800000|  0%| F|  |TAMS 0x000000008e700000, 0x000000008e700000| Untracked 
| 232|0x000000008e800000, 0x000000008e800000, 0x000000008e900000|  0%| F|  |TAMS 0x000000008e800000, 0x000000008e800000| Untracked 
| 233|0x000000008e900000, 0x000000008e900000, 0x000000008ea00000|  0%| F|  |TAMS 0x000000008e900000, 0x000000008e900000| Untracked 
| 234|0x000000008ea00000, 0x000000008ea00000, 0x000000008eb00000|  0%| F|  |TAMS 0x000000008ea00000, 0x000000008ea00000| Untracked 
| 235|0x000000008eb00000, 0x000000008eb00000, 0x000000008ec00000|  0%| F|  |TAMS 0x000000008eb00000, 0x000000008eb00000| Untracked 
| 236|0x000000008ec00000, 0x000000008ec00000, 0x000000008ed00000|  0%| F|  |TAMS 0x000000008ec00000, 0x000000008ec00000| Untracked 
| 237|0x000000008ed00000, 0x000000008ed00000, 0x000000008ee00000|  0%| F|  |TAMS 0x000000008ed00000, 0x000000008ed00000| Untracked 
| 238|0x000000008ee00000, 0x000000008ee00000, 0x000000008ef00000|  0%| F|  |TAMS 0x000000008ee00000, 0x000000008ee00000| Untracked 
| 239|0x000000008ef00000, 0x000000008ef00000, 0x000000008f000000|  0%| F|  |TAMS 0x000000008ef00000, 0x000000008ef00000| Untracked 
| 240|0x000000008f000000, 0x000000008f000000, 0x000000008f100000|  0%| F|  |TAMS 0x000000008f000000, 0x000000008f000000| Untracked 
| 241|0x000000008f100000, 0x000000008f100000, 0x000000008f200000|  0%| F|  |TAMS 0x000000008f100000, 0x000000008f100000| Untracked 
| 242|0x000000008f200000, 0x000000008f200000, 0x000000008f300000|  0%| F|  |TAMS 0x000000008f200000, 0x000000008f200000| Untracked 
| 243|0x000000008f300000, 0x000000008f300000, 0x000000008f400000|  0%| F|  |TAMS 0x000000008f300000, 0x000000008f300000| Untracked 
| 244|0x000000008f400000, 0x000000008f400000, 0x000000008f500000|  0%| F|  |TAMS 0x000000008f400000, 0x000000008f400000| Untracked 
| 245|0x000000008f500000, 0x000000008f500000, 0x000000008f600000|  0%| F|  |TAMS 0x000000008f500000, 0x000000008f500000| Untracked 
| 246|0x000000008f600000, 0x000000008f600000, 0x000000008f700000|  0%| F|  |TAMS 0x000000008f600000, 0x000000008f600000| Untracked 
| 247|0x000000008f700000, 0x000000008f700000, 0x000000008f800000|  0%| F|  |TAMS 0x000000008f700000, 0x000000008f700000| Untracked 
| 248|0x000000008f800000, 0x000000008f800000, 0x000000008f900000|  0%| F|  |TAMS 0x000000008f800000, 0x000000008f800000| Untracked 
| 249|0x000000008f900000, 0x000000008f900000, 0x000000008fa00000|  0%| F|  |TAMS 0x000000008f900000, 0x000000008f900000| Untracked 
| 250|0x000000008fa00000, 0x000000008fa00000, 0x000000008fb00000|  0%| F|  |TAMS 0x000000008fa00000, 0x000000008fa00000| Untracked 
| 251|0x000000008fb00000, 0x000000008fb00000, 0x000000008fc00000|  0%| F|  |TAMS 0x000000008fb00000, 0x000000008fb00000| Untracked 
| 252|0x000000008fc00000, 0x000000008fc00000, 0x000000008fd00000|  0%| F|  |TAMS 0x000000008fc00000, 0x000000008fc00000| Untracked 
| 253|0x000000008fd00000, 0x000000008fd00000, 0x000000008fe00000|  0%| F|  |TAMS 0x000000008fd00000, 0x000000008fd00000| Untracked 
| 254|0x000000008fe00000, 0x000000008ff00000, 0x000000008ff00000|100%| S|CS|TAMS 0x000000008fe00000, 0x000000008fe00000| Complete 
| 255|0x000000008ff00000, 0x0000000090000000, 0x0000000090000000|100%| S|CS|TAMS 0x000000008ff00000, 0x000000008ff00000| Complete 
| 256|0x0000000090000000, 0x0000000090100000, 0x0000000090100000|100%| S|CS|TAMS 0x0000000090000000, 0x0000000090000000| Complete 
| 257|0x0000000090100000, 0x0000000090200000, 0x0000000090200000|100%| S|CS|TAMS 0x0000000090100000, 0x0000000090100000| Complete 
| 258|0x0000000090200000, 0x0000000090200000, 0x0000000090300000|  0%| F|  |TAMS 0x0000000090200000, 0x0000000090200000| Untracked 
| 259|0x0000000090300000, 0x0000000090300000, 0x0000000090400000|  0%| F|  |TAMS 0x0000000090300000, 0x0000000090300000| Untracked 
| 260|0x0000000090400000, 0x0000000090400000, 0x0000000090500000|  0%| F|  |TAMS 0x0000000090400000, 0x0000000090400000| Untracked 
| 261|0x0000000090500000, 0x0000000090500000, 0x0000000090600000|  0%| F|  |TAMS 0x0000000090500000, 0x0000000090500000| Untracked 
| 262|0x0000000090600000, 0x0000000090600000, 0x0000000090700000|  0%| F|  |TAMS 0x0000000090600000, 0x0000000090600000| Untracked 
| 263|0x0000000090700000, 0x0000000090700000, 0x0000000090800000|  0%| F|  |TAMS 0x0000000090700000, 0x0000000090700000| Untracked 
| 264|0x0000000090800000, 0x0000000090800000, 0x0000000090900000|  0%| F|  |TAMS 0x0000000090800000, 0x0000000090800000| Untracked 
| 265|0x0000000090900000, 0x0000000090900000, 0x0000000090a00000|  0%| F|  |TAMS 0x0000000090900000, 0x0000000090900000| Untracked 
| 266|0x0000000090a00000, 0x0000000090a00000, 0x0000000090b00000|  0%| F|  |TAMS 0x0000000090a00000, 0x0000000090a00000| Untracked 
| 267|0x0000000090b00000, 0x0000000090b00000, 0x0000000090c00000|  0%| F|  |TAMS 0x0000000090b00000, 0x0000000090b00000| Untracked 
| 268|0x0000000090c00000, 0x0000000090c00000, 0x0000000090d00000|  0%| F|  |TAMS 0x0000000090c00000, 0x0000000090c00000| Untracked 
| 269|0x0000000090d00000, 0x0000000090d00000, 0x0000000090e00000|  0%| F|  |TAMS 0x0000000090d00000, 0x0000000090d00000| Untracked 
| 270|0x0000000090e00000, 0x0000000090e00000, 0x0000000090f00000|  0%| F|  |TAMS 0x0000000090e00000, 0x0000000090e00000| Untracked 
| 271|0x0000000090f00000, 0x0000000090f00000, 0x0000000091000000|  0%| F|  |TAMS 0x0000000090f00000, 0x0000000090f00000| Untracked 
| 272|0x0000000091000000, 0x0000000091000000, 0x0000000091100000|  0%| F|  |TAMS 0x0000000091000000, 0x0000000091000000| Untracked 
| 273|0x0000000091100000, 0x0000000091100000, 0x0000000091200000|  0%| F|  |TAMS 0x0000000091100000, 0x0000000091100000| Untracked 
| 274|0x0000000091200000, 0x0000000091200000, 0x0000000091300000|  0%| F|  |TAMS 0x0000000091200000, 0x0000000091200000| Untracked 
| 275|0x0000000091300000, 0x0000000091300000, 0x0000000091400000|  0%| F|  |TAMS 0x0000000091300000, 0x0000000091300000| Untracked 
| 276|0x0000000091400000, 0x0000000091400000, 0x0000000091500000|  0%| F|  |TAMS 0x0000000091400000, 0x0000000091400000| Untracked 
| 277|0x0000000091500000, 0x0000000091500000, 0x0000000091600000|  0%| F|  |TAMS 0x0000000091500000, 0x0000000091500000| Untracked 
| 278|0x0000000091600000, 0x0000000091600000, 0x0000000091700000|  0%| F|  |TAMS 0x0000000091600000, 0x0000000091600000| Untracked 
| 279|0x0000000091700000, 0x0000000091700000, 0x0000000091800000|  0%| F|  |TAMS 0x0000000091700000, 0x0000000091700000| Untracked 
| 280|0x0000000091800000, 0x0000000091800000, 0x0000000091900000|  0%| F|  |TAMS 0x0000000091800000, 0x0000000091800000| Untracked 
| 281|0x0000000091900000, 0x0000000091900000, 0x0000000091a00000|  0%| F|  |TAMS 0x0000000091900000, 0x0000000091900000| Untracked 
| 282|0x0000000091a00000, 0x0000000091a00000, 0x0000000091b00000|  0%| F|  |TAMS 0x0000000091a00000, 0x0000000091a00000| Untracked 
| 283|0x0000000091b00000, 0x0000000091b00000, 0x0000000091c00000|  0%| F|  |TAMS 0x0000000091b00000, 0x0000000091b00000| Untracked 
| 284|0x0000000091c00000, 0x0000000091c00000, 0x0000000091d00000|  0%| F|  |TAMS 0x0000000091c00000, 0x0000000091c00000| Untracked 
| 285|0x0000000091d00000, 0x0000000091d00000, 0x0000000091e00000|  0%| F|  |TAMS 0x0000000091d00000, 0x0000000091d00000| Untracked 
| 286|0x0000000091e00000, 0x0000000091e00000, 0x0000000091f00000|  0%| F|  |TAMS 0x0000000091e00000, 0x0000000091e00000| Untracked 
| 287|0x0000000091f00000, 0x0000000091f00000, 0x0000000092000000|  0%| F|  |TAMS 0x0000000091f00000, 0x0000000091f00000| Untracked 
| 288|0x0000000092000000, 0x0000000092000000, 0x0000000092100000|  0%| F|  |TAMS 0x0000000092000000, 0x0000000092000000| Untracked 
| 289|0x0000000092100000, 0x0000000092100000, 0x0000000092200000|  0%| F|  |TAMS 0x0000000092100000, 0x0000000092100000| Untracked 
| 290|0x0000000092200000, 0x0000000092200000, 0x0000000092300000|  0%| F|  |TAMS 0x0000000092200000, 0x0000000092200000| Untracked 
| 291|0x0000000092300000, 0x0000000092300000, 0x0000000092400000|  0%| F|  |TAMS 0x0000000092300000, 0x0000000092300000| Untracked 
| 292|0x0000000092400000, 0x0000000092400000, 0x0000000092500000|  0%| F|  |TAMS 0x0000000092400000, 0x0000000092400000| Untracked 
| 293|0x0000000092500000, 0x0000000092500000, 0x0000000092600000|  0%| F|  |TAMS 0x0000000092500000, 0x0000000092500000| Untracked 
| 294|0x0000000092600000, 0x0000000092600000, 0x0000000092700000|  0%| F|  |TAMS 0x0000000092600000, 0x0000000092600000| Untracked 
| 295|0x0000000092700000, 0x0000000092700000, 0x0000000092800000|  0%| F|  |TAMS 0x0000000092700000, 0x0000000092700000| Untracked 
| 296|0x0000000092800000, 0x0000000092800000, 0x0000000092900000|  0%| F|  |TAMS 0x0000000092800000, 0x0000000092800000| Untracked 
| 297|0x0000000092900000, 0x0000000092900000, 0x0000000092a00000|  0%| F|  |TAMS 0x0000000092900000, 0x0000000092900000| Untracked 
| 298|0x0000000092a00000, 0x0000000092a00000, 0x0000000092b00000|  0%| F|  |TAMS 0x0000000092a00000, 0x0000000092a00000| Untracked 
| 299|0x0000000092b00000, 0x0000000092b00000, 0x0000000092c00000|  0%| F|  |TAMS 0x0000000092b00000, 0x0000000092b00000| Untracked 
| 300|0x0000000092c00000, 0x0000000092c00000, 0x0000000092d00000|  0%| F|  |TAMS 0x0000000092c00000, 0x0000000092c00000| Untracked 
| 301|0x0000000092d00000, 0x0000000092d00000, 0x0000000092e00000|  0%| F|  |TAMS 0x0000000092d00000, 0x0000000092d00000| Untracked 
| 302|0x0000000092e00000, 0x0000000092e00000, 0x0000000092f00000|  0%| F|  |TAMS 0x0000000092e00000, 0x0000000092e00000| Untracked 
| 303|0x0000000092f00000, 0x0000000092f00000, 0x0000000093000000|  0%| F|  |TAMS 0x0000000092f00000, 0x0000000092f00000| Untracked 

Card table byte_map: [0x000002857f560000,0x000002857f960000] _byte_map_base: 0x000002857f160000

Marking Bits (Prev, Next): (CMBitMap*) 0x000002857d2c3918, (CMBitMap*) 0x000002857d2c3950
 Prev Bits: [0x00000285176a0000, 0x00000285196a0000)
 Next Bits: [0x00000285196a0000, 0x000002851b6a0000)

Polling page: 0x000002857eb10000

Metaspace:

Usage:
  Non-class:    102.77 MB capacity,   100.28 MB ( 98%) used,     2.11 MB (  2%) free+waste,   391.56 KB ( <1%) overhead. 
      Class:     16.71 MB capacity,    15.06 MB ( 90%) used,     1.47 MB (  9%) free+waste,   179.56 KB (  1%) overhead. 
       Both:    119.48 MB capacity,   115.34 MB ( 97%) used,     3.58 MB (  3%) free+waste,   571.13 KB ( <1%) overhead. 

Virtual space:
  Non-class space:      104.00 MB reserved,     102.92 MB ( 99%) committed 
      Class space:      504.00 MB reserved,      16.75 MB (  3%) committed 
             Both:      608.00 MB reserved,     119.67 MB ( 20%) committed 

Chunk freelists:
   Non-Class:  26.00 KB
       Class:  10.00 KB
        Both:  36.00 KB

MaxMetaspaceSize: 512.00 MB
CompressedClassSpaceSize: 504.00 MB
Initial GC threshold: 20.80 MB
Current GC threshold: 192.79 MB
CDS: off

CodeHeap 'non-profiled nmethods': size=120064Kb used=10601Kb max_used=10601Kb free=109462Kb
 bounds [0x0000028510160000, 0x0000028510bc0000, 0x00000285176a0000]
CodeHeap 'profiled nmethods': size=120000Kb used=34031Kb max_used=34031Kb free=85968Kb
 bounds [0x0000028508c30000, 0x000002850ad70000, 0x0000028510160000]
CodeHeap 'non-nmethods': size=5696Kb used=2445Kb max_used=2499Kb free=3250Kb
 bounds [0x00000285086a0000, 0x0000028508930000, 0x0000028508c30000]
 total_blobs=15965 nmethods=14995 adapters=881
 compilation: enabled
              stopped_count=0, restarted_count=0
 full_count=0

Compilation events (20 events):
Event: 139.921 Thread 0x000002851e283800 nmethod 15080 0x0000028510bb8d90 code [0x0000028510bb8f20, 0x0000028510bb9078]
Event: 139.921 Thread 0x000002851e283800 15082       4       java.lang.StringBuilder::append (8 bytes)
Event: 139.921 Thread 0x000002851e284800 15083       3       org.gradle.internal.execution.impl.DefaultFileNormalizationSpec::from (11 bytes)
Event: 139.921 Thread 0x000002851e284800 nmethod 15083 0x000002850ad65e10 code [0x000002850ad65fe0, 0x000002850ad662f8]
Event: 139.929 Thread 0x000002851e283800 nmethod 15082 0x0000028510bb9110 code [0x0000028510bb92e0, 0x0000028510bb9a08]
Event: 139.929 Thread 0x000002851e283800 15085       4       com.google.common.collect.SingletonImmutableSet::asList (8 bytes)
Event: 139.929 Thread 0x000002851e284800 15086       3       org.gradle.api.internal.artifacts.configurations.DefaultConfiguration::mapFailure (104 bytes)
Event: 139.930 Thread 0x000002851e284800 nmethod 15086 0x000002850ad66410 code [0x000002850ad66740, 0x000002850ad67c58]
Event: 139.931 Thread 0x000002851e283800 nmethod 15085 0x0000028510bb9d90 code [0x0000028510bb9f40, 0x0000028510bba098]
Event: 139.931 Thread 0x000002851e283800 15084       4       org.gradle.internal.component.model.DefaultIvyArtifactName::<init> (34 bytes)
Event: 139.931 Thread 0x000002851e284800 15087       3       org.gradle.api.internal.file.DefaultFileCollectionFactory::fixed (17 bytes)
Event: 139.933 Thread 0x000002851e284800 nmethod 15087 0x000002850ad68210 code [0x000002850ad68480, 0x000002850ad69028]
Event: 139.933 Thread 0x000002851e284800 15088       3       org.gradle.api.internal.file.DefaultFileCollectionFactory::fixed (35 bytes)
Event: 139.933 Thread 0x000002851e284800 nmethod 15088 0x000002850ad69410 code [0x000002850ad69660, 0x000002850ad6a0c8]
Event: 139.933 Thread 0x000002851e284800 15089       1       org.gradle.internal.execution.impl.DefaultExecutionEngine::access$100 (5 bytes)
Event: 139.933 Thread 0x000002851e284800 nmethod 15089 0x0000028510bba190 code [0x0000028510bba340, 0x0000028510bba3d8]
Event: 139.933 Thread 0x000002851e284800 15090       1       org.gradle.internal.fingerprint.impl.AbstractFingerprintingStrategy::getEmptyFingerprint (5 bytes)
Event: 139.934 Thread 0x000002851e284800 nmethod 15090 0x0000028510bba490 code [0x0000028510bba640, 0x0000028510bba6f8]
Event: 139.934 Thread 0x000002851e284800 15091       3       org.gradle.internal.snapshot.DirectorySnapshot::<init> (41 bytes)
Event: 139.936 Thread 0x000002851e284800 nmethod 15091 0x000002850ad6a490 code [0x000002850ad6a760, 0x000002850ad6b768]

GC Heap History (20 events):
Event: 124.289 GC heap after
{Heap after GC invocations=95 (full 0):
 garbage-first heap   total 193536K, used 174173K [0x0000000080000000, 0x0000000100000000)
  region size 1024K, 2 young (2048K), 2 survivors (2048K)
 Metaspace       used 109120K, capacity 113132K, committed 113456K, reserved 614400K
  class space    used 14312K, capacity 15919K, committed 16000K, reserved 516096K
}
Event: 124.412 GC heap before
{Heap before GC invocations=95 (full 0):
 garbage-first heap   total 193536K, used 180317K [0x0000000080000000, 0x0000000100000000)
  region size 1024K, 9 young (9216K), 2 survivors (2048K)
 Metaspace       used 109624K, capacity 113644K, committed 113712K, reserved 614400K
  class space    used 14376K, capacity 15983K, committed 16000K, reserved 516096K
}
Event: 124.418 GC heap after
{Heap after GC invocations=96 (full 0):
 garbage-first heap   total 193536K, used 174642K [0x0000000080000000, 0x0000000100000000)
  region size 1024K, 1 young (1024K), 1 survivors (1024K)
 Metaspace       used 109624K, capacity 113644K, committed 113712K, reserved 614400K
  class space    used 14376K, capacity 15983K, committed 16000K, reserved 516096K
}
Event: 125.102 GC heap before
{Heap before GC invocations=96 (full 0):
 garbage-first heap   total 193536K, used 182834K [0x0000000080000000, 0x0000000100000000)
  region size 1024K, 9 young (9216K), 1 survivors (1024K)
 Metaspace       used 109967K, capacity 113954K, committed 114096K, reserved 614400K
  class space    used 14426K, capacity 16019K, committed 16128K, reserved 516096K
}
Event: 125.109 GC heap after
{Heap after GC invocations=97 (full 0):
 garbage-first heap   total 193536K, used 175155K [0x0000000080000000, 0x0000000100000000)
  region size 1024K, 1 young (1024K), 1 survivors (1024K)
 Metaspace       used 109967K, capacity 113954K, committed 114096K, reserved 614400K
  class space    used 14426K, capacity 16019K, committed 16128K, reserved 516096K
}
Event: 126.623 GC heap before
{Heap before GC invocations=98 (full 0):
 garbage-first heap   total 193536K, used 183347K [0x0000000080000000, 0x0000000100000000)
  region size 1024K, 9 young (9216K), 1 survivors (1024K)
 Metaspace       used 110060K, capacity 114030K, committed 114352K, reserved 614400K
  class space    used 14432K, capacity 16023K, committed 16128K, reserved 516096K
}
Event: 126.672 GC heap after
{Heap after GC invocations=99 (full 0):
 garbage-first heap   total 193536K, used 177390K [0x0000000080000000, 0x0000000100000000)
  region size 1024K, 2 young (2048K), 2 survivors (2048K)
 Metaspace       used 110060K, capacity 114030K, committed 114352K, reserved 614400K
  class space    used 14432K, capacity 16023K, committed 16128K, reserved 516096K
}
Event: 126.815 GC heap before
{Heap before GC invocations=99 (full 0):
 garbage-first heap   total 193536K, used 184558K [0x0000000080000000, 0x0000000100000000)
  region size 1024K, 9 young (9216K), 2 survivors (2048K)
 Metaspace       used 110080K, capacity 114031K, committed 114352K, reserved 614400K
  class space    used 14432K, capacity 16023K, committed 16128K, reserved 516096K
}
Event: 126.842 GC heap after
{Heap after GC invocations=100 (full 0):
 garbage-first heap   total 193536K, used 177886K [0x0000000080000000, 0x0000000100000000)
  region size 1024K, 2 young (2048K), 2 survivors (2048K)
 Metaspace       used 110080K, capacity 114031K, committed 114352K, reserved 614400K
  class space    used 14432K, capacity 16023K, committed 16128K, reserved 516096K
}
Event: 127.252 GC heap before
{Heap before GC invocations=100 (full 0):
 garbage-first heap   total 193536K, used 185054K [0x0000000080000000, 0x0000000100000000)
  region size 1024K, 9 young (9216K), 2 survivors (2048K)
 Metaspace       used 110306K, capacity 114229K, committed 114352K, reserved 614400K
  class space    used 14464K, capacity 16063K, committed 16128K, reserved 516096K
}
Event: 127.275 GC heap after
{Heap after GC invocations=101 (full 0):
 garbage-first heap   total 193536K, used 179406K [0x0000000080000000, 0x0000000100000000)
  region size 1024K, 2 young (2048K), 2 survivors (2048K)
 Metaspace       used 110306K, capacity 114229K, committed 114352K, reserved 614400K
  class space    used 14464K, capacity 16063K, committed 16128K, reserved 516096K
}
Event: 127.679 GC heap before
{Heap before GC invocations=101 (full 0):
 garbage-first heap   total 193536K, used 186574K [0x0000000080000000, 0x0000000100000000)
  region size 1024K, 9 young (9216K), 2 survivors (2048K)
 Metaspace       used 110991K, capacity 114977K, committed 115248K, reserved 616448K
  class space    used 14568K, capacity 16162K, committed 16256K, reserved 516096K
}
Event: 127.709 GC heap after
{Heap after GC invocations=102 (full 0):
 garbage-first heap   total 311296K, used 180141K [0x0000000080000000, 0x0000000100000000)
  region size 1024K, 1 young (1024K), 1 survivors (1024K)
 Metaspace       used 110991K, capacity 114977K, committed 115248K, reserved 616448K
  class space    used 14568K, capacity 16162K, committed 16256K, reserved 516096K
}
Event: 130.594 GC heap before
{Heap before GC invocations=102 (full 0):
 garbage-first heap   total 311296K, used 219053K [0x0000000080000000, 0x0000000100000000)
  region size 1024K, 39 young (39936K), 1 survivors (1024K)
 Metaspace       used 114371K, capacity 118485K, committed 118704K, reserved 618496K
  class space    used 15017K, capacity 16636K, committed 16640K, reserved 516096K
}
Event: 130.625 GC heap after
{Heap after GC invocations=103 (full 0):
 garbage-first heap   total 311296K, used 184326K [0x0000000080000000, 0x0000000100000000)
  region size 1024K, 5 young (5120K), 5 survivors (5120K)
 Metaspace       used 114371K, capacity 118485K, committed 118704K, reserved 618496K
  class space    used 15017K, capacity 16636K, committed 16640K, reserved 516096K
}
Event: 132.400 GC heap before
{Heap before GC invocations=104 (full 0):
 garbage-first heap   total 311296K, used 225286K [0x0000000080000000, 0x0000000100000000)
  region size 1024K, 45 young (46080K), 5 survivors (5120K)
 Metaspace       used 115079K, capacity 119263K, committed 119344K, reserved 620544K
  class space    used 15078K, capacity 16724K, committed 16768K, reserved 516096K
}
Event: 132.494 GC heap after
{Heap after GC invocations=105 (full 0):
 garbage-first heap   total 311296K, used 191411K [0x0000000080000000, 0x0000000100000000)
  region size 1024K, 6 young (6144K), 6 survivors (6144K)
 Metaspace       used 115079K, capacity 119263K, committed 119344K, reserved 620544K
  class space    used 15078K, capacity 16724K, committed 16768K, reserved 516096K
}
Event: 135.152 GC heap before
{Heap before GC invocations=105 (full 0):
 garbage-first heap   total 311296K, used 233395K [0x0000000080000000, 0x0000000100000000)
  region size 1024K, 47 young (48128K), 6 survivors (6144K)
 Metaspace       used 117191K, capacity 121359K, committed 121648K, reserved 622592K
  class space    used 15308K, capacity 16988K, committed 17024K, reserved 516096K
}
Event: 135.215 GC heap after
{Heap after GC invocations=106 (full 0):
 garbage-first heap   total 311296K, used 195990K [0x0000000080000000, 0x0000000100000000)
  region size 1024K, 4 young (4096K), 4 survivors (4096K)
 Metaspace       used 117191K, capacity 121359K, committed 121648K, reserved 622592K
  class space    used 15308K, capacity 16988K, committed 17024K, reserved 516096K
}
Event: 139.940 GC heap before
{Heap before GC invocations=106 (full 0):
 garbage-first heap   total 311296K, used 237974K [0x0000000080000000, 0x0000000100000000)
  region size 1024K, 46 young (47104K), 4 survivors (4096K)
 Metaspace       used 118110K, capacity 122348K, committed 122544K, reserved 622592K
  class space    used 15420K, capacity 17110K, committed 17152K, reserved 516096K
}

Deoptimization events (20 events):
Event: 137.819 Thread 0x0000028523489800 Uncommon trap: trap_request=0xffffffde fr.pc=0x000002851075a94c relative=0x000000000000010c
Event: 137.819 Thread 0x0000028523489800 Uncommon trap: reason=class_check action=maybe_recompile pc=0x000002851075a94c method=org.gradle.internal.snapshot.SnapshotUtil$1.handleAsDescendantOfChild(Lorg/gradle/internal/snapshot/VfsRelativePath;Ljava/lang/Object;)Ljava/lang/Object; @ 3 c2
Event: 137.819 Thread 0x0000028523489800 DEOPT PACKING pc=0x000002851075a94c sp=0x0000008db74fc270
Event: 137.819 Thread 0x0000028523489800 DEOPT UNPACKING pc=0x00000285086a85af sp=0x0000008db74fc1e8 mode 2
Event: 137.871 Thread 0x0000028522e05800 Uncommon trap: trap_request=0xffffff4d fr.pc=0x0000028510adaa64 relative=0x0000000000000404
Event: 137.871 Thread 0x0000028522e05800 Uncommon trap: reason=unstable_if action=reinterpret pc=0x0000028510adaa64 method=com.esotericsoftware.kryo.io.Input.readVarLong(Z)J @ 152 c2
Event: 137.871 Thread 0x0000028522e05800 DEOPT PACKING pc=0x0000028510adaa64 sp=0x0000008db57fe7a0
Event: 137.871 Thread 0x0000028522e05800 DEOPT UNPACKING pc=0x00000285086a85af sp=0x0000008db57fe750 mode 2
Event: 137.887 Thread 0x0000028523262000 DEOPT PACKING pc=0x000002850aa0f244 sp=0x0000008db7dfae50
Event: 137.887 Thread 0x0000028523262000 DEOPT UNPACKING pc=0x00000285086e9d0e sp=0x0000008db7dfa3f0 mode 0
Event: 139.021 Thread 0x0000028522e13800 DEOPT PACKING pc=0x000002850aa0f244 sp=0x0000008db65fd920
Event: 139.021 Thread 0x0000028522e13800 DEOPT UNPACKING pc=0x00000285086e9d0e sp=0x0000008db65fcec0 mode 0
Event: 139.872 Thread 0x0000028523486000 DEOPT PACKING pc=0x000002850aa0f244 sp=0x0000008db6cfd6b0
Event: 139.874 Thread 0x0000028523486000 DEOPT UNPACKING pc=0x00000285086e9d0e sp=0x0000008db6cfcc50 mode 0
Event: 139.889 Thread 0x0000028523262000 Uncommon trap: trap_request=0xffffff4d fr.pc=0x00000285106f5fa4 relative=0x00000000000003c4
Event: 139.889 Thread 0x0000028523262000 Uncommon trap: reason=unstable_if action=reinterpret pc=0x00000285106f5fa4 method=java.util.concurrent.ConcurrentHashMap.addCount(JI)V @ 97 c2
Event: 139.889 Thread 0x0000028523262000 DEOPT PACKING pc=0x00000285106f5fa4 sp=0x0000008db7dfbb10
Event: 139.889 Thread 0x0000028523262000 DEOPT UNPACKING pc=0x00000285086a85af sp=0x0000008db7dfb9c8 mode 2
Event: 139.909 Thread 0x000002851f2e2000 DEOPT PACKING pc=0x000002850acc05ca sp=0x0000008db4efe560
Event: 139.910 Thread 0x000002851f2e2000 DEOPT UNPACKING pc=0x00000285086e9d0e sp=0x0000008db4efd998 mode 0

Classes redefined (0 events):
No events

Internal exceptions (20 events):
Event: 124.040 Thread 0x000002851f2cf800 Exception <a 'java/lang/ClassNotFoundException'{0x000000008b9bf0a8}: build_dp21ntj5y67r2r20uw7rjztwk$_run_closure1$_closure8BeanInfo> (0x000000008b9bf0a8) thrown at [s\src\hotspot\share\classfile\systemDictionary.cpp, line 230]
Event: 124.040 Thread 0x000002851f2cf800 Exception <a 'java/lang/ClassNotFoundException'{0x000000008b9d9850}: build_dp21ntj5y67r2r20uw7rjztwk$_run_closure1$_closure8Customizer> (0x000000008b9d9850) thrown at [s\src\hotspot\share\classfile\systemDictionary.cpp, line 230]
Event: 124.461 Thread 0x000002851f2cf800 Exception <a 'java/lang/NoClassDefFoundError'{0x000000008baaea80}: org/jetbrains/kotlin/gradle/plugin/KotlinBasePluginWrapper> (0x000000008baaea80) thrown at [s\src\hotspot\share\oops\constantPool.cpp, line 775]
Event: 127.815 Thread 0x000002851f2cf800 Exception <a 'java/lang/NullPointerException'{0x0000000092dc44a0}> (0x0000000092dc44a0) thrown at [s\src\hotspot\share\interpreter\linkResolver.cpp, line 1440]
Event: 128.383 Thread 0x000002851f2cf800 Implicit null exception at 0x00000285106320a7 to 0x0000028510634248
Event: 128.822 Thread 0x000002851f2cf800 Exception <a 'sun/nio/fs/WindowsException'{0x0000000091a581c8}> (0x0000000091a581c8) thrown at [s\src\hotspot\share\prims\jni.cpp, line 617]
Event: 128.824 Thread 0x000002851f2cf800 Exception <a 'sun/nio/fs/WindowsException'{0x0000000091a597f8}> (0x0000000091a597f8) thrown at [s\src\hotspot\share\prims\jni.cpp, line 617]
Event: 128.824 Thread 0x000002851f2cf800 Exception <a 'sun/nio/fs/WindowsException'{0x0000000091a5ae78}> (0x0000000091a5ae78) thrown at [s\src\hotspot\share\prims\jni.cpp, line 617]
Event: 128.825 Thread 0x000002851f2cf800 Exception <a 'sun/nio/fs/WindowsException'{0x0000000091a5c4f8}> (0x0000000091a5c4f8) thrown at [s\src\hotspot\share\prims\jni.cpp, line 617]
Event: 129.831 Thread 0x000002851f2cf800 Implicit null exception at 0x0000028510637d14 to 0x0000028510638348
Event: 130.628 Thread 0x000002851e224800 Implicit null exception at 0x00000285107fbc2d to 0x00000285107fc47c
Event: 132.031 Thread 0x000002851f2cf800 Exception <a 'java/lang/IncompatibleClassChangeError'{0x0000000091843d28}: Found class java.lang.Object, but interface was expected> (0x0000000091843d28) thrown at [s\src\hotspot\share\interpreter\linkResolver.cpp, line 839]
Event: 132.340 Thread 0x000002851f2cf800 Implicit null exception at 0x0000028510ab8088 to 0x0000028510ab8684
Event: 132.340 Thread 0x000002851f2cf800 Implicit null exception at 0x0000028510ab93b4 to 0x0000028510ab9bd4
Event: 133.037 Thread 0x000002851f2cf800 Implicit null exception at 0x0000028510278b07 to 0x0000028510278be7
Event: 133.734 Thread 0x000002851f2cf800 Implicit null exception at 0x0000028510b076c0 to 0x0000028510b07774
Event: 135.812 Thread 0x000002851f2cf800 Implicit null exception at 0x0000028510195174 to 0x0000028510195678
Event: 136.668 Thread 0x000002852325d000 Exception <a 'java/lang/NoSuchMethodError'{0x000000009171ce78}: 'void java.lang.invoke.DirectMethodHandle$Holder.invokeStatic(java.lang.Object, java.lang.Object, java.lang.Object, java.lang.Object, int, java.lang.Object, java.lang.Object)'> (0x000000009171ce78) thrown at [s\src\hotspot\share\interpreter\linkResolver.cpp, line 773]
Event: 137.120 Thread 0x000002852325d000 Exception <a 'java/lang/NoSuchMethodError'{0x00000000916e12a0}: 'java.lang.Object java.lang.invoke.DirectMethodHandle$Holder.invokeSpecialIFC(java.lang.Object, java.lang.Object, java.lang.Object)'> (0x00000000916e12a0) thrown at [s\src\hotspot\share\interpreter\linkResolver.cpp, line 773]
Event: 137.668 Thread 0x0000028523262800 Exception <a 'java/lang/NoSuchMethodError'{0x00000000914bf280}: 'void java.lang.invoke.DirectMethodHandle$Holder.invokeVirtual(java.lang.Object, java.lang.Object)'> (0x00000000914bf280) thrown at [s\src\hotspot\share\interpreter\linkResolver.cpp, line 773]

Events (20 events):
Event: 139.871 Executing VM operation: RevokeBias done
Event: 139.878 Executing VM operation: RevokeBias
Event: 139.878 Executing VM operation: RevokeBias done
Event: 139.880 Executing VM operation: RevokeBias
Event: 139.881 Executing VM operation: RevokeBias done
Event: 139.881 Executing VM operation: RevokeBias
Event: 139.881 Executing VM operation: RevokeBias done
Event: 139.901 Executing VM operation: RevokeBias
Event: 139.901 Executing VM operation: RevokeBias done
Event: 139.901 Executing VM operation: RevokeBias
Event: 139.902 Executing coalesced safepoint VM operation: RevokeBias
Event: 139.902 Executing coalesced safepoint VM operation: RevokeBias done
Event: 139.902 Executing VM operation: RevokeBias done
Event: 139.924 Executing VM operation: RevokeBias
Event: 139.924 Executing VM operation: RevokeBias done
Event: 139.924 Executing VM operation: BulkRevokeBias
Event: 139.925 Executing VM operation: BulkRevokeBias done
Event: 139.927 Executing VM operation: RevokeBias
Event: 139.927 Executing VM operation: RevokeBias done
Event: 139.938 Executing VM operation: G1CollectForAllocation


Dynamic libraries:
0x00007ff72b860000 - 0x00007ff72b86d000 	C:\Program Files\Microsoft\jdk-11.0.20.8-hotspot\bin\java.exe
0x00007ffe267f0000 - 0x00007ffe269e8000 	C:\Windows\SYSTEM32\ntdll.dll
0x00007ffe25330000 - 0x00007ffe253ef000 	C:\Windows\System32\KERNEL32.DLL
0x00007ffe242a0000 - 0x00007ffe2457a000 	C:\Windows\System32\KERNELBASE.dll
0x00007ffe246b0000 - 0x00007ffe247b0000 	C:\Windows\System32\ucrtbase.dll
0x00007ffe05860000 - 0x00007ffe05877000 	C:\Program Files\Microsoft\jdk-11.0.20.8-hotspot\bin\jli.dll
0x00007ffe05840000 - 0x00007ffe05855000 	C:\Program Files\Microsoft\jdk-11.0.20.8-hotspot\bin\VCRUNTIME140.dll
0x00007ffe254a0000 - 0x00007ffe2563d000 	C:\Windows\System32\USER32.dll
0x00007ffe23f70000 - 0x00007ffe23f92000 	C:\Windows\System32\win32u.dll
0x00007ffe251e0000 - 0x00007ffe2520b000 	C:\Windows\System32\GDI32.dll
0x00007ffe23fa0000 - 0x00007ffe240b0000 	C:\Windows\System32\gdi32full.dll
0x00007ffe23ed0000 - 0x00007ffe23f6d000 	C:\Windows\System32\msvcp_win.dll
0x00007ffe11c40000 - 0x00007ffe11eda000 	C:\Windows\WinSxS\amd64_microsoft.windows.common-controls_6595b64144ccf1df_6.0.19041.1110_none_60b5254171f9507e\COMCTL32.dll
0x00007ffe25220000 - 0x00007ffe252be000 	C:\Windows\System32\msvcrt.dll
0x00007ffe26560000 - 0x00007ffe26590000 	C:\Windows\System32\IMM32.DLL
0x00007ffe057a0000 - 0x00007ffe0583b000 	C:\Program Files\Microsoft\jdk-11.0.20.8-hotspot\bin\msvcp140.dll
0x00007ffdc8770000 - 0x00007ffdc9306000 	C:\Program Files\Microsoft\jdk-11.0.20.8-hotspot\bin\server\jvm.dll
0x00007ffe25130000 - 0x00007ffe251de000 	C:\Windows\System32\ADVAPI32.dll
0x00007ffe25060000 - 0x00007ffe250fc000 	C:\Windows\System32\sechost.dll
0x00007ffe25760000 - 0x00007ffe25886000 	C:\Windows\System32\RPCRT4.dll
0x00007ffe25bf0000 - 0x00007ffe25bf8000 	C:\Windows\System32\PSAPI.DLL
0x00007ffe0a370000 - 0x00007ffe0a379000 	C:\Windows\SYSTEM32\WSOCK32.dll
0x00007ffe252c0000 - 0x00007ffe2532b000 	C:\Windows\System32\WS2_32.dll
0x00007ffe01e60000 - 0x00007ffe01e87000 	C:\Windows\SYSTEM32\WINMM.dll
0x00007ffe15120000 - 0x00007ffe1512a000 	C:\Windows\SYSTEM32\VERSION.dll
0x00007ffe226e0000 - 0x00007ffe226f2000 	C:\Windows\SYSTEM32\kernel.appcore.dll
0x00007ffe05790000 - 0x00007ffe057a0000 	C:\Program Files\Microsoft\jdk-11.0.20.8-hotspot\bin\verify.dll
0x00007ffe21a90000 - 0x00007ffe21c74000 	C:\Windows\SYSTEM32\DBGHELP.DLL
0x00007ffdf73d0000 - 0x00007ffdf7404000 	C:\Windows\SYSTEM32\dbgcore.DLL
0x00007ffe240b0000 - 0x00007ffe24132000 	C:\Windows\System32\bcryptPrimitives.dll
0x00007ffe05760000 - 0x00007ffe05788000 	C:\Program Files\Microsoft\jdk-11.0.20.8-hotspot\bin\java.dll
0x00007ffe05750000 - 0x00007ffe0575a000 	C:\Program Files\Microsoft\jdk-11.0.20.8-hotspot\bin\jimage.dll
0x00007ffe05730000 - 0x00007ffe05748000 	C:\Program Files\Microsoft\jdk-11.0.20.8-hotspot\bin\zip.dll
0x00007ffe25db0000 - 0x00007ffe264f4000 	C:\Windows\System32\SHELL32.dll
0x00007ffe21f30000 - 0x00007ffe226c3000 	C:\Windows\SYSTEM32\windows.storage.dll
0x00007ffe25890000 - 0x00007ffe25be4000 	C:\Windows\System32\combase.dll
0x00007ffe23770000 - 0x00007ffe2379e000 	C:\Windows\SYSTEM32\Wldp.dll
0x00007ffe26590000 - 0x00007ffe2663d000 	C:\Windows\System32\SHCORE.dll
0x00007ffe26640000 - 0x00007ffe26695000 	C:\Windows\System32\shlwapi.dll
0x00007ffe23e10000 - 0x00007ffe23e2f000 	C:\Windows\SYSTEM32\profapi.dll
0x00007ffe05710000 - 0x00007ffe05729000 	C:\Program Files\Microsoft\jdk-11.0.20.8-hotspot\bin\net.dll
0x00007ffe1d720000 - 0x00007ffe1d82a000 	C:\Windows\SYSTEM32\WINHTTP.dll
0x00007ffe23550000 - 0x00007ffe235ba000 	C:\Windows\system32\mswsock.dll
0x00007ffe056f0000 - 0x00007ffe05703000 	C:\Program Files\Microsoft\jdk-11.0.20.8-hotspot\bin\nio.dll
0x00007ffe056c0000 - 0x00007ffe056e7000 	C:\Users\servidor\.gradle\native\68d5fa5c4cc2d200863cafc0d521ce42e7d3e7ee720ec0a83991735586a16f82\windows-amd64\native-platform.dll
0x00007ffe05400000 - 0x00007ffe05544000 	C:\Users\servidor\.gradle\native\e376f236ea51e6404a007f0833ffe2c6e607c4080706a723a18a27aeea778392\windows-amd64\native-platform-file-events.dll
0x00007ffe056b0000 - 0x00007ffe056b9000 	C:\Program Files\Microsoft\jdk-11.0.20.8-hotspot\bin\management.dll
0x00007ffe05680000 - 0x00007ffe0568b000 	C:\Program Files\Microsoft\jdk-11.0.20.8-hotspot\bin\management_ext.dll
0x00007ffe237b0000 - 0x00007ffe237c8000 	C:\Windows\SYSTEM32\CRYPTSP.dll
0x00007ffe22e90000 - 0x00007ffe22ec4000 	C:\Windows\system32\rsaenh.dll
0x00007ffe24630000 - 0x00007ffe24657000 	C:\Windows\System32\bcrypt.dll
0x00007ffe23d90000 - 0x00007ffe23dbe000 	C:\Windows\SYSTEM32\USERENV.dll
0x00007ffe236e0000 - 0x00007ffe236ec000 	C:\Windows\SYSTEM32\CRYPTBASE.dll
0x00007ffe23260000 - 0x00007ffe2329c000 	C:\Windows\SYSTEM32\IPHLPAPI.DLL
0x00007ffe25100000 - 0x00007ffe25108000 	C:\Windows\System32\NSI.dll
0x00007ffe1bb80000 - 0x00007ffe1bb97000 	C:\Windows\SYSTEM32\dhcpcsvc6.DLL
0x00007ffe1bb60000 - 0x00007ffe1bb7d000 	C:\Windows\SYSTEM32\dhcpcsvc.DLL
0x00007ffe232a0000 - 0x00007ffe2336b000 	C:\Windows\SYSTEM32\DNSAPI.dll
0x00007ffdff440000 - 0x00007ffdff457000 	C:\Windows\system32\napinsp.dll
0x00007ffdff420000 - 0x00007ffdff43b000 	C:\Windows\system32\pnrpnsp.dll
0x00007ffdff400000 - 0x00007ffdff415000 	C:\Windows\system32\wshbth.dll
0x00007ffe1f450000 - 0x00007ffe1f46d000 	C:\Windows\system32\NLAapi.dll
0x00007ffdff3e0000 - 0x00007ffdff3f2000 	C:\Windows\System32\winrnr.dll
0x00000000654b0000 - 0x00000000654d6000 	C:\Program Files\Bonjour\mdnsNSP.dll
0x00000000654a0000 - 0x00000000654aa000 	C:\Program Files\National Instruments\Shared\mDNS Responder\nimdnsNSP.dll
0x0000000065490000 - 0x00000000654a0000 	C:\Windows\SYSTEM32\nimdnsResponder.dll
0x00007ffe1bb50000 - 0x00007ffe1bb5a000 	C:\Windows\System32\rasadhlp.dll
0x00007ffe14ea0000 - 0x00007ffe14f20000 	C:\Windows\System32\fwpuclnt.dll

dbghelp: loaded successfully - version: 4.0.5 - missing functions: none
symbol engine: initialized successfully - sym options: 0x614 - pdb path: .;C:\Program Files\Microsoft\jdk-11.0.20.8-hotspot\bin;C:\Windows\SYSTEM32;C:\Windows\WinSxS\amd64_microsoft.windows.common-controls_6595b64144ccf1df_6.0.19041.1110_none_60b5254171f9507e;C:\Program Files\Microsoft\jdk-11.0.20.8-hotspot\bin\server;C:\Users\servidor\.gradle\native\68d5fa5c4cc2d200863cafc0d521ce42e7d3e7ee720ec0a83991735586a16f82\windows-amd64;C:\Users\servidor\.gradle\native\e376f236ea51e6404a007f0833ffe2c6e607c4080706a723a18a27aeea778392\windows-amd64;C:\Program Files\Bonjour;C:\Program Files\National Instruments\Shared\mDNS Responder

VM Arguments:
jvm_args: -XX:MaxMetaspaceSize=512m --add-opens=java.base/java.util=ALL-UNNAMED --add-opens=java.base/java.lang=ALL-UNNAMED --add-opens=java.base/java.lang.invoke=ALL-UNNAMED --add-opens=java.prefs/java.util.prefs=ALL-UNNAMED --add-opens=java.base/java.nio.charset=ALL-UNNAMED --add-opens=java.base/java.net=ALL-UNNAMED --add-opens=java.base/java.util.concurrent.atomic=ALL-UNNAMED -Xmx2048m -Dfile.encoding=windows-1252 -Duser.country=MX -Duser.language=es -Duser.variant 
java_command: org.gradle.launcher.daemon.bootstrap.GradleDaemon 8.0.1
java_class_path (initial): C:\Users\servidor\.gradle\wrapper\dists\gradle-8.0.1-all\aro4hu1c3oeioove7l0i4i14o\gradle-8.0.1\lib\gradle-launcher-8.0.1.jar
Launcher Type: SUN_STANDARD

[Global flags]
     intx CICompilerCount                          = 3                                         {product} {ergonomic}
   size_t CompressedClassSpaceSize                 = 528482304                                 {product} {ergonomic}
     uint ConcGCThreads                            = 1                                         {product} {ergonomic}
     uint G1ConcRefinementThreads                  = 4                                         {product} {ergonomic}
   size_t G1HeapRegionSize                         = 1048576                                   {product} {ergonomic}
    uintx GCDrainStackTargetSize                   = 64                                        {product} {ergonomic}
   size_t InitialHeapSize                          = 62914560                                  {product} {ergonomic}
   size_t MarkStackSize                            = 4194304                                   {product} {ergonomic}
   size_t MaxHeapSize                              = 2147483648                                {product} {command line}
   size_t MaxMetaspaceSize                         = 536870912                                 {product} {command line}
   size_t MaxNewSize                               = 1287651328                                {product} {ergonomic}
   size_t MinHeapDeltaBytes                        = 1048576                                   {product} {ergonomic}
    uintx NonNMethodCodeHeapSize                   = 5830732                                {pd product} {ergonomic}
    uintx NonProfiledCodeHeapSize                  = 122913754                              {pd product} {ergonomic}
    uintx ProfiledCodeHeapSize                     = 122913754                              {pd product} {ergonomic}
    uintx ReservedCodeCacheSize                    = 251658240                              {pd product} {ergonomic}
     bool SegmentedCodeCache                       = true                                      {product} {ergonomic}
     bool UseCompressedClassPointers               = true                                 {lp64_product} {ergonomic}
     bool UseCompressedOops                        = true                                 {lp64_product} {ergonomic}
     bool UseG1GC                                  = true                                      {product} {ergonomic}
     bool UseLargePagesIndividualAllocation        = false                                  {pd product} {ergonomic}

Logging:
Log output configuration:
 #0: stdout all=warning uptime,level,tags
 #1: stderr all=off uptime,level,tags

Environment Variables:
JAVA_HOME=C:\Program Files\Microsoft\jdk-11.0.20.8-hotspot\
CLASSPATH=C:\Users\servidor\Documents\DESARROLLOMOVIL\AULATRACK\android\\gradle\wrapper\gradle-wrapper.jar
PATH=C:\Users\servidor\Documents\DESARROLLOMOVIL\AULATRACK\node_modules\.bin;C:\Users\servidor\Documents\DESARROLLOMOVIL\AULATRACK\node_modules\.bin;C:\Users\servidor\Documents\DESARROLLOMOVIL\node_modules\.bin;C:\Users\servidor\Documents\node_modules\.bin;C:\Users\servidor\node_modules\.bin;C:\Users\node_modules\.bin;C:\node_modules\.bin;C:\Program Files\nodejs\node_modules\npm\node_modules\@npmcli\run-script\lib\node-gyp-bin;C:\Users\servidor\Documents\DESARROLLOMOVIL\AULATRACK\node_modules\.bin;C:\Users\servidor\Documents\DESARROLLOMOVIL\AULATRACK\node_modules\.bin;C:\Users\servidor\Documents\DESARROLLOMOVIL\node_modules\.bin;C:\Users\servidor\Documents\node_modules\.bin;C:\Users\servidor\node_modules\.bin;C:\Users\node_modules\.bin;C:\node_modules\.bin;C:\Program Files\nodejs\node_modules\npm\node_modules\@npmcli\run-script\lib\node-gyp-bin;C:\Program Files (x86)\VMware\VMware Player\bin\;C:\Program Files\Microsoft\jdk-11.0.20.8-hotspot\bin;C:\Users\servidor\Downloads\WINDOWS.X64_193000_db_home\bin;C:\Program Files\Common Files\Oracle\Java\javapath;C:\Program Files (x86)\Common Files\Oracle\Java\javapath;C:\Program Files\Amazon Corretto\jdk11.0.19_7\bin;C:\Program Files\AdoptOpenJDK\jre-8.0.292.10-hotspot\bin;C:\Program Files\AdoptOpenJDK\jre-11.0.11.9-hotspot\bin;C:\Program Files (x86)\AdoptOpenJDK\jre-8.0.292.10-hotspot\bin;C:\Windows\system32;C:\Windows;C:\Windows\System32\Wbem;C:\Windows\System32\WindowsPowerShell\v1.0\;C:\Windows\System32\OpenSSH\;C:\Program Files (x86)\Windows Live\Shared;C:\Program Files (x86)\dotnet\;C:\Program Files\dotnet\;C:\Program Files (x86)\QuickTime\QTSystem\;C:\Program Files (x86)\Yarn\bin\;C:\Program Files\NetMake\v9-php81\components\php;C:\ProgramData\chocolatey\bin;C:\Program Files\nodejs\;C:\Program Files (x86)\PuTTY\;C:\Users\servidor\AppData\Local\Microsoft\WindowsApps;C:\Users\servidor\AppData\Local\Programs\Microsoft VS Code\bin;C:\Users\servidor\AppData\Local\Yarn\bin;C:\Users\servidor\AppData\Roaming\npm;C:\Users\servidor
USERNAME=servidor
LANG=es_ES.UTF-8
OS=Windows_NT
PROCESSOR_IDENTIFIER=Intel64 Family 6 Model 140 Stepping 1, GenuineIntel
TMP=C:\Users\servidor\AppData\Local\Temp
TEMP=C:\Users\servidor\AppData\Local\Temp



---------------  S Y S T E M  ---------------

OS: Windows 10 , 64 bit Build 19041 (10.0.19041.2788)
OS uptime: 0 days 0:50 hours
Hyper-V role detected

CPU:total 4 (initial active 4) (2 cores per cpu, 2 threads per core) family 6 model 140 stepping 1 microcode 0xa4, cmov, cx8, fxsr, mmx, sse, sse2, sse3, ssse3, sse4.1, sse4.2, popcnt, avx, avx2, aes, clmul, erms, 3dnowpref, lzcnt, ht, tsc, tscinvbit, bmi1, bmi2, adx, evex, sha, fma

Memory: 4k page, system-wide physical 3822M (33M free)
TotalPageFile size 15598M (AvailPageFile size 48M)
current process WorkingSet (physical memory assigned to process): 189M, peak: 298M
current process commit charge ("private bytes"): 669M, peak: 831M

vm_info: OpenJDK 64-Bit Server VM (11.0.20+8-LTS) for windows-amd64 JRE (11.0.20+8-LTS), built on Jul  7 2023 17:05:21 by "MicrosoftCorporation" with MS VC++ 15.9 (VS2017)

END.
