#
# There is insufficient memory for the Java Runtime Environment to continue.
# Native memory allocation (mmap) failed to map 67108864 bytes for Failed to commit area from 0x00000000fc000000 to 0x0000000100000000 of length 67108864.
# Possible reasons:
#   The system is out of physical RAM or swap space
#   The process is running with CompressedOops enabled, and the Java Heap may be blocking the growth of the native heap
# Possible solutions:
#   Reduce memory load on the system
#   Increase physical memory or swap space
#   Check if swap backing store is full
#   Decrease Java heap size (-Xmx/-Xms)
#   Decrease number of Java threads
#   Decrease Java thread stack sizes (-Xss)
#   Set larger code cache with -XX:ReservedCodeCacheSize=
# This output file may be truncated or incomplete.
#
#  Out of Memory Error (os_windows.cpp:3386), pid=14444, tid=5968
#
# JRE version:  (11.0.20+8) (build )
# Java VM: OpenJDK 64-Bit Server VM (11.0.20+8-LTS, mixed mode, sharing, tiered, compressed oops, g1 gc, windows-amd64)
# No core dump will be written. Minidumps are not enabled by default on client versions of Windows
#

---------------  S U M M A R Y ------------

Command Line: -Xmx64m -Xms64m -Dorg.gradle.appname=gradlew org.gradle.wrapper.GradleWrapperMain app:installDebug -PreactNativeDevServerPort=8081

Host: 11th Gen Intel(R) Core(TM) i3-1115G4 @ 3.00GHz, 4 cores, 3G,  Windows 10 , 64 bit Build 19041 (10.0.19041.2788)
Time: Fri Dec  8 11:40:42 2023 Hora estándar central (México) elapsed time: 0.032019 seconds (0d 0h 0m 0s)

---------------  T H R E A D  ---------------

Current thread (0x0000024037361800):  JavaThread "Unknown thread" [_thread_in_vm, id=5968, stack(0x0000006a00500000,0x0000006a00600000)]

Stack: [0x0000006a00500000,0x0000006a00600000]
Native frames: (J=compiled Java code, j=interpreted, Vv=VM code, C=native code)
V  [jvm.dll+0x62e9da]
V  [jvm.dll+0x7bc4e9]
V  [jvm.dll+0x7bdbd8]
V  [jvm.dll+0x7be2b3]
V  [jvm.dll+0x2505a8]
V  [jvm.dll+0x62bcea]
V  [jvm.dll+0x6202a5]
V  [jvm.dll+0x30decc]
V  [jvm.dll+0x30dd52]
V  [jvm.dll+0x312a66]
V  [jvm.dll+0x358b0f]
V  [jvm.dll+0x358540]
V  [jvm.dll+0x2eae38]
V  [jvm.dll+0x2ebf96]
V  [jvm.dll+0x7962f7]
V  [jvm.dll+0x797a7f]
V  [jvm.dll+0x365879]
V  [jvm.dll+0x779130]
V  [jvm.dll+0x3d4c1f]
V  [jvm.dll+0x3d6fb1]
C  [jli.dll+0x5227]
C  [ucrtbase.dll+0x21bb2]
C  [KERNEL32.DLL+0x17604]
C  [ntdll.dll+0x526a1]


---------------  P R O C E S S  ---------------

Threads class SMR info:
_java_thread_list=0x00000240350efa20, length=0, elements={
}

Java Threads: ( => current thread )

Other Threads:
  0x0000024037379000 GCTaskThread "GC Thread#0" [stack: 0x0000006a00600000,0x0000006a00700000] [id=13624]
  0x0000024037381800 ConcurrentGCThread "G1 Main Marker" [stack: 0x0000006a00700000,0x0000006a00800000] [id=22256]
  0x0000024037383000 ConcurrentGCThread "G1 Conc#0" [stack: 0x0000006a00800000,0x0000006a00900000] [id=6392]

[error occurred during error reporting (printing all threads), id 0xc0000005, EXCEPTION_ACCESS_VIOLATION (0xc0000005) at pc=0x00007ffc012ca677]

VM state:not at safepoint (not fully initialized)

VM Mutex/Monitor currently owned by a thread:  ([mutex/lock_event])
[0x000002403735d1d0] Heap_lock - owner thread: 0x0000024037361800

Heap address: 0x00000000fc000000, size: 64 MB, Compressed Oops mode: Non-zero based: 0x00000000fc000000
Narrow klass base: 0x0000000000000000, Narrow klass shift: 0

GC Heap History (0 events):
No events

Deoptimization events (0 events):
No events

Classes redefined (0 events):
No events

Internal exceptions (0 events):
No events

Events (1 events):
Event: 0.017 Loaded shared library C:\Program Files\Microsoft\jdk-11.0.20.8-hotspot\bin\zip.dll


Dynamic libraries:
0x00007ff6002b0000 - 0x00007ff6002bd000 	C:\Program Files\Microsoft\jdk-11.0.20.8-hotspot\bin\java.exe
0x00007ffc52290000 - 0x00007ffc52488000 	C:\Windows\SYSTEM32\ntdll.dll
0x00007ffc519d0000 - 0x00007ffc51a8f000 	C:\Windows\System32\KERNEL32.DLL
0x00007ffc4f970000 - 0x00007ffc4fc4a000 	C:\Windows\System32\KERNELBASE.dll
0x00007ffc4fe50000 - 0x00007ffc4ff50000 	C:\Windows\System32\ucrtbase.dll
0x00007ffc18170000 - 0x00007ffc18187000 	C:\Program Files\Microsoft\jdk-11.0.20.8-hotspot\bin\jli.dll
0x00007ffc51c10000 - 0x00007ffc51dad000 	C:\Windows\System32\USER32.dll
0x00007ffc50290000 - 0x00007ffc502b2000 	C:\Windows\System32\win32u.dll
0x00007ffc516e0000 - 0x00007ffc5170b000 	C:\Windows\System32\GDI32.dll
0x00007ffc50040000 - 0x00007ffc50150000 	C:\Windows\System32\gdi32full.dll
0x00007ffc4ffa0000 - 0x00007ffc5003d000 	C:\Windows\System32\msvcp_win.dll
0x00007ffc4ee60000 - 0x00007ffc4f0fa000 	C:\Windows\WinSxS\amd64_microsoft.windows.common-controls_6595b64144ccf1df_6.0.19041.1110_none_60b5254171f9507e\COMCTL32.dll
0x00007ffc51570000 - 0x00007ffc5160e000 	C:\Windows\System32\msvcrt.dll
0x00007ffc18150000 - 0x00007ffc18165000 	C:\Program Files\Microsoft\jdk-11.0.20.8-hotspot\bin\VCRUNTIME140.dll
0x00007ffc50c20000 - 0x00007ffc50c50000 	C:\Windows\System32\IMM32.DLL
0x00007ffc01bd0000 - 0x00007ffc01c6b000 	C:\Program Files\Microsoft\jdk-11.0.20.8-hotspot\bin\msvcp140.dll
0x00007ffc00fd0000 - 0x00007ffc01b66000 	C:\Program Files\Microsoft\jdk-11.0.20.8-hotspot\bin\server\jvm.dll
0x00007ffc517f0000 - 0x00007ffc5189e000 	C:\Windows\System32\ADVAPI32.dll
0x00007ffc51620000 - 0x00007ffc516bc000 	C:\Windows\System32\sechost.dll
0x00007ffc51440000 - 0x00007ffc51566000 	C:\Windows\System32\RPCRT4.dll
0x00007ffc51610000 - 0x00007ffc51618000 	C:\Windows\System32\PSAPI.DLL
0x00007ffc30d30000 - 0x00007ffc30d39000 	C:\Windows\SYSTEM32\WSOCK32.dll
0x00007ffc50ee0000 - 0x00007ffc50f4b000 	C:\Windows\System32\WS2_32.dll
0x00007ffc4c4e0000 - 0x00007ffc4c4ea000 	C:\Windows\SYSTEM32\VERSION.dll
0x00007ffc2dcf0000 - 0x00007ffc2dd17000 	C:\Windows\SYSTEM32\WINMM.dll
0x00007ffc4d480000 - 0x00007ffc4d492000 	C:\Windows\SYSTEM32\kernel.appcore.dll
0x00007ffc373e0000 - 0x00007ffc373f0000 	C:\Program Files\Microsoft\jdk-11.0.20.8-hotspot\bin\verify.dll
0x00007ffc4f3f0000 - 0x00007ffc4f5d4000 	C:\Windows\SYSTEM32\DBGHELP.DLL
0x00007ffc4f2e0000 - 0x00007ffc4f314000 	C:\Windows\SYSTEM32\dbgcore.DLL
0x00007ffc50200000 - 0x00007ffc50282000 	C:\Windows\System32\bcryptPrimitives.dll
0x00007ffc01ba0000 - 0x00007ffc01bc8000 	C:\Program Files\Microsoft\jdk-11.0.20.8-hotspot\bin\java.dll
0x00007ffc26850000 - 0x00007ffc2685a000 	C:\Program Files\Microsoft\jdk-11.0.20.8-hotspot\bin\jimage.dll
0x00007ffc176e0000 - 0x00007ffc176f8000 	C:\Program Files\Microsoft\jdk-11.0.20.8-hotspot\bin\zip.dll

dbghelp: loaded successfully - version: 4.0.5 - missing functions: none
symbol engine: initialized successfully - sym options: 0x614 - pdb path: .;C:\Program Files\Microsoft\jdk-11.0.20.8-hotspot\bin;C:\Windows\SYSTEM32;C:\Windows\WinSxS\amd64_microsoft.windows.common-controls_6595b64144ccf1df_6.0.19041.1110_none_60b5254171f9507e;C:\Program Files\Microsoft\jdk-11.0.20.8-hotspot\bin\server

VM Arguments:
jvm_args: -Xmx64m -Xms64m -Dorg.gradle.appname=gradlew 
java_command: org.gradle.wrapper.GradleWrapperMain app:installDebug -PreactNativeDevServerPort=8081
java_class_path (initial): C:\Users\servidor\Documents\DESARROLLOMOVIL\AULATRACK\android\\gradle\wrapper\gradle-wrapper.jar
Launcher Type: SUN_STANDARD

[Global flags]
     intx CICompilerCount                          = 3                                         {product} {ergonomic}
     uint ConcGCThreads                            = 1                                         {product} {ergonomic}
     uint G1ConcRefinementThreads                  = 4                                         {product} {ergonomic}
   size_t G1HeapRegionSize                         = 1048576                                   {product} {ergonomic}
    uintx GCDrainStackTargetSize                   = 64                                        {product} {ergonomic}
   size_t InitialHeapSize                          = 67108864                                  {product} {command line}
   size_t MarkStackSize                            = 4194304                                   {product} {ergonomic}
   size_t MaxHeapSize                              = 67108864                                  {product} {command line}
   size_t MinHeapDeltaBytes                        = 1048576                                   {product} {ergonomic}
    uintx NonNMethodCodeHeapSize                   = 5830732                                {pd product} {ergonomic}
    uintx NonProfiledCodeHeapSize                  = 122913754                              {pd product} {ergonomic}
    uintx ProfiledCodeHeapSize                     = 122913754                              {pd product} {ergonomic}
    uintx ReservedCodeCacheSize                    = 251658240                              {pd product} {ergonomic}
     bool SegmentedCodeCache                       = true                                      {product} {ergonomic}
     bool UseCompressedClassPointers               = true                                 {lp64_product} {ergonomic}
     bool UseCompressedOops                        = true                                 {lp64_product} {ergonomic}
     bool UseG1GC                                  = true                                      {product} {ergonomic}
     bool UseLargePagesIndividualAllocation        = false                                  {pd product} {ergonomic}

Logging:
Log output configuration:
 #0: stdout all=warning uptime,level,tags
 #1: stderr all=off uptime,level,tags

Environment Variables:
JAVA_HOME=C:\Program Files\Microsoft\jdk-11.0.20.8-hotspot\
CLASSPATH=C:\Users\servidor\Documents\DESARROLLOMOVIL\AULATRACK\android\\gradle\wrapper\gradle-wrapper.jar
PATH=C:\Users\servidor\Documents\DESARROLLOMOVIL\AULATRACK\node_modules\.bin;C:\Users\servidor\Documents\DESARROLLOMOVIL\AULATRACK\node_modules\.bin;C:\Users\servidor\Documents\DESARROLLOMOVIL\node_modules\.bin;C:\Users\servidor\Documents\node_modules\.bin;C:\Users\servidor\node_modules\.bin;C:\Users\node_modules\.bin;C:\node_modules\.bin;C:\Program Files\nodejs\node_modules\npm\node_modules\@npmcli\run-script\lib\node-gyp-bin;C:\Users\servidor\Documents\DESARROLLOMOVIL\AULATRACK\node_modules\.bin;C:\Users\servidor\Documents\DESARROLLOMOVIL\AULATRACK\node_modules\.bin;C:\Users\servidor\Documents\DESARROLLOMOVIL\node_modules\.bin;C:\Users\servidor\Documents\node_modules\.bin;C:\Users\servidor\node_modules\.bin;C:\Users\node_modules\.bin;C:\node_modules\.bin;C:\Program Files\nodejs\node_modules\npm\node_modules\@npmcli\run-script\lib\node-gyp-bin;C:\Program Files (x86)\VMware\VMware Player\bin\;C:\Program Files\Microsoft\jdk-11.0.20.8-hotspot\bin;C:\Users\servidor\Downloads\WINDOWS.X64_193000_db_home\bin;C:\Program Files\Common Files\Oracle\Java\javapath;C:\Program Files (x86)\Common Files\Oracle\Java\javapath;C:\Program Files\Amazon Corretto\jdk11.0.19_7\bin;C:\Program Files\AdoptOpenJDK\jre-8.0.292.10-hotspot\bin;C:\Program Files\AdoptOpenJDK\jre-11.0.11.9-hotspot\bin;C:\Program Files (x86)\AdoptOpenJDK\jre-8.0.292.10-hotspot\bin;C:\Windows\system32;C:\Windows;C:\Windows\System32\Wbem;C:\Windows\System32\WindowsPowerShell\v1.0\;C:\Windows\System32\OpenSSH\;C:\Program Files (x86)\Windows Live\Shared;C:\Program Files (x86)\dotnet\;C:\Program Files\dotnet\;C:\Program Files (x86)\QuickTime\QTSystem\;C:\Program Files (x86)\Yarn\bin\;C:\Program Files\NetMake\v9-php81\components\php;C:\ProgramData\chocolatey\bin;C:\Program Files\nodejs\;C:\Program Files (x86)\PuTTY\;C:\Users\servidor\AppData\Local\Microsoft\WindowsApps;C:\Users\servidor\AppData\Local\Programs\Microsoft VS Code\bin;C:\Users\servidor\AppData\Local\Yarn\bin;C:\Users\servidor\AppData\Roaming\npm;C:\Users\servidor
USERNAME=servidor
LANG=es_ES.UTF-8
OS=Windows_NT
PROCESSOR_IDENTIFIER=Intel64 Family 6 Model 140 Stepping 1, GenuineIntel
TMP=C:\Users\servidor\AppData\Local\Temp
TEMP=C:\Users\servidor\AppData\Local\Temp



---------------  S Y S T E M  ---------------

OS: Windows 10 , 64 bit Build 19041 (10.0.19041.2788)
OS uptime: 0 days 2:09 hours
Hyper-V role detected

CPU:total 4 (initial active 4) (2 cores per cpu, 2 threads per core) family 6 model 140 stepping 1 microcode 0xa4, cmov, cx8, fxsr, mmx, sse, sse2, sse3, ssse3, sse4.1, sse4.2, popcnt, avx, avx2, aes, clmul, erms, 3dnowpref, lzcnt, ht, tsc, tscinvbit, bmi1, bmi2, adx, evex, sha, fma

Memory: 4k page, system-wide physical 3822M (80M free)
TotalPageFile size 15598M (AvailPageFile size 8M)
current process WorkingSet (physical memory assigned to process): 9M, peak: 9M
current process commit charge ("private bytes"): 51M, peak: 115M

vm_info: OpenJDK 64-Bit Server VM (11.0.20+8-LTS) for windows-amd64 JRE (11.0.20+8-LTS), built on Jul  7 2023 17:05:21 by "MicrosoftCorporation" with MS VC++ 15.9 (VS2017)

END.
