#
# There is insufficient memory for the Java Runtime Environment to continue.
# Native memory allocation (mmap) failed to map 176160768 bytes for Failed to commit area from 0x0000000092600000 to 0x000000009ce00000 of length 176160768.
# Possible reasons:
#   The system is out of physical RAM or swap space
#   The process is running with CompressedOops enabled, and the Java Heap may be blocking the growth of the native heap
# Possible solutions:
#   Reduce memory load on the system
#   Increase physical memory or swap space
#   Check if swap backing store is full
#   Decrease Java heap size (-Xmx/-Xms)
#   Decrease number of Java threads
#   Decrease Java thread stack sizes (-Xss)
#   Set larger code cache with -XX:ReservedCodeCacheSize=
#   JVM is running with Unscaled Compressed Oops mode in which the Java heap is
#     placed in the first 4GB address space. The Java Heap base address is the
#     maximum limit for the native heap growth. Please use -XX:HeapBaseMinAddress
#     to set the Java Heap base and to place the Java Heap above 4GB virtual address.
# This output file may be truncated or incomplete.
#
#  Out of Memory Error (os_windows.cpp:3386), pid=24732, tid=8576
#
# JRE version: OpenJDK Runtime Environment Microsoft-8035250 (11.0.20+8) (build 11.0.20+8-LTS)
# Java VM: OpenJDK 64-Bit Server VM Microsoft-8035250 (11.0.20+8-LTS, mixed mode, tiered, compressed oops, g1 gc, windows-amd64)
# No core dump will be written. Minidumps are not enabled by default on client versions of Windows
#

---------------  S U M M A R Y ------------

Command Line: -XX:MaxMetaspaceSize=512m --add-opens=java.base/java.util=ALL-UNNAMED --add-opens=java.base/java.lang=ALL-UNNAMED --add-opens=java.base/java.lang.invoke=ALL-UNNAMED --add-opens=java.prefs/java.util.prefs=ALL-UNNAMED --add-opens=java.base/java.nio.charset=ALL-UNNAMED --add-opens=java.base/java.net=ALL-UNNAMED --add-opens=java.base/java.util.concurrent.atomic=ALL-UNNAMED -Xmx2048m -Dfile.encoding=windows-1252 -Duser.country=MX -Duser.language=es -Duser.variant org.gradle.launcher.daemon.bootstrap.GradleDaemon 8.0.1

Host: 11th Gen Intel(R) Core(TM) i3-1115G4 @ 3.00GHz, 4 cores, 3G,  Windows 10 , 64 bit Build 19041 (10.0.19041.2788)
Time: Fri Dec  8 11:41:40 2023 Hora estándar central (México) elapsed time: 1503.143758 seconds (0d 0h 25m 3s)

---------------  T H R E A D  ---------------

Current thread (0x0000018dec7c7800):  VMThread "VM Thread" [stack: 0x0000000510100000,0x0000000510200000] [id=8576]

Stack: [0x0000000510100000,0x0000000510200000]
[error occurred during error reporting (printing stack bounds), id 0xc0000005, EXCEPTION_ACCESS_VIOLATION (0xc0000005) at pc=0x0000018dd5f512e7]

Native frames: (J=compiled Java code, j=interpreted, Vv=VM code, C=native code)
V  [jvm.dll+0x62e9da]
V  [jvm.dll+0x7bc4e9]
V  [jvm.dll+0x7bdbd8]
V  [jvm.dll+0x7be215]
V  [jvm.dll+0x7be1cb]
V  [jvm.dll+0x62dd67]
V  [jvm.dll+0x62e478]
C  [ntdll.dll+0xa23df]
C  [ntdll.dll+0x514a4]
C  [ntdll.dll+0xa0f0e]
C  0x0000018dd5f512e7

VM_Operation (0x00000005147f9e70): G1CollectForAllocation, mode: safepoint, requested by thread 0x0000018ded960800


---------------  P R O C E S S  ---------------

Threads class SMR info:
_java_thread_list=0x0000018df90d4030, length=89, elements={
0x0000018dcd7d5000, 0x0000018dec7db800, 0x0000018dec7ca000, 0x0000018dec82c000,
0x0000018dec82f000, 0x0000018dec831800, 0x0000018dec833000, 0x0000018dec837000,
0x0000018dec843000, 0x0000018decad8000, 0x0000018dee1a9800, 0x0000018deeb06800,
0x0000018deca92800, 0x0000018decd3d000, 0x0000018decd3f800, 0x0000018decd3e000,
0x0000018decd3f000, 0x0000018ded954800, 0x0000018ded95a000, 0x0000018ded95c000,
0x0000018ded958000, 0x0000018ded95b000, 0x0000018ded961800, 0x0000018ded95f000,
0x0000018ded95e800, 0x0000018def5e5000, 0x0000018df9ae5000, 0x0000018df9ae3800,
0x0000018df9ae4000, 0x0000018def5e3800, 0x0000018def5e9000, 0x0000018def5e8800,
0x0000018def5e6800, 0x0000018def5ea000, 0x0000018def5e4000, 0x0000018def5e7800,
0x0000018def5ea800, 0x0000018def5eb800, 0x0000018def5e6000, 0x0000018def5ee000,
0x0000018def5ed000, 0x0000018def5f0800, 0x0000018def5ef000, 0x0000018def5ef800,
0x0000018def5f1000, 0x0000018def5f2000, 0x0000018def5ec800, 0x0000018df9ad7000,
0x0000018df9adc000, 0x0000018df9ad6800, 0x0000018df9ad8000, 0x0000018df9ad9000,
0x0000018df9ad9800, 0x0000018df9add800, 0x0000018df9adb000, 0x0000018df9ada800,
0x0000018df9ae1000, 0x0000018df9ae1800, 0x0000018df9ae2800, 0x0000018df9add000,
0x0000018df9ade800, 0x0000018df9adf800, 0x0000018df9ae0000, 0x0000018ded955800,
0x0000018ded953800, 0x0000018ded958800, 0x0000018ded95c800, 0x0000018ded959800,
0x0000018ded957000, 0x0000018ded960000, 0x0000018ded95d800, 0x0000018ded960800,
0x0000018ded962800, 0x0000018def258800, 0x0000018def25b000, 0x0000018def259800,
0x0000018def258000, 0x0000018def257000, 0x0000018def25a000, 0x0000018def25c000,
0x0000018def256000, 0x0000018def260000, 0x0000018def260800, 0x0000018def262800,
0x0000018def25e800, 0x0000018def25d800, 0x0000018def25f000, 0x0000018def261800,
0x0000018def25c800
}

Java Threads: ( => current thread )
  0x0000018dcd7d5000 JavaThread "main" [_thread_blocked, id=21540, stack(0x000000050fb00000,0x000000050fc00000)]
  0x0000018dec7db800 JavaThread "Reference Handler" daemon [_thread_blocked, id=24624, stack(0x0000000510200000,0x0000000510300000)]
  0x0000018dec7ca000 JavaThread "Finalizer" daemon [_thread_blocked, id=21900, stack(0x0000000510300000,0x0000000510400000)]
  0x0000018dec82c000 JavaThread "Signal Dispatcher" daemon [_thread_blocked, id=21576, stack(0x0000000510400000,0x0000000510500000)]
  0x0000018dec82f000 JavaThread "Attach Listener" daemon [_thread_blocked, id=21924, stack(0x0000000510500000,0x0000000510600000)]
  0x0000018dec831800 JavaThread "Service Thread" daemon [_thread_blocked, id=25188, stack(0x0000000510600000,0x0000000510700000)]
  0x0000018dec833000 JavaThread "C2 CompilerThread0" daemon [_thread_blocked, id=3572, stack(0x0000000510700000,0x0000000510800000)]
  0x0000018dec837000 JavaThread "C1 CompilerThread0" daemon [_thread_blocked, id=13588, stack(0x0000000510800000,0x0000000510900000)]
  0x0000018dec843000 JavaThread "Sweeper thread" daemon [_thread_blocked, id=9196, stack(0x0000000510900000,0x0000000510a00000)]
  0x0000018decad8000 JavaThread "Common-Cleaner" daemon [_thread_blocked, id=21608, stack(0x0000000510a00000,0x0000000510b00000)]
  0x0000018dee1a9800 JavaThread "Daemon health stats" [_thread_blocked, id=9200, stack(0x0000000510d00000,0x0000000510e00000)]
  0x0000018deeb06800 JavaThread "Incoming local TCP Connector on port 59006" [_thread_in_native, id=18420, stack(0x0000000511000000,0x0000000511100000)]
  0x0000018deca92800 JavaThread "Daemon periodic checks" [_thread_blocked, id=13628, stack(0x0000000511100000,0x0000000511200000)]
  0x0000018decd3d000 JavaThread "Cache worker for journal cache (C:\Users\servidor\.gradle\caches\journal-1)" [_thread_blocked, id=13756, stack(0x0000000511900000,0x0000000511a00000)]
  0x0000018decd3f800 JavaThread "File lock request listener" [_thread_in_native, id=5236, stack(0x0000000511a00000,0x0000000511b00000)]
  0x0000018decd3e000 JavaThread "Cache worker for file hash cache (C:\Users\servidor\.gradle\caches\8.0.1\fileHashes)" [_thread_blocked, id=9376, stack(0x0000000511b00000,0x0000000511c00000)]
  0x0000018decd3f000 JavaThread "File watcher server" daemon [_thread_in_native, id=22908, stack(0x0000000511c00000,0x0000000511d00000)]
  0x0000018ded954800 JavaThread "File watcher consumer" daemon [_thread_blocked, id=20348, stack(0x0000000511d00000,0x0000000511e00000)]
  0x0000018ded95a000 JavaThread "Cache worker for file content cache (C:\Users\servidor\.gradle\caches\8.0.1\fileContent)" [_thread_blocked, id=25052, stack(0x0000000512000000,0x0000000512100000)]
  0x0000018ded95c000 JavaThread "Cache worker for execution history cache (C:\Users\servidor\.gradle\caches\8.0.1\executionHistory)" [_thread_blocked, id=6548, stack(0x0000000512300000,0x0000000512400000)]
  0x0000018ded958000 JavaThread "jar transforms" [_thread_blocked, id=22244, stack(0x0000000512400000,0x0000000512500000)]
  0x0000018ded95b000 JavaThread "jar transforms Thread 2" [_thread_blocked, id=24036, stack(0x0000000512500000,0x0000000512600000)]
  0x0000018ded961800 JavaThread "jar transforms Thread 3" [_thread_blocked, id=25296, stack(0x0000000512600000,0x0000000512700000)]
  0x0000018ded95f000 JavaThread "jar transforms Thread 4" [_thread_blocked, id=14932, stack(0x0000000512700000,0x0000000512800000)]
  0x0000018ded95e800 JavaThread "Cache worker for kotlin-dsl (C:\Users\servidor\.gradle\caches\8.0.1\kotlin-dsl)" [_thread_blocked, id=23116, stack(0x0000000512900000,0x0000000512a00000)]
  0x0000018def5e5000 JavaThread "Memory manager" [_thread_blocked, id=2992, stack(0x0000000514600000,0x0000000514700000)]
  0x0000018df9ae5000 JavaThread "Monitor" [_thread_in_native, id=13860, stack(0x000000050f900000,0x000000050fa00000)]
  0x0000018df9ae3800 JavaThread "JdwpProxyConnection" [_thread_in_native, id=12856, stack(0x0000000515b00000,0x0000000515c00000)]
  0x0000018df9ae4000 JavaThread "Device List Monitor" [_thread_in_native, id=23940, stack(0x0000000515d00000,0x0000000515e00000)]
  0x0000018def5e3800 JavaThread "Daemon Thread 3" [_thread_blocked, id=14520, stack(0x000000050f800000,0x000000050f900000)]
  0x0000018def5e9000 JavaThread "Handler for socket connection from /127.0.0.1:59006 to /127.0.0.1:64398" [_thread_in_native, id=10676, stack(0x000000050fa00000,0x000000050fb00000)]
  0x0000018def5e8800 JavaThread "Cancel handler" [_thread_blocked, id=11172, stack(0x0000000511200000,0x0000000511300000)]
  0x0000018def5e6800 JavaThread "Daemon worker Thread 3" [_thread_blocked, id=20388, stack(0x0000000511300000,0x0000000511400000)]
  0x0000018def5ea000 JavaThread "Asynchronous log dispatcher for DefaultDaemonConnection: socket connection from /127.0.0.1:59006 to /127.0.0.1:64398" [_thread_blocked, id=17812, stack(0x0000000511400000,0x0000000511500000)]
  0x0000018def5e4000 JavaThread "Stdin handler" [_thread_blocked, id=552, stack(0x0000000511500000,0x0000000511600000)]
  0x0000018def5e7800 JavaThread "Daemon client event forwarder" [_thread_blocked, id=7332, stack(0x0000000511600000,0x0000000511700000)]
  0x0000018def5ea800 JavaThread "Cache worker for checksums cache (C:\Users\servidor\Documents\DESARROLLOMOVIL\AULATRACK\android\.gradle\8.0.1\checksums)" [_thread_blocked, id=1800, stack(0x0000000511700000,0x0000000511800000)]
  0x0000018def5eb800 JavaThread "Cache worker for cache directory md-rule (C:\Users\servidor\.gradle\caches\8.0.1\md-rule)" [_thread_blocked, id=3508, stack(0x0000000511800000,0x0000000511900000)]
  0x0000018def5e6000 JavaThread "Cache worker for file hash cache (C:\Users\servidor\Documents\DESARROLLOMOVIL\AULATRACK\android\.gradle\8.0.1\fileHashes)" [_thread_blocked, id=12548, stack(0x0000000511e00000,0x0000000511f00000)]
  0x0000018def5ee000 JavaThread "Cache worker for cache directory md-supplier (C:\Users\servidor\.gradle\caches\8.0.1\md-supplier)" [_thread_blocked, id=15756, stack(0x0000000511f00000,0x0000000512000000)]
  0x0000018def5ed000 JavaThread "Cache worker for dependencies-accessors (C:\Users\servidor\Documents\DESARROLLOMOVIL\AULATRACK\android\.gradle\8.0.1\dependencies-accessors)" [_thread_blocked, id=19920, stack(0x0000000512100000,0x0000000512200000)]
  0x0000018def5f0800 JavaThread "Cache worker for Build Output Cleanup Cache (C:\Users\servidor\Documents\DESARROLLOMOVIL\AULATRACK\node_modules\@react-native\gradle-plugin\.gradle\buildOutputCleanup)" [_thread_blocked, id=20752, stack(0x0000000512200000,0x0000000512300000)]
  0x0000018def5ef000 JavaThread "Unconstrained build operations" [_thread_blocked, id=1704, stack(0x0000000512800000,0x0000000512900000)]
  0x0000018def5ef800 JavaThread "Unconstrained build operations Thread 2" [_thread_blocked, id=20416, stack(0x0000000512a00000,0x0000000512b00000)]
  0x0000018def5f1000 JavaThread "Unconstrained build operations Thread 3" [_thread_blocked, id=12588, stack(0x0000000512b00000,0x0000000512c00000)]
  0x0000018def5f2000 JavaThread "Unconstrained build operations Thread 4" [_thread_blocked, id=16988, stack(0x0000000512c00000,0x0000000512d00000)]
  0x0000018def5ec800 JavaThread "Unconstrained build operations Thread 5" [_thread_blocked, id=24488, stack(0x0000000512d00000,0x0000000512e00000)]
  0x0000018df9ad7000 JavaThread "Unconstrained build operations Thread 6" [_thread_blocked, id=16404, stack(0x0000000512e00000,0x0000000512f00000)]
  0x0000018df9adc000 JavaThread "Unconstrained build operations Thread 7" [_thread_blocked, id=20784, stack(0x0000000512f00000,0x0000000513000000)]
  0x0000018df9ad6800 JavaThread "Unconstrained build operations Thread 8" [_thread_blocked, id=22520, stack(0x0000000513000000,0x0000000513100000)]
  0x0000018df9ad8000 JavaThread "Unconstrained build operations Thread 9" [_thread_blocked, id=13896, stack(0x0000000513100000,0x0000000513200000)]
  0x0000018df9ad9000 JavaThread "Unconstrained build operations Thread 10" [_thread_blocked, id=13760, stack(0x0000000513200000,0x0000000513300000)]
  0x0000018df9ad9800 JavaThread "Unconstrained build operations Thread 11" [_thread_blocked, id=2776, stack(0x0000000513300000,0x0000000513400000)]
  0x0000018df9add800 JavaThread "Unconstrained build operations Thread 12" [_thread_blocked, id=14144, stack(0x0000000513400000,0x0000000513500000)]
  0x0000018df9adb000 JavaThread "Unconstrained build operations Thread 13" [_thread_blocked, id=24388, stack(0x0000000513500000,0x0000000513600000)]
  0x0000018df9ada800 JavaThread "Unconstrained build operations Thread 14" [_thread_blocked, id=8640, stack(0x0000000513600000,0x0000000513700000)]
  0x0000018df9ae1000 JavaThread "Unconstrained build operations Thread 15" [_thread_blocked, id=21152, stack(0x0000000513700000,0x0000000513800000)]
  0x0000018df9ae1800 JavaThread "Unconstrained build operations Thread 16" [_thread_blocked, id=7160, stack(0x0000000513800000,0x0000000513900000)]
  0x0000018df9ae2800 JavaThread "Unconstrained build operations Thread 17" [_thread_blocked, id=8088, stack(0x0000000513900000,0x0000000513a00000)]
  0x0000018df9add000 JavaThread "Unconstrained build operations Thread 18" [_thread_blocked, id=3680, stack(0x0000000513a00000,0x0000000513b00000)]
  0x0000018df9ade800 JavaThread "Unconstrained build operations Thread 19" [_thread_blocked, id=8716, stack(0x0000000513b00000,0x0000000513c00000)]
  0x0000018df9adf800 JavaThread "Unconstrained build operations Thread 20" [_thread_blocked, id=15488, stack(0x0000000513c00000,0x0000000513d00000)]
  0x0000018df9ae0000 JavaThread "Unconstrained build operations Thread 21" [_thread_blocked, id=9084, stack(0x0000000513d00000,0x0000000513e00000)]
  0x0000018ded955800 JavaThread "Unconstrained build operations Thread 22" [_thread_blocked, id=25424, stack(0x0000000513e00000,0x0000000513f00000)]
  0x0000018ded953800 JavaThread "Unconstrained build operations Thread 23" [_thread_blocked, id=16976, stack(0x0000000513f00000,0x0000000514000000)]
  0x0000018ded958800 JavaThread "Unconstrained build operations Thread 24" [_thread_blocked, id=9828, stack(0x0000000514000000,0x0000000514100000)]
  0x0000018ded95c800 JavaThread "Unconstrained build operations Thread 25" [_thread_blocked, id=19776, stack(0x0000000514100000,0x0000000514200000)]
  0x0000018ded959800 JavaThread "Unconstrained build operations Thread 26" [_thread_blocked, id=19940, stack(0x0000000514200000,0x0000000514300000)]
  0x0000018ded957000 JavaThread "Cache worker for Build Output Cleanup Cache (C:\Users\servidor\Documents\DESARROLLOMOVIL\AULATRACK\android\.gradle\buildOutputCleanup)" [_thread_blocked, id=10116, stack(0x0000000514300000,0x0000000514400000)]
  0x0000018ded960000 JavaThread "included builds" [_thread_blocked, id=10932, stack(0x0000000514400000,0x0000000514500000)]
  0x0000018ded95d800 JavaThread "Execution worker" [_thread_blocked, id=22508, stack(0x0000000514500000,0x0000000514600000)]
  0x0000018ded960800 JavaThread "Execution worker Thread 2" [_thread_blocked, id=20844, stack(0x0000000514700000,0x0000000514800000)]
  0x0000018ded962800 JavaThread "Execution worker Thread 3" [_thread_blocked, id=2400, stack(0x0000000514800000,0x0000000514900000)]
  0x0000018def258800 JavaThread "Cache worker for execution history cache (C:\Users\servidor\Documents\DESARROLLOMOVIL\AULATRACK\node_modules\@react-native\gradle-plugin\.gradle\8.0.1\executionHistory)" [_thread_blocked, id=14532, stack(0x0000000514900000,0x0000000514a00000)]
  0x0000018def25b000 JavaThread "Unconstrained build operations Thread 27" [_thread_blocked, id=12120, stack(0x0000000514a00000,0x0000000514b00000)]
  0x0000018def259800 JavaThread "Unconstrained build operations Thread 28" [_thread_blocked, id=21860, stack(0x0000000514b00000,0x0000000514c00000)]
  0x0000018def258000 JavaThread "Unconstrained build operations Thread 29" [_thread_blocked, id=20864, stack(0x0000000514c00000,0x0000000514d00000)]
  0x0000018def257000 JavaThread "Unconstrained build operations Thread 30" [_thread_blocked, id=24016, stack(0x0000000514d00000,0x0000000514e00000)]
  0x0000018def25a000 JavaThread "Unconstrained build operations Thread 31" [_thread_blocked, id=7808, stack(0x0000000514e00000,0x0000000514f00000)]
  0x0000018def25c000 JavaThread "Unconstrained build operations Thread 32" [_thread_blocked, id=6352, stack(0x0000000514f00000,0x0000000515000000)]
  0x0000018def256000 JavaThread "Unconstrained build operations Thread 33" [_thread_blocked, id=16828, stack(0x0000000515000000,0x0000000515100000)]
  0x0000018def260000 JavaThread "Unconstrained build operations Thread 34" [_thread_blocked, id=16000, stack(0x0000000515100000,0x0000000515200000)]
  0x0000018def260800 JavaThread "Unconstrained build operations Thread 35" [_thread_blocked, id=23968, stack(0x0000000515200000,0x0000000515300000)]
  0x0000018def262800 JavaThread "Unconstrained build operations Thread 36" [_thread_blocked, id=20136, stack(0x0000000515300000,0x0000000515400000)]
  0x0000018def25e800 JavaThread "Unconstrained build operations Thread 37" [_thread_blocked, id=20276, stack(0x0000000515400000,0x0000000515500000)]
  0x0000018def25d800 JavaThread "Unconstrained build operations Thread 38" [_thread_blocked, id=13764, stack(0x0000000515500000,0x0000000515600000)]
  0x0000018def25f000 JavaThread "Unconstrained build operations Thread 39" [_thread_blocked, id=9012, stack(0x0000000515600000,0x0000000515700000)]
  0x0000018def261800 JavaThread "Unconstrained build operations Thread 40" [_thread_blocked, id=15404, stack(0x0000000515700000,0x0000000515800000)]
  0x0000018def25c800 JavaThread "Cache worker for execution history cache (C:\Users\servidor\Documents\DESARROLLOMOVIL\AULATRACK\android\.gradle\8.0.1\executionHistory)" [_thread_blocked, id=15008, stack(0x0000000515900000,0x0000000515a00000)]

Other Threads:
=>0x0000018dec7c7800 VMThread "VM Thread" [stack: 0x0000000510100000,0x0000000510200000] [id=8576]
  0x0000018decaf9000 WatcherThread [stack: 0x0000000510b00000,0x0000000510c00000] [id=23568]
  0x0000018dcd7ed000 GCTaskThread "GC Thread#0" [stack: 0x000000050fc00000,0x000000050fd00000] [id=23368]
  0x0000018deccb7800 GCTaskThread "GC Thread#1" [stack: 0x0000000510c00000,0x0000000510d00000] [id=10732]
  0x0000018deea79800 GCTaskThread "GC Thread#2" [stack: 0x0000000510e00000,0x0000000510f00000] [id=19540]
  0x0000018ded616000 GCTaskThread "GC Thread#3" [stack: 0x0000000510f00000,0x0000000511000000] [id=24124]
  0x0000018dcd81d000 ConcurrentGCThread "G1 Main Marker" [stack: 0x000000050fd00000,0x000000050fe00000] [id=20392]
  0x0000018dcd81e800 ConcurrentGCThread "G1 Conc#0" [stack: 0x000000050fe00000,0x000000050ff00000] [id=10356]
  0x0000018dcd865000 ConcurrentGCThread "G1 Refine#0" [stack: 0x000000050ff00000,0x0000000510000000] [id=22736]
  0x0000018dfc320800 ConcurrentGCThread "G1 Refine#1" [stack: 0x0000000515800000,0x0000000515900000] [id=3048]
  0x0000018dcd866000 ConcurrentGCThread "G1 Young RemSet Sampling" [stack: 0x0000000510000000,0x0000000510100000] [id=1564]

Threads with active compile tasks:
C2 CompilerThread0  1503177 22846   !   4       java.nio.file.FileTreeWalker::visit (204 bytes)

VM state:at safepoint (normal execution)

VM Mutex/Monitor currently owned by a thread:  ([mutex/lock_event])
[0x0000018dcd7cf6a0] Threads_lock - owner thread: 0x0000018dec7c7800
[0x0000018dcd7d08a0] Heap_lock - owner thread: 0x0000018ded960800

Heap address: 0x0000000080000000, size: 2048 MB, Compressed Oops mode: 32-bit
Narrow klass base: 0x0000000000000000, Narrow klass shift: 3
Compressed class space size: 528482304 Address: 0x0000000100000000

Heap:
 garbage-first heap   total 473088K, used 228908K [0x0000000080000000, 0x0000000100000000)
  region size 1024K, 1 young (1024K), 1 survivors (1024K)
 Metaspace       used 129678K, capacity 135117K, committed 135248K, reserved 632832K
  class space    used 16537K, capacity 18642K, committed 18688K, reserved 516096K
Heap Regions: E=young(eden), S=young(survivor), O=old, HS=humongous(starts), HC=humongous(continues), CS=collection set, F=free, A=archive, TAMS=top-at-mark-start (previous, next)
|   0|0x0000000080000000, 0x0000000080100000, 0x0000000080100000|100%| O|  |TAMS 0x0000000080100000, 0x0000000080000000| Untracked 
|   1|0x0000000080100000, 0x0000000080200000, 0x0000000080200000|100%| O|  |TAMS 0x0000000080200000, 0x0000000080100000| Untracked 
|   2|0x0000000080200000, 0x0000000080300000, 0x0000000080300000|100%| O|  |TAMS 0x0000000080300000, 0x0000000080200000| Untracked 
|   3|0x0000000080300000, 0x0000000080400000, 0x0000000080400000|100%|HS|  |TAMS 0x0000000080400000, 0x0000000080300000| Complete 
|   4|0x0000000080400000, 0x0000000080500000, 0x0000000080500000|100%|HC|  |TAMS 0x0000000080500000, 0x0000000080400000| Complete 
|   5|0x0000000080500000, 0x0000000080600000, 0x0000000080600000|100%|HC|  |TAMS 0x0000000080600000, 0x0000000080500000| Complete 
|   6|0x0000000080600000, 0x0000000080700000, 0x0000000080700000|100%|HC|  |TAMS 0x0000000080700000, 0x0000000080600000| Complete 
|   7|0x0000000080700000, 0x0000000080800000, 0x0000000080800000|100%| O|  |TAMS 0x0000000080800000, 0x0000000080700000| Untracked 
|   8|0x0000000080800000, 0x0000000080900000, 0x0000000080900000|100%| O|  |TAMS 0x0000000080900000, 0x0000000080800000| Untracked 
|   9|0x0000000080900000, 0x0000000080a00000, 0x0000000080a00000|100%| O|  |TAMS 0x0000000080a00000, 0x0000000080900000| Untracked 
|  10|0x0000000080a00000, 0x0000000080b00000, 0x0000000080b00000|100%| O|  |TAMS 0x0000000080b00000, 0x0000000080a00000| Untracked 
|  11|0x0000000080b00000, 0x0000000080c00000, 0x0000000080c00000|100%| O|  |TAMS 0x0000000080c00000, 0x0000000080b00000| Complete 
|  12|0x0000000080c00000, 0x0000000080d00000, 0x0000000080d00000|100%| O|  |TAMS 0x0000000080d00000, 0x0000000080c00000| Untracked 
|  13|0x0000000080d00000, 0x0000000080e00000, 0x0000000080e00000|100%| O|  |TAMS 0x0000000080e00000, 0x0000000080d00000| Complete 
|  14|0x0000000080e00000, 0x0000000080f00000, 0x0000000080f00000|100%| O|  |TAMS 0x0000000080f00000, 0x0000000080e00000| Untracked 
|  15|0x0000000080f00000, 0x0000000081000000, 0x0000000081000000|100%| O|  |TAMS 0x0000000081000000, 0x0000000080f00000| Untracked 
|  16|0x0000000081000000, 0x0000000081100000, 0x0000000081100000|100%| O|  |TAMS 0x0000000081100000, 0x0000000081000000| Untracked 
|  17|0x0000000081100000, 0x0000000081200000, 0x0000000081200000|100%| O|  |TAMS 0x0000000081200000, 0x0000000081100000| Untracked 
|  18|0x0000000081200000, 0x0000000081300000, 0x0000000081300000|100%| O|  |TAMS 0x0000000081300000, 0x0000000081200000| Complete 
|  19|0x0000000081300000, 0x0000000081400000, 0x0000000081400000|100%| O|  |TAMS 0x0000000081400000, 0x0000000081300000| Complete 
|  20|0x0000000081400000, 0x0000000081500000, 0x0000000081500000|100%| O|  |TAMS 0x0000000081500000, 0x0000000081400000| Untracked 
|  21|0x0000000081500000, 0x0000000081600000, 0x0000000081600000|100%| O|  |TAMS 0x0000000081600000, 0x0000000081500000| Complete 
|  22|0x0000000081600000, 0x0000000081700000, 0x0000000081700000|100%| O|  |TAMS 0x0000000081700000, 0x0000000081600000| Untracked 
|  23|0x0000000081700000, 0x0000000081800000, 0x0000000081800000|100%| O|  |TAMS 0x0000000081800000, 0x0000000081700000| Untracked 
|  24|0x0000000081800000, 0x0000000081900000, 0x0000000081900000|100%| O|  |TAMS 0x0000000081900000, 0x0000000081800000| Complete 
|  25|0x0000000081900000, 0x0000000081a00000, 0x0000000081a00000|100%| O|  |TAMS 0x0000000081a00000, 0x0000000081900000| Untracked 
|  26|0x0000000081a00000, 0x0000000081b00000, 0x0000000081b00000|100%| O|  |TAMS 0x0000000081b00000, 0x0000000081a00000| Untracked 
|  27|0x0000000081b00000, 0x0000000081c00000, 0x0000000081c00000|100%| O|  |TAMS 0x0000000081c00000, 0x0000000081b00000| Untracked 
|  28|0x0000000081c00000, 0x0000000081d00000, 0x0000000081d00000|100%| O|  |TAMS 0x0000000081d00000, 0x0000000081c00000| Untracked 
|  29|0x0000000081d00000, 0x0000000081e00000, 0x0000000081e00000|100%| O|  |TAMS 0x0000000081e00000, 0x0000000081d00000| Complete 
|  30|0x0000000081e00000, 0x0000000081f00000, 0x0000000081f00000|100%| O|  |TAMS 0x0000000081f00000, 0x0000000081e00000| Complete 
|  31|0x0000000081f00000, 0x0000000082000000, 0x0000000082000000|100%|HS|  |TAMS 0x0000000082000000, 0x0000000081f00000| Complete 
|  32|0x0000000082000000, 0x0000000082100000, 0x0000000082100000|100%|HC|  |TAMS 0x0000000082100000, 0x0000000082000000| Complete 
|  33|0x0000000082100000, 0x0000000082200000, 0x0000000082200000|100%| O|  |TAMS 0x0000000082200000, 0x0000000082100000| Complete 
|  34|0x0000000082200000, 0x0000000082300000, 0x0000000082300000|100%|HS|  |TAMS 0x0000000082300000, 0x0000000082200000| Complete 
|  35|0x0000000082300000, 0x0000000082400000, 0x0000000082400000|100%|HC|  |TAMS 0x0000000082400000, 0x0000000082300000| Complete 
|  36|0x0000000082400000, 0x0000000082500000, 0x0000000082500000|100%|HC|  |TAMS 0x0000000082500000, 0x0000000082400000| Complete 
|  37|0x0000000082500000, 0x0000000082600000, 0x0000000082600000|100%|HC|  |TAMS 0x0000000082600000, 0x0000000082500000| Complete 
|  38|0x0000000082600000, 0x0000000082700000, 0x0000000082700000|100%| O|  |TAMS 0x0000000082700000, 0x0000000082600000| Complete 
|  39|0x0000000082700000, 0x0000000082800000, 0x0000000082800000|100%| O|  |TAMS 0x0000000082800000, 0x0000000082700000| Complete 
|  40|0x0000000082800000, 0x0000000082800000, 0x0000000082900000|  0%| F|  |TAMS 0x0000000082800000, 0x0000000082800000| Untracked 
|  41|0x0000000082900000, 0x0000000082a00000, 0x0000000082a00000|100%| O|  |TAMS 0x0000000082a00000, 0x0000000082900000| Complete 
|  42|0x0000000082a00000, 0x0000000082b00000, 0x0000000082b00000|100%| O|  |TAMS 0x0000000082b00000, 0x0000000082a00000| Untracked 
|  43|0x0000000082b00000, 0x0000000082c00000, 0x0000000082c00000|100%| O|  |TAMS 0x0000000082c00000, 0x0000000082b00000| Complete 
|  44|0x0000000082c00000, 0x0000000082d00000, 0x0000000082d00000|100%| O|  |TAMS 0x0000000082d00000, 0x0000000082c00000| Complete 
|  45|0x0000000082d00000, 0x0000000082e00000, 0x0000000082e00000|100%| O|  |TAMS 0x0000000082e00000, 0x0000000082d00000| Untracked 
|  46|0x0000000082e00000, 0x0000000082f00000, 0x0000000082f00000|100%| O|  |TAMS 0x0000000082f00000, 0x0000000082e00000| Untracked 
|  47|0x0000000082f00000, 0x0000000083000000, 0x0000000083000000|100%| O|  |TAMS 0x0000000083000000, 0x0000000082f00000| Untracked 
|  48|0x0000000083000000, 0x0000000083100000, 0x0000000083100000|100%| O|  |TAMS 0x0000000083100000, 0x0000000083000000| Complete 
|  49|0x0000000083100000, 0x0000000083200000, 0x0000000083200000|100%| O|  |TAMS 0x0000000083200000, 0x0000000083100000| Complete 
|  50|0x0000000083200000, 0x0000000083300000, 0x0000000083300000|100%| O|  |TAMS 0x0000000083300000, 0x0000000083200000| Complete 
|  51|0x0000000083300000, 0x0000000083400000, 0x0000000083400000|100%| O|  |TAMS 0x0000000083400000, 0x0000000083300000| Complete 
|  52|0x0000000083400000, 0x0000000083400000, 0x0000000083500000|  0%| F|  |TAMS 0x0000000083400000, 0x0000000083400000| Untracked 
|  53|0x0000000083500000, 0x0000000083600000, 0x0000000083600000|100%| O|  |TAMS 0x0000000083600000, 0x0000000083500000| Complete 
|  54|0x0000000083600000, 0x0000000083700000, 0x0000000083700000|100%| O|  |TAMS 0x0000000083700000, 0x0000000083600000| Untracked 
|  55|0x0000000083700000, 0x0000000083800000, 0x0000000083800000|100%| O|  |TAMS 0x0000000083800000, 0x0000000083700000| Complete 
|  56|0x0000000083800000, 0x0000000083900000, 0x0000000083900000|100%| O|  |TAMS 0x0000000083900000, 0x0000000083800000| Untracked 
|  57|0x0000000083900000, 0x0000000083a00000, 0x0000000083a00000|100%| O|  |TAMS 0x0000000083a00000, 0x0000000083900000| Complete 
|  58|0x0000000083a00000, 0x0000000083b00000, 0x0000000083b00000|100%|HS|  |TAMS 0x0000000083b00000, 0x0000000083a00000| Complete 
|  59|0x0000000083b00000, 0x0000000083c00000, 0x0000000083c00000|100%|HS|  |TAMS 0x0000000083c00000, 0x0000000083b00000| Complete 
|  60|0x0000000083c00000, 0x0000000083d00000, 0x0000000083d00000|100%| O|  |TAMS 0x0000000083d00000, 0x0000000083c00000| Complete 
|  61|0x0000000083d00000, 0x0000000083e00000, 0x0000000083e00000|100%| O|  |TAMS 0x0000000083e00000, 0x0000000083d00000| Untracked 
|  62|0x0000000083e00000, 0x0000000083f00000, 0x0000000083f00000|100%| O|  |TAMS 0x0000000083f00000, 0x0000000083e00000| Untracked 
|  63|0x0000000083f00000, 0x0000000084000000, 0x0000000084000000|100%| O|  |TAMS 0x0000000084000000, 0x0000000083f00000| Untracked 
|  64|0x0000000084000000, 0x0000000084100000, 0x0000000084100000|100%| O|  |TAMS 0x0000000084100000, 0x0000000084000000| Complete 
|  65|0x0000000084100000, 0x0000000084200000, 0x0000000084200000|100%| O|  |TAMS 0x0000000084200000, 0x0000000084100000| Untracked 
|  66|0x0000000084200000, 0x0000000084300000, 0x0000000084300000|100%| O|  |TAMS 0x0000000084300000, 0x0000000084200000| Untracked 
|  67|0x0000000084300000, 0x0000000084400000, 0x0000000084400000|100%| O|  |TAMS 0x0000000084400000, 0x0000000084300000| Untracked 
|  68|0x0000000084400000, 0x0000000084500000, 0x0000000084500000|100%| O|  |TAMS 0x0000000084500000, 0x0000000084400000| Complete 
|  69|0x0000000084500000, 0x0000000084600000, 0x0000000084600000|100%| O|  |TAMS 0x0000000084600000, 0x0000000084500000| Complete 
|  70|0x0000000084600000, 0x0000000084700000, 0x0000000084700000|100%| O|  |TAMS 0x0000000084700000, 0x0000000084600000| Untracked 
|  71|0x0000000084700000, 0x0000000084800000, 0x0000000084800000|100%| O|  |TAMS 0x0000000084800000, 0x0000000084700000| Untracked 
|  72|0x0000000084800000, 0x0000000084900000, 0x0000000084900000|100%| O|  |TAMS 0x0000000084900000, 0x0000000084800000| Untracked 
|  73|0x0000000084900000, 0x0000000084a00000, 0x0000000084a00000|100%| O|  |TAMS 0x0000000084a00000, 0x0000000084900000| Untracked 
|  74|0x0000000084a00000, 0x0000000084b00000, 0x0000000084b00000|100%| O|  |TAMS 0x0000000084b00000, 0x0000000084a00000| Untracked 
|  75|0x0000000084b00000, 0x0000000084c00000, 0x0000000084c00000|100%| O|  |TAMS 0x0000000084c00000, 0x0000000084b00000| Untracked 
|  76|0x0000000084c00000, 0x0000000084d00000, 0x0000000084d00000|100%| O|  |TAMS 0x0000000084d00000, 0x0000000084c00000| Untracked 
|  77|0x0000000084d00000, 0x0000000084e00000, 0x0000000084e00000|100%| O|  |TAMS 0x0000000084e00000, 0x0000000084d00000| Complete 
|  78|0x0000000084e00000, 0x0000000084f00000, 0x0000000084f00000|100%| O|  |TAMS 0x0000000084f00000, 0x0000000084e00000| Complete 
|  79|0x0000000084f00000, 0x0000000085000000, 0x0000000085000000|100%| O|  |TAMS 0x0000000085000000, 0x0000000084f00000| Complete 
|  80|0x0000000085000000, 0x0000000085100000, 0x0000000085100000|100%| O|  |TAMS 0x0000000085100000, 0x0000000085000000| Untracked 
|  81|0x0000000085100000, 0x0000000085200000, 0x0000000085200000|100%|HS|  |TAMS 0x0000000085200000, 0x0000000085100000| Complete 
|  82|0x0000000085200000, 0x0000000085300000, 0x0000000085300000|100%|HS|  |TAMS 0x0000000085300000, 0x0000000085200000| Complete 
|  83|0x0000000085300000, 0x0000000085400000, 0x0000000085400000|100%|HS|  |TAMS 0x0000000085400000, 0x0000000085300000| Complete 
|  84|0x0000000085400000, 0x0000000085500000, 0x0000000085500000|100%|HS|  |TAMS 0x0000000085500000, 0x0000000085400000| Complete 
|  85|0x0000000085500000, 0x0000000085600000, 0x0000000085600000|100%|HC|  |TAMS 0x0000000085600000, 0x0000000085500000| Complete 
|  86|0x0000000085600000, 0x0000000085700000, 0x0000000085700000|100%|HC|  |TAMS 0x0000000085700000, 0x0000000085600000| Complete 
|  87|0x0000000085700000, 0x0000000085800000, 0x0000000085800000|100%| O|  |TAMS 0x0000000085800000, 0x0000000085700000| Complete 
|  88|0x0000000085800000, 0x0000000085900000, 0x0000000085900000|100%| O|  |TAMS 0x0000000085800000, 0x0000000085800000| Untracked 
|  89|0x0000000085900000, 0x0000000085a00000, 0x0000000085a00000|100%|HS|  |TAMS 0x0000000085a00000, 0x0000000085900000| Complete 
|  90|0x0000000085a00000, 0x0000000085b00000, 0x0000000085b00000|100%|HC|  |TAMS 0x0000000085b00000, 0x0000000085a00000| Complete 
|  91|0x0000000085b00000, 0x0000000085c00000, 0x0000000085c00000|100%| O|  |TAMS 0x0000000085c00000, 0x0000000085b00000| Untracked 
|  92|0x0000000085c00000, 0x0000000085d00000, 0x0000000085d00000|100%| O|  |TAMS 0x0000000085d00000, 0x0000000085c00000| Untracked 
|  93|0x0000000085d00000, 0x0000000085e00000, 0x0000000085e00000|100%| O|  |TAMS 0x0000000085e00000, 0x0000000085d00000| Untracked 
|  94|0x0000000085e00000, 0x0000000085f00000, 0x0000000085f00000|100%| O|  |TAMS 0x0000000085f00000, 0x0000000085e00000| Untracked 
|  95|0x0000000085f00000, 0x0000000086000000, 0x0000000086000000|100%| O|  |TAMS 0x0000000086000000, 0x0000000085f00000| Untracked 
|  96|0x0000000086000000, 0x0000000086100000, 0x0000000086100000|100%| O|  |TAMS 0x0000000086100000, 0x0000000086000000| Untracked 
|  97|0x0000000086100000, 0x0000000086200000, 0x0000000086200000|100%| O|  |TAMS 0x0000000086200000, 0x0000000086100000| Untracked 
|  98|0x0000000086200000, 0x0000000086300000, 0x0000000086300000|100%| O|  |TAMS 0x0000000086300000, 0x0000000086200000| Untracked 
|  99|0x0000000086300000, 0x0000000086400000, 0x0000000086400000|100%| O|  |TAMS 0x0000000086400000, 0x0000000086300000| Untracked 
| 100|0x0000000086400000, 0x0000000086500000, 0x0000000086500000|100%| O|  |TAMS 0x0000000086500000, 0x0000000086400000| Untracked 
| 101|0x0000000086500000, 0x0000000086600000, 0x0000000086600000|100%| O|  |TAMS 0x0000000086600000, 0x0000000086500000| Complete 
| 102|0x0000000086600000, 0x0000000086700000, 0x0000000086700000|100%| O|  |TAMS 0x0000000086700000, 0x0000000086600000| Untracked 
| 103|0x0000000086700000, 0x0000000086800000, 0x0000000086800000|100%| O|  |TAMS 0x0000000086800000, 0x0000000086700000| Untracked 
| 104|0x0000000086800000, 0x0000000086900000, 0x0000000086900000|100%| O|  |TAMS 0x0000000086900000, 0x0000000086800000| Complete 
| 105|0x0000000086900000, 0x0000000086a00000, 0x0000000086a00000|100%|HS|  |TAMS 0x0000000086a00000, 0x0000000086900000| Complete 
| 106|0x0000000086a00000, 0x0000000086b00000, 0x0000000086b00000|100%| O|  |TAMS 0x0000000086b00000, 0x0000000086a00000| Untracked 
| 107|0x0000000086b00000, 0x0000000086c00000, 0x0000000086c00000|100%| O|  |TAMS 0x0000000086c00000, 0x0000000086b00000| Untracked 
| 108|0x0000000086c00000, 0x0000000086d00000, 0x0000000086d00000|100%| O|  |TAMS 0x0000000086d00000, 0x0000000086c00000| Complete 
| 109|0x0000000086d00000, 0x0000000086e00000, 0x0000000086e00000|100%| O|  |TAMS 0x0000000086d00000, 0x0000000086d00000| Untracked 
| 110|0x0000000086e00000, 0x0000000086f00000, 0x0000000086f00000|100%| O|  |TAMS 0x0000000086f00000, 0x0000000086e00000| Untracked 
| 111|0x0000000086f00000, 0x0000000087000000, 0x0000000087000000|100%| O|  |TAMS 0x0000000087000000, 0x0000000086f00000| Untracked 
| 112|0x0000000087000000, 0x0000000087100000, 0x0000000087100000|100%| O|  |TAMS 0x0000000087100000, 0x0000000087000000| Complete 
| 113|0x0000000087100000, 0x0000000087200000, 0x0000000087200000|100%|HS|  |TAMS 0x0000000087200000, 0x0000000087100000| Complete 
| 114|0x0000000087200000, 0x0000000087300000, 0x0000000087300000|100%|HS|  |TAMS 0x0000000087300000, 0x0000000087200000| Complete 
| 115|0x0000000087300000, 0x0000000087400000, 0x0000000087400000|100%| O|  |TAMS 0x0000000087400000, 0x0000000087300000| Untracked 
| 116|0x0000000087400000, 0x0000000087500000, 0x0000000087500000|100%| O|  |TAMS 0x0000000087500000, 0x0000000087400000| Untracked 
| 117|0x0000000087500000, 0x0000000087600000, 0x0000000087600000|100%| O|  |TAMS 0x0000000087600000, 0x0000000087500000| Untracked 
| 118|0x0000000087600000, 0x0000000087700000, 0x0000000087700000|100%| O|  |TAMS 0x0000000087700000, 0x0000000087600000| Untracked 
| 119|0x0000000087700000, 0x0000000087800000, 0x0000000087800000|100%| O|  |TAMS 0x0000000087800000, 0x0000000087700000| Untracked 
| 120|0x0000000087800000, 0x0000000087900000, 0x0000000087900000|100%| O|  |TAMS 0x0000000087900000, 0x0000000087800000| Complete 
| 121|0x0000000087900000, 0x0000000087a00000, 0x0000000087a00000|100%| O|  |TAMS 0x0000000087a00000, 0x0000000087900000| Untracked 
| 122|0x0000000087a00000, 0x0000000087b00000, 0x0000000087b00000|100%| O|  |TAMS 0x0000000087b00000, 0x0000000087a00000| Complete 
| 123|0x0000000087b00000, 0x0000000087c00000, 0x0000000087c00000|100%| O|  |TAMS 0x0000000087c00000, 0x0000000087b00000| Complete 
| 124|0x0000000087c00000, 0x0000000087d00000, 0x0000000087d00000|100%| O|  |TAMS 0x0000000087d00000, 0x0000000087c00000| Complete 
| 125|0x0000000087d00000, 0x0000000087e00000, 0x0000000087e00000|100%| O|  |TAMS 0x0000000087e00000, 0x0000000087d00000| Complete 
| 126|0x0000000087e00000, 0x0000000087f00000, 0x0000000087f00000|100%| O|  |TAMS 0x0000000087f00000, 0x0000000087e00000| Complete 
| 127|0x0000000087f00000, 0x0000000088000000, 0x0000000088000000|100%| O|  |TAMS 0x0000000088000000, 0x0000000087f00000| Untracked 
| 128|0x0000000088000000, 0x0000000088100000, 0x0000000088100000|100%| O|  |TAMS 0x0000000088100000, 0x0000000088000000| Untracked 
| 129|0x0000000088100000, 0x0000000088200000, 0x0000000088200000|100%| O|  |TAMS 0x0000000088200000, 0x0000000088100000| Untracked 
| 130|0x0000000088200000, 0x0000000088300000, 0x0000000088300000|100%| O|  |TAMS 0x0000000088300000, 0x0000000088200000| Complete 
| 131|0x0000000088300000, 0x0000000088400000, 0x0000000088400000|100%| O|  |TAMS 0x0000000088400000, 0x0000000088300000| Untracked 
| 132|0x0000000088400000, 0x0000000088500000, 0x0000000088500000|100%| O|  |TAMS 0x0000000088500000, 0x0000000088400000| Untracked 
| 133|0x0000000088500000, 0x0000000088600000, 0x0000000088600000|100%| O|  |TAMS 0x0000000088600000, 0x0000000088500000| Untracked 
| 134|0x0000000088600000, 0x0000000088700000, 0x0000000088700000|100%| O|  |TAMS 0x0000000088700000, 0x0000000088600000| Untracked 
| 135|0x0000000088700000, 0x0000000088800000, 0x0000000088800000|100%| O|  |TAMS 0x0000000088800000, 0x0000000088700000| Untracked 
| 136|0x0000000088800000, 0x0000000088900000, 0x0000000088900000|100%| O|  |TAMS 0x0000000088900000, 0x0000000088800000| Untracked 
| 137|0x0000000088900000, 0x0000000088a00000, 0x0000000088a00000|100%| O|  |TAMS 0x0000000088a00000, 0x0000000088900000| Untracked 
| 138|0x0000000088a00000, 0x0000000088b00000, 0x0000000088b00000|100%| O|  |TAMS 0x0000000088a00000, 0x0000000088a00000| Untracked 
| 139|0x0000000088b00000, 0x0000000088c00000, 0x0000000088c00000|100%| O|  |TAMS 0x0000000088c00000, 0x0000000088b00000| Untracked 
| 140|0x0000000088c00000, 0x0000000088d00000, 0x0000000088d00000|100%| O|  |TAMS 0x0000000088d00000, 0x0000000088c00000| Untracked 
| 141|0x0000000088d00000, 0x0000000088e00000, 0x0000000088e00000|100%| O|  |TAMS 0x0000000088e00000, 0x0000000088d00000| Untracked 
| 142|0x0000000088e00000, 0x0000000088f00000, 0x0000000088f00000|100%| O|  |TAMS 0x0000000088f00000, 0x0000000088e00000| Untracked 
| 143|0x0000000088f00000, 0x0000000089000000, 0x0000000089000000|100%|HS|  |TAMS 0x0000000089000000, 0x0000000088f00000| Complete 
| 144|0x0000000089000000, 0x0000000089100000, 0x0000000089100000|100%|HS|  |TAMS 0x0000000089100000, 0x0000000089000000| Complete 
| 145|0x0000000089100000, 0x0000000089200000, 0x0000000089200000|100%|HC|  |TAMS 0x0000000089200000, 0x0000000089100000| Complete 
| 146|0x0000000089200000, 0x0000000089300000, 0x0000000089300000|100%|HC|  |TAMS 0x0000000089300000, 0x0000000089200000| Complete 
| 147|0x0000000089300000, 0x0000000089400000, 0x0000000089400000|100%| O|  |TAMS 0x0000000089400000, 0x0000000089300000| Complete 
| 148|0x0000000089400000, 0x00000000894d9800, 0x0000000089500000| 84%| O|  |TAMS 0x0000000089400000, 0x0000000089400000| Untracked 
| 149|0x0000000089500000, 0x0000000089600000, 0x0000000089600000|100%| O|  |TAMS 0x0000000089600000, 0x0000000089500000| Untracked 
| 150|0x0000000089600000, 0x0000000089700000, 0x0000000089700000|100%| O|  |TAMS 0x0000000089700000, 0x0000000089600000| Untracked 
| 151|0x0000000089700000, 0x0000000089800000, 0x0000000089800000|100%| O|  |TAMS 0x0000000089800000, 0x0000000089700000| Untracked 
| 152|0x0000000089800000, 0x0000000089900000, 0x0000000089900000|100%|HS|  |TAMS 0x0000000089900000, 0x0000000089800000| Complete 
| 153|0x0000000089900000, 0x0000000089a00000, 0x0000000089a00000|100%|HC|  |TAMS 0x0000000089a00000, 0x0000000089900000| Complete 
| 154|0x0000000089a00000, 0x0000000089b00000, 0x0000000089b00000|100%| O|  |TAMS 0x0000000089b00000, 0x0000000089a00000| Untracked 
| 155|0x0000000089b00000, 0x0000000089c00000, 0x0000000089c00000|100%| O|  |TAMS 0x0000000089c00000, 0x0000000089b00000| Untracked 
| 156|0x0000000089c00000, 0x0000000089d00000, 0x0000000089d00000|100%| O|  |TAMS 0x0000000089c00000, 0x0000000089c00000| Untracked 
| 157|0x0000000089d00000, 0x0000000089e00000, 0x0000000089e00000|100%|HS|  |TAMS 0x0000000089e00000, 0x0000000089d00000| Complete 
| 158|0x0000000089e00000, 0x0000000089f00000, 0x0000000089f00000|100%|HS|  |TAMS 0x0000000089f00000, 0x0000000089e00000| Complete 
| 159|0x0000000089f00000, 0x000000008a000000, 0x000000008a000000|100%|HC|  |TAMS 0x000000008a000000, 0x0000000089f00000| Complete 
| 160|0x000000008a000000, 0x000000008a100000, 0x000000008a100000|100%|HC|  |TAMS 0x000000008a100000, 0x000000008a000000| Complete 
| 161|0x000000008a100000, 0x000000008a200000, 0x000000008a200000|100%|HC|  |TAMS 0x000000008a200000, 0x000000008a100000| Complete 
| 162|0x000000008a200000, 0x000000008a300000, 0x000000008a300000|100%| O|  |TAMS 0x000000008a300000, 0x000000008a200000| Complete 
| 163|0x000000008a300000, 0x000000008a400000, 0x000000008a400000|100%| O|  |TAMS 0x000000008a400000, 0x000000008a300000| Untracked 
| 164|0x000000008a400000, 0x000000008a500000, 0x000000008a500000|100%| O|  |TAMS 0x000000008a500000, 0x000000008a400000| Untracked 
| 165|0x000000008a500000, 0x000000008a600000, 0x000000008a600000|100%| O|  |TAMS 0x000000008a600000, 0x000000008a500000| Untracked 
| 166|0x000000008a600000, 0x000000008a700000, 0x000000008a700000|100%| O|  |TAMS 0x000000008a700000, 0x000000008a600000| Complete 
| 167|0x000000008a700000, 0x000000008a800000, 0x000000008a800000|100%| O|  |TAMS 0x000000008a700000, 0x000000008a700000| Untracked 
| 168|0x000000008a800000, 0x000000008a900000, 0x000000008a900000|100%| O|  |TAMS 0x000000008a900000, 0x000000008a800000| Untracked 
| 169|0x000000008a900000, 0x000000008aa00000, 0x000000008aa00000|100%| O|  |TAMS 0x000000008aa00000, 0x000000008a900000| Complete 
| 170|0x000000008aa00000, 0x000000008ab00000, 0x000000008ab00000|100%| O|  |TAMS 0x000000008ab00000, 0x000000008aa00000| Untracked 
| 171|0x000000008ab00000, 0x000000008ac00000, 0x000000008ac00000|100%| O|  |TAMS 0x000000008ac00000, 0x000000008ab00000| Complete 
| 172|0x000000008ac00000, 0x000000008ad00000, 0x000000008ad00000|100%| O|  |TAMS 0x000000008ad00000, 0x000000008ac00000| Untracked 
| 173|0x000000008ad00000, 0x000000008ae00000, 0x000000008ae00000|100%| O|  |TAMS 0x000000008ae00000, 0x000000008ad00000| Untracked 
| 174|0x000000008ae00000, 0x000000008af00000, 0x000000008af00000|100%| O|  |TAMS 0x000000008af00000, 0x000000008ae00000| Untracked 
| 175|0x000000008af00000, 0x000000008b000000, 0x000000008b000000|100%| O|  |TAMS 0x000000008b000000, 0x000000008af00000| Untracked 
| 176|0x000000008b000000, 0x000000008b100000, 0x000000008b100000|100%| O|  |TAMS 0x000000008b100000, 0x000000008b000000| Untracked 
| 177|0x000000008b100000, 0x000000008b200000, 0x000000008b200000|100%| O|  |TAMS 0x000000008b200000, 0x000000008b100000| Untracked 
| 178|0x000000008b200000, 0x000000008b300000, 0x000000008b300000|100%| O|  |TAMS 0x000000008b300000, 0x000000008b200000| Untracked 
| 179|0x000000008b300000, 0x000000008b400000, 0x000000008b400000|100%| O|  |TAMS 0x000000008b400000, 0x000000008b300000| Untracked 
| 180|0x000000008b400000, 0x000000008b500000, 0x000000008b500000|100%| O|  |TAMS 0x000000008b500000, 0x000000008b400000| Untracked 
| 181|0x000000008b500000, 0x000000008b500000, 0x000000008b600000|  0%| F|  |TAMS 0x000000008b500000, 0x000000008b500000| Untracked 
| 182|0x000000008b600000, 0x000000008b600000, 0x000000008b700000|  0%| F|  |TAMS 0x000000008b600000, 0x000000008b600000| Untracked 
| 183|0x000000008b700000, 0x000000008b800000, 0x000000008b800000|100%| O|  |TAMS 0x000000008b800000, 0x000000008b700000| Untracked 
| 184|0x000000008b800000, 0x000000008b900000, 0x000000008b900000|100%| O|  |TAMS 0x000000008b900000, 0x000000008b800000| Complete 
| 185|0x000000008b900000, 0x000000008ba00000, 0x000000008ba00000|100%| O|  |TAMS 0x000000008ba00000, 0x000000008b900000| Untracked 
| 186|0x000000008ba00000, 0x000000008bb00000, 0x000000008bb00000|100%| O|  |TAMS 0x000000008bb00000, 0x000000008ba00000| Untracked 
| 187|0x000000008bb00000, 0x000000008bc00000, 0x000000008bc00000|100%| O|  |TAMS 0x000000008bc00000, 0x000000008bb00000| Untracked 
| 188|0x000000008bc00000, 0x000000008bd00000, 0x000000008bd00000|100%| O|  |TAMS 0x000000008bd00000, 0x000000008bc00000| Untracked 
| 189|0x000000008bd00000, 0x000000008be00000, 0x000000008be00000|100%| O|  |TAMS 0x000000008be00000, 0x000000008bd00000| Untracked 
| 190|0x000000008be00000, 0x000000008bf00000, 0x000000008bf00000|100%| O|  |TAMS 0x000000008bf00000, 0x000000008be00000| Untracked 
| 191|0x000000008bf00000, 0x000000008bf00000, 0x000000008c000000|  0%| F|  |TAMS 0x000000008bf00000, 0x000000008bf00000| Untracked 
| 192|0x000000008c000000, 0x000000008c100000, 0x000000008c100000|100%| O|  |TAMS 0x000000008c100000, 0x000000008c000000| Untracked 
| 193|0x000000008c100000, 0x000000008c200000, 0x000000008c200000|100%| O|  |TAMS 0x000000008c200000, 0x000000008c100000| Untracked 
| 194|0x000000008c200000, 0x000000008c200000, 0x000000008c300000|  0%| F|  |TAMS 0x000000008c200000, 0x000000008c200000| Untracked 
| 195|0x000000008c300000, 0x000000008c400000, 0x000000008c400000|100%| O|  |TAMS 0x000000008c400000, 0x000000008c300000| Complete 
| 196|0x000000008c400000, 0x000000008c500000, 0x000000008c500000|100%| O|  |TAMS 0x000000008c500000, 0x000000008c400000| Untracked 
| 197|0x000000008c500000, 0x000000008c600000, 0x000000008c600000|100%| O|  |TAMS 0x000000008c600000, 0x000000008c500000| Untracked 
| 198|0x000000008c600000, 0x000000008c700000, 0x000000008c700000|100%| O|  |TAMS 0x000000008c700000, 0x000000008c600000| Complete 
| 199|0x000000008c700000, 0x000000008c800000, 0x000000008c800000|100%| O|  |TAMS 0x000000008c700000, 0x000000008c700000| Untracked 
| 200|0x000000008c800000, 0x000000008c900000, 0x000000008c900000|100%| O|  |TAMS 0x000000008c900000, 0x000000008c800000| Untracked 
| 201|0x000000008c900000, 0x000000008ca00000, 0x000000008ca00000|100%| O|  |TAMS 0x000000008ca00000, 0x000000008c900000| Complete 
| 202|0x000000008ca00000, 0x000000008ca00000, 0x000000008cb00000|  0%| F|  |TAMS 0x000000008ca00000, 0x000000008ca00000| Untracked 
| 203|0x000000008cb00000, 0x000000008cc00000, 0x000000008cc00000|100%| O|  |TAMS 0x000000008cc00000, 0x000000008cb00000| Untracked 
| 204|0x000000008cc00000, 0x000000008cd00000, 0x000000008cd00000|100%| O|  |TAMS 0x000000008cd00000, 0x000000008cc00000| Untracked 
| 205|0x000000008cd00000, 0x000000008ce00000, 0x000000008ce00000|100%| O|  |TAMS 0x000000008ce00000, 0x000000008cd00000| Complete 
| 206|0x000000008ce00000, 0x000000008cf00000, 0x000000008cf00000|100%| O|  |TAMS 0x000000008cf00000, 0x000000008ce00000| Untracked 
| 207|0x000000008cf00000, 0x000000008d000000, 0x000000008d000000|100%| O|  |TAMS 0x000000008d000000, 0x000000008cf00000| Untracked 
| 208|0x000000008d000000, 0x000000008d100000, 0x000000008d100000|100%| O|  |TAMS 0x000000008d100000, 0x000000008d000000| Complete 
| 209|0x000000008d100000, 0x000000008d200000, 0x000000008d200000|100%| O|  |TAMS 0x000000008d200000, 0x000000008d100000| Untracked 
| 210|0x000000008d200000, 0x000000008d300000, 0x000000008d300000|100%| O|  |TAMS 0x000000008d300000, 0x000000008d200000| Untracked 
| 211|0x000000008d300000, 0x000000008d400000, 0x000000008d400000|100%| O|  |TAMS 0x000000008d400000, 0x000000008d300000| Untracked 
| 212|0x000000008d400000, 0x000000008d500000, 0x000000008d500000|100%| O|  |TAMS 0x000000008d500000, 0x000000008d400000| Untracked 
| 213|0x000000008d500000, 0x000000008d600000, 0x000000008d600000|100%| O|  |TAMS 0x000000008d600000, 0x000000008d500000| Untracked 
| 214|0x000000008d600000, 0x000000008d700000, 0x000000008d700000|100%| O|  |TAMS 0x000000008d700000, 0x000000008d600000| Complete 
| 215|0x000000008d700000, 0x000000008d800000, 0x000000008d800000|100%| O|  |TAMS 0x000000008d700000, 0x000000008d700000| Untracked 
| 216|0x000000008d800000, 0x000000008d900000, 0x000000008d900000|100%| O|  |TAMS 0x000000008d900000, 0x000000008d800000| Untracked 
| 217|0x000000008d900000, 0x000000008da00000, 0x000000008da00000|100%| O|  |TAMS 0x000000008da00000, 0x000000008d900000| Untracked 
| 218|0x000000008da00000, 0x000000008db00000, 0x000000008db00000|100%| O|  |TAMS 0x000000008db00000, 0x000000008da00000| Untracked 
| 219|0x000000008db00000, 0x000000008dc00000, 0x000000008dc00000|100%| O|  |TAMS 0x000000008db00000, 0x000000008db00000| Untracked 
| 220|0x000000008dc00000, 0x000000008dd00000, 0x000000008dd00000|100%| O|  |TAMS 0x000000008dc00000, 0x000000008dc00000| Untracked 
| 221|0x000000008dd00000, 0x000000008de00000, 0x000000008de00000|100%| O|  |TAMS 0x000000008dd00000, 0x000000008dd00000| Untracked 
| 222|0x000000008de00000, 0x000000008df00000, 0x000000008df00000|100%| O|  |TAMS 0x000000008de00000, 0x000000008de00000| Untracked 
| 223|0x000000008df00000, 0x000000008e000000, 0x000000008e000000|100%| O|  |TAMS 0x000000008df00000, 0x000000008df00000| Untracked 
| 224|0x000000008e000000, 0x000000008e100000, 0x000000008e100000|100%| O|  |TAMS 0x000000008e000000, 0x000000008e000000| Untracked 
| 225|0x000000008e100000, 0x000000008e200000, 0x000000008e200000|100%| O|  |TAMS 0x000000008e100000, 0x000000008e100000| Untracked 
| 226|0x000000008e200000, 0x000000008e200000, 0x000000008e300000|  0%| F|  |TAMS 0x000000008e200000, 0x000000008e200000| Untracked 
| 227|0x000000008e300000, 0x000000008e300000, 0x000000008e400000|  0%| F|  |TAMS 0x000000008e300000, 0x000000008e300000| Untracked 
| 228|0x000000008e400000, 0x000000008e400000, 0x000000008e500000|  0%| F|  |TAMS 0x000000008e400000, 0x000000008e400000| Untracked 
| 229|0x000000008e500000, 0x000000008e500000, 0x000000008e600000|  0%| F|  |TAMS 0x000000008e500000, 0x000000008e500000| Untracked 
| 230|0x000000008e600000, 0x000000008e600000, 0x000000008e700000|  0%| F|  |TAMS 0x000000008e600000, 0x000000008e600000| Untracked 
| 231|0x000000008e700000, 0x000000008e700000, 0x000000008e800000|  0%| F|  |TAMS 0x000000008e700000, 0x000000008e700000| Untracked 
| 232|0x000000008e800000, 0x000000008e900000, 0x000000008e900000|100%| O|  |TAMS 0x000000008e900000, 0x000000008e800000| Untracked 
| 233|0x000000008e900000, 0x000000008ea00000, 0x000000008ea00000|100%| O|  |TAMS 0x000000008ea00000, 0x000000008e900000| Untracked 
| 234|0x000000008ea00000, 0x000000008eb00000, 0x000000008eb00000|100%| O|  |TAMS 0x000000008eb00000, 0x000000008ea00000| Untracked 
| 235|0x000000008eb00000, 0x000000008ec00000, 0x000000008ec00000|100%| O|  |TAMS 0x000000008ec00000, 0x000000008eb00000| Untracked 
| 236|0x000000008ec00000, 0x000000008ec00000, 0x000000008ed00000|  0%| F|  |TAMS 0x000000008ec00000, 0x000000008ec00000| Untracked 
| 237|0x000000008ed00000, 0x000000008ed00000, 0x000000008ee00000|  0%| F|  |TAMS 0x000000008ed00000, 0x000000008ed00000| Untracked 
| 238|0x000000008ee00000, 0x000000008ee00000, 0x000000008ef00000|  0%| F|  |TAMS 0x000000008ee00000, 0x000000008ee00000| Untracked 
| 239|0x000000008ef00000, 0x000000008ef00000, 0x000000008f000000|  0%| F|  |TAMS 0x000000008ef00000, 0x000000008ef00000| Untracked 
| 240|0x000000008f000000, 0x000000008f000000, 0x000000008f100000|  0%| F|  |TAMS 0x000000008f000000, 0x000000008f000000| Untracked 
| 241|0x000000008f100000, 0x000000008f100000, 0x000000008f200000|  0%| F|  |TAMS 0x000000008f100000, 0x000000008f100000| Untracked 
| 242|0x000000008f200000, 0x000000008f200000, 0x000000008f300000|  0%| F|  |TAMS 0x000000008f200000, 0x000000008f200000| Untracked 
| 243|0x000000008f300000, 0x000000008f300000, 0x000000008f400000|  0%| F|  |TAMS 0x000000008f300000, 0x000000008f300000| Untracked 
| 244|0x000000008f400000, 0x000000008f400000, 0x000000008f500000|  0%| F|  |TAMS 0x000000008f400000, 0x000000008f400000| Untracked 
| 245|0x000000008f500000, 0x000000008f500000, 0x000000008f600000|  0%| F|  |TAMS 0x000000008f500000, 0x000000008f500000| Untracked 
| 246|0x000000008f600000, 0x000000008f600000, 0x000000008f700000|  0%| F|  |TAMS 0x000000008f600000, 0x000000008f600000| Untracked 
| 247|0x000000008f700000, 0x000000008f700000, 0x000000008f800000|  0%| F|  |TAMS 0x000000008f700000, 0x000000008f700000| Untracked 
| 248|0x000000008f800000, 0x000000008f800000, 0x000000008f900000|  0%| F|  |TAMS 0x000000008f800000, 0x000000008f800000| Untracked 
| 249|0x000000008f900000, 0x000000008f900000, 0x000000008fa00000|  0%| F|  |TAMS 0x000000008f900000, 0x000000008f900000| Untracked 
| 250|0x000000008fa00000, 0x000000008fa00000, 0x000000008fb00000|  0%| F|  |TAMS 0x000000008fa00000, 0x000000008fa00000| Untracked 
| 251|0x000000008fb00000, 0x000000008fb00000, 0x000000008fc00000|  0%| F|  |TAMS 0x000000008fb00000, 0x000000008fb00000| Untracked 
| 252|0x000000008fc00000, 0x000000008fc00000, 0x000000008fd00000|  0%| F|  |TAMS 0x000000008fc00000, 0x000000008fc00000| Untracked 
| 253|0x000000008fd00000, 0x000000008fd00000, 0x000000008fe00000|  0%| F|  |TAMS 0x000000008fd00000, 0x000000008fd00000| Untracked 
| 254|0x000000008fe00000, 0x000000008fe00000, 0x000000008ff00000|  0%| F|  |TAMS 0x000000008fe00000, 0x000000008fe00000| Untracked 
| 255|0x000000008ff00000, 0x000000008ff00000, 0x0000000090000000|  0%| F|  |TAMS 0x000000008ff00000, 0x000000008ff00000| Untracked 
| 256|0x0000000090000000, 0x0000000090000000, 0x0000000090100000|  0%| F|  |TAMS 0x0000000090000000, 0x0000000090000000| Untracked 
| 257|0x0000000090100000, 0x0000000090100000, 0x0000000090200000|  0%| F|  |TAMS 0x0000000090100000, 0x0000000090100000| Untracked 
| 258|0x0000000090200000, 0x0000000090200000, 0x0000000090300000|  0%| F|  |TAMS 0x0000000090200000, 0x0000000090200000| Untracked 
| 259|0x0000000090300000, 0x0000000090300000, 0x0000000090400000|  0%| F|  |TAMS 0x0000000090300000, 0x0000000090300000| Untracked 
| 260|0x0000000090400000, 0x0000000090400000, 0x0000000090500000|  0%| F|  |TAMS 0x0000000090400000, 0x0000000090400000| Untracked 
| 261|0x0000000090500000, 0x0000000090500000, 0x0000000090600000|  0%| F|  |TAMS 0x0000000090500000, 0x0000000090500000| Untracked 
| 262|0x0000000090600000, 0x0000000090600000, 0x0000000090700000|  0%| F|  |TAMS 0x0000000090600000, 0x0000000090600000| Untracked 
| 263|0x0000000090700000, 0x0000000090700000, 0x0000000090800000|  0%| F|  |TAMS 0x0000000090700000, 0x0000000090700000| Untracked 
| 264|0x0000000090800000, 0x0000000090800000, 0x0000000090900000|  0%| F|  |TAMS 0x0000000090800000, 0x0000000090800000| Untracked 
| 265|0x0000000090900000, 0x0000000090900000, 0x0000000090a00000|  0%| F|  |TAMS 0x0000000090900000, 0x0000000090900000| Untracked 
| 266|0x0000000090a00000, 0x0000000090a00000, 0x0000000090b00000|  0%| F|  |TAMS 0x0000000090a00000, 0x0000000090a00000| Untracked 
| 267|0x0000000090b00000, 0x0000000090b00000, 0x0000000090c00000|  0%| F|  |TAMS 0x0000000090b00000, 0x0000000090b00000| Untracked 
| 268|0x0000000090c00000, 0x0000000090c00000, 0x0000000090d00000|  0%| F|  |TAMS 0x0000000090c00000, 0x0000000090c00000| Untracked 
| 269|0x0000000090d00000, 0x0000000090d00000, 0x0000000090e00000|  0%| F|  |TAMS 0x0000000090d00000, 0x0000000090d00000| Untracked 
| 270|0x0000000090e00000, 0x0000000090e00000, 0x0000000090f00000|  0%| F|  |TAMS 0x0000000090e00000, 0x0000000090e00000| Untracked 
| 271|0x0000000090f00000, 0x0000000090f00000, 0x0000000091000000|  0%| F|  |TAMS 0x0000000090f00000, 0x0000000090f00000| Untracked 
| 272|0x0000000091000000, 0x0000000091000000, 0x0000000091100000|  0%| F|  |TAMS 0x0000000091000000, 0x0000000091000000| Untracked 
| 273|0x0000000091100000, 0x0000000091100000, 0x0000000091200000|  0%| F|  |TAMS 0x0000000091100000, 0x0000000091100000| Untracked 
| 274|0x0000000091200000, 0x0000000091200000, 0x0000000091300000|  0%| F|  |TAMS 0x0000000091200000, 0x0000000091200000| Untracked 
| 275|0x0000000091300000, 0x0000000091300000, 0x0000000091400000|  0%| F|  |TAMS 0x0000000091300000, 0x0000000091300000| Untracked 
| 276|0x0000000091400000, 0x0000000091400000, 0x0000000091500000|  0%| F|  |TAMS 0x0000000091400000, 0x0000000091400000| Untracked 
| 277|0x0000000091500000, 0x0000000091500000, 0x0000000091600000|  0%| F|  |TAMS 0x0000000091500000, 0x0000000091500000| Untracked 
| 278|0x0000000091600000, 0x0000000091600000, 0x0000000091700000|  0%| F|  |TAMS 0x0000000091600000, 0x0000000091600000| Untracked 
| 279|0x0000000091700000, 0x00000000917b1840, 0x0000000091800000| 69%| S|CS|TAMS 0x0000000091700000, 0x0000000091700000| Complete 
| 280|0x0000000091800000, 0x0000000091800000, 0x0000000091900000|  0%| F|  |TAMS 0x0000000091800000, 0x0000000091800000| Untracked 
| 281|0x0000000091900000, 0x0000000091900000, 0x0000000091a00000|  0%| F|  |TAMS 0x0000000091900000, 0x0000000091900000| Untracked 
| 282|0x0000000091a00000, 0x0000000091a00000, 0x0000000091b00000|  0%| F|  |TAMS 0x0000000091a00000, 0x0000000091a00000| Untracked 
| 283|0x0000000091b00000, 0x0000000091b00000, 0x0000000091c00000|  0%| F|  |TAMS 0x0000000091b00000, 0x0000000091b00000| Untracked 
| 284|0x0000000091c00000, 0x0000000091c00000, 0x0000000091d00000|  0%| F|  |TAMS 0x0000000091c00000, 0x0000000091c00000| Untracked 
| 285|0x0000000091d00000, 0x0000000091d00000, 0x0000000091e00000|  0%| F|  |TAMS 0x0000000091d00000, 0x0000000091d00000| Untracked 
| 286|0x0000000091e00000, 0x0000000091e00000, 0x0000000091f00000|  0%| F|  |TAMS 0x0000000091e00000, 0x0000000091e00000| Untracked 
| 287|0x0000000091f00000, 0x0000000091f00000, 0x0000000092000000|  0%| F|  |TAMS 0x0000000091f00000, 0x0000000091f00000| Untracked 
| 288|0x0000000092000000, 0x0000000092000000, 0x0000000092100000|  0%| F|  |TAMS 0x0000000092000000, 0x0000000092000000| Untracked 
| 289|0x0000000092100000, 0x0000000092100000, 0x0000000092200000|  0%| F|  |TAMS 0x0000000092100000, 0x0000000092100000| Untracked 
| 290|0x0000000092200000, 0x0000000092200000, 0x0000000092300000|  0%| F|  |TAMS 0x0000000092200000, 0x0000000092200000| Untracked 
| 291|0x0000000092300000, 0x0000000092300000, 0x0000000092400000|  0%| F|  |TAMS 0x0000000092300000, 0x0000000092300000| Untracked 
| 292|0x0000000092400000, 0x0000000092400000, 0x0000000092500000|  0%| F|  |TAMS 0x0000000092400000, 0x0000000092400000| Untracked 
| 293|0x0000000092500000, 0x0000000092500000, 0x0000000092600000|  0%| F|  |TAMS 0x0000000092500000, 0x0000000092500000| Untracked 

Card table byte_map: [0x0000018de5350000,0x0000018de5750000] _byte_map_base: 0x0000018de4f50000

Marking Bits (Prev, Next): (CMBitMap*) 0x0000018dcd814238, (CMBitMap*) 0x0000018dcd814270
 Prev Bits: [0x0000018de5b50000, 0x0000018de7b50000)
 Next Bits: [0x0000018de7b50000, 0x0000018de9b50000)

Polling page: 0x0000018dcb6b0000

Metaspace:

Usage:
  Non-class:    113.75 MB capacity,   110.49 MB ( 97%) used,     2.74 MB (  2%) free+waste,   526.31 KB ( <1%) overhead. 
      Class:     18.21 MB capacity,    16.15 MB ( 89%) used,     1.82 MB ( 10%) free+waste,   236.50 KB (  1%) overhead. 
       Both:    131.95 MB capacity,   126.64 MB ( 96%) used,     4.57 MB (  3%) free+waste,   762.81 KB ( <1%) overhead. 

Virtual space:
  Non-class space:      114.00 MB reserved,     113.83 MB (>99%) committed 
      Class space:      504.00 MB reserved,      18.25 MB (  4%) committed 
             Both:      618.00 MB reserved,     132.08 MB ( 21%) committed 

Chunk freelists:
   Non-Class:  21.00 KB
       Class:  0 bytes
        Both:  21.00 KB

MaxMetaspaceSize: 512.00 MB
CompressedClassSpaceSize: 504.00 MB
Initial GC threshold: 20.80 MB
Current GC threshold: 220.13 MB
CDS: off

CodeHeap 'non-profiled nmethods': size=120064Kb used=17277Kb max_used=17277Kb free=102786Kb
 bounds [0x0000018ddda10000, 0x0000018ddeaf0000, 0x0000018de4f50000]
CodeHeap 'profiled nmethods': size=120000Kb used=46453Kb max_used=46453Kb free=73546Kb
 bounds [0x0000018dd64e0000, 0x0000018dd9250000, 0x0000018ddda10000]
CodeHeap 'non-nmethods': size=5696Kb used=2474Kb max_used=2525Kb free=3221Kb
 bounds [0x0000018dd5f50000, 0x0000018dd61e0000, 0x0000018dd64e0000]
 total_blobs=21964 nmethods=20966 adapters=907
 compilation: enabled
              stopped_count=0, restarted_count=0
 full_count=0

Compilation events (20 events):
Event: 1498.063 Thread 0x0000018dec833000 nmethod 22835 0x0000018ddeadee90 code [0x0000018ddeadf060, 0x0000018ddeadf2a8]
Event: 1498.183 Thread 0x0000018dec833000 22836       4       org.gradle.api.internal.artifacts.PreResolvedResolvableArtifact::getFile (22 bytes)
Event: 1498.213 Thread 0x0000018dec833000 nmethod 22836 0x0000018ddeadf510 code [0x0000018ddeadf6e0, 0x0000018ddeadf848]
Event: 1498.245 Thread 0x0000018dec837000 22837       1       com.android.build.api.component.impl.ConsumableCreationConfigImpl::getConfig (5 bytes)
Event: 1498.246 Thread 0x0000018dec837000 nmethod 22837 0x0000018ddeadfa90 code [0x0000018ddeadfc40, 0x0000018ddeadfcf8]
Event: 1498.250 Thread 0x0000018dec837000 22838       3       com.android.build.gradle.tasks.MergeSourceSetFolders_Decorated::getAaptEnv (35 bytes)
Event: 1498.253 Thread 0x0000018dec837000 nmethod 22838 0x0000018dd9238610 code [0x0000018dd9238840, 0x0000018dd9239058]
Event: 1498.257 Thread 0x0000018dec837000 22839       3       com.android.build.gradle.tasks.MergeSourceSetFolders_Decorated::getOutputDir (43 bytes)
Event: 1498.260 Thread 0x0000018dec837000 nmethod 22839 0x0000018dd9239290 code [0x0000018dd9239540, 0x0000018dd923a658]
Event: 1498.315 Thread 0x0000018dec837000 22840       3       org.gradle.internal.logging.services.DefaultLoggingManager$StartableLoggingSystem::start (52 bytes)
Event: 1498.317 Thread 0x0000018dec837000 nmethod 22840 0x0000018dd923aa90 code [0x0000018dd923ac80, 0x0000018dd923b0a8]
Event: 1498.415 Thread 0x0000018dec837000 22841       3       com.android.build.gradle.internal.dependency.AndroidXDependencySubstitution$replaceOldSupportLibraries$1$1$1::execute (362 bytes)
Event: 1498.435 Thread 0x0000018dec837000 nmethod 22841 0x0000018dd923b210 code [0x0000018dd923b860, 0x0000018dd923f8b8]
Event: 1499.676 Thread 0x0000018dec833000 22842       4       com.google.common.cache.LocalCache$StrongValueReference::notifyNewValue (1 bytes)
Event: 1499.676 Thread 0x0000018dec833000 nmethod 22842 0x0000018ddeadfd90 code [0x0000018ddeadff20, 0x0000018ddeadff78]
Event: 1501.640 Thread 0x0000018dec833000 22844       4       java.util.Iterator::forEachRemaining (30 bytes)
Event: 1501.645 Thread 0x0000018dec833000 nmethod 22844 0x0000018ddeae0090 code [0x0000018ddeae0260, 0x0000018ddeae0478]
Event: 1502.268 Thread 0x0000018dec833000 22845   !   4       java.nio.file.FileTreeWalker::next (144 bytes)
Event: 1502.987 Thread 0x0000018dec833000 nmethod 22845 0x0000018ddeae0790 code [0x0000018ddeae1040, 0x0000018ddeae9668]
Event: 1502.987 Thread 0x0000018dec833000 22846   !   4       java.nio.file.FileTreeWalker::visit (204 bytes)

GC Heap History (20 events):
Event: 1471.200 GC heap after
{Heap after GC invocations=192 (full 0):
 garbage-first heap   total 301056K, used 199912K [0x0000000080000000, 0x0000000100000000)
  region size 1024K, 2 young (2048K), 2 survivors (2048K)
 Metaspace       used 128996K, capacity 134379K, committed 134608K, reserved 632832K
  class space    used 16473K, capacity 18529K, committed 18560K, reserved 516096K
}
Event: 1473.662 GC heap before
{Heap before GC invocations=192 (full 0):
 garbage-first heap   total 301056K, used 233704K [0x0000000080000000, 0x0000000100000000)
  region size 1024K, 35 young (35840K), 2 survivors (2048K)
 Metaspace       used 129124K, capacity 134474K, committed 134608K, reserved 632832K
  class space    used 16476K, capacity 18534K, committed 18560K, reserved 516096K
}
Event: 1473.755 GC heap after
{Heap after GC invocations=193 (full 0):
 garbage-first heap   total 301056K, used 206181K [0x0000000080000000, 0x0000000100000000)
  region size 1024K, 5 young (5120K), 5 survivors (5120K)
 Metaspace       used 129124K, capacity 134474K, committed 134608K, reserved 632832K
  class space    used 16476K, capacity 18534K, committed 18560K, reserved 516096K
}
Event: 1476.797 GC heap before
{Heap before GC invocations=193 (full 0):
 garbage-first heap   total 301056K, used 237925K [0x0000000080000000, 0x0000000100000000)
  region size 1024K, 37 young (37888K), 5 survivors (5120K)
 Metaspace       used 129172K, capacity 134544K, committed 134608K, reserved 632832K
  class space    used 16477K, capacity 18535K, committed 18560K, reserved 516096K
}
Event: 1476.977 GC heap after
{Heap after GC invocations=194 (full 0):
 garbage-first heap   total 301056K, used 214016K [0x0000000080000000, 0x0000000100000000)
  region size 1024K, 5 young (5120K), 5 survivors (5120K)
 Metaspace       used 129172K, capacity 134544K, committed 134608K, reserved 632832K
  class space    used 16477K, capacity 18535K, committed 18560K, reserved 516096K
}
Event: 1484.282 GC heap before
{Heap before GC invocations=195 (full 0):
 garbage-first heap   total 301056K, used 244736K [0x0000000080000000, 0x0000000100000000)
  region size 1024K, 35 young (35840K), 5 survivors (5120K)
 Metaspace       used 129317K, capacity 134717K, committed 134864K, reserved 632832K
  class space    used 16487K, capacity 18551K, committed 18560K, reserved 516096K
}
Event: 1484.438 GC heap after
{Heap after GC invocations=196 (full 0):
 garbage-first heap   total 301056K, used 221124K [0x0000000080000000, 0x0000000100000000)
  region size 1024K, 5 young (5120K), 5 survivors (5120K)
 Metaspace       used 129317K, capacity 134717K, committed 134864K, reserved 632832K
  class space    used 16487K, capacity 18551K, committed 18560K, reserved 516096K
}
Event: 1485.103 GC heap before
{Heap before GC invocations=196 (full 0):
 garbage-first heap   total 301056K, used 230340K [0x0000000080000000, 0x0000000100000000)
  region size 1024K, 14 young (14336K), 5 survivors (5120K)
 Metaspace       used 129319K, capacity 134717K, committed 134864K, reserved 632832K
  class space    used 16487K, capacity 18551K, committed 18560K, reserved 516096K
}
Event: 1485.472 GC heap after
{Heap after GC invocations=197 (full 0):
 garbage-first heap   total 301056K, used 221026K [0x0000000080000000, 0x0000000100000000)
  region size 1024K, 2 young (2048K), 2 survivors (2048K)
 Metaspace       used 129319K, capacity 134717K, committed 134864K, reserved 632832K
  class space    used 16487K, capacity 18551K, committed 18560K, reserved 516096K
}
Event: 1486.702 GC heap before
{Heap before GC invocations=197 (full 0):
 garbage-first heap   total 301056K, used 233314K [0x0000000080000000, 0x0000000100000000)
  region size 1024K, 14 young (14336K), 2 survivors (2048K)
 Metaspace       used 129340K, capacity 134724K, committed 134864K, reserved 632832K
  class space    used 16488K, capacity 18552K, committed 18560K, reserved 516096K
}
Event: 1486.876 GC heap after
{Heap after GC invocations=198 (full 0):
 garbage-first heap   total 301056K, used 224174K [0x0000000080000000, 0x0000000100000000)
  region size 1024K, 2 young (2048K), 2 survivors (2048K)
 Metaspace       used 129340K, capacity 134724K, committed 134864K, reserved 632832K
  class space    used 16488K, capacity 18552K, committed 18560K, reserved 516096K
}
Event: 1488.675 GC heap before
{Heap before GC invocations=198 (full 0):
 garbage-first heap   total 301056K, used 249774K [0x0000000080000000, 0x0000000100000000)
  region size 1024K, 27 young (27648K), 2 survivors (2048K)
 Metaspace       used 129374K, capacity 134734K, committed 134864K, reserved 632832K
  class space    used 16490K, capacity 18554K, committed 18560K, reserved 516096K
}
Event: 1488.730 GC heap after
{Heap after GC invocations=199 (full 0):
 garbage-first heap   total 301056K, used 227873K [0x0000000080000000, 0x0000000100000000)
  region size 1024K, 4 young (4096K), 4 survivors (4096K)
 Metaspace       used 129374K, capacity 134734K, committed 134864K, reserved 632832K
  class space    used 16490K, capacity 18554K, committed 18560K, reserved 516096K
}
Event: 1495.307 GC heap before
{Heap before GC invocations=199 (full 0):
 garbage-first heap   total 301056K, used 252449K [0x0000000080000000, 0x0000000100000000)
  region size 1024K, 28 young (28672K), 4 survivors (4096K)
 Metaspace       used 129532K, capacity 134914K, committed 135248K, reserved 632832K
  class space    used 16517K, capacity 18605K, committed 18688K, reserved 516096K
}
Event: 1495.419 GC heap after
{Heap after GC invocations=200 (full 0):
 garbage-first heap   total 301056K, used 229088K [0x0000000080000000, 0x0000000100000000)
  region size 1024K, 2 young (2048K), 2 survivors (2048K)
 Metaspace       used 129532K, capacity 134914K, committed 135248K, reserved 632832K
  class space    used 16517K, capacity 18605K, committed 18688K, reserved 516096K
}
Event: 1498.188 GC heap before
{Heap before GC invocations=201 (full 0):
 garbage-first heap   total 301056K, used 254688K [0x0000000080000000, 0x0000000100000000)
  region size 1024K, 27 young (27648K), 2 survivors (2048K)
 Metaspace       used 129669K, capacity 135117K, committed 135248K, reserved 632832K
  class space    used 16537K, capacity 18642K, committed 18688K, reserved 516096K
}
Event: 1498.213 GC heap after
{Heap after GC invocations=202 (full 0):
 garbage-first heap   total 301056K, used 230156K [0x0000000080000000, 0x0000000100000000)
  region size 1024K, 3 young (3072K), 3 survivors (3072K)
 Metaspace       used 129669K, capacity 135117K, committed 135248K, reserved 632832K
  class space    used 16537K, capacity 18642K, committed 18688K, reserved 516096K
}
Event: 1502.619 GC heap before
{Heap before GC invocations=202 (full 0):
 garbage-first heap   total 301056K, used 240396K [0x0000000080000000, 0x0000000100000000)
  region size 1024K, 14 young (14336K), 3 survivors (3072K)
 Metaspace       used 129678K, capacity 135117K, committed 135248K, reserved 632832K
  class space    used 16537K, capacity 18642K, committed 18688K, reserved 516096K
}
Event: 1502.832 GC heap after
{Heap after GC invocations=203 (full 0):
 garbage-first heap   total 301056K, used 228810K [0x0000000080000000, 0x0000000100000000)
  region size 1024K, 2 young (2048K), 2 survivors (2048K)
 Metaspace       used 129678K, capacity 135117K, committed 135248K, reserved 632832K
  class space    used 16537K, capacity 18642K, committed 18688K, reserved 516096K
}
Event: 1503.049 GC heap before
{Heap before GC invocations=203 (full 0):
 garbage-first heap   total 301056K, used 241098K [0x0000000080000000, 0x0000000100000000)
  region size 1024K, 14 young (14336K), 2 survivors (2048K)
 Metaspace       used 129678K, capacity 135117K, committed 135248K, reserved 632832K
  class space    used 16537K, capacity 18642K, committed 18688K, reserved 516096K
}

Deoptimization events (20 events):
Event: 1490.073 Thread 0x0000018ded960000 DEOPT PACKING pc=0x0000018dd7b23000 sp=0x00000005144fccd0
Event: 1490.075 Thread 0x0000018ded960000 DEOPT UNPACKING pc=0x0000018dd5f99d0e sp=0x00000005144fc1a0 mode 0
Event: 1495.500 Thread 0x0000018ded960800 DEOPT PACKING pc=0x0000018dd746e878 sp=0x00000005147fd8a0
Event: 1495.512 Thread 0x0000018ded960800 DEOPT UNPACKING pc=0x0000018dd5f99d0e sp=0x00000005147fcd60 mode 0
Event: 1496.435 Thread 0x0000018ded95d800 Uncommon trap: trap_request=0xfffffff4 fr.pc=0x0000018ddeac50e4 relative=0x0000000000000544
Event: 1496.438 Thread 0x0000018ded95d800 Uncommon trap: reason=null_check action=make_not_entrant pc=0x0000018ddeac50e4 method=org.gradle.internal.properties.bean.AbstractNestedRuntimeBeanNode$BeanPropertyValue.isConfigurable()Z @ 9 c2
Event: 1496.438 Thread 0x0000018ded95d800 DEOPT PACKING pc=0x0000018ddeac50e4 sp=0x00000005145fe8b0
Event: 1496.439 Thread 0x0000018ded95d800 DEOPT UNPACKING pc=0x0000018dd5f585af sp=0x00000005145fe808 mode 2
Event: 1497.847 Thread 0x0000018ded960800 DEOPT PACKING pc=0x0000018dd8685e0d sp=0x00000005147fafe0
Event: 1497.849 Thread 0x0000018ded960800 DEOPT UNPACKING pc=0x0000018dd5f99d0e sp=0x00000005147fa480 mode 0
Event: 1501.640 Thread 0x0000018ded960800 DEOPT PACKING pc=0x0000018dd8e0ad23 sp=0x00000005147fa830
Event: 1501.640 Thread 0x0000018ded960800 DEOPT UNPACKING pc=0x0000018dd5f99d0e sp=0x00000005147f9ce8 mode 0
Event: 1501.823 Thread 0x0000018ded960800 Uncommon trap: trap_request=0xffffffbe fr.pc=0x0000018dde813b44 relative=0x0000000000000264
Event: 1501.823 Thread 0x0000018ded960800 Uncommon trap: reason=profile_predicate action=maybe_recompile pc=0x0000018dde813b44 method=java.util.Iterator.forEachRemaining(Ljava/util/function/Consumer;)V @ 5 c2
Event: 1501.824 Thread 0x0000018ded960800 DEOPT PACKING pc=0x0000018dde813b44 sp=0x00000005147fa830
Event: 1501.824 Thread 0x0000018ded960800 DEOPT UNPACKING pc=0x0000018dd5f585af sp=0x00000005147fa7f8 mode 2
Event: 1502.084 Thread 0x0000018ded960800 Uncommon trap: trap_request=0xffffffbe fr.pc=0x0000018dde813b44 relative=0x0000000000000264
Event: 1502.084 Thread 0x0000018ded960800 Uncommon trap: reason=profile_predicate action=maybe_recompile pc=0x0000018dde813b44 method=java.util.Iterator.forEachRemaining(Ljava/util/function/Consumer;)V @ 5 c2
Event: 1502.084 Thread 0x0000018ded960800 DEOPT PACKING pc=0x0000018dde813b44 sp=0x00000005147fa830
Event: 1502.084 Thread 0x0000018ded960800 DEOPT UNPACKING pc=0x0000018dd5f585af sp=0x00000005147fa7f8 mode 2

Classes redefined (0 events):
No events

Internal exceptions (20 events):
Event: 1490.369 Thread 0x0000018ded960800 Exception <a 'sun/nio/fs/WindowsException'{0x0000000091e19ef0}> (0x0000000091e19ef0) thrown at [s\src\hotspot\share\prims\jni.cpp, line 617]
Event: 1490.371 Thread 0x0000018ded960800 Exception <a 'sun/nio/fs/WindowsException'{0x0000000091e1c338}> (0x0000000091e1c338) thrown at [s\src\hotspot\share\prims\jni.cpp, line 617]
Event: 1490.399 Thread 0x0000018ded960800 Exception <a 'sun/nio/fs/WindowsException'{0x0000000091e3d378}> (0x0000000091e3d378) thrown at [s\src\hotspot\share\prims\jni.cpp, line 617]
Event: 1496.434 Thread 0x0000018ded95d800 Implicit null exception at 0x0000018ddeac4bd8 to 0x0000018ddeac50d0
Event: 1497.543 Thread 0x0000018ded95d800 Exception <a 'sun/nio/fs/WindowsException'{0x0000000091c8a7d8}> (0x0000000091c8a7d8) thrown at [s\src\hotspot\share\prims\jni.cpp, line 617]
Event: 1497.564 Thread 0x0000018ded95d800 Exception <a 'sun/nio/fs/WindowsException'{0x0000000091cacc10}> (0x0000000091cacc10) thrown at [s\src\hotspot\share\prims\jni.cpp, line 617]
Event: 1497.578 Thread 0x0000018ded95d800 Exception <a 'sun/nio/fs/WindowsException'{0x0000000091ce58d0}> (0x0000000091ce58d0) thrown at [s\src\hotspot\share\prims\jni.cpp, line 617]
Event: 1497.604 Thread 0x0000018ded95d800 Exception <a 'sun/nio/fs/WindowsException'{0x0000000091b21af0}> (0x0000000091b21af0) thrown at [s\src\hotspot\share\prims\jni.cpp, line 617]
Event: 1497.616 Thread 0x0000018ded960800 Exception <a 'sun/nio/fs/WindowsException'{0x0000000091b5ee18}> (0x0000000091b5ee18) thrown at [s\src\hotspot\share\prims\jni.cpp, line 617]
Event: 1497.630 Thread 0x0000018ded960800 Exception <a 'sun/nio/fs/WindowsException'{0x0000000091b97300}> (0x0000000091b97300) thrown at [s\src\hotspot\share\prims\jni.cpp, line 617]
Event: 1497.659 Thread 0x0000018ded960800 Exception <a 'sun/nio/fs/WindowsException'{0x0000000091a69530}> (0x0000000091a69530) thrown at [s\src\hotspot\share\prims\jni.cpp, line 617]
Event: 1497.672 Thread 0x0000018ded960800 Exception <a 'sun/nio/fs/WindowsException'{0x0000000091a76460}> (0x0000000091a76460) thrown at [s\src\hotspot\share\prims\jni.cpp, line 617]
Event: 1497.690 Thread 0x0000018ded960800 Exception <a 'sun/nio/fs/WindowsException'{0x0000000091aa4200}> (0x0000000091aa4200) thrown at [s\src\hotspot\share\prims\jni.cpp, line 617]
Event: 1497.693 Thread 0x0000018ded960800 Exception <a 'sun/nio/fs/WindowsException'{0x0000000091ab3d38}> (0x0000000091ab3d38) thrown at [s\src\hotspot\share\prims\jni.cpp, line 617]
Event: 1497.699 Thread 0x0000018ded960800 Exception <a 'sun/nio/fs/WindowsException'{0x0000000091abf810}> (0x0000000091abf810) thrown at [s\src\hotspot\share\prims\jni.cpp, line 617]
Event: 1497.702 Thread 0x0000018ded960800 Exception <a 'sun/nio/fs/WindowsException'{0x0000000091acf698}> (0x0000000091acf698) thrown at [s\src\hotspot\share\prims\jni.cpp, line 617]
Event: 1497.706 Thread 0x0000018ded960800 Exception <a 'sun/nio/fs/WindowsException'{0x0000000091ad93f0}> (0x0000000091ad93f0) thrown at [s\src\hotspot\share\prims\jni.cpp, line 617]
Event: 1497.712 Thread 0x0000018ded960800 Exception <a 'sun/nio/fs/WindowsException'{0x0000000091902210}> (0x0000000091902210) thrown at [s\src\hotspot\share\prims\jni.cpp, line 617]
Event: 1498.264 Thread 0x0000018ded960800 Exception <a 'sun/nio/fs/WindowsException'{0x0000000092404bb8}> (0x0000000092404bb8) thrown at [s\src\hotspot\share\prims\jni.cpp, line 617]
Event: 1498.279 Thread 0x0000018ded960800 Exception <a 'sun/nio/fs/WindowsException'{0x0000000092432348}> (0x0000000092432348) thrown at [s\src\hotspot\share\prims\jni.cpp, line 617]

Events (20 events):
Event: 1493.778 Executing VM operation: CGC_Operation done
Event: 1495.305 Executing VM operation: G1CollectForAllocation
Event: 1495.419 Executing VM operation: G1CollectForAllocation done
Event: 1496.612 Executing VM operation: BulkRevokeBias
Event: 1496.674 Executing VM operation: BulkRevokeBias done
Event: 1496.854 Executing VM operation: CGC_Operation
Event: 1496.866 Executing VM operation: CGC_Operation done
Event: 1497.372 Executing VM operation: RevokeBias
Event: 1497.373 Executing VM operation: RevokeBias done
Event: 1498.096 Executing VM operation: RevokeBias
Event: 1498.118 Executing VM operation: RevokeBias done
Event: 1498.186 Executing VM operation: G1CollectForAllocation
Event: 1498.213 Executing VM operation: G1CollectForAllocation done
Event: 1498.511 Executing VM operation: RevokeBias
Event: 1498.513 Executing VM operation: RevokeBias done
Event: 1498.770 Executing VM operation: RevokeBias
Event: 1498.784 Executing VM operation: RevokeBias done
Event: 1502.617 Executing VM operation: G1CollectForAllocation
Event: 1502.833 Executing VM operation: G1CollectForAllocation done
Event: 1503.049 Executing VM operation: G1CollectForAllocation


Dynamic libraries:
0x00007ff6002b0000 - 0x00007ff6002bd000 	C:\Program Files\Microsoft\jdk-11.0.20.8-hotspot\bin\java.exe
0x00007ffc52290000 - 0x00007ffc52488000 	C:\Windows\SYSTEM32\ntdll.dll
0x00007ffc519d0000 - 0x00007ffc51a8f000 	C:\Windows\System32\KERNEL32.DLL
0x00007ffc4f970000 - 0x00007ffc4fc4a000 	C:\Windows\System32\KERNELBASE.dll
0x00007ffc4fe50000 - 0x00007ffc4ff50000 	C:\Windows\System32\ucrtbase.dll
0x00007ffc18170000 - 0x00007ffc18187000 	C:\Program Files\Microsoft\jdk-11.0.20.8-hotspot\bin\jli.dll
0x00007ffc18150000 - 0x00007ffc18165000 	C:\Program Files\Microsoft\jdk-11.0.20.8-hotspot\bin\VCRUNTIME140.dll
0x00007ffc4ee60000 - 0x00007ffc4f0fa000 	C:\Windows\WinSxS\amd64_microsoft.windows.common-controls_6595b64144ccf1df_6.0.19041.1110_none_60b5254171f9507e\COMCTL32.dll
0x00007ffc51570000 - 0x00007ffc5160e000 	C:\Windows\System32\msvcrt.dll
0x00007ffc516e0000 - 0x00007ffc5170b000 	C:\Windows\System32\GDI32.dll
0x00007ffc50290000 - 0x00007ffc502b2000 	C:\Windows\System32\win32u.dll
0x00007ffc51c10000 - 0x00007ffc51dad000 	C:\Windows\System32\USER32.dll
0x00007ffc50040000 - 0x00007ffc50150000 	C:\Windows\System32\gdi32full.dll
0x00007ffc4ffa0000 - 0x00007ffc5003d000 	C:\Windows\System32\msvcp_win.dll
0x00007ffc50c20000 - 0x00007ffc50c50000 	C:\Windows\System32\IMM32.DLL
0x00007ffc01bd0000 - 0x00007ffc01c6b000 	C:\Program Files\Microsoft\jdk-11.0.20.8-hotspot\bin\msvcp140.dll
0x00007ffc00fd0000 - 0x00007ffc01b66000 	C:\Program Files\Microsoft\jdk-11.0.20.8-hotspot\bin\server\jvm.dll
0x00007ffc517f0000 - 0x00007ffc5189e000 	C:\Windows\System32\ADVAPI32.dll
0x00007ffc51620000 - 0x00007ffc516bc000 	C:\Windows\System32\sechost.dll
0x00007ffc51440000 - 0x00007ffc51566000 	C:\Windows\System32\RPCRT4.dll
0x00007ffc51610000 - 0x00007ffc51618000 	C:\Windows\System32\PSAPI.DLL
0x00007ffc30d30000 - 0x00007ffc30d39000 	C:\Windows\SYSTEM32\WSOCK32.dll
0x00007ffc50ee0000 - 0x00007ffc50f4b000 	C:\Windows\System32\WS2_32.dll
0x00007ffc2dcf0000 - 0x00007ffc2dd17000 	C:\Windows\SYSTEM32\WINMM.dll
0x00007ffc4c4e0000 - 0x00007ffc4c4ea000 	C:\Windows\SYSTEM32\VERSION.dll
0x00007ffc4d480000 - 0x00007ffc4d492000 	C:\Windows\SYSTEM32\kernel.appcore.dll
0x00007ffc373e0000 - 0x00007ffc373f0000 	C:\Program Files\Microsoft\jdk-11.0.20.8-hotspot\bin\verify.dll
0x00007ffc4f3f0000 - 0x00007ffc4f5d4000 	C:\Windows\SYSTEM32\DBGHELP.DLL
0x00007ffc4f2e0000 - 0x00007ffc4f314000 	C:\Windows\SYSTEM32\dbgcore.DLL
0x00007ffc50200000 - 0x00007ffc50282000 	C:\Windows\System32\bcryptPrimitives.dll
0x00007ffc01ba0000 - 0x00007ffc01bc8000 	C:\Program Files\Microsoft\jdk-11.0.20.8-hotspot\bin\java.dll
0x00007ffc26850000 - 0x00007ffc2685a000 	C:\Program Files\Microsoft\jdk-11.0.20.8-hotspot\bin\jimage.dll
0x00007ffc176e0000 - 0x00007ffc176f8000 	C:\Program Files\Microsoft\jdk-11.0.20.8-hotspot\bin\zip.dll
0x00007ffc504d0000 - 0x00007ffc50c14000 	C:\Windows\System32\SHELL32.dll
0x00007ffc4ccd0000 - 0x00007ffc4d463000 	C:\Windows\SYSTEM32\windows.storage.dll
0x00007ffc51000000 - 0x00007ffc51354000 	C:\Windows\System32\combase.dll
0x00007ffc4eb80000 - 0x00007ffc4ebae000 	C:\Windows\SYSTEM32\Wldp.dll
0x00007ffc50f50000 - 0x00007ffc50ffd000 	C:\Windows\System32\SHCORE.dll
0x00007ffc51360000 - 0x00007ffc513b5000 	C:\Windows\System32\shlwapi.dll
0x00007ffc4f8b0000 - 0x00007ffc4f8cf000 	C:\Windows\SYSTEM32\profapi.dll
0x00007ffc17440000 - 0x00007ffc17459000 	C:\Program Files\Microsoft\jdk-11.0.20.8-hotspot\bin\net.dll
0x00007ffc491a0000 - 0x00007ffc492aa000 	C:\Windows\SYSTEM32\WINHTTP.dll
0x00007ffc4e960000 - 0x00007ffc4e9ca000 	C:\Windows\system32\mswsock.dll
0x00007ffc173e0000 - 0x00007ffc173f3000 	C:\Program Files\Microsoft\jdk-11.0.20.8-hotspot\bin\nio.dll
0x00007ffbfeaa0000 - 0x00007ffbfeac7000 	C:\Users\servidor\.gradle\native\68d5fa5c4cc2d200863cafc0d521ce42e7d3e7ee720ec0a83991735586a16f82\windows-amd64\native-platform.dll
0x00007ffc01d80000 - 0x00007ffc01ec4000 	C:\Users\servidor\.gradle\native\e376f236ea51e6404a007f0833ffe2c6e607c4080706a723a18a27aeea778392\windows-amd64\native-platform-file-events.dll
0x00007ffc15dd0000 - 0x00007ffc15dd9000 	C:\Program Files\Microsoft\jdk-11.0.20.8-hotspot\bin\management.dll
0x00007ffc15dc0000 - 0x00007ffc15dcb000 	C:\Program Files\Microsoft\jdk-11.0.20.8-hotspot\bin\management_ext.dll
0x00007ffc4f700000 - 0x00007ffc4f718000 	C:\Windows\SYSTEM32\CRYPTSP.dll
0x00007ffc4e300000 - 0x00007ffc4e334000 	C:\Windows\system32\rsaenh.dll
0x00007ffc4fc50000 - 0x00007ffc4fc77000 	C:\Windows\System32\bcrypt.dll
0x00007ffc4f870000 - 0x00007ffc4f89e000 	C:\Windows\SYSTEM32\USERENV.dll
0x00007ffc4eaf0000 - 0x00007ffc4eafc000 	C:\Windows\SYSTEM32\CRYPTBASE.dll
0x00007ffc4e670000 - 0x00007ffc4e6ac000 	C:\Windows\SYSTEM32\IPHLPAPI.DLL
0x00007ffc50c50000 - 0x00007ffc50c58000 	C:\Windows\System32\NSI.dll
0x00007ffc468d0000 - 0x00007ffc468e7000 	C:\Windows\SYSTEM32\dhcpcsvc6.DLL
0x00007ffc46650000 - 0x00007ffc4666d000 	C:\Windows\SYSTEM32\dhcpcsvc.DLL
0x00007ffc4e6b0000 - 0x00007ffc4e77b000 	C:\Windows\SYSTEM32\DNSAPI.dll
0x00007ffc2a3b0000 - 0x00007ffc2a3c7000 	C:\Windows\system32\napinsp.dll
0x00007ffc2a390000 - 0x00007ffc2a3ab000 	C:\Windows\system32\pnrpnsp.dll
0x00007ffc2a370000 - 0x00007ffc2a385000 	C:\Windows\system32\wshbth.dll
0x00007ffc4a390000 - 0x00007ffc4a3ad000 	C:\Windows\system32\NLAapi.dll
0x00007ffc2a350000 - 0x00007ffc2a362000 	C:\Windows\System32\winrnr.dll
0x0000000074fb0000 - 0x0000000074fd6000 	C:\Program Files\Bonjour\mdnsNSP.dll
0x0000000074fa0000 - 0x0000000074faa000 	C:\Program Files\National Instruments\Shared\mDNS Responder\nimdnsNSP.dll
0x0000000074f90000 - 0x0000000074fa0000 	C:\Windows\SYSTEM32\nimdnsResponder.dll
0x00007ffc3c840000 - 0x00007ffc3c84a000 	C:\Windows\System32\rasadhlp.dll
0x00007ffc3c1f0000 - 0x00007ffc3c270000 	C:\Windows\System32\fwpuclnt.dll

dbghelp: loaded successfully - version: 4.0.5 - missing functions: none
symbol engine: initialized successfully - sym options: 0x614 - pdb path: .;C:\Program Files\Microsoft\jdk-11.0.20.8-hotspot\bin;C:\Windows\SYSTEM32;C:\Windows\WinSxS\amd64_microsoft.windows.common-controls_6595b64144ccf1df_6.0.19041.1110_none_60b5254171f9507e;C:\Program Files\Microsoft\jdk-11.0.20.8-hotspot\bin\server;C:\Users\servidor\.gradle\native\68d5fa5c4cc2d200863cafc0d521ce42e7d3e7ee720ec0a83991735586a16f82\windows-amd64;C:\Users\servidor\.gradle\native\e376f236ea51e6404a007f0833ffe2c6e607c4080706a723a18a27aeea778392\windows-amd64;C:\Program Files\Bonjour;C:\Program Files\National Instruments\Shared\mDNS Responder

VM Arguments:
jvm_args: -XX:MaxMetaspaceSize=512m --add-opens=java.base/java.util=ALL-UNNAMED --add-opens=java.base/java.lang=ALL-UNNAMED --add-opens=java.base/java.lang.invoke=ALL-UNNAMED --add-opens=java.prefs/java.util.prefs=ALL-UNNAMED --add-opens=java.base/java.nio.charset=ALL-UNNAMED --add-opens=java.base/java.net=ALL-UNNAMED --add-opens=java.base/java.util.concurrent.atomic=ALL-UNNAMED -Xmx2048m -Dfile.encoding=windows-1252 -Duser.country=MX -Duser.language=es -Duser.variant 
java_command: org.gradle.launcher.daemon.bootstrap.GradleDaemon 8.0.1
java_class_path (initial): C:\Users\servidor\.gradle\wrapper\dists\gradle-8.0.1-all\aro4hu1c3oeioove7l0i4i14o\gradle-8.0.1\lib\gradle-launcher-8.0.1.jar
Launcher Type: SUN_STANDARD

[Global flags]
     intx CICompilerCount                          = 3                                         {product} {ergonomic}
   size_t CompressedClassSpaceSize                 = 528482304                                 {product} {ergonomic}
     uint ConcGCThreads                            = 1                                         {product} {ergonomic}
     uint G1ConcRefinementThreads                  = 4                                         {product} {ergonomic}
   size_t G1HeapRegionSize                         = 1048576                                   {product} {ergonomic}
    uintx GCDrainStackTargetSize                   = 64                                        {product} {ergonomic}
   size_t InitialHeapSize                          = 62914560                                  {product} {ergonomic}
   size_t MarkStackSize                            = 4194304                                   {product} {ergonomic}
   size_t MaxHeapSize                              = 2147483648                                {product} {command line}
   size_t MaxMetaspaceSize                         = 536870912                                 {product} {command line}
   size_t MaxNewSize                               = 1287651328                                {product} {ergonomic}
   size_t MinHeapDeltaBytes                        = 1048576                                   {product} {ergonomic}
    uintx NonNMethodCodeHeapSize                   = 5830732                                {pd product} {ergonomic}
    uintx NonProfiledCodeHeapSize                  = 122913754                              {pd product} {ergonomic}
    uintx ProfiledCodeHeapSize                     = 122913754                              {pd product} {ergonomic}
    uintx ReservedCodeCacheSize                    = 251658240                              {pd product} {ergonomic}
     bool SegmentedCodeCache                       = true                                      {product} {ergonomic}
     bool UseCompressedClassPointers               = true                                 {lp64_product} {ergonomic}
     bool UseCompressedOops                        = true                                 {lp64_product} {ergonomic}
     bool UseG1GC                                  = true                                      {product} {ergonomic}
     bool UseLargePagesIndividualAllocation        = false                                  {pd product} {ergonomic}

Logging:
Log output configuration:
 #0: stdout all=warning uptime,level,tags
 #1: stderr all=off uptime,level,tags

Environment Variables:
JAVA_HOME=C:\Program Files\Microsoft\jdk-11.0.20.8-hotspot\
CLASSPATH=C:\Users\servidor\Documents\DESARROLLOMOVIL\AULATRACK\android\\gradle\wrapper\gradle-wrapper.jar
PATH=C:\Users\servidor\Documents\DESARROLLOMOVIL\AULATRACK\node_modules\.bin;C:\Users\servidor\Documents\DESARROLLOMOVIL\AULATRACK\node_modules\.bin;C:\Users\servidor\Documents\DESARROLLOMOVIL\node_modules\.bin;C:\Users\servidor\Documents\node_modules\.bin;C:\Users\servidor\node_modules\.bin;C:\Users\node_modules\.bin;C:\node_modules\.bin;C:\Program Files\nodejs\node_modules\npm\node_modules\@npmcli\run-script\lib\node-gyp-bin;C:\Users\servidor\Documents\DESARROLLOMOVIL\AULATRACK\node_modules\.bin;C:\Users\servidor\Documents\DESARROLLOMOVIL\AULATRACK\node_modules\.bin;C:\Users\servidor\Documents\DESARROLLOMOVIL\node_modules\.bin;C:\Users\servidor\Documents\node_modules\.bin;C:\Users\servidor\node_modules\.bin;C:\Users\node_modules\.bin;C:\node_modules\.bin;C:\Program Files\nodejs\node_modules\npm\node_modules\@npmcli\run-script\lib\node-gyp-bin;C:\Program Files (x86)\VMware\VMware Player\bin\;C:\Program Files\Microsoft\jdk-11.0.20.8-hotspot\bin;C:\Users\servidor\Downloads\WINDOWS.X64_193000_db_home\bin;C:\Program Files\Common Files\Oracle\Java\javapath;C:\Program Files (x86)\Common Files\Oracle\Java\javapath;C:\Program Files\Amazon Corretto\jdk11.0.19_7\bin;C:\Program Files\AdoptOpenJDK\jre-8.0.292.10-hotspot\bin;C:\Program Files\AdoptOpenJDK\jre-11.0.11.9-hotspot\bin;C:\Program Files (x86)\AdoptOpenJDK\jre-8.0.292.10-hotspot\bin;C:\Windows\system32;C:\Windows;C:\Windows\System32\Wbem;C:\Windows\System32\WindowsPowerShell\v1.0\;C:\Windows\System32\OpenSSH\;C:\Program Files (x86)\Windows Live\Shared;C:\Program Files (x86)\dotnet\;C:\Program Files\dotnet\;C:\Program Files (x86)\QuickTime\QTSystem\;C:\Program Files (x86)\Yarn\bin\;C:\Program Files\NetMake\v9-php81\components\php;C:\ProgramData\chocolatey\bin;C:\Program Files\nodejs\;C:\Program Files (x86)\PuTTY\;C:\Users\servidor\AppData\Local\Microsoft\WindowsApps;C:\Users\servidor\AppData\Local\Programs\Microsoft VS Code\bin;C:\Users\servidor\AppData\Local\Yarn\bin;C:\Users\servidor\AppData\Roaming\npm;C:\Users\servidor
USERNAME=servidor
LANG=es_ES.UTF-8
OS=Windows_NT
PROCESSOR_IDENTIFIER=Intel64 Family 6 Model 140 Stepping 1, GenuineIntel
TMP=C:\Users\servidor\AppData\Local\Temp
TEMP=C:\Users\servidor\AppData\Local\Temp



---------------  S Y S T E M  ---------------

OS: Windows 10 , 64 bit Build 19041 (10.0.19041.2788)
OS uptime: 0 days 2:10 hours
Hyper-V role detected

CPU:total 4 (initial active 4) (2 cores per cpu, 2 threads per core) family 6 model 140 stepping 1 microcode 0xa4, cmov, cx8, fxsr, mmx, sse, sse2, sse3, ssse3, sse4.1, sse4.2, popcnt, avx, avx2, aes, clmul, erms, 3dnowpref, lzcnt, ht, tsc, tscinvbit, bmi1, bmi2, adx, evex, sha, fma

Memory: 4k page, system-wide physical 3822M (107M free)
TotalPageFile size 15598M (AvailPageFile size 139M)
current process WorkingSet (physical memory assigned to process): 189M, peak: 504M
current process commit charge ("private bytes"): 696M, peak: 864M

vm_info: OpenJDK 64-Bit Server VM (11.0.20+8-LTS) for windows-amd64 JRE (11.0.20+8-LTS), built on Jul  7 2023 17:05:21 by "MicrosoftCorporation" with MS VC++ 15.9 (VS2017)

END.
